[10.117s] Invoking command in '/home/zfh/code/ros2Std/town_ws/src/village_li': PYTHONPATH=/home/zfh/code/ros2Std/town_ws/build/village_li/prefix_override:/usr/lib/python3/dist-packages/colcon_core/task/python/colcon_distutils_commands:/home/zfh/code/ros2Std/town_ws/install/village_li/lib/python3.10/site-packages:${PYTHONPATH} /usr/bin/python3 -W ignore:setup.py install is deprecated setup.py egg_info --egg-base ../../build/village_li build --build-base /home/zfh/code/ros2Std/town_ws/build/village_li/build install --record /home/zfh/code/ros2Std/town_ws/build/village_li/install.log --single-version-externally-managed install_data
[12.669s] running egg_info
[12.678s] writing ../../build/village_li/village_li.egg-info/PKG-INFO
[12.686s] writing dependency_links to ../../build/village_li/village_li.egg-info/dependency_links.txt
[12.697s] writing entry points to ../../build/village_li/village_li.egg-info/entry_points.txt
[12.703s] writing requirements to ../../build/village_li/village_li.egg-info/requires.txt
[12.704s] writing top-level names to ../../build/village_li/village_li.egg-info/top_level.txt
[12.762s] reading manifest file '../../build/village_li/village_li.egg-info/SOURCES.txt'
[12.769s] writing manifest file '../../build/village_li/village_li.egg-info/SOURCES.txt'
[12.776s] running build
[12.777s] running build_py
[12.780s] copying village_li/li4_publisher.py -> /home/zfh/code/ros2Std/town_ws/build/village_li/build/lib/village_li
[12.787s] running install
[12.790s] running install_lib
[12.800s] copying /home/zfh/code/ros2Std/town_ws/build/village_li/build/lib/village_li/li4_publisher.py -> /home/zfh/code/ros2Std/town_ws/install/village_li/lib/python3.10/site-packages/village_li
[12.820s] byte-compiling /home/zfh/code/ros2Std/town_ws/install/village_li/lib/python3.10/site-packages/village_li/li4_publisher.py to li4_publisher.cpython-310.pyc
[12.832s] running install_data
[12.833s] running install_egg_info
[12.876s] removing '/home/zfh/code/ros2Std/town_ws/install/village_li/lib/python3.10/site-packages/village_li-0.0.0-py3.10.egg-info' (and everything under it)
[12.881s] Copying ../../build/village_li/village_li.egg-info to /home/zfh/code/ros2Std/town_ws/install/village_li/lib/python3.10/site-packages/village_li-0.0.0-py3.10.egg-info
[12.928s] running install_scripts
[13.099s] Installing li4_node script to /home/zfh/code/ros2Std/town_ws/install/village_li/lib/village_li
[13.110s] Installing li4_node_oop script to /home/zfh/code/ros2Std/town_ws/install/village_li/lib/village_li
[13.113s] Installing li4_node_pop script to /home/zfh/code/ros2Std/town_ws/install/village_li/lib/village_li
[13.114s] writing list of installed files to '/home/zfh/code/ros2Std/town_ws/build/village_li/install.log'
[13.288s] Invoked command in '/home/zfh/code/ros2Std/town_ws/src/village_li' returned '0': PYTHONPATH=/home/zfh/code/ros2Std/town_ws/build/village_li/prefix_override:/usr/lib/python3/dist-packages/colcon_core/task/python/colcon_distutils_commands:/home/zfh/code/ros2Std/town_ws/install/village_li/lib/python3.10/site-packages:${PYTHONPATH} /usr/bin/python3 -W ignore:setup.py install is deprecated setup.py egg_info --egg-base ../../build/village_li build --build-base /home/zfh/code/ros2Std/town_ws/build/village_li/build install --record /home/zfh/code/ros2Std/town_ws/build/village_li/install.log --single-version-externally-managed install_data
