C51 COMPILER V9.60.7.0   MAIN                                                              03/11/2024 11:51:29 PAGE 1   


C51 COMPILER V9.60.7.0, COMPILATION OF MODULE MAIN
OBJECT MODULE PLACED IN .\Objects\main.obj
COMPILER INVOKED BY: D:\applications\kile5_51\C51\BIN\C51.EXE main.c OPTIMIZE(8,SPEED) BROWSE INCDIR(D:\applications\kil
                    -e5_51\C51\INC\Atmel) DEBUG OBJECTEXTEND PRINT(.\Listings\main.lst) TABS(2) OBJECT(.\Objects\main.obj)

line level    source

   1          #include <REGX52.H>
   2          #include <INTRINS.H>
   3          
   4          #define DELAYTIMES 100
   5          
   6          void Delayxms(int xms)  //@11.0592MHz
   7          {
   8   1        while(xms--)
   9   1        {
  10   2          unsigned char data i, j;
  11   2      
  12   2          _nop_();
  13   2          i = 2;
  14   2          j = 199;
  15   2          do
  16   2          {
  17   3            while (--j);
  18   3          } while (--i);
  19   2        }
  20   1      }
  21          
  22          
  23          void main()
  24          {
  25   1        /*while(1)
  26   1        {
  27   1          P2 = 0xfe;//1111 1110
  28   1          Delayxms(DELAYTIMES);
  29   1          P2 = 0xfd;//1111 1101
  30   1          Delayxms(DELAYTIMES);
  31   1          P2 = 0xfb;//1111 1011
  32   1          Delayxms(DELAYTIMES);
  33   1          P2 = 0xf7;//1111 0111
  34   1          Delayxms(DELAYTIMES);
  35   1          P2 = 0xef;//1110 1111
  36   1          Delayxms(DELAYTIMES);
  37   1          P2 = 0xdf;//1101 1111
  38   1          Delayxms(DELAYTIMES);
  39   1          P2 = 0xbf;//1011 1111
  40   1          Delayxms(DELAYTIMES);
  41   1          P2 = 0x7f;//0111 1111
  42   1          Delayxms(DELAYTIMES);
  43   1        }
  44   1        */
  45   1        int i;
  46   1        while(1)
  47   1          for(i=0;i<8;i++)
  48   1        {
  49   2          P2 = ~(0x01<<i);
  50   2          Delayxms(DELAYTIMES);
  51   2        }
  52   1      }


C51 COMPILER V9.60.7.0   MAIN                                                              03/11/2024 11:51:29 PAGE 2   

MODULE INFORMATION:   STATIC OVERLAYABLE
   CODE SIZE        =     65    ----
   CONSTANT SIZE    =   ----    ----
   XDATA SIZE       =   ----    ----
   PDATA SIZE       =   ----    ----
   DATA SIZE        =   ----       2
   IDATA SIZE       =   ----    ----
   BIT SIZE         =   ----    ----
END OF MODULE INFORMATION.


C51 COMPILATION COMPLETE.  0 WARNING(S),  0 ERROR(S)
