[2.182s] Invoking command in '/home/zfh/code/ros2Std/town_ws/src/village_li': PYTHONPATH=/home/zfh/code/ros2Std/town_ws/build/village_li/prefix_override:/usr/lib/python3/dist-packages/colcon_core/task/python/colcon_distutils_commands:/home/zfh/code/ros2Std/town_ws/install/village_li/lib/python3.10/site-packages:${PYTHONPATH} /usr/bin/python3 -W ignore:setup.py install is deprecated setup.py egg_info --egg-base ../../build/village_li build --build-base /home/zfh/code/ros2Std/town_ws/build/village_li/build install --record /home/zfh/code/ros2Std/town_ws/build/village_li/install.log --single-version-externally-managed install_data
[2.786s] running egg_info
[2.789s] writing ../../build/village_li/village_li.egg-info/PKG-INFO
[2.790s] writing dependency_links to ../../build/village_li/village_li.egg-info/dependency_links.txt
[2.791s] writing entry points to ../../build/village_li/village_li.egg-info/entry_points.txt
[2.791s] writing requirements to ../../build/village_li/village_li.egg-info/requires.txt
[2.792s] writing top-level names to ../../build/village_li/village_li.egg-info/top_level.txt
[2.805s] reading manifest file '../../build/village_li/village_li.egg-info/SOURCES.txt'
[2.808s] writing manifest file '../../build/village_li/village_li.egg-info/SOURCES.txt'
[2.809s] running build
[2.810s] running build_py
[2.810s] copying village_li/li4_pop.py -> /home/zfh/code/ros2Std/town_ws/build/village_li/build/lib/village_li
[2.811s] copying village_li/li4_oop.py -> /home/zfh/code/ros2Std/town_ws/build/village_li/build/lib/village_li
[2.812s] copying village_li/li4_publisher.py -> /home/zfh/code/ros2Std/town_ws/build/village_li/build/lib/village_li
[2.813s] copying village_li/__init__.py -> /home/zfh/code/ros2Std/town_ws/build/village_li/build/lib/village_li
[2.814s] running install
[2.815s] running install_lib
[2.817s] copying /home/zfh/code/ros2Std/town_ws/build/village_li/build/lib/village_li/li4_pop.py -> /home/zfh/code/ros2Std/town_ws/install/village_li/lib/python3.10/site-packages/village_li
[2.817s] copying /home/zfh/code/ros2Std/town_ws/build/village_li/build/lib/village_li/li4_oop.py -> /home/zfh/code/ros2Std/town_ws/install/village_li/lib/python3.10/site-packages/village_li
[2.818s] copying /home/zfh/code/ros2Std/town_ws/build/village_li/build/lib/village_li/li4_publisher.py -> /home/zfh/code/ros2Std/town_ws/install/village_li/lib/python3.10/site-packages/village_li
[2.819s] copying /home/zfh/code/ros2Std/town_ws/build/village_li/build/lib/village_li/__init__.py -> /home/zfh/code/ros2Std/town_ws/install/village_li/lib/python3.10/site-packages/village_li
[2.820s] byte-compiling /home/zfh/code/ros2Std/town_ws/install/village_li/lib/python3.10/site-packages/village_li/li4_pop.py to li4_pop.cpython-310.pyc
[2.821s] byte-compiling /home/zfh/code/ros2Std/town_ws/install/village_li/lib/python3.10/site-packages/village_li/li4_oop.py to li4_oop.cpython-310.pyc
[2.822s] byte-compiling /home/zfh/code/ros2Std/town_ws/install/village_li/lib/python3.10/site-packages/village_li/li4_publisher.py to li4_publisher.cpython-310.pyc
[2.823s] byte-compiling /home/zfh/code/ros2Std/town_ws/install/village_li/lib/python3.10/site-packages/village_li/__init__.py to __init__.cpython-310.pyc
[2.824s] running install_data
[2.824s] running install_egg_info
[2.832s] Copying ../../build/village_li/village_li.egg-info to /home/zfh/code/ros2Std/town_ws/install/village_li/lib/python3.10/site-packages/village_li-0.0.0-py3.10.egg-info
[2.842s] running install_scripts
[2.897s] Installing li4_node script to /home/zfh/code/ros2Std/town_ws/install/village_li/lib/village_li
[2.897s] Installing li4_node_oop script to /home/zfh/code/ros2Std/town_ws/install/village_li/lib/village_li
[2.897s] Installing li4_node_pop script to /home/zfh/code/ros2Std/town_ws/install/village_li/lib/village_li
[2.898s] writing list of installed files to '/home/zfh/code/ros2Std/town_ws/build/village_li/install.log'
[2.970s] Invoked command in '/home/zfh/code/ros2Std/town_ws/src/village_li' returned '0': PYTHONPATH=/home/zfh/code/ros2Std/town_ws/build/village_li/prefix_override:/usr/lib/python3/dist-packages/colcon_core/task/python/colcon_distutils_commands:/home/zfh/code/ros2Std/town_ws/install/village_li/lib/python3.10/site-packages:${PYTHONPATH} /usr/bin/python3 -W ignore:setup.py install is deprecated setup.py egg_info --egg-base ../../build/village_li build --build-base /home/zfh/code/ros2Std/town_ws/build/village_li/build install --record /home/zfh/code/ros2Std/town_ws/build/village_li/install.log --single-version-externally-managed install_data
