[0.017s] Invoking command in '/home/zfh/code/code/ros2Std/town_ws/build/village_wang': CMAKE_PREFIX_PATH=${CMAKE_PREFIX_PATH}:/home/zfh/code/code/ros2Std/town_ws/install/villege_li:/opt/ros/humble /usr/bin/cmake --build /home/zfh/code/code/ros2Std/town_ws/build/village_wang -- -j16 -l16
[0.039s] -- Found ament_cmake: 1.3.8 (/opt/ros/humble/share/ament_cmake/cmake)
[0.143s] -- Found rclcpp: 16.0.8 (/opt/ros/humble/share/rclcpp/cmake)
[0.260s] -- Found rosidl_generator_c: 3.1.5 (/opt/ros/humble/share/rosidl_generator_c/cmake)
[0.262s] -- Found rosidl_adapter: 3.1.5 (/opt/ros/humble/share/rosidl_adapter/cmake)
[0.268s] -- Found rosidl_generator_cpp: 3.1.5 (/opt/ros/humble/share/rosidl_generator_cpp/cmake)
[0.277s] -- Using all available rosidl_typesupport_c: rosidl_typesupport_fastrtps_c;rosidl_typesupport_introspection_c
[0.291s] -- Using all available rosidl_typesupport_cpp: rosidl_typesupport_fastrtps_cpp;rosidl_typesupport_introspection_cpp
[0.342s] -- Found rmw_implementation_cmake: 6.1.1 (/opt/ros/humble/share/rmw_implementation_cmake/cmake)
[0.343s] -- Found rmw_fastrtps_cpp: 6.2.6 (/opt/ros/humble/share/rmw_fastrtps_cpp/cmake)
[3.986s] -- Using RMW implementation 'rmw_fastrtps_cpp' as default
[4.107s] -- Found ament_lint_auto: 0.12.10 (/opt/ros/humble/share/ament_lint_auto/cmake)
[4.204s] -- Added test 'cppcheck' to perform static code analysis on C / C++ code
[4.204s] -- Configured cppcheck include dirs: 
[4.204s] -- Configured cppcheck exclude dirs and/or files: 
[4.204s] -- Added test 'lint_cmake' to check CMake code style
[4.205s] -- Added test 'uncrustify' to check C / C++ code style
[4.205s] -- Configured uncrustify additional arguments: 
[4.205s] -- Added test 'xmllint' to check XML markup files
[4.206s] -- Configuring done
[4.217s] -- Generating done
[4.219s] -- Build files have been written to: /home/zfh/code/code/ros2Std/town_ws/build/village_wang
[4.245s] [35m[1mConsolidate compiler generated dependencies of target wang2_node[0m
[4.265s] [100%] Built target wang2_node
[4.276s] Invoked command in '/home/zfh/code/code/ros2Std/town_ws/build/village_wang' returned '0': CMAKE_PREFIX_PATH=${CMAKE_PREFIX_PATH}:/home/zfh/code/code/ros2Std/town_ws/install/villege_li:/opt/ros/humble /usr/bin/cmake --build /home/zfh/code/code/ros2Std/town_ws/build/village_wang -- -j16 -l16
[4.305s] Invoking command in '/home/zfh/code/code/ros2Std/town_ws/build/village_wang': CMAKE_PREFIX_PATH=${CMAKE_PREFIX_PATH}:/home/zfh/code/code/ros2Std/town_ws/install/villege_li:/opt/ros/humble /usr/bin/cmake --install /home/zfh/code/code/ros2Std/town_ws/build/village_wang
[4.310s] -- Install configuration: ""
[4.311s] -- Installing: /home/zfh/code/code/ros2Std/town_ws/install/village_wang/share/ament_index/resource_index/package_run_dependencies/village_wang
[4.311s] -- Installing: /home/zfh/code/code/ros2Std/town_ws/install/village_wang/share/ament_index/resource_index/parent_prefix_path/village_wang
[4.311s] -- Installing: /home/zfh/code/code/ros2Std/town_ws/install/village_wang/share/village_wang/environment/ament_prefix_path.sh
[4.311s] -- Installing: /home/zfh/code/code/ros2Std/town_ws/install/village_wang/share/village_wang/environment/ament_prefix_path.dsv
[4.311s] -- Installing: /home/zfh/code/code/ros2Std/town_ws/install/village_wang/share/village_wang/environment/path.sh
[4.312s] -- Installing: /home/zfh/code/code/ros2Std/town_ws/install/village_wang/share/village_wang/environment/path.dsv
[4.312s] -- Installing: /home/zfh/code/code/ros2Std/town_ws/install/village_wang/share/village_wang/local_setup.bash
[4.312s] -- Installing: /home/zfh/code/code/ros2Std/town_ws/install/village_wang/share/village_wang/local_setup.sh
[4.312s] -- Installing: /home/zfh/code/code/ros2Std/town_ws/install/village_wang/share/village_wang/local_setup.zsh
[4.312s] -- Installing: /home/zfh/code/code/ros2Std/town_ws/install/village_wang/share/village_wang/local_setup.dsv
[4.313s] -- Installing: /home/zfh/code/code/ros2Std/town_ws/install/village_wang/share/village_wang/package.dsv
[4.313s] -- Installing: /home/zfh/code/code/ros2Std/town_ws/install/village_wang/share/ament_index/resource_index/packages/village_wang
[4.313s] -- Installing: /home/zfh/code/code/ros2Std/town_ws/install/village_wang/share/village_wang/cmake/village_wangConfig.cmake
[4.313s] -- Installing: /home/zfh/code/code/ros2Std/town_ws/install/village_wang/share/village_wang/cmake/village_wangConfig-version.cmake
[4.313s] -- Installing: /home/zfh/code/code/ros2Std/town_ws/install/village_wang/share/village_wang/package.xml
[4.314s] -- Up-to-date: /home/zfh/code/code/ros2Std/town_ws/install/village_wang/lib/village_wang/wang2_node
[4.316s] Invoked command in '/home/zfh/code/code/ros2Std/town_ws/build/village_wang' returned '0': CMAKE_PREFIX_PATH=${CMAKE_PREFIX_PATH}:/home/zfh/code/code/ros2Std/town_ws/install/villege_li:/opt/ros/humble /usr/bin/cmake --install /home/zfh/code/code/ros2Std/town_ws/build/village_wang
