running egg_info
writing ../../build/villege_li/villege_li.egg-info/PKG-INFO
writing dependency_links to ../../build/villege_li/villege_li.egg-info/dependency_links.txt
writing entry points to ../../build/villege_li/villege_li.egg-info/entry_points.txt
writing requirements to ../../build/villege_li/villege_li.egg-info/requires.txt
writing top-level names to ../../build/villege_li/villege_li.egg-info/top_level.txt
reading manifest file '../../build/villege_li/villege_li.egg-info/SOURCES.txt'
writing manifest file '../../build/villege_li/villege_li.egg-info/SOURCES.txt'
running build
running build_py
running install
running install_lib
running install_data
running install_egg_info
removing '/home/zfh/code/code/ros2Std/town_ws/install/villege_li/lib/python3.10/site-packages/villege_li-0.0.0-py3.10.egg-info' (and everything under it)
Copying ../../build/villege_li/villege_li.egg-info to /home/zfh/code/code/ros2Std/town_ws/install/villege_li/lib/python3.10/site-packages/villege_li-0.0.0-py3.10.egg-info
running install_scripts
Installing li4_node script to /home/zfh/code/code/ros2Std/town_ws/install/villege_li/lib/villege_li
Installing li4_node_oop script to /home/zfh/code/code/ros2Std/town_ws/install/villege_li/lib/villege_li
Installing li4_node_pop script to /home/zfh/code/code/ros2Std/town_ws/install/villege_li/lib/villege_li
writing list of installed files to '/home/zfh/code/code/ros2Std/town_ws/build/villege_li/install.log'
