C51 COMPILER V9.60.7.0   DELAY                                                             03/26/2024 14:39:04 PAGE 1   


C51 COMPILER V9.60.7.0, COMPILATION OF MODULE DELAY
OBJECT MODULE PLACED IN .\Objects\Delay.obj
COMPILER INVOKED BY: D:\applications\kile5_51\C51\BIN\C51.EXE Delay.c OPTIMIZE(8,SPEED) BROWSE DEBUG OBJECTEXTEND PRINT(
                    -.\Listings\Delay.lst) TABS(2) OBJECT(.\Objects\Delay.obj)

line level    source

   1          #include <INTRINS.H>
   2          /**
   3            * @brief 设定参数对应的延时毫秒数
   4            * @param  xms 需要延时多少毫秒
   5            * @retval 无
   6            */
   7          void Delay(unsigned int xms)  //@11.0592MHz
   8          {
   9   1        while(xms--)
  10   1        {
  11   2          unsigned char data i, j;
  12   2      
  13   2          _nop_();
  14   2          i = 2;
  15   2          j = 199;
  16   2          do
  17   2          {
  18   3            while (--j);
  19   3          } while (--i);
  20   2        }
  21   1      }
  22          


MODULE INFORMATION:   STATIC OVERLAYABLE
   CODE SIZE        =     26    ----
   CONSTANT SIZE    =   ----    ----
   XDATA SIZE       =   ----    ----
   PDATA SIZE       =   ----    ----
   DATA SIZE        =   ----       2
   IDATA SIZE       =   ----    ----
   BIT SIZE         =   ----    ----
END OF MODULE INFORMATION.


C51 COMPILATION COMPLETE.  0 WARNING(S),  0 ERROR(S)
