C51 COMPILER V9.60.7.0   KEY                                                               03/26/2024 14:24:32 PAGE 1   


C51 COMPILER V9.60.7.0, COMPILATION OF MODULE KEY
OBJECT MODULE PLACED IN .\Objects\Key.obj
COMPILER INVOKED BY: D:\applications\kile5_51\C51\BIN\C51.EXE Key.c OPTIMIZE(8,SPEED) BROWSE DEBUG OBJECTEXTEND PRINT(.\
                    -Listings\Key.lst) TABS(2) OBJECT(.\Objects\Key.obj)

line level    source

   1          #include <STC89C5xRC.H>
   2          #include "Delay.h"
   3          
   4          /**
   5            * @brief 获取独立按键键码
   6            * @param  无
   7            * @retval 按下按钮的键码，范围：0~4
   8            */
   9          unsigned char Key()
  10          {
  11   1        unsigned char KeyNumber=0;
  12   1        
  13   1        if(P31==0){Delay(20);while(P31==0);Delay(20);KeyNumber=1;}
  14   1        if(P30==0){Delay(20);while(P30==0);Delay(20);KeyNumber=2;}
  15   1        if(P32==0){Delay(20);while(P32==0);Delay(20);KeyNumber=3;}
  16   1        if(P33==0){Delay(20);while(P33==0);Delay(20);KeyNumber=4;}
  17   1        
  18   1        return KeyNumber;
  19   1      }


MODULE INFORMATION:   STATIC OVERLAYABLE
   CODE SIZE        =     97    ----
   CONSTANT SIZE    =   ----    ----
   XDATA SIZE       =   ----    ----
   PDATA SIZE       =   ----    ----
   DATA SIZE        =   ----       1
   IDATA SIZE       =   ----    ----
   BIT SIZE         =   ----    ----
END OF MODULE INFORMATION.


C51 COMPILATION COMPLETE.  0 WARNING(S),  0 ERROR(S)
