C51 COMPILER V9.60.7.0   MAIN                                                              03/25/2024 22:08:41 PAGE 1   


C51 COMPILER V9.60.7.0, COMPILATION OF MODULE MAIN
OBJECT MODULE PLACED IN .\Objects\main.obj
COMPILER INVOKED BY: D:\applications\keli 5 C51\C51\BIN\C51.EXE main.c OPTIMIZE(8,SPEED) BROWSE DEBUG OBJECTEXTEND PRINT
                    -(.\Listings\main.lst) TABS(2) OBJECT(.\Objects\main.obj)

line level    source

   1          #include <STC89C5xRC.H>
   2          
   3          void Timer0_Init()
   4          {
   5   1        //配置TMOD
   6   1        TMOD=0x01;
   7   1        //配置TCON
   8   1        TF0=0;//T0溢出中断标志
   9   1        TR0=1;
  10   1        /*配置计数器
  11   1        11.0592MHz晶振，1s机械周期数：11059200/12 = 921600
  12   1        计数器最高计数：65535
  13   1        10ms机械周期数：9216
  14   1        65535-9216*/
  15   1        TH0=56319/256;//取出高八位
  16   1        TL0=56319%256;//取出低八位
  17   1        //配置中断，执行完此处代码后跳转至中断函数
  18   1        ET0=1;
  19   1        EA=1;
  20   1        PT0=0;
  21   1      }
  22          
  23          void main()
  24          {
  25   1        Timer0_Init();
  26   1        while(1)
  27   1        {
  28   2          
  29   2        }
  30   1      }
  31          
  32          unsigned int T0Count;
  33          void Timer0_Routine() interrupt 1//中断函数
  34          {
  35   1        //重新赋初值，因为在第一次计数到65535后会将计数器清零
  36   1        TH0=56319/256;//取出高八位
  37   1        TL0=56319%256;//取出低八位
  38   1        T0Count++;
  39   1        if(T0Count >= 100)
  40   1        {
  41   2          T0Count=0;
  42   2          P20=~P20;
  43   2          P21=~P20;
  44   2          P22=P20|P21;
  45   2        }
  46   1      }


MODULE INFORMATION:   STATIC OVERLAYABLE
   CODE SIZE        =     76    ----
   CONSTANT SIZE    =   ----    ----
   XDATA SIZE       =   ----    ----
   PDATA SIZE       =   ----    ----
   DATA SIZE        =      2    ----
C51 COMPILER V9.60.7.0   MAIN                                                              03/25/2024 22:08:41 PAGE 2   

   IDATA SIZE       =   ----    ----
   BIT SIZE         =   ----    ----
END OF MODULE INFORMATION.


C51 COMPILATION COMPLETE.  0 WARNING(S),  0 ERROR(S)
