C51 COMPILER V9.60.7.0   TIMER0                                                            03/26/2024 11:17:17 PAGE 1   


C51 COMPILER V9.60.7.0, COMPILATION OF MODULE TIMER0
OBJECT MODULE PLACED IN .\Objects\Timer0.obj
COMPILER INVOKED BY: D:\applications\kile5_51\C51\BIN\C51.EXE Timer0.c OPTIMIZE(8,SPEED) BROWSE DEBUG OBJECTEXTEND PRINT
                    -(.\Listings\Timer0.lst) TABS(2) OBJECT(.\Objects\Timer0.obj)

line level    source

   1          #include <STC89C5xRC.H>
   2          
   3          /**
   4            * @brief 定时器0初始化，1ms@11.0592MHz
   5            * @param  无
   6            * @retval 无
   7            */
   8          void Timer0_Init(void)    //1毫秒@11.0592MHz
   9          {
  10   1        TMOD &= 0xF0;     //设置定时器模式
  11   1        TMOD |= 0x01;     //设置定时器模式
  12   1        TL0 = 0x00;       //设置定时初始值
  13   1        TH0 = 0xDC;       //设置定时初始值
  14   1        TF0 = 0;        //清除TF0标志
  15   1        TR0 = 1;        //定时器0开始计时
  16   1        
  17   1        //配置中断，执行完此处代码后跳转至中断函数
  18   1        ET0=1;//允许中断
  19   1        EA=1;//允许总中断
  20   1        PT0=0;//中断优先级（0为低优先级）
  21   1      }
  22          
  23          //定时器中断函数模板
  24          //void Timer0_Routine() interrupt 1//中断函数
  25          //{
  26          //  static unsigned int T0Count;
  27          ////重新赋初值，因为在第一次计数到65535后会将计数器清零
  28          ////  TH0=56319/256;//取出高八位
  29          ////  TL0=56319%256;//取出低八位
  30          //  TL0 = 0x00;       //设置定时初始值
  31          //  TH0 = 0xDC;       //设置定时初始值
  32          //  T0Count++;
  33          //  if(T0Count >= 100)
  34          //  {
  35          //    T0Count=0;
  36          //    P20=~P20;
  37          //    P21=~P20;
  38          //  }
  39          //}


MODULE INFORMATION:   STATIC OVERLAYABLE
   CODE SIZE        =     23    ----
   CONSTANT SIZE    =   ----    ----
   XDATA SIZE       =   ----    ----
   PDATA SIZE       =   ----    ----
   DATA SIZE        =   ----    ----
   IDATA SIZE       =   ----    ----
   BIT SIZE         =   ----    ----
END OF MODULE INFORMATION.


C51 COMPILATION COMPLETE.  0 WARNING(S),  0 ERROR(S)
