C51 COMPILER V9.60.7.0   MATRIXKEY                                                         03/19/2024 15:43:32 PAGE 1   


C51 COMPILER V9.60.7.0, COMPILATION OF MODULE MATRIXKEY
OBJECT MODULE PLACED IN .\Objects\MatrixKey.obj
COMPILER INVOKED BY: D:\applications\kile5_51\C51\BIN\C51.EXE MatrixKey.c OPTIMIZE(8,SPEED) BROWSE DEBUG OBJECTEXTEND PR
                    -INT(.\Listings\MatrixKey.lst) TABS(2) OBJECT(.\Objects\MatrixKey.obj)

line level    source

   1          #include <STC89C5xRC.H>
   2          #include "Delay.h"
   3          
   4          unsigned char MatrixKey()
   5          {
   6   1        unsigned char KeyNumber = 0;
   7   1        P1 = 0xff;
   8   1        P13 = 0;
   9   1        if(P17 == 0)
  10   1        {Delay(20);while(P17 == 0);/*检测松手*/KeyNumber = 1;}
  11   1        if(P16 == 0)
  12   1        {Delay(20);while(P16 == 0);/*检测松手*/KeyNumber = 5;}
  13   1        if(P15 == 0)
  14   1        {Delay(20);while(P15 == 0);/*检测松手*/KeyNumber = 9;}
  15   1        if(P14 == 0)
  16   1        {Delay(20);while(P14 == 0);/*检测松手*/KeyNumber = 13;}
  17   1        
  18   1        P1 = 0xff;
  19   1        P12 = 0;
  20   1        if(P17 == 0)
  21   1        {Delay(20);while(P17 == 0);/*检测松手*/KeyNumber = 2;}
  22   1        if(P16 == 0)
  23   1        {Delay(20);while(P16 == 0);/*检测松手*/KeyNumber = 6;}
  24   1        if(P15 == 0)
  25   1        {Delay(20);while(P15 == 0);/*检测松手*/KeyNumber = 10;}
  26   1        if(P14 == 0)
  27   1        {Delay(20);while(P14 == 0);/*检测松手*/KeyNumber = 14;}
  28   1        
  29   1        P1 = 0xff;
  30   1        P11 = 0;
  31   1        if(P17 == 0)
  32   1        {Delay(20);while(P17 == 0);/*检测松手*/KeyNumber = 3;}
  33   1        if(P16 == 0)
  34   1        {Delay(20);while(P16 == 0);/*检测松手*/KeyNumber = 7;}
  35   1        if(P15 == 0)
  36   1        {Delay(20);while(P15 == 0);/*检测松手*/KeyNumber = 11;}
  37   1        if(P14 == 0)
  38   1        {Delay(20);while(P14 == 0);/*检测松手*/KeyNumber = 15;}
  39   1        
  40   1        P1 = 0xff;
  41   1        P10 = 0;
  42   1        if(P17 == 0)
  43   1        {Delay(20);while(P17 == 0);/*检测松手*/KeyNumber = 4;}
  44   1        if(P16 == 0)
  45   1        {Delay(20);while(P16 == 0);/*检测松手*/KeyNumber = 8;}
  46   1        if(P15 == 0)
  47   1        {Delay(20);while(P15 == 0);/*检测松手*/KeyNumber = 12;}
  48   1        if(P14 == 0)
  49   1        {Delay(20);while(P14 == 0);/*检测松手*/KeyNumber = 16;}
  50   1        return KeyNumber;
  51   1      }


MODULE INFORMATION:   STATIC OVERLAYABLE
C51 COMPILER V9.60.7.0   MATRIXKEY                                                         03/19/2024 15:43:32 PAGE 2   

   CODE SIZE        =    281    ----
   CONSTANT SIZE    =   ----    ----
   XDATA SIZE       =   ----    ----
   PDATA SIZE       =   ----    ----
   DATA SIZE        =   ----       1
   IDATA SIZE       =   ----    ----
   BIT SIZE         =   ----    ----
END OF MODULE INFORMATION.


C51 COMPILATION COMPLETE.  0 WARNING(S),  0 ERROR(S)
