C51 COMPILER V9.60.7.0   MATRIXLED                                                         04/21/2024 09:49:48 PAGE 1   


C51 COMPILER V9.60.7.0, COMPILATION OF MODULE MATRIXLED
OBJECT MODULE PLACED IN .\Objects\MatrixLED.obj
COMPILER INVOKED BY: D:\applications\keli 5 C51\C51\BIN\C51.EXE MatrixLED.c OPTIMIZE(8,SPEED) BROWSE DEBUG OBJECTEXTEND 
                    -PRINT(.\Listings\MatrixLED.lst) TABS(2) OBJECT(.\Objects\MatrixLED.obj)

line level    source

   1          #include <STC89C5xRC.H>
   2          #include "Delay.h"
   3          
   4          sbit RCK=P3^5;    //ECLK
   5          sbit SCK=P3^6;    //SRCLK
   6          sbit SER=P3^4;    //SER
   7          
   8          #define MATRIX_LED_PORT   P0
   9          
  10          /**
  11            * @brief 74HC595写入一个字节数据
  12            * @param  要写入的字节
  13            * @retval 无
  14            */
  15          void _74HC595_WritrByte(unsigned char Byte)
  16          {
  17   1        unsigned char i;
  18   1        for(i=0; i<8; i++)
  19   1        {
  20   2          SER=Byte&(0x80>>i);
  21   2          SCK=1;
  22   2          SCK=0;
  23   2        }
  24   1        RCK=1;
  25   1        RCK=0;
  26   1      }
  27          
  28          /**
  29            * @brief LED点阵屏显示一列数据
  30            * @param  Column 要选择的列，范围：0~7
  31            * @param  Data 选择的列要显示的数据，范围0x00~0xff，高位在上，1为亮，0为灭
  32            * @retval 无
  33            */
  34          void MatrixLED_ShowColumn(unsigned char Column,Data)
  35          {
  36   1        _74HC595_WritrByte(Data);
  37   1        MATRIX_LED_PORT=~(0x80>>Column);//低电平有效
  38   1        Delay(1);
  39   1        MATRIX_LED_PORT=0xff;
  40   1      }
  41          
  42          /**
  43            * @brief 点阵屏初始化
  44            * @param  无
  45            * @retval 无
  46            */
  47          void MatrixLED_Init()
  48          {
  49   1        SCK=0;
  50   1        RCK=0;
  51   1      }


MODULE INFORMATION:   STATIC OVERLAYABLE
C51 COMPILER V9.60.7.0   MATRIXLED                                                         04/21/2024 09:49:48 PAGE 2   

   CODE SIZE        =     84    ----
   CONSTANT SIZE    =   ----    ----
   XDATA SIZE       =   ----    ----
   PDATA SIZE       =   ----    ----
   DATA SIZE        =   ----    ----
   IDATA SIZE       =   ----    ----
   BIT SIZE         =   ----    ----
END OF MODULE INFORMATION.


C51 COMPILATION COMPLETE.  0 WARNING(S),  0 ERROR(S)
