-- Found ament_cmake: 1.3.8 (/opt/ros/humble/share/ament_cmake/cmake)
-- Override CMake install command with custom implementation using symlinks instead of copying resources
-- Found rclcpp: 16.0.8 (/opt/ros/humble/share/rclcpp/cmake)
-- Found rosidl_generator_c: 3.1.5 (/opt/ros/humble/share/rosidl_generator_c/cmake)
-- Found rosidl_adapter: 3.1.5 (/opt/ros/humble/share/rosidl_adapter/cmake)
-- Found rosidl_generator_cpp: 3.1.5 (/opt/ros/humble/share/rosidl_generator_cpp/cmake)
-- Using all available rosidl_typesupport_c: rosidl_typesupport_fastrtps_c;rosidl_typesupport_introspection_c
-- Using all available rosidl_typesupport_cpp: rosidl_typesupport_fastrtps_cpp;rosidl_typesupport_introspection_cpp
-- Found rmw_implementation_cmake: 6.1.1 (/opt/ros/humble/share/rmw_implementation_cmake/cmake)
-- Found rmw_fastrtps_cpp: 6.2.6 (/opt/ros/humble/share/rmw_fastrtps_cpp/cmake)
-- Using RMW implementation 'rmw_fastrtps_cpp' as default
-- Found ament_lint_auto: 0.12.10 (/opt/ros/humble/share/ament_lint_auto/cmake)
-- Added test 'cppcheck' to perform static code analysis on C / C++ code
-- Configured cppcheck include dirs: 
-- Configured cppcheck exclude dirs and/or files: 
-- Added test 'lint_cmake' to check CMake code style
-- Added test 'uncrustify' to check C / C++ code style
-- Configured uncrustify additional arguments: 
-- Added test 'xmllint' to check XML markup files
-- Configuring done
-- Generating done
-- Build files have been written to: /home/zfh/code/code/ros2Std/town_ws/build/village_wang
[35m[1mConsolidate compiler generated dependencies of target wang2_node[0m
[ 50%] [32m[1mLinking CXX executable wang2_node[0m
[100%] Built target wang2_node
-- Install configuration: ""
-- Execute custom install script
-- Symlinking: /home/zfh/code/code/ros2Std/town_ws/install/village_wang/share/ament_index/resource_index/package_run_dependencies/village_wang
-- Symlinking: /home/zfh/code/code/ros2Std/town_ws/install/village_wang/share/ament_index/resource_index/parent_prefix_path/village_wang
-- Symlinking: /home/zfh/code/code/ros2Std/town_ws/install/village_wang/share/village_wang/environment/ament_prefix_path.sh
-- Symlinking: /home/zfh/code/code/ros2Std/town_ws/install/village_wang/share/village_wang/environment/ament_prefix_path.dsv
-- Symlinking: /home/zfh/code/code/ros2Std/town_ws/install/village_wang/share/village_wang/environment/path.sh
-- Symlinking: /home/zfh/code/code/ros2Std/town_ws/install/village_wang/share/village_wang/environment/path.dsv
-- Symlinking: /home/zfh/code/code/ros2Std/town_ws/install/village_wang/share/village_wang/local_setup.bash
-- Symlinking: /home/zfh/code/code/ros2Std/town_ws/install/village_wang/share/village_wang/local_setup.sh
-- Symlinking: /home/zfh/code/code/ros2Std/town_ws/install/village_wang/share/village_wang/local_setup.zsh
-- Symlinking: /home/zfh/code/code/ros2Std/town_ws/install/village_wang/share/village_wang/local_setup.dsv
-- Symlinking: /home/zfh/code/code/ros2Std/town_ws/install/village_wang/share/village_wang/package.dsv
-- Symlinking: /home/zfh/code/code/ros2Std/town_ws/install/village_wang/share/ament_index/resource_index/packages/village_wang
-- Symlinking: /home/zfh/code/code/ros2Std/town_ws/install/village_wang/share/village_wang/cmake/village_wangConfig.cmake
-- Symlinking: /home/zfh/code/code/ros2Std/town_ws/install/village_wang/share/village_wang/cmake/village_wangConfig-version.cmake
-- Symlinking: /home/zfh/code/code/ros2Std/town_ws/install/village_wang/share/village_wang/package.xml
-- Symlinking: /home/zfh/code/code/ros2Std/town_ws/install/village_wang/lib/village_wang/wang2_node
