[0.419s] Invoking command in '/home/zfh/code/code/ros2Std/town_ws/build/village_wang': CMAKE_PREFIX_PATH=${CMAKE_PREFIX_PATH}:/home/zfh/code/code/ros2Std/town_ws/install/villege_li:/opt/ros/humble /usr/bin/cmake /home/zfh/code/code/ros2Std/town_ws/src/village_wang -DAMENT_CMAKE_SYMLINK_INSTALL=1 -DCMAKE_INSTALL_PREFIX=/home/zfh/code/code/ros2Std/town_ws/install/village_wang
[0.429s] -- Found ament_cmake: 1.3.8 (/opt/ros/humble/share/ament_cmake/cmake)
[0.530s] -- Override CMake install command with custom implementation using symlinks instead of copying resources
[0.536s] -- Found rclcpp: 16.0.8 (/opt/ros/humble/share/rclcpp/cmake)
[0.648s] -- Found rosidl_generator_c: 3.1.5 (/opt/ros/humble/share/rosidl_generator_c/cmake)
[0.650s] -- Found rosidl_adapter: 3.1.5 (/opt/ros/humble/share/rosidl_adapter/cmake)
[0.654s] -- Found rosidl_generator_cpp: 3.1.5 (/opt/ros/humble/share/rosidl_generator_cpp/cmake)
[0.663s] -- Using all available rosidl_typesupport_c: rosidl_typesupport_fastrtps_c;rosidl_typesupport_introspection_c
[0.675s] -- Using all available rosidl_typesupport_cpp: rosidl_typesupport_fastrtps_cpp;rosidl_typesupport_introspection_cpp
[0.722s] -- Found rmw_implementation_cmake: 6.1.1 (/opt/ros/humble/share/rmw_implementation_cmake/cmake)
[0.723s] -- Found rmw_fastrtps_cpp: 6.2.6 (/opt/ros/humble/share/rmw_fastrtps_cpp/cmake)
[4.186s] -- Using RMW implementation 'rmw_fastrtps_cpp' as default
[4.316s] -- Found ament_lint_auto: 0.12.10 (/opt/ros/humble/share/ament_lint_auto/cmake)
[4.371s] -- Added test 'cppcheck' to perform static code analysis on C / C++ code
[4.371s] -- Configured cppcheck include dirs: 
[4.371s] -- Configured cppcheck exclude dirs and/or files: 
[4.372s] -- Added test 'lint_cmake' to check CMake code style
[4.372s] -- Added test 'uncrustify' to check C / C++ code style
[4.372s] -- Configured uncrustify additional arguments: 
[4.373s] -- Added test 'xmllint' to check XML markup files
[4.374s] -- Configuring done
[4.384s] -- Generating done
[4.386s] -- Build files have been written to: /home/zfh/code/code/ros2Std/town_ws/build/village_wang
[4.394s] Invoked command in '/home/zfh/code/code/ros2Std/town_ws/build/village_wang' returned '0': CMAKE_PREFIX_PATH=${CMAKE_PREFIX_PATH}:/home/zfh/code/code/ros2Std/town_ws/install/villege_li:/opt/ros/humble /usr/bin/cmake /home/zfh/code/code/ros2Std/town_ws/src/village_wang -DAMENT_CMAKE_SYMLINK_INSTALL=1 -DCMAKE_INSTALL_PREFIX=/home/zfh/code/code/ros2Std/town_ws/install/village_wang
[4.397s] Invoking command in '/home/zfh/code/code/ros2Std/town_ws/build/village_wang': CMAKE_PREFIX_PATH=${CMAKE_PREFIX_PATH}:/home/zfh/code/code/ros2Std/town_ws/install/villege_li:/opt/ros/humble /usr/bin/cmake --build /home/zfh/code/code/ros2Std/town_ws/build/village_wang -- -j16 -l16
[4.430s] [35m[1mConsolidate compiler generated dependencies of target wang2_node[0m
[4.448s] [ 50%] [32m[1mLinking CXX executable wang2_node[0m
[4.602s] [100%] Built target wang2_node
[4.612s] Invoked command in '/home/zfh/code/code/ros2Std/town_ws/build/village_wang' returned '0': CMAKE_PREFIX_PATH=${CMAKE_PREFIX_PATH}:/home/zfh/code/code/ros2Std/town_ws/install/villege_li:/opt/ros/humble /usr/bin/cmake --build /home/zfh/code/code/ros2Std/town_ws/build/village_wang -- -j16 -l16
[4.645s] Invoking command in '/home/zfh/code/code/ros2Std/town_ws/build/village_wang': CMAKE_PREFIX_PATH=${CMAKE_PREFIX_PATH}:/home/zfh/code/code/ros2Std/town_ws/install/villege_li:/opt/ros/humble /usr/bin/cmake --install /home/zfh/code/code/ros2Std/town_ws/build/village_wang
[4.652s] -- Install configuration: ""
[4.653s] -- Execute custom install script
[4.653s] -- Symlinking: /home/zfh/code/code/ros2Std/town_ws/install/village_wang/share/ament_index/resource_index/package_run_dependencies/village_wang
[4.662s] -- Symlinking: /home/zfh/code/code/ros2Std/town_ws/install/village_wang/share/ament_index/resource_index/parent_prefix_path/village_wang
[4.672s] -- Symlinking: /home/zfh/code/code/ros2Std/town_ws/install/village_wang/share/village_wang/environment/ament_prefix_path.sh
[4.681s] -- Symlinking: /home/zfh/code/code/ros2Std/town_ws/install/village_wang/share/village_wang/environment/ament_prefix_path.dsv
[4.688s] -- Symlinking: /home/zfh/code/code/ros2Std/town_ws/install/village_wang/share/village_wang/environment/path.sh
[4.697s] -- Symlinking: /home/zfh/code/code/ros2Std/town_ws/install/village_wang/share/village_wang/environment/path.dsv
[4.705s] -- Symlinking: /home/zfh/code/code/ros2Std/town_ws/install/village_wang/share/village_wang/local_setup.bash
[4.713s] -- Symlinking: /home/zfh/code/code/ros2Std/town_ws/install/village_wang/share/village_wang/local_setup.sh
[4.723s] -- Symlinking: /home/zfh/code/code/ros2Std/town_ws/install/village_wang/share/village_wang/local_setup.zsh
[4.732s] -- Symlinking: /home/zfh/code/code/ros2Std/town_ws/install/village_wang/share/village_wang/local_setup.dsv
[4.740s] -- Symlinking: /home/zfh/code/code/ros2Std/town_ws/install/village_wang/share/village_wang/package.dsv
[4.748s] -- Symlinking: /home/zfh/code/code/ros2Std/town_ws/install/village_wang/share/ament_index/resource_index/packages/village_wang
[4.757s] -- Symlinking: /home/zfh/code/code/ros2Std/town_ws/install/village_wang/share/village_wang/cmake/village_wangConfig.cmake
[4.765s] -- Symlinking: /home/zfh/code/code/ros2Std/town_ws/install/village_wang/share/village_wang/cmake/village_wangConfig-version.cmake
[4.773s] -- Symlinking: /home/zfh/code/code/ros2Std/town_ws/install/village_wang/share/village_wang/package.xml
[4.781s] -- Symlinking: /home/zfh/code/code/ros2Std/town_ws/install/village_wang/lib/village_wang/wang2_node
[4.791s] Invoked command in '/home/zfh/code/code/ros2Std/town_ws/build/village_wang' returned '0': CMAKE_PREFIX_PATH=${CMAKE_PREFIX_PATH}:/home/zfh/code/code/ros2Std/town_ws/install/villege_li:/opt/ros/humble /usr/bin/cmake --install /home/zfh/code/code/ros2Std/town_ws/build/village_wang
