[0.262s] DEBUG:colcon:Command line arguments: ['/usr/bin/colcon', 'build']
[0.262s] DEBUG:colcon:Parsed command line arguments: Namespace(log_base=None, log_level=None, verb_name='build', build_base='build', install_base='install', merge_install=False, symlink_install=False, test_result_base=None, continue_on_error=False, executor='parallel', parallel_workers=4, event_handlers=None, ignore_user_meta=False, metas=['./colcon.meta'], base_paths=['.'], packages_ignore=None, packages_ignore_regex=None, paths=None, packages_up_to=None, packages_up_to_regex=None, packages_above=None, packages_above_and_dependencies=None, packages_above_depth=None, packages_select_by_dep=None, packages_skip_by_dep=None, packages_skip_up_to=None, packages_select_build_failed=False, packages_skip_build_finished=False, packages_select_test_failures=False, packages_skip_test_passed=False, packages_select=None, packages_skip=None, packages_select_regex=None, packages_skip_regex=None, packages_start=None, packages_end=None, allow_overriding=[], cmake_args=None, cmake_target=None, cmake_target_skip_unavailable=False, cmake_clean_cache=False, cmake_clean_first=False, cmake_force_configure=False, ament_cmake_args=None, catkin_cmake_args=None, catkin_skip_building_tests=False, verb_parser=<colcon_defaults.argument_parser.defaults.DefaultArgumentsDecorator object at 0x7fbabe8a8640>, verb_extension=<colcon_core.verb.build.BuildVerb object at 0x7fbabe8a80d0>, main=<bound method BuildVerb.main of <colcon_core.verb.build.BuildVerb object at 0x7fbabe8a80d0>>)
[0.544s] Level 1:colcon.colcon_core.package_discovery:discover_packages(colcon_meta) check parameters
[0.544s] Level 1:colcon.colcon_core.package_discovery:discover_packages(recursive) check parameters
[0.545s] Level 1:colcon.colcon_core.package_discovery:discover_packages(ignore) check parameters
[0.545s] Level 1:colcon.colcon_core.package_discovery:discover_packages(path) check parameters
[0.545s] Level 1:colcon.colcon_core.package_discovery:discover_packages(colcon_meta) discover
[0.545s] Level 1:colcon.colcon_core.package_discovery:discover_packages(recursive) discover
[0.545s] INFO:colcon.colcon_core.package_discovery:Crawling recursively for packages in '/home/zfh/code/ros2Std/town_ws'
[0.545s] Level 1:colcon.colcon_core.package_identification:_identify(.) by extensions ['ignore', 'ignore_ament_install']
[0.545s] Level 1:colcon.colcon_core.package_identification:_identify(.) by extension 'ignore'
[0.545s] Level 1:colcon.colcon_core.package_identification:_identify(.) by extension 'ignore_ament_install'
[0.545s] Level 1:colcon.colcon_core.package_identification:_identify(.) by extensions ['colcon_pkg']
[0.545s] Level 1:colcon.colcon_core.package_identification:_identify(.) by extension 'colcon_pkg'
[0.545s] Level 1:colcon.colcon_core.package_identification:_identify(.) by extensions ['colcon_meta']
[0.545s] Level 1:colcon.colcon_core.package_identification:_identify(.) by extension 'colcon_meta'
[0.545s] Level 1:colcon.colcon_core.package_identification:_identify(.) by extensions ['ros']
[0.545s] Level 1:colcon.colcon_core.package_identification:_identify(.) by extension 'ros'
[0.565s] Level 1:colcon.colcon_core.package_identification:_identify(.) by extensions ['cmake', 'python']
[0.566s] Level 1:colcon.colcon_core.package_identification:_identify(.) by extension 'cmake'
[0.566s] Level 1:colcon.colcon_core.package_identification:_identify(.) by extension 'python'
[0.566s] Level 1:colcon.colcon_core.package_identification:_identify(.) by extensions ['python_setup_py']
[0.566s] Level 1:colcon.colcon_core.package_identification:_identify(.) by extension 'python_setup_py'
[0.566s] Level 1:colcon.colcon_core.package_identification:_identify(build) by extensions ['ignore', 'ignore_ament_install']
[0.566s] Level 1:colcon.colcon_core.package_identification:_identify(build) by extension 'ignore'
[0.566s] Level 1:colcon.colcon_core.package_identification:_identify(build) ignored
[0.567s] Level 1:colcon.colcon_core.package_identification:_identify(install) by extensions ['ignore', 'ignore_ament_install']
[0.567s] Level 1:colcon.colcon_core.package_identification:_identify(install) by extension 'ignore'
[0.567s] Level 1:colcon.colcon_core.package_identification:_identify(install) ignored
[0.567s] Level 1:colcon.colcon_core.package_identification:_identify(log) by extensions ['ignore', 'ignore_ament_install']
[0.568s] Level 1:colcon.colcon_core.package_identification:_identify(log) by extension 'ignore'
[0.568s] Level 1:colcon.colcon_core.package_identification:_identify(log) ignored
[0.568s] Level 1:colcon.colcon_core.package_identification:_identify(src) by extensions ['ignore', 'ignore_ament_install']
[0.568s] Level 1:colcon.colcon_core.package_identification:_identify(src) by extension 'ignore'
[0.568s] Level 1:colcon.colcon_core.package_identification:_identify(src) by extension 'ignore_ament_install'
[0.568s] Level 1:colcon.colcon_core.package_identification:_identify(src) by extensions ['colcon_pkg']
[0.568s] Level 1:colcon.colcon_core.package_identification:_identify(src) by extension 'colcon_pkg'
[0.568s] Level 1:colcon.colcon_core.package_identification:_identify(src) by extensions ['colcon_meta']
[0.568s] Level 1:colcon.colcon_core.package_identification:_identify(src) by extension 'colcon_meta'
[0.568s] Level 1:colcon.colcon_core.package_identification:_identify(src) by extensions ['ros']
[0.568s] Level 1:colcon.colcon_core.package_identification:_identify(src) by extension 'ros'
[0.568s] Level 1:colcon.colcon_core.package_identification:_identify(src) by extensions ['cmake', 'python']
[0.569s] Level 1:colcon.colcon_core.package_identification:_identify(src) by extension 'cmake'
[0.569s] Level 1:colcon.colcon_core.package_identification:_identify(src) by extension 'python'
[0.569s] Level 1:colcon.colcon_core.package_identification:_identify(src) by extensions ['python_setup_py']
[0.569s] Level 1:colcon.colcon_core.package_identification:_identify(src) by extension 'python_setup_py'
[0.569s] Level 1:colcon.colcon_core.package_identification:_identify(src/build) by extensions ['ignore', 'ignore_ament_install']
[0.569s] Level 1:colcon.colcon_core.package_identification:_identify(src/build) by extension 'ignore'
[0.569s] Level 1:colcon.colcon_core.package_identification:_identify(src/build) by extension 'ignore_ament_install'
[0.569s] Level 1:colcon.colcon_core.package_identification:_identify(src/build) by extensions ['colcon_pkg']
[0.569s] Level 1:colcon.colcon_core.package_identification:_identify(src/build) by extension 'colcon_pkg'
[0.569s] Level 1:colcon.colcon_core.package_identification:_identify(src/build) by extensions ['colcon_meta']
[0.569s] Level 1:colcon.colcon_core.package_identification:_identify(src/build) by extension 'colcon_meta'
[0.569s] Level 1:colcon.colcon_core.package_identification:_identify(src/build) by extensions ['ros']
[0.569s] Level 1:colcon.colcon_core.package_identification:_identify(src/build) by extension 'ros'
[0.570s] Level 1:colcon.colcon_core.package_identification:_identify(src/build) by extensions ['cmake', 'python']
[0.570s] Level 1:colcon.colcon_core.package_identification:_identify(src/build) by extension 'cmake'
[0.570s] Level 1:colcon.colcon_core.package_identification:_identify(src/build) by extension 'python'
[0.570s] Level 1:colcon.colcon_core.package_identification:_identify(src/build) by extensions ['python_setup_py']
[0.570s] Level 1:colcon.colcon_core.package_identification:_identify(src/build) by extension 'python_setup_py'
[0.570s] Level 1:colcon.colcon_core.package_identification:_identify(src/build/villege_li) by extensions ['ignore', 'ignore_ament_install']
[0.570s] Level 1:colcon.colcon_core.package_identification:_identify(src/build/villege_li) by extension 'ignore'
[0.570s] Level 1:colcon.colcon_core.package_identification:_identify(src/build/villege_li) by extension 'ignore_ament_install'
[0.570s] Level 1:colcon.colcon_core.package_identification:_identify(src/build/villege_li) by extensions ['colcon_pkg']
[0.570s] Level 1:colcon.colcon_core.package_identification:_identify(src/build/villege_li) by extension 'colcon_pkg'
[0.570s] Level 1:colcon.colcon_core.package_identification:_identify(src/build/villege_li) by extensions ['colcon_meta']
[0.570s] Level 1:colcon.colcon_core.package_identification:_identify(src/build/villege_li) by extension 'colcon_meta'
[0.570s] Level 1:colcon.colcon_core.package_identification:_identify(src/build/villege_li) by extensions ['ros']
[0.571s] Level 1:colcon.colcon_core.package_identification:_identify(src/build/villege_li) by extension 'ros'
[0.571s] Level 1:colcon.colcon_core.package_identification:_identify(src/build/villege_li) by extensions ['cmake', 'python']
[0.571s] Level 1:colcon.colcon_core.package_identification:_identify(src/build/villege_li) by extension 'cmake'
[0.571s] Level 1:colcon.colcon_core.package_identification:_identify(src/build/villege_li) by extension 'python'
[0.571s] Level 1:colcon.colcon_core.package_identification:_identify(src/build/villege_li) by extensions ['python_setup_py']
[0.571s] Level 1:colcon.colcon_core.package_identification:_identify(src/build/villege_li) by extension 'python_setup_py'
[0.571s] Level 1:colcon.colcon_core.package_identification:_identify(src/build/villege_li/build) by extensions ['ignore', 'ignore_ament_install']
[0.571s] Level 1:colcon.colcon_core.package_identification:_identify(src/build/villege_li/build) by extension 'ignore'
[0.571s] Level 1:colcon.colcon_core.package_identification:_identify(src/build/villege_li/build) by extension 'ignore_ament_install'
[0.571s] Level 1:colcon.colcon_core.package_identification:_identify(src/build/villege_li/build) by extensions ['colcon_pkg']
[0.572s] Level 1:colcon.colcon_core.package_identification:_identify(src/build/villege_li/build) by extension 'colcon_pkg'
[0.572s] Level 1:colcon.colcon_core.package_identification:_identify(src/build/villege_li/build) by extensions ['colcon_meta']
[0.572s] Level 1:colcon.colcon_core.package_identification:_identify(src/build/villege_li/build) by extension 'colcon_meta'
[0.572s] Level 1:colcon.colcon_core.package_identification:_identify(src/build/villege_li/build) by extensions ['ros']
[0.572s] Level 1:colcon.colcon_core.package_identification:_identify(src/build/villege_li/build) by extension 'ros'
[0.572s] Level 1:colcon.colcon_core.package_identification:_identify(src/build/villege_li/build) by extensions ['cmake', 'python']
[0.572s] Level 1:colcon.colcon_core.package_identification:_identify(src/build/villege_li/build) by extension 'cmake'
[0.572s] Level 1:colcon.colcon_core.package_identification:_identify(src/build/villege_li/build) by extension 'python'
[0.572s] Level 1:colcon.colcon_core.package_identification:_identify(src/build/villege_li/build) by extensions ['python_setup_py']
[0.572s] Level 1:colcon.colcon_core.package_identification:_identify(src/build/villege_li/build) by extension 'python_setup_py'
[0.572s] Level 1:colcon.colcon_core.package_identification:_identify(src/build/villege_li/build/lib) by extensions ['ignore', 'ignore_ament_install']
[0.573s] Level 1:colcon.colcon_core.package_identification:_identify(src/build/villege_li/build/lib) by extension 'ignore'
[0.573s] Level 1:colcon.colcon_core.package_identification:_identify(src/build/villege_li/build/lib) by extension 'ignore_ament_install'
[0.573s] Level 1:colcon.colcon_core.package_identification:_identify(src/build/villege_li/build/lib) by extensions ['colcon_pkg']
[0.573s] Level 1:colcon.colcon_core.package_identification:_identify(src/build/villege_li/build/lib) by extension 'colcon_pkg'
[0.573s] Level 1:colcon.colcon_core.package_identification:_identify(src/build/villege_li/build/lib) by extensions ['colcon_meta']
[0.573s] Level 1:colcon.colcon_core.package_identification:_identify(src/build/villege_li/build/lib) by extension 'colcon_meta'
[0.573s] Level 1:colcon.colcon_core.package_identification:_identify(src/build/villege_li/build/lib) by extensions ['ros']
[0.573s] Level 1:colcon.colcon_core.package_identification:_identify(src/build/villege_li/build/lib) by extension 'ros'
[0.573s] Level 1:colcon.colcon_core.package_identification:_identify(src/build/villege_li/build/lib) by extensions ['cmake', 'python']
[0.573s] Level 1:colcon.colcon_core.package_identification:_identify(src/build/villege_li/build/lib) by extension 'cmake'
[0.573s] Level 1:colcon.colcon_core.package_identification:_identify(src/build/villege_li/build/lib) by extension 'python'
[0.573s] Level 1:colcon.colcon_core.package_identification:_identify(src/build/villege_li/build/lib) by extensions ['python_setup_py']
[0.573s] Level 1:colcon.colcon_core.package_identification:_identify(src/build/villege_li/build/lib) by extension 'python_setup_py'
[0.574s] Level 1:colcon.colcon_core.package_identification:_identify(src/build/villege_li/build/lib/village_li) by extensions ['ignore', 'ignore_ament_install']
[0.574s] Level 1:colcon.colcon_core.package_identification:_identify(src/build/villege_li/build/lib/village_li) by extension 'ignore'
[0.574s] Level 1:colcon.colcon_core.package_identification:_identify(src/build/villege_li/build/lib/village_li) by extension 'ignore_ament_install'
[0.574s] Level 1:colcon.colcon_core.package_identification:_identify(src/build/villege_li/build/lib/village_li) by extensions ['colcon_pkg']
[0.574s] Level 1:colcon.colcon_core.package_identification:_identify(src/build/villege_li/build/lib/village_li) by extension 'colcon_pkg'
[0.574s] Level 1:colcon.colcon_core.package_identification:_identify(src/build/villege_li/build/lib/village_li) by extensions ['colcon_meta']
[0.574s] Level 1:colcon.colcon_core.package_identification:_identify(src/build/villege_li/build/lib/village_li) by extension 'colcon_meta'
[0.575s] Level 1:colcon.colcon_core.package_identification:_identify(src/build/villege_li/build/lib/village_li) by extensions ['ros']
[0.575s] Level 1:colcon.colcon_core.package_identification:_identify(src/build/villege_li/build/lib/village_li) by extension 'ros'
[0.575s] Level 1:colcon.colcon_core.package_identification:_identify(src/build/villege_li/build/lib/village_li) by extensions ['cmake', 'python']
[0.575s] Level 1:colcon.colcon_core.package_identification:_identify(src/build/villege_li/build/lib/village_li) by extension 'cmake'
[0.575s] Level 1:colcon.colcon_core.package_identification:_identify(src/build/villege_li/build/lib/village_li) by extension 'python'
[0.575s] Level 1:colcon.colcon_core.package_identification:_identify(src/build/villege_li/build/lib/village_li) by extensions ['python_setup_py']
[0.575s] Level 1:colcon.colcon_core.package_identification:_identify(src/build/villege_li/build/lib/village_li) by extension 'python_setup_py'
[0.575s] Level 1:colcon.colcon_core.package_identification:_identify(src/build/villege_li/prefix_override) by extensions ['ignore', 'ignore_ament_install']
[0.575s] Level 1:colcon.colcon_core.package_identification:_identify(src/build/villege_li/prefix_override) by extension 'ignore'
[0.575s] Level 1:colcon.colcon_core.package_identification:_identify(src/build/villege_li/prefix_override) by extension 'ignore_ament_install'
[0.576s] Level 1:colcon.colcon_core.package_identification:_identify(src/build/villege_li/prefix_override) by extensions ['colcon_pkg']
[0.576s] Level 1:colcon.colcon_core.package_identification:_identify(src/build/villege_li/prefix_override) by extension 'colcon_pkg'
[0.576s] Level 1:colcon.colcon_core.package_identification:_identify(src/build/villege_li/prefix_override) by extensions ['colcon_meta']
[0.576s] Level 1:colcon.colcon_core.package_identification:_identify(src/build/villege_li/prefix_override) by extension 'colcon_meta'
[0.576s] Level 1:colcon.colcon_core.package_identification:_identify(src/build/villege_li/prefix_override) by extensions ['ros']
[0.576s] Level 1:colcon.colcon_core.package_identification:_identify(src/build/villege_li/prefix_override) by extension 'ros'
[0.576s] Level 1:colcon.colcon_core.package_identification:_identify(src/build/villege_li/prefix_override) by extensions ['cmake', 'python']
[0.576s] Level 1:colcon.colcon_core.package_identification:_identify(src/build/villege_li/prefix_override) by extension 'cmake'
[0.576s] Level 1:colcon.colcon_core.package_identification:_identify(src/build/villege_li/prefix_override) by extension 'python'
[0.576s] Level 1:colcon.colcon_core.package_identification:_identify(src/build/villege_li/prefix_override) by extensions ['python_setup_py']
[0.577s] Level 1:colcon.colcon_core.package_identification:_identify(src/build/villege_li/prefix_override) by extension 'python_setup_py'
[0.577s] Level 1:colcon.colcon_core.package_identification:_identify(src/build/villege_li/prefix_override/__pycache__) by extensions ['ignore', 'ignore_ament_install']
[0.577s] Level 1:colcon.colcon_core.package_identification:_identify(src/build/villege_li/prefix_override/__pycache__) by extension 'ignore'
[0.577s] Level 1:colcon.colcon_core.package_identification:_identify(src/build/villege_li/prefix_override/__pycache__) by extension 'ignore_ament_install'
[0.577s] Level 1:colcon.colcon_core.package_identification:_identify(src/build/villege_li/prefix_override/__pycache__) by extensions ['colcon_pkg']
[0.577s] Level 1:colcon.colcon_core.package_identification:_identify(src/build/villege_li/prefix_override/__pycache__) by extension 'colcon_pkg'
[0.577s] Level 1:colcon.colcon_core.package_identification:_identify(src/build/villege_li/prefix_override/__pycache__) by extensions ['colcon_meta']
[0.577s] Level 1:colcon.colcon_core.package_identification:_identify(src/build/villege_li/prefix_override/__pycache__) by extension 'colcon_meta'
[0.577s] Level 1:colcon.colcon_core.package_identification:_identify(src/build/villege_li/prefix_override/__pycache__) by extensions ['ros']
[0.577s] Level 1:colcon.colcon_core.package_identification:_identify(src/build/villege_li/prefix_override/__pycache__) by extension 'ros'
[0.577s] Level 1:colcon.colcon_core.package_identification:_identify(src/build/villege_li/prefix_override/__pycache__) by extensions ['cmake', 'python']
[0.577s] Level 1:colcon.colcon_core.package_identification:_identify(src/build/villege_li/prefix_override/__pycache__) by extension 'cmake'
[0.578s] Level 1:colcon.colcon_core.package_identification:_identify(src/build/villege_li/prefix_override/__pycache__) by extension 'python'
[0.578s] Level 1:colcon.colcon_core.package_identification:_identify(src/build/villege_li/prefix_override/__pycache__) by extensions ['python_setup_py']
[0.578s] Level 1:colcon.colcon_core.package_identification:_identify(src/build/villege_li/prefix_override/__pycache__) by extension 'python_setup_py'
[0.578s] Level 1:colcon.colcon_core.package_identification:_identify(src/build/villege_li/villege_li.egg-info) by extensions ['ignore', 'ignore_ament_install']
[0.578s] Level 1:colcon.colcon_core.package_identification:_identify(src/build/villege_li/villege_li.egg-info) by extension 'ignore'
[0.578s] Level 1:colcon.colcon_core.package_identification:_identify(src/build/villege_li/villege_li.egg-info) by extension 'ignore_ament_install'
[0.578s] Level 1:colcon.colcon_core.package_identification:_identify(src/build/villege_li/villege_li.egg-info) by extensions ['colcon_pkg']
[0.578s] Level 1:colcon.colcon_core.package_identification:_identify(src/build/villege_li/villege_li.egg-info) by extension 'colcon_pkg'
[0.578s] Level 1:colcon.colcon_core.package_identification:_identify(src/build/villege_li/villege_li.egg-info) by extensions ['colcon_meta']
[0.578s] Level 1:colcon.colcon_core.package_identification:_identify(src/build/villege_li/villege_li.egg-info) by extension 'colcon_meta'
[0.578s] Level 1:colcon.colcon_core.package_identification:_identify(src/build/villege_li/villege_li.egg-info) by extensions ['ros']
[0.578s] Level 1:colcon.colcon_core.package_identification:_identify(src/build/villege_li/villege_li.egg-info) by extension 'ros'
[0.579s] Level 1:colcon.colcon_core.package_identification:_identify(src/build/villege_li/villege_li.egg-info) by extensions ['cmake', 'python']
[0.579s] Level 1:colcon.colcon_core.package_identification:_identify(src/build/villege_li/villege_li.egg-info) by extension 'cmake'
[0.579s] Level 1:colcon.colcon_core.package_identification:_identify(src/build/villege_li/villege_li.egg-info) by extension 'python'
[0.579s] Level 1:colcon.colcon_core.package_identification:_identify(src/build/villege_li/villege_li.egg-info) by extensions ['python_setup_py']
[0.579s] Level 1:colcon.colcon_core.package_identification:_identify(src/build/villege_li/villege_li.egg-info) by extension 'python_setup_py'
[0.579s] Level 1:colcon.colcon_core.package_identification:_identify(src/install) by extensions ['ignore', 'ignore_ament_install']
[0.579s] Level 1:colcon.colcon_core.package_identification:_identify(src/install) by extension 'ignore'
[0.579s] Level 1:colcon.colcon_core.package_identification:_identify(src/install) by extension 'ignore_ament_install'
[0.579s] Level 1:colcon.colcon_core.package_identification:_identify(src/install) by extensions ['colcon_pkg']
[0.579s] Level 1:colcon.colcon_core.package_identification:_identify(src/install) by extension 'colcon_pkg'
[0.579s] Level 1:colcon.colcon_core.package_identification:_identify(src/install) by extensions ['colcon_meta']
[0.579s] Level 1:colcon.colcon_core.package_identification:_identify(src/install) by extension 'colcon_meta'
[0.580s] Level 1:colcon.colcon_core.package_identification:_identify(src/install) by extensions ['ros']
[0.580s] Level 1:colcon.colcon_core.package_identification:_identify(src/install) by extension 'ros'
[0.580s] Level 1:colcon.colcon_core.package_identification:_identify(src/install) by extensions ['cmake', 'python']
[0.580s] Level 1:colcon.colcon_core.package_identification:_identify(src/install) by extension 'cmake'
[0.580s] Level 1:colcon.colcon_core.package_identification:_identify(src/install) by extension 'python'
[0.580s] Level 1:colcon.colcon_core.package_identification:_identify(src/install) by extensions ['python_setup_py']
[0.580s] Level 1:colcon.colcon_core.package_identification:_identify(src/install) by extension 'python_setup_py'
[0.580s] Level 1:colcon.colcon_core.package_identification:_identify(src/install/villege_li) by extensions ['ignore', 'ignore_ament_install']
[0.580s] Level 1:colcon.colcon_core.package_identification:_identify(src/install/villege_li) by extension 'ignore'
[0.580s] Level 1:colcon.colcon_core.package_identification:_identify(src/install/villege_li) by extension 'ignore_ament_install'
[0.581s] Level 1:colcon.colcon_core.package_identification:_identify(src/install/villege_li) by extensions ['colcon_pkg']
[0.581s] Level 1:colcon.colcon_core.package_identification:_identify(src/install/villege_li) by extension 'colcon_pkg'
[0.581s] Level 1:colcon.colcon_core.package_identification:_identify(src/install/villege_li) by extensions ['colcon_meta']
[0.581s] Level 1:colcon.colcon_core.package_identification:_identify(src/install/villege_li) by extension 'colcon_meta'
[0.581s] Level 1:colcon.colcon_core.package_identification:_identify(src/install/villege_li) by extensions ['ros']
[0.581s] Level 1:colcon.colcon_core.package_identification:_identify(src/install/villege_li) by extension 'ros'
[0.581s] Level 1:colcon.colcon_core.package_identification:_identify(src/install/villege_li) by extensions ['cmake', 'python']
[0.581s] Level 1:colcon.colcon_core.package_identification:_identify(src/install/villege_li) by extension 'cmake'
[0.581s] Level 1:colcon.colcon_core.package_identification:_identify(src/install/villege_li) by extension 'python'
[0.581s] Level 1:colcon.colcon_core.package_identification:_identify(src/install/villege_li) by extensions ['python_setup_py']
[0.582s] Level 1:colcon.colcon_core.package_identification:_identify(src/install/villege_li) by extension 'python_setup_py'
[0.582s] Level 1:colcon.colcon_core.package_identification:_identify(src/install/villege_li/lib) by extensions ['ignore', 'ignore_ament_install']
[0.582s] Level 1:colcon.colcon_core.package_identification:_identify(src/install/villege_li/lib) by extension 'ignore'
[0.582s] Level 1:colcon.colcon_core.package_identification:_identify(src/install/villege_li/lib) by extension 'ignore_ament_install'
[0.582s] Level 1:colcon.colcon_core.package_identification:_identify(src/install/villege_li/lib) by extensions ['colcon_pkg']
[0.582s] Level 1:colcon.colcon_core.package_identification:_identify(src/install/villege_li/lib) by extension 'colcon_pkg'
[0.582s] Level 1:colcon.colcon_core.package_identification:_identify(src/install/villege_li/lib) by extensions ['colcon_meta']
[0.582s] Level 1:colcon.colcon_core.package_identification:_identify(src/install/villege_li/lib) by extension 'colcon_meta'
[0.583s] Level 1:colcon.colcon_core.package_identification:_identify(src/install/villege_li/lib) by extensions ['ros']
[0.583s] Level 1:colcon.colcon_core.package_identification:_identify(src/install/villege_li/lib) by extension 'ros'
[0.583s] Level 1:colcon.colcon_core.package_identification:_identify(src/install/villege_li/lib) by extensions ['cmake', 'python']
[0.583s] Level 1:colcon.colcon_core.package_identification:_identify(src/install/villege_li/lib) by extension 'cmake'
[0.583s] Level 1:colcon.colcon_core.package_identification:_identify(src/install/villege_li/lib) by extension 'python'
[0.583s] Level 1:colcon.colcon_core.package_identification:_identify(src/install/villege_li/lib) by extensions ['python_setup_py']
[0.583s] Level 1:colcon.colcon_core.package_identification:_identify(src/install/villege_li/lib) by extension 'python_setup_py'
[0.583s] Level 1:colcon.colcon_core.package_identification:_identify(src/install/villege_li/lib/python3.10) by extensions ['ignore', 'ignore_ament_install']
[0.584s] Level 1:colcon.colcon_core.package_identification:_identify(src/install/villege_li/lib/python3.10) by extension 'ignore'
[0.584s] Level 1:colcon.colcon_core.package_identification:_identify(src/install/villege_li/lib/python3.10) by extension 'ignore_ament_install'
[0.584s] Level 1:colcon.colcon_core.package_identification:_identify(src/install/villege_li/lib/python3.10) by extensions ['colcon_pkg']
[0.584s] Level 1:colcon.colcon_core.package_identification:_identify(src/install/villege_li/lib/python3.10) by extension 'colcon_pkg'
[0.584s] Level 1:colcon.colcon_core.package_identification:_identify(src/install/villege_li/lib/python3.10) by extensions ['colcon_meta']
[0.584s] Level 1:colcon.colcon_core.package_identification:_identify(src/install/villege_li/lib/python3.10) by extension 'colcon_meta'
[0.584s] Level 1:colcon.colcon_core.package_identification:_identify(src/install/villege_li/lib/python3.10) by extensions ['ros']
[0.584s] Level 1:colcon.colcon_core.package_identification:_identify(src/install/villege_li/lib/python3.10) by extension 'ros'
[0.584s] Level 1:colcon.colcon_core.package_identification:_identify(src/install/villege_li/lib/python3.10) by extensions ['cmake', 'python']
[0.584s] Level 1:colcon.colcon_core.package_identification:_identify(src/install/villege_li/lib/python3.10) by extension 'cmake'
[0.584s] Level 1:colcon.colcon_core.package_identification:_identify(src/install/villege_li/lib/python3.10) by extension 'python'
[0.584s] Level 1:colcon.colcon_core.package_identification:_identify(src/install/villege_li/lib/python3.10) by extensions ['python_setup_py']
[0.584s] Level 1:colcon.colcon_core.package_identification:_identify(src/install/villege_li/lib/python3.10) by extension 'python_setup_py'
[0.585s] Level 1:colcon.colcon_core.package_identification:_identify(src/install/villege_li/lib/python3.10/site-packages) by extensions ['ignore', 'ignore_ament_install']
[0.585s] Level 1:colcon.colcon_core.package_identification:_identify(src/install/villege_li/lib/python3.10/site-packages) by extension 'ignore'
[0.585s] Level 1:colcon.colcon_core.package_identification:_identify(src/install/villege_li/lib/python3.10/site-packages) by extension 'ignore_ament_install'
[0.585s] Level 1:colcon.colcon_core.package_identification:_identify(src/install/villege_li/lib/python3.10/site-packages) by extensions ['colcon_pkg']
[0.585s] Level 1:colcon.colcon_core.package_identification:_identify(src/install/villege_li/lib/python3.10/site-packages) by extension 'colcon_pkg'
[0.585s] Level 1:colcon.colcon_core.package_identification:_identify(src/install/villege_li/lib/python3.10/site-packages) by extensions ['colcon_meta']
[0.585s] Level 1:colcon.colcon_core.package_identification:_identify(src/install/villege_li/lib/python3.10/site-packages) by extension 'colcon_meta'
[0.585s] Level 1:colcon.colcon_core.package_identification:_identify(src/install/villege_li/lib/python3.10/site-packages) by extensions ['ros']
[0.585s] Level 1:colcon.colcon_core.package_identification:_identify(src/install/villege_li/lib/python3.10/site-packages) by extension 'ros'
[0.585s] Level 1:colcon.colcon_core.package_identification:_identify(src/install/villege_li/lib/python3.10/site-packages) by extensions ['cmake', 'python']
[0.585s] Level 1:colcon.colcon_core.package_identification:_identify(src/install/villege_li/lib/python3.10/site-packages) by extension 'cmake'
[0.585s] Level 1:colcon.colcon_core.package_identification:_identify(src/install/villege_li/lib/python3.10/site-packages) by extension 'python'
[0.586s] Level 1:colcon.colcon_core.package_identification:_identify(src/install/villege_li/lib/python3.10/site-packages) by extensions ['python_setup_py']
[0.586s] Level 1:colcon.colcon_core.package_identification:_identify(src/install/villege_li/lib/python3.10/site-packages) by extension 'python_setup_py'
[0.586s] Level 1:colcon.colcon_core.package_identification:_identify(src/install/villege_li/lib/python3.10/site-packages/village_li) by extensions ['ignore', 'ignore_ament_install']
[0.586s] Level 1:colcon.colcon_core.package_identification:_identify(src/install/villege_li/lib/python3.10/site-packages/village_li) by extension 'ignore'
[0.586s] Level 1:colcon.colcon_core.package_identification:_identify(src/install/villege_li/lib/python3.10/site-packages/village_li) by extension 'ignore_ament_install'
[0.586s] Level 1:colcon.colcon_core.package_identification:_identify(src/install/villege_li/lib/python3.10/site-packages/village_li) by extensions ['colcon_pkg']
[0.586s] Level 1:colcon.colcon_core.package_identification:_identify(src/install/villege_li/lib/python3.10/site-packages/village_li) by extension 'colcon_pkg'
[0.586s] Level 1:colcon.colcon_core.package_identification:_identify(src/install/villege_li/lib/python3.10/site-packages/village_li) by extensions ['colcon_meta']
[0.586s] Level 1:colcon.colcon_core.package_identification:_identify(src/install/villege_li/lib/python3.10/site-packages/village_li) by extension 'colcon_meta'
[0.586s] Level 1:colcon.colcon_core.package_identification:_identify(src/install/villege_li/lib/python3.10/site-packages/village_li) by extensions ['ros']
[0.586s] Level 1:colcon.colcon_core.package_identification:_identify(src/install/villege_li/lib/python3.10/site-packages/village_li) by extension 'ros'
[0.586s] Level 1:colcon.colcon_core.package_identification:_identify(src/install/villege_li/lib/python3.10/site-packages/village_li) by extensions ['cmake', 'python']
[0.587s] Level 1:colcon.colcon_core.package_identification:_identify(src/install/villege_li/lib/python3.10/site-packages/village_li) by extension 'cmake'
[0.587s] Level 1:colcon.colcon_core.package_identification:_identify(src/install/villege_li/lib/python3.10/site-packages/village_li) by extension 'python'
[0.587s] Level 1:colcon.colcon_core.package_identification:_identify(src/install/villege_li/lib/python3.10/site-packages/village_li) by extensions ['python_setup_py']
[0.587s] Level 1:colcon.colcon_core.package_identification:_identify(src/install/villege_li/lib/python3.10/site-packages/village_li) by extension 'python_setup_py'
[0.587s] Level 1:colcon.colcon_core.package_identification:_identify(src/install/villege_li/lib/python3.10/site-packages/village_li/__pycache__) by extensions ['ignore', 'ignore_ament_install']
[0.587s] Level 1:colcon.colcon_core.package_identification:_identify(src/install/villege_li/lib/python3.10/site-packages/village_li/__pycache__) by extension 'ignore'
[0.587s] Level 1:colcon.colcon_core.package_identification:_identify(src/install/villege_li/lib/python3.10/site-packages/village_li/__pycache__) by extension 'ignore_ament_install'
[0.587s] Level 1:colcon.colcon_core.package_identification:_identify(src/install/villege_li/lib/python3.10/site-packages/village_li/__pycache__) by extensions ['colcon_pkg']
[0.587s] Level 1:colcon.colcon_core.package_identification:_identify(src/install/villege_li/lib/python3.10/site-packages/village_li/__pycache__) by extension 'colcon_pkg'
[0.587s] Level 1:colcon.colcon_core.package_identification:_identify(src/install/villege_li/lib/python3.10/site-packages/village_li/__pycache__) by extensions ['colcon_meta']
[0.587s] Level 1:colcon.colcon_core.package_identification:_identify(src/install/villege_li/lib/python3.10/site-packages/village_li/__pycache__) by extension 'colcon_meta'
[0.587s] Level 1:colcon.colcon_core.package_identification:_identify(src/install/villege_li/lib/python3.10/site-packages/village_li/__pycache__) by extensions ['ros']
[0.587s] Level 1:colcon.colcon_core.package_identification:_identify(src/install/villege_li/lib/python3.10/site-packages/village_li/__pycache__) by extension 'ros'
[0.588s] Level 1:colcon.colcon_core.package_identification:_identify(src/install/villege_li/lib/python3.10/site-packages/village_li/__pycache__) by extensions ['cmake', 'python']
[0.588s] Level 1:colcon.colcon_core.package_identification:_identify(src/install/villege_li/lib/python3.10/site-packages/village_li/__pycache__) by extension 'cmake'
[0.588s] Level 1:colcon.colcon_core.package_identification:_identify(src/install/villege_li/lib/python3.10/site-packages/village_li/__pycache__) by extension 'python'
[0.588s] Level 1:colcon.colcon_core.package_identification:_identify(src/install/villege_li/lib/python3.10/site-packages/village_li/__pycache__) by extensions ['python_setup_py']
[0.588s] Level 1:colcon.colcon_core.package_identification:_identify(src/install/villege_li/lib/python3.10/site-packages/village_li/__pycache__) by extension 'python_setup_py'
[0.588s] Level 1:colcon.colcon_core.package_identification:_identify(src/install/villege_li/lib/python3.10/site-packages/villege_li-0.0.0-py3.10.egg-info) by extensions ['ignore', 'ignore_ament_install']
[0.588s] Level 1:colcon.colcon_core.package_identification:_identify(src/install/villege_li/lib/python3.10/site-packages/villege_li-0.0.0-py3.10.egg-info) by extension 'ignore'
[0.588s] Level 1:colcon.colcon_core.package_identification:_identify(src/install/villege_li/lib/python3.10/site-packages/villege_li-0.0.0-py3.10.egg-info) by extension 'ignore_ament_install'
[0.588s] Level 1:colcon.colcon_core.package_identification:_identify(src/install/villege_li/lib/python3.10/site-packages/villege_li-0.0.0-py3.10.egg-info) by extensions ['colcon_pkg']
[0.588s] Level 1:colcon.colcon_core.package_identification:_identify(src/install/villege_li/lib/python3.10/site-packages/villege_li-0.0.0-py3.10.egg-info) by extension 'colcon_pkg'
[0.588s] Level 1:colcon.colcon_core.package_identification:_identify(src/install/villege_li/lib/python3.10/site-packages/villege_li-0.0.0-py3.10.egg-info) by extensions ['colcon_meta']
[0.588s] Level 1:colcon.colcon_core.package_identification:_identify(src/install/villege_li/lib/python3.10/site-packages/villege_li-0.0.0-py3.10.egg-info) by extension 'colcon_meta'
[0.589s] Level 1:colcon.colcon_core.package_identification:_identify(src/install/villege_li/lib/python3.10/site-packages/villege_li-0.0.0-py3.10.egg-info) by extensions ['ros']
[0.589s] Level 1:colcon.colcon_core.package_identification:_identify(src/install/villege_li/lib/python3.10/site-packages/villege_li-0.0.0-py3.10.egg-info) by extension 'ros'
[0.589s] Level 1:colcon.colcon_core.package_identification:_identify(src/install/villege_li/lib/python3.10/site-packages/villege_li-0.0.0-py3.10.egg-info) by extensions ['cmake', 'python']
[0.589s] Level 1:colcon.colcon_core.package_identification:_identify(src/install/villege_li/lib/python3.10/site-packages/villege_li-0.0.0-py3.10.egg-info) by extension 'cmake'
[0.589s] Level 1:colcon.colcon_core.package_identification:_identify(src/install/villege_li/lib/python3.10/site-packages/villege_li-0.0.0-py3.10.egg-info) by extension 'python'
[0.589s] Level 1:colcon.colcon_core.package_identification:_identify(src/install/villege_li/lib/python3.10/site-packages/villege_li-0.0.0-py3.10.egg-info) by extensions ['python_setup_py']
[0.589s] Level 1:colcon.colcon_core.package_identification:_identify(src/install/villege_li/lib/python3.10/site-packages/villege_li-0.0.0-py3.10.egg-info) by extension 'python_setup_py'
[0.589s] Level 1:colcon.colcon_core.package_identification:_identify(src/install/villege_li/lib/villege_li) by extensions ['ignore', 'ignore_ament_install']
[0.589s] Level 1:colcon.colcon_core.package_identification:_identify(src/install/villege_li/lib/villege_li) by extension 'ignore'
[0.589s] Level 1:colcon.colcon_core.package_identification:_identify(src/install/villege_li/lib/villege_li) by extension 'ignore_ament_install'
[0.589s] Level 1:colcon.colcon_core.package_identification:_identify(src/install/villege_li/lib/villege_li) by extensions ['colcon_pkg']
[0.589s] Level 1:colcon.colcon_core.package_identification:_identify(src/install/villege_li/lib/villege_li) by extension 'colcon_pkg'
[0.590s] Level 1:colcon.colcon_core.package_identification:_identify(src/install/villege_li/lib/villege_li) by extensions ['colcon_meta']
[0.590s] Level 1:colcon.colcon_core.package_identification:_identify(src/install/villege_li/lib/villege_li) by extension 'colcon_meta'
[0.590s] Level 1:colcon.colcon_core.package_identification:_identify(src/install/villege_li/lib/villege_li) by extensions ['ros']
[0.590s] Level 1:colcon.colcon_core.package_identification:_identify(src/install/villege_li/lib/villege_li) by extension 'ros'
[0.590s] Level 1:colcon.colcon_core.package_identification:_identify(src/install/villege_li/lib/villege_li) by extensions ['cmake', 'python']
[0.590s] Level 1:colcon.colcon_core.package_identification:_identify(src/install/villege_li/lib/villege_li) by extension 'cmake'
[0.590s] Level 1:colcon.colcon_core.package_identification:_identify(src/install/villege_li/lib/villege_li) by extension 'python'
[0.590s] Level 1:colcon.colcon_core.package_identification:_identify(src/install/villege_li/lib/villege_li) by extensions ['python_setup_py']
[0.590s] Level 1:colcon.colcon_core.package_identification:_identify(src/install/villege_li/lib/villege_li) by extension 'python_setup_py'
[0.590s] Level 1:colcon.colcon_core.package_identification:_identify(src/install/villege_li/share) by extensions ['ignore', 'ignore_ament_install']
[0.590s] Level 1:colcon.colcon_core.package_identification:_identify(src/install/villege_li/share) by extension 'ignore'
[0.590s] Level 1:colcon.colcon_core.package_identification:_identify(src/install/villege_li/share) by extension 'ignore_ament_install'
[0.591s] Level 1:colcon.colcon_core.package_identification:_identify(src/install/villege_li/share) by extensions ['colcon_pkg']
[0.591s] Level 1:colcon.colcon_core.package_identification:_identify(src/install/villege_li/share) by extension 'colcon_pkg'
[0.591s] Level 1:colcon.colcon_core.package_identification:_identify(src/install/villege_li/share) by extensions ['colcon_meta']
[0.591s] Level 1:colcon.colcon_core.package_identification:_identify(src/install/villege_li/share) by extension 'colcon_meta'
[0.591s] Level 1:colcon.colcon_core.package_identification:_identify(src/install/villege_li/share) by extensions ['ros']
[0.591s] Level 1:colcon.colcon_core.package_identification:_identify(src/install/villege_li/share) by extension 'ros'
[0.591s] Level 1:colcon.colcon_core.package_identification:_identify(src/install/villege_li/share) by extensions ['cmake', 'python']
[0.591s] Level 1:colcon.colcon_core.package_identification:_identify(src/install/villege_li/share) by extension 'cmake'
[0.591s] Level 1:colcon.colcon_core.package_identification:_identify(src/install/villege_li/share) by extension 'python'
[0.591s] Level 1:colcon.colcon_core.package_identification:_identify(src/install/villege_li/share) by extensions ['python_setup_py']
[0.591s] Level 1:colcon.colcon_core.package_identification:_identify(src/install/villege_li/share) by extension 'python_setup_py'
[0.592s] Level 1:colcon.colcon_core.package_identification:_identify(src/install/villege_li/share/ament_index) by extensions ['ignore', 'ignore_ament_install']
[0.592s] Level 1:colcon.colcon_core.package_identification:_identify(src/install/villege_li/share/ament_index) by extension 'ignore'
[0.592s] Level 1:colcon.colcon_core.package_identification:_identify(src/install/villege_li/share/ament_index) by extension 'ignore_ament_install'
[0.592s] Level 1:colcon.colcon_core.package_identification:_identify(src/install/villege_li/share/ament_index) by extensions ['colcon_pkg']
[0.592s] Level 1:colcon.colcon_core.package_identification:_identify(src/install/villege_li/share/ament_index) by extension 'colcon_pkg'
[0.592s] Level 1:colcon.colcon_core.package_identification:_identify(src/install/villege_li/share/ament_index) by extensions ['colcon_meta']
[0.592s] Level 1:colcon.colcon_core.package_identification:_identify(src/install/villege_li/share/ament_index) by extension 'colcon_meta'
[0.593s] Level 1:colcon.colcon_core.package_identification:_identify(src/install/villege_li/share/ament_index) by extensions ['ros']
[0.593s] Level 1:colcon.colcon_core.package_identification:_identify(src/install/villege_li/share/ament_index) by extension 'ros'
[0.593s] Level 1:colcon.colcon_core.package_identification:_identify(src/install/villege_li/share/ament_index) by extensions ['cmake', 'python']
[0.593s] Level 1:colcon.colcon_core.package_identification:_identify(src/install/villege_li/share/ament_index) by extension 'cmake'
[0.593s] Level 1:colcon.colcon_core.package_identification:_identify(src/install/villege_li/share/ament_index) by extension 'python'
[0.593s] Level 1:colcon.colcon_core.package_identification:_identify(src/install/villege_li/share/ament_index) by extensions ['python_setup_py']
[0.593s] Level 1:colcon.colcon_core.package_identification:_identify(src/install/villege_li/share/ament_index) by extension 'python_setup_py'
[0.593s] Level 1:colcon.colcon_core.package_identification:_identify(src/install/villege_li/share/ament_index/resource_index) by extensions ['ignore', 'ignore_ament_install']
[0.593s] Level 1:colcon.colcon_core.package_identification:_identify(src/install/villege_li/share/ament_index/resource_index) by extension 'ignore'
[0.593s] Level 1:colcon.colcon_core.package_identification:_identify(src/install/villege_li/share/ament_index/resource_index) by extension 'ignore_ament_install'
[0.593s] Level 1:colcon.colcon_core.package_identification:_identify(src/install/villege_li/share/ament_index/resource_index) by extensions ['colcon_pkg']
[0.594s] Level 1:colcon.colcon_core.package_identification:_identify(src/install/villege_li/share/ament_index/resource_index) by extension 'colcon_pkg'
[0.594s] Level 1:colcon.colcon_core.package_identification:_identify(src/install/villege_li/share/ament_index/resource_index) by extensions ['colcon_meta']
[0.594s] Level 1:colcon.colcon_core.package_identification:_identify(src/install/villege_li/share/ament_index/resource_index) by extension 'colcon_meta'
[0.594s] Level 1:colcon.colcon_core.package_identification:_identify(src/install/villege_li/share/ament_index/resource_index) by extensions ['ros']
[0.594s] Level 1:colcon.colcon_core.package_identification:_identify(src/install/villege_li/share/ament_index/resource_index) by extension 'ros'
[0.594s] Level 1:colcon.colcon_core.package_identification:_identify(src/install/villege_li/share/ament_index/resource_index) by extensions ['cmake', 'python']
[0.594s] Level 1:colcon.colcon_core.package_identification:_identify(src/install/villege_li/share/ament_index/resource_index) by extension 'cmake'
[0.594s] Level 1:colcon.colcon_core.package_identification:_identify(src/install/villege_li/share/ament_index/resource_index) by extension 'python'
[0.594s] Level 1:colcon.colcon_core.package_identification:_identify(src/install/villege_li/share/ament_index/resource_index) by extensions ['python_setup_py']
[0.594s] Level 1:colcon.colcon_core.package_identification:_identify(src/install/villege_li/share/ament_index/resource_index) by extension 'python_setup_py'
[0.594s] Level 1:colcon.colcon_core.package_identification:_identify(src/install/villege_li/share/ament_index/resource_index/packages) by extensions ['ignore', 'ignore_ament_install']
[0.594s] Level 1:colcon.colcon_core.package_identification:_identify(src/install/villege_li/share/ament_index/resource_index/packages) by extension 'ignore'
[0.595s] Level 1:colcon.colcon_core.package_identification:_identify(src/install/villege_li/share/ament_index/resource_index/packages) by extension 'ignore_ament_install'
[0.595s] Level 1:colcon.colcon_core.package_identification:_identify(src/install/villege_li/share/ament_index/resource_index/packages) by extensions ['colcon_pkg']
[0.595s] Level 1:colcon.colcon_core.package_identification:_identify(src/install/villege_li/share/ament_index/resource_index/packages) by extension 'colcon_pkg'
[0.595s] Level 1:colcon.colcon_core.package_identification:_identify(src/install/villege_li/share/ament_index/resource_index/packages) by extensions ['colcon_meta']
[0.595s] Level 1:colcon.colcon_core.package_identification:_identify(src/install/villege_li/share/ament_index/resource_index/packages) by extension 'colcon_meta'
[0.595s] Level 1:colcon.colcon_core.package_identification:_identify(src/install/villege_li/share/ament_index/resource_index/packages) by extensions ['ros']
[0.595s] Level 1:colcon.colcon_core.package_identification:_identify(src/install/villege_li/share/ament_index/resource_index/packages) by extension 'ros'
[0.595s] Level 1:colcon.colcon_core.package_identification:_identify(src/install/villege_li/share/ament_index/resource_index/packages) by extensions ['cmake', 'python']
[0.595s] Level 1:colcon.colcon_core.package_identification:_identify(src/install/villege_li/share/ament_index/resource_index/packages) by extension 'cmake'
[0.595s] Level 1:colcon.colcon_core.package_identification:_identify(src/install/villege_li/share/ament_index/resource_index/packages) by extension 'python'
[0.595s] Level 1:colcon.colcon_core.package_identification:_identify(src/install/villege_li/share/ament_index/resource_index/packages) by extensions ['python_setup_py']
[0.595s] Level 1:colcon.colcon_core.package_identification:_identify(src/install/villege_li/share/ament_index/resource_index/packages) by extension 'python_setup_py'
[0.596s] Level 1:colcon.colcon_core.package_identification:_identify(src/install/villege_li/share/colcon-core) by extensions ['ignore', 'ignore_ament_install']
[0.596s] Level 1:colcon.colcon_core.package_identification:_identify(src/install/villege_li/share/colcon-core) by extension 'ignore'
[0.596s] Level 1:colcon.colcon_core.package_identification:_identify(src/install/villege_li/share/colcon-core) by extension 'ignore_ament_install'
[0.596s] Level 1:colcon.colcon_core.package_identification:_identify(src/install/villege_li/share/colcon-core) by extensions ['colcon_pkg']
[0.596s] Level 1:colcon.colcon_core.package_identification:_identify(src/install/villege_li/share/colcon-core) by extension 'colcon_pkg'
[0.596s] Level 1:colcon.colcon_core.package_identification:_identify(src/install/villege_li/share/colcon-core) by extensions ['colcon_meta']
[0.596s] Level 1:colcon.colcon_core.package_identification:_identify(src/install/villege_li/share/colcon-core) by extension 'colcon_meta'
[0.596s] Level 1:colcon.colcon_core.package_identification:_identify(src/install/villege_li/share/colcon-core) by extensions ['ros']
[0.596s] Level 1:colcon.colcon_core.package_identification:_identify(src/install/villege_li/share/colcon-core) by extension 'ros'
[0.596s] Level 1:colcon.colcon_core.package_identification:_identify(src/install/villege_li/share/colcon-core) by extensions ['cmake', 'python']
[0.596s] Level 1:colcon.colcon_core.package_identification:_identify(src/install/villege_li/share/colcon-core) by extension 'cmake'
[0.596s] Level 1:colcon.colcon_core.package_identification:_identify(src/install/villege_li/share/colcon-core) by extension 'python'
[0.597s] Level 1:colcon.colcon_core.package_identification:_identify(src/install/villege_li/share/colcon-core) by extensions ['python_setup_py']
[0.597s] Level 1:colcon.colcon_core.package_identification:_identify(src/install/villege_li/share/colcon-core) by extension 'python_setup_py'
[0.597s] Level 1:colcon.colcon_core.package_identification:_identify(src/install/villege_li/share/colcon-core/packages) by extensions ['ignore', 'ignore_ament_install']
[0.597s] Level 1:colcon.colcon_core.package_identification:_identify(src/install/villege_li/share/colcon-core/packages) by extension 'ignore'
[0.597s] Level 1:colcon.colcon_core.package_identification:_identify(src/install/villege_li/share/colcon-core/packages) by extension 'ignore_ament_install'
[0.597s] Level 1:colcon.colcon_core.package_identification:_identify(src/install/villege_li/share/colcon-core/packages) by extensions ['colcon_pkg']
[0.598s] Level 1:colcon.colcon_core.package_identification:_identify(src/install/villege_li/share/colcon-core/packages) by extension 'colcon_pkg'
[0.598s] Level 1:colcon.colcon_core.package_identification:_identify(src/install/villege_li/share/colcon-core/packages) by extensions ['colcon_meta']
[0.598s] Level 1:colcon.colcon_core.package_identification:_identify(src/install/villege_li/share/colcon-core/packages) by extension 'colcon_meta'
[0.598s] Level 1:colcon.colcon_core.package_identification:_identify(src/install/villege_li/share/colcon-core/packages) by extensions ['ros']
[0.598s] Level 1:colcon.colcon_core.package_identification:_identify(src/install/villege_li/share/colcon-core/packages) by extension 'ros'
[0.598s] Level 1:colcon.colcon_core.package_identification:_identify(src/install/villege_li/share/colcon-core/packages) by extensions ['cmake', 'python']
[0.598s] Level 1:colcon.colcon_core.package_identification:_identify(src/install/villege_li/share/colcon-core/packages) by extension 'cmake'
[0.598s] Level 1:colcon.colcon_core.package_identification:_identify(src/install/villege_li/share/colcon-core/packages) by extension 'python'
[0.598s] Level 1:colcon.colcon_core.package_identification:_identify(src/install/villege_li/share/colcon-core/packages) by extensions ['python_setup_py']
[0.598s] Level 1:colcon.colcon_core.package_identification:_identify(src/install/villege_li/share/colcon-core/packages) by extension 'python_setup_py'
[0.599s] Level 1:colcon.colcon_core.package_identification:_identify(src/install/villege_li/share/villege_li) by extensions ['ignore', 'ignore_ament_install']
[0.599s] Level 1:colcon.colcon_core.package_identification:_identify(src/install/villege_li/share/villege_li) by extension 'ignore'
[0.599s] Level 1:colcon.colcon_core.package_identification:_identify(src/install/villege_li/share/villege_li) by extension 'ignore_ament_install'
[0.599s] Level 1:colcon.colcon_core.package_identification:_identify(src/install/villege_li/share/villege_li) by extensions ['colcon_pkg']
[0.599s] Level 1:colcon.colcon_core.package_identification:_identify(src/install/villege_li/share/villege_li) by extension 'colcon_pkg'
[0.599s] Level 1:colcon.colcon_core.package_identification:_identify(src/install/villege_li/share/villege_li) by extensions ['colcon_meta']
[0.599s] Level 1:colcon.colcon_core.package_identification:_identify(src/install/villege_li/share/villege_li) by extension 'colcon_meta'
[0.599s] Level 1:colcon.colcon_core.package_identification:_identify(src/install/villege_li/share/villege_li) by extensions ['ros']
[0.599s] Level 1:colcon.colcon_core.package_identification:_identify(src/install/villege_li/share/villege_li) by extension 'ros'
[0.599s] Level 1:colcon.colcon_core.package_identification:_identify(src/install/villege_li/share/villege_li) by extensions ['cmake', 'python']
[0.600s] Level 1:colcon.colcon_core.package_identification:_identify(src/install/villege_li/share/villege_li) by extension 'cmake'
[0.600s] Level 1:colcon.colcon_core.package_identification:_identify(src/install/villege_li/share/villege_li) by extension 'python'
[0.600s] Level 1:colcon.colcon_core.package_identification:_identify(src/install/villege_li/share/villege_li) by extensions ['python_setup_py']
[0.600s] Level 1:colcon.colcon_core.package_identification:_identify(src/install/villege_li/share/villege_li) by extension 'python_setup_py'
[0.600s] Level 1:colcon.colcon_core.package_identification:_identify(src/install/villege_li/share/villege_li/hook) by extensions ['ignore', 'ignore_ament_install']
[0.600s] Level 1:colcon.colcon_core.package_identification:_identify(src/install/villege_li/share/villege_li/hook) by extension 'ignore'
[0.600s] Level 1:colcon.colcon_core.package_identification:_identify(src/install/villege_li/share/villege_li/hook) by extension 'ignore_ament_install'
[0.600s] Level 1:colcon.colcon_core.package_identification:_identify(src/install/villege_li/share/villege_li/hook) by extensions ['colcon_pkg']
[0.600s] Level 1:colcon.colcon_core.package_identification:_identify(src/install/villege_li/share/villege_li/hook) by extension 'colcon_pkg'
[0.600s] Level 1:colcon.colcon_core.package_identification:_identify(src/install/villege_li/share/villege_li/hook) by extensions ['colcon_meta']
[0.601s] Level 1:colcon.colcon_core.package_identification:_identify(src/install/villege_li/share/villege_li/hook) by extension 'colcon_meta'
[0.601s] Level 1:colcon.colcon_core.package_identification:_identify(src/install/villege_li/share/villege_li/hook) by extensions ['ros']
[0.601s] Level 1:colcon.colcon_core.package_identification:_identify(src/install/villege_li/share/villege_li/hook) by extension 'ros'
[0.601s] Level 1:colcon.colcon_core.package_identification:_identify(src/install/villege_li/share/villege_li/hook) by extensions ['cmake', 'python']
[0.601s] Level 1:colcon.colcon_core.package_identification:_identify(src/install/villege_li/share/villege_li/hook) by extension 'cmake'
[0.601s] Level 1:colcon.colcon_core.package_identification:_identify(src/install/villege_li/share/villege_li/hook) by extension 'python'
[0.601s] Level 1:colcon.colcon_core.package_identification:_identify(src/install/villege_li/share/villege_li/hook) by extensions ['python_setup_py']
[0.601s] Level 1:colcon.colcon_core.package_identification:_identify(src/install/villege_li/share/villege_li/hook) by extension 'python_setup_py'
[0.601s] Level 1:colcon.colcon_core.package_identification:_identify(src/log) by extensions ['ignore', 'ignore_ament_install']
[0.601s] Level 1:colcon.colcon_core.package_identification:_identify(src/log) by extension 'ignore'
[0.601s] Level 1:colcon.colcon_core.package_identification:_identify(src/log) by extension 'ignore_ament_install'
[0.601s] Level 1:colcon.colcon_core.package_identification:_identify(src/log) by extensions ['colcon_pkg']
[0.602s] Level 1:colcon.colcon_core.package_identification:_identify(src/log) by extension 'colcon_pkg'
[0.602s] Level 1:colcon.colcon_core.package_identification:_identify(src/log) by extensions ['colcon_meta']
[0.602s] Level 1:colcon.colcon_core.package_identification:_identify(src/log) by extension 'colcon_meta'
[0.602s] Level 1:colcon.colcon_core.package_identification:_identify(src/log) by extensions ['ros']
[0.602s] Level 1:colcon.colcon_core.package_identification:_identify(src/log) by extension 'ros'
[0.602s] Level 1:colcon.colcon_core.package_identification:_identify(src/log) by extensions ['cmake', 'python']
[0.602s] Level 1:colcon.colcon_core.package_identification:_identify(src/log) by extension 'cmake'
[0.602s] Level 1:colcon.colcon_core.package_identification:_identify(src/log) by extension 'python'
[0.602s] Level 1:colcon.colcon_core.package_identification:_identify(src/log) by extensions ['python_setup_py']
[0.602s] Level 1:colcon.colcon_core.package_identification:_identify(src/log) by extension 'python_setup_py'
[0.602s] Level 1:colcon.colcon_core.package_identification:_identify(src/log/build_2024-11-04_19-25-21) by extensions ['ignore', 'ignore_ament_install']
[0.602s] Level 1:colcon.colcon_core.package_identification:_identify(src/log/build_2024-11-04_19-25-21) by extension 'ignore'
[0.603s] Level 1:colcon.colcon_core.package_identification:_identify(src/log/build_2024-11-04_19-25-21) by extension 'ignore_ament_install'
[0.603s] Level 1:colcon.colcon_core.package_identification:_identify(src/log/build_2024-11-04_19-25-21) by extensions ['colcon_pkg']
[0.603s] Level 1:colcon.colcon_core.package_identification:_identify(src/log/build_2024-11-04_19-25-21) by extension 'colcon_pkg'
[0.603s] Level 1:colcon.colcon_core.package_identification:_identify(src/log/build_2024-11-04_19-25-21) by extensions ['colcon_meta']
[0.603s] Level 1:colcon.colcon_core.package_identification:_identify(src/log/build_2024-11-04_19-25-21) by extension 'colcon_meta'
[0.603s] Level 1:colcon.colcon_core.package_identification:_identify(src/log/build_2024-11-04_19-25-21) by extensions ['ros']
[0.603s] Level 1:colcon.colcon_core.package_identification:_identify(src/log/build_2024-11-04_19-25-21) by extension 'ros'
[0.603s] Level 1:colcon.colcon_core.package_identification:_identify(src/log/build_2024-11-04_19-25-21) by extensions ['cmake', 'python']
[0.603s] Level 1:colcon.colcon_core.package_identification:_identify(src/log/build_2024-11-04_19-25-21) by extension 'cmake'
[0.603s] Level 1:colcon.colcon_core.package_identification:_identify(src/log/build_2024-11-04_19-25-21) by extension 'python'
[0.603s] Level 1:colcon.colcon_core.package_identification:_identify(src/log/build_2024-11-04_19-25-21) by extensions ['python_setup_py']
[0.603s] Level 1:colcon.colcon_core.package_identification:_identify(src/log/build_2024-11-04_19-25-21) by extension 'python_setup_py'
[0.604s] Level 1:colcon.colcon_core.package_identification:_identify(src/log/build_2024-11-04_19-25-47) by extensions ['ignore', 'ignore_ament_install']
[0.604s] Level 1:colcon.colcon_core.package_identification:_identify(src/log/build_2024-11-04_19-25-47) by extension 'ignore'
[0.604s] Level 1:colcon.colcon_core.package_identification:_identify(src/log/build_2024-11-04_19-25-47) by extension 'ignore_ament_install'
[0.604s] Level 1:colcon.colcon_core.package_identification:_identify(src/log/build_2024-11-04_19-25-47) by extensions ['colcon_pkg']
[0.604s] Level 1:colcon.colcon_core.package_identification:_identify(src/log/build_2024-11-04_19-25-47) by extension 'colcon_pkg'
[0.604s] Level 1:colcon.colcon_core.package_identification:_identify(src/log/build_2024-11-04_19-25-47) by extensions ['colcon_meta']
[0.604s] Level 1:colcon.colcon_core.package_identification:_identify(src/log/build_2024-11-04_19-25-47) by extension 'colcon_meta'
[0.604s] Level 1:colcon.colcon_core.package_identification:_identify(src/log/build_2024-11-04_19-25-47) by extensions ['ros']
[0.604s] Level 1:colcon.colcon_core.package_identification:_identify(src/log/build_2024-11-04_19-25-47) by extension 'ros'
[0.604s] Level 1:colcon.colcon_core.package_identification:_identify(src/log/build_2024-11-04_19-25-47) by extensions ['cmake', 'python']
[0.604s] Level 1:colcon.colcon_core.package_identification:_identify(src/log/build_2024-11-04_19-25-47) by extension 'cmake'
[0.604s] Level 1:colcon.colcon_core.package_identification:_identify(src/log/build_2024-11-04_19-25-47) by extension 'python'
[0.604s] Level 1:colcon.colcon_core.package_identification:_identify(src/log/build_2024-11-04_19-25-47) by extensions ['python_setup_py']
[0.605s] Level 1:colcon.colcon_core.package_identification:_identify(src/log/build_2024-11-04_19-25-47) by extension 'python_setup_py'
[0.605s] Level 1:colcon.colcon_core.package_identification:_identify(src/log/build_2024-11-04_19-25-47/villege_li) by extensions ['ignore', 'ignore_ament_install']
[0.605s] Level 1:colcon.colcon_core.package_identification:_identify(src/log/build_2024-11-04_19-25-47/villege_li) by extension 'ignore'
[0.605s] Level 1:colcon.colcon_core.package_identification:_identify(src/log/build_2024-11-04_19-25-47/villege_li) by extension 'ignore_ament_install'
[0.605s] Level 1:colcon.colcon_core.package_identification:_identify(src/log/build_2024-11-04_19-25-47/villege_li) by extensions ['colcon_pkg']
[0.605s] Level 1:colcon.colcon_core.package_identification:_identify(src/log/build_2024-11-04_19-25-47/villege_li) by extension 'colcon_pkg'
[0.605s] Level 1:colcon.colcon_core.package_identification:_identify(src/log/build_2024-11-04_19-25-47/villege_li) by extensions ['colcon_meta']
[0.605s] Level 1:colcon.colcon_core.package_identification:_identify(src/log/build_2024-11-04_19-25-47/villege_li) by extension 'colcon_meta'
[0.605s] Level 1:colcon.colcon_core.package_identification:_identify(src/log/build_2024-11-04_19-25-47/villege_li) by extensions ['ros']
[0.605s] Level 1:colcon.colcon_core.package_identification:_identify(src/log/build_2024-11-04_19-25-47/villege_li) by extension 'ros'
[0.605s] Level 1:colcon.colcon_core.package_identification:_identify(src/log/build_2024-11-04_19-25-47/villege_li) by extensions ['cmake', 'python']
[0.605s] Level 1:colcon.colcon_core.package_identification:_identify(src/log/build_2024-11-04_19-25-47/villege_li) by extension 'cmake'
[0.605s] Level 1:colcon.colcon_core.package_identification:_identify(src/log/build_2024-11-04_19-25-47/villege_li) by extension 'python'
[0.606s] Level 1:colcon.colcon_core.package_identification:_identify(src/log/build_2024-11-04_19-25-47/villege_li) by extensions ['python_setup_py']
[0.606s] Level 1:colcon.colcon_core.package_identification:_identify(src/log/build_2024-11-04_19-25-47/villege_li) by extension 'python_setup_py'
[0.606s] Level 1:colcon.colcon_core.package_identification:_identify(src/village_li) by extensions ['ignore', 'ignore_ament_install']
[0.606s] Level 1:colcon.colcon_core.package_identification:_identify(src/village_li) by extension 'ignore'
[0.606s] Level 1:colcon.colcon_core.package_identification:_identify(src/village_li) by extension 'ignore_ament_install'
[0.606s] Level 1:colcon.colcon_core.package_identification:_identify(src/village_li) by extensions ['colcon_pkg']
[0.606s] Level 1:colcon.colcon_core.package_identification:_identify(src/village_li) by extension 'colcon_pkg'
[0.606s] Level 1:colcon.colcon_core.package_identification:_identify(src/village_li) by extensions ['colcon_meta']
[0.606s] Level 1:colcon.colcon_core.package_identification:_identify(src/village_li) by extension 'colcon_meta'
[0.606s] Level 1:colcon.colcon_core.package_identification:_identify(src/village_li) by extensions ['ros']
[0.606s] Level 1:colcon.colcon_core.package_identification:_identify(src/village_li) by extension 'ros'
[0.611s] DEBUG:colcon.colcon_core.package_identification:Package 'src/village_li' with type 'ros.ament_python' and name 'village_li'
[0.612s] Level 1:colcon.colcon_core.package_identification:_identify(src/village_wang) by extensions ['ignore', 'ignore_ament_install']
[0.612s] Level 1:colcon.colcon_core.package_identification:_identify(src/village_wang) by extension 'ignore'
[0.612s] Level 1:colcon.colcon_core.package_identification:_identify(src/village_wang) by extension 'ignore_ament_install'
[0.612s] Level 1:colcon.colcon_core.package_identification:_identify(src/village_wang) by extensions ['colcon_pkg']
[0.612s] Level 1:colcon.colcon_core.package_identification:_identify(src/village_wang) by extension 'colcon_pkg'
[0.612s] Level 1:colcon.colcon_core.package_identification:_identify(src/village_wang) by extensions ['colcon_meta']
[0.612s] Level 1:colcon.colcon_core.package_identification:_identify(src/village_wang) by extension 'colcon_meta'
[0.612s] Level 1:colcon.colcon_core.package_identification:_identify(src/village_wang) by extensions ['ros']
[0.612s] Level 1:colcon.colcon_core.package_identification:_identify(src/village_wang) by extension 'ros'
[0.614s] DEBUG:colcon.colcon_core.package_identification:Package 'src/village_wang' with type 'ros.ament_cmake' and name 'village_wang'
[0.614s] Level 1:colcon.colcon_core.package_discovery:discover_packages(recursive) using defaults
[0.614s] Level 1:colcon.colcon_core.package_discovery:discover_packages(ignore) discover
[0.614s] Level 1:colcon.colcon_core.package_discovery:discover_packages(ignore) using defaults
[0.614s] Level 1:colcon.colcon_core.package_discovery:discover_packages(path) discover
[0.614s] Level 1:colcon.colcon_core.package_discovery:discover_packages(path) using defaults
[0.647s] Level 1:colcon.colcon_core.package_discovery:discover_packages(prefix_path) check parameters
[0.647s] Level 1:colcon.colcon_core.package_discovery:discover_packages(prefix_path) discover
[0.651s] DEBUG:colcon.colcon_installed_package_information.package_discovery:Found 270 installed packages in /opt/ros/humble
[0.677s] Level 1:colcon.colcon_core.package_discovery:discover_packages(prefix_path) using defaults
[0.740s] Level 5:colcon.colcon_core.verb:set package 'village_li' build argument 'cmake_args' from command line to 'None'
[0.740s] Level 5:colcon.colcon_core.verb:set package 'village_li' build argument 'cmake_target' from command line to 'None'
[0.740s] Level 5:colcon.colcon_core.verb:set package 'village_li' build argument 'cmake_target_skip_unavailable' from command line to 'False'
[0.740s] Level 5:colcon.colcon_core.verb:set package 'village_li' build argument 'cmake_clean_cache' from command line to 'False'
[0.740s] Level 5:colcon.colcon_core.verb:set package 'village_li' build argument 'cmake_clean_first' from command line to 'False'
[0.740s] Level 5:colcon.colcon_core.verb:set package 'village_li' build argument 'cmake_force_configure' from command line to 'False'
[0.740s] Level 5:colcon.colcon_core.verb:set package 'village_li' build argument 'ament_cmake_args' from command line to 'None'
[0.740s] Level 5:colcon.colcon_core.verb:set package 'village_li' build argument 'catkin_cmake_args' from command line to 'None'
[0.740s] Level 5:colcon.colcon_core.verb:set package 'village_li' build argument 'catkin_skip_building_tests' from command line to 'False'
[0.741s] DEBUG:colcon.colcon_core.verb:Building package 'village_li' with the following arguments: {'ament_cmake_args': None, 'build_base': '/home/zfh/code/ros2Std/town_ws/build/village_li', 'catkin_cmake_args': None, 'catkin_skip_building_tests': False, 'cmake_args': None, 'cmake_clean_cache': False, 'cmake_clean_first': False, 'cmake_force_configure': False, 'cmake_target': None, 'cmake_target_skip_unavailable': False, 'install_base': '/home/zfh/code/ros2Std/town_ws/install/village_li', 'merge_install': False, 'path': '/home/zfh/code/ros2Std/town_ws/src/village_li', 'symlink_install': False, 'test_result_base': None}
[0.741s] Level 5:colcon.colcon_core.verb:set package 'village_wang' build argument 'cmake_args' from command line to 'None'
[0.741s] Level 5:colcon.colcon_core.verb:set package 'village_wang' build argument 'cmake_target' from command line to 'None'
[0.741s] Level 5:colcon.colcon_core.verb:set package 'village_wang' build argument 'cmake_target_skip_unavailable' from command line to 'False'
[0.741s] Level 5:colcon.colcon_core.verb:set package 'village_wang' build argument 'cmake_clean_cache' from command line to 'False'
[0.741s] Level 5:colcon.colcon_core.verb:set package 'village_wang' build argument 'cmake_clean_first' from command line to 'False'
[0.741s] Level 5:colcon.colcon_core.verb:set package 'village_wang' build argument 'cmake_force_configure' from command line to 'False'
[0.741s] Level 5:colcon.colcon_core.verb:set package 'village_wang' build argument 'ament_cmake_args' from command line to 'None'
[0.741s] Level 5:colcon.colcon_core.verb:set package 'village_wang' build argument 'catkin_cmake_args' from command line to 'None'
[0.741s] Level 5:colcon.colcon_core.verb:set package 'village_wang' build argument 'catkin_skip_building_tests' from command line to 'False'
[0.741s] DEBUG:colcon.colcon_core.verb:Building package 'village_wang' with the following arguments: {'ament_cmake_args': None, 'build_base': '/home/zfh/code/ros2Std/town_ws/build/village_wang', 'catkin_cmake_args': None, 'catkin_skip_building_tests': False, 'cmake_args': None, 'cmake_clean_cache': False, 'cmake_clean_first': False, 'cmake_force_configure': False, 'cmake_target': None, 'cmake_target_skip_unavailable': False, 'install_base': '/home/zfh/code/ros2Std/town_ws/install/village_wang', 'merge_install': False, 'path': '/home/zfh/code/ros2Std/town_ws/src/village_wang', 'symlink_install': False, 'test_result_base': None}
[0.742s] INFO:colcon.colcon_core.executor:Executing jobs using 'parallel' executor
[0.743s] DEBUG:colcon.colcon_parallel_executor.executor.parallel:run_until_complete
[0.744s] INFO:colcon.colcon_ros.task.ament_python.build:Building ROS package in '/home/zfh/code/ros2Std/town_ws/src/village_li' with build type 'ament_python'
[0.744s] Level 1:colcon.colcon_core.shell:create_environment_hook('village_li', 'ament_prefix_path')
[0.750s] INFO:colcon.colcon_core.plugin_system:Skipping extension 'colcon_core.shell.bat': Not used on non-Windows systems
[0.751s] INFO:colcon.colcon_core.shell:Creating environment hook '/home/zfh/code/ros2Std/town_ws/install/village_li/share/village_li/hook/ament_prefix_path.ps1'
[0.753s] INFO:colcon.colcon_core.shell:Creating environment descriptor '/home/zfh/code/ros2Std/town_ws/install/village_li/share/village_li/hook/ament_prefix_path.dsv'
[0.754s] INFO:colcon.colcon_core.shell:Creating environment hook '/home/zfh/code/ros2Std/town_ws/install/village_li/share/village_li/hook/ament_prefix_path.sh'
[0.756s] INFO:colcon.colcon_core.shell:Skip shell extension 'powershell' for command environment: Not usable outside of PowerShell
[0.756s] DEBUG:colcon.colcon_core.shell:Skip shell extension 'dsv' for command environment
[0.761s] INFO:colcon.colcon_ros.task.ament_cmake.build:Building ROS package in '/home/zfh/code/ros2Std/town_ws/src/village_wang' with build type 'ament_cmake'
[0.762s] INFO:colcon.colcon_cmake.task.cmake.build:Building CMake package in '/home/zfh/code/ros2Std/town_ws/src/village_wang'
[0.763s] INFO:colcon.colcon_core.shell:Skip shell extension 'powershell' for command environment: Not usable outside of PowerShell
[0.763s] DEBUG:colcon.colcon_core.shell:Skip shell extension 'dsv' for command environment
[1.239s] INFO:colcon.colcon_core.task.python.build:Building Python package in '/home/zfh/code/ros2Std/town_ws/src/village_li'
[1.239s] INFO:colcon.colcon_core.shell:Skip shell extension 'powershell' for command environment: Not usable outside of PowerShell
[1.239s] DEBUG:colcon.colcon_core.shell:Skip shell extension 'dsv' for command environment
[1.262s] DEBUG:colcon.colcon_core.event_handler.log_command:Invoking command in '/home/zfh/code/ros2Std/town_ws/build/village_wang': CMAKE_PREFIX_PATH=/opt/ros/humble /usr/bin/cmake --build /home/zfh/code/ros2Std/town_ws/build/village_wang -- -j4 -l4
[2.196s] DEBUG:colcon.colcon_core.event_handler.log_command:Invoking command in '/home/zfh/code/ros2Std/town_ws/src/village_li': PYTHONPATH=/home/zfh/code/ros2Std/town_ws/build/village_li/prefix_override:/usr/lib/python3/dist-packages/colcon_core/task/python/colcon_distutils_commands:/home/zfh/code/ros2Std/town_ws/install/village_li/lib/python3.10/site-packages:${PYTHONPATH} /usr/bin/python3 -W ignore:setup.py install is deprecated setup.py egg_info --egg-base ../../build/village_li build --build-base /home/zfh/code/ros2Std/town_ws/build/village_li/build install --record /home/zfh/code/ros2Std/town_ws/build/village_li/install.log --single-version-externally-managed install_data
[2.949s] DEBUG:colcon.colcon_core.event_handler.log_command:Invoked command in '/home/zfh/code/ros2Std/town_ws/src/village_li' returned '0': PYTHONPATH=/home/zfh/code/ros2Std/town_ws/build/village_li/prefix_override:/usr/lib/python3/dist-packages/colcon_core/task/python/colcon_distutils_commands:/home/zfh/code/ros2Std/town_ws/install/village_li/lib/python3.10/site-packages:${PYTHONPATH} /usr/bin/python3 -W ignore:setup.py install is deprecated setup.py egg_info --egg-base ../../build/village_li build --build-base /home/zfh/code/ros2Std/town_ws/build/village_li/build install --record /home/zfh/code/ros2Std/town_ws/build/village_li/install.log --single-version-externally-managed install_data
[2.954s] Level 1:colcon.colcon_core.environment:checking '/home/zfh/code/ros2Std/town_ws/install/village_li' for CMake module files
[2.955s] Level 1:colcon.colcon_core.environment:checking '/home/zfh/code/ros2Std/town_ws/install/village_li' for CMake config files
[2.957s] Level 1:colcon.colcon_core.environment:checking '/home/zfh/code/ros2Std/town_ws/install/village_li/lib'
[2.957s] Level 1:colcon.colcon_core.environment:checking '/home/zfh/code/ros2Std/town_ws/install/village_li/bin'
[2.957s] Level 1:colcon.colcon_core.environment:checking '/home/zfh/code/ros2Std/town_ws/install/village_li/lib/pkgconfig/village_li.pc'
[2.958s] Level 1:colcon.colcon_core.environment:checking '/home/zfh/code/ros2Std/town_ws/install/village_li/lib/python3.10/site-packages'
[2.958s] Level 1:colcon.colcon_core.shell:create_environment_hook('village_li', 'pythonpath')
[2.959s] INFO:colcon.colcon_core.shell:Creating environment hook '/home/zfh/code/ros2Std/town_ws/install/village_li/share/village_li/hook/pythonpath.ps1'
[2.960s] INFO:colcon.colcon_core.shell:Creating environment descriptor '/home/zfh/code/ros2Std/town_ws/install/village_li/share/village_li/hook/pythonpath.dsv'
[2.961s] INFO:colcon.colcon_core.shell:Creating environment hook '/home/zfh/code/ros2Std/town_ws/install/village_li/share/village_li/hook/pythonpath.sh'
[2.963s] Level 1:colcon.colcon_core.environment:checking '/home/zfh/code/ros2Std/town_ws/install/village_li/bin'
[2.963s] Level 1:colcon.colcon_core.environment:create_environment_scripts_only(village_li)
[2.964s] INFO:colcon.colcon_core.shell:Creating package script '/home/zfh/code/ros2Std/town_ws/install/village_li/share/village_li/package.ps1'
[2.966s] INFO:colcon.colcon_core.shell:Creating package descriptor '/home/zfh/code/ros2Std/town_ws/install/village_li/share/village_li/package.dsv'
[2.968s] INFO:colcon.colcon_core.shell:Creating package script '/home/zfh/code/ros2Std/town_ws/install/village_li/share/village_li/package.sh'
[2.970s] INFO:colcon.colcon_core.shell:Creating package script '/home/zfh/code/ros2Std/town_ws/install/village_li/share/village_li/package.bash'
[2.972s] INFO:colcon.colcon_core.shell:Creating package script '/home/zfh/code/ros2Std/town_ws/install/village_li/share/village_li/package.zsh'
[2.975s] Level 1:colcon.colcon_core.environment:create_file_with_runtime_dependencies(/home/zfh/code/ros2Std/town_ws/install/village_li/share/colcon-core/packages/village_li)
[8.857s] DEBUG:colcon.colcon_core.event_handler.log_command:Invoked command in '/home/zfh/code/ros2Std/town_ws/build/village_wang' returned '2': CMAKE_PREFIX_PATH=/opt/ros/humble /usr/bin/cmake --build /home/zfh/code/ros2Std/town_ws/build/village_wang -- -j4 -l4
[8.902s] Level 1:colcon.colcon_core.environment:create_environment_scripts_only(village_wang)
[8.903s] Level 1:colcon.colcon_core.environment:checking '/home/zfh/code/ros2Std/town_ws/install/village_wang' for CMake module files
[8.903s] Level 1:colcon.colcon_core.environment:checking '/home/zfh/code/ros2Std/town_ws/install/village_wang' for CMake config files
[8.904s] Level 1:colcon.colcon_core.shell:create_environment_hook('village_wang', 'cmake_prefix_path')
[8.904s] INFO:colcon.colcon_core.shell:Creating environment hook '/home/zfh/code/ros2Std/town_ws/install/village_wang/share/village_wang/hook/cmake_prefix_path.ps1'
[8.905s] INFO:colcon.colcon_core.shell:Creating environment descriptor '/home/zfh/code/ros2Std/town_ws/install/village_wang/share/village_wang/hook/cmake_prefix_path.dsv'
[8.905s] INFO:colcon.colcon_core.shell:Creating environment hook '/home/zfh/code/ros2Std/town_ws/install/village_wang/share/village_wang/hook/cmake_prefix_path.sh'
[8.906s] Level 1:colcon.colcon_core.environment:checking '/home/zfh/code/ros2Std/town_ws/install/village_wang/lib'
[8.907s] Level 1:colcon.colcon_core.environment:checking '/home/zfh/code/ros2Std/town_ws/install/village_wang/bin'
[8.907s] Level 1:colcon.colcon_core.environment:checking '/home/zfh/code/ros2Std/town_ws/install/village_wang/lib/pkgconfig/village_wang.pc'
[8.907s] Level 1:colcon.colcon_core.environment:checking '/home/zfh/code/ros2Std/town_ws/install/village_wang/lib/python3.10/site-packages'
[8.908s] Level 1:colcon.colcon_core.environment:checking '/home/zfh/code/ros2Std/town_ws/install/village_wang/bin'
[8.908s] INFO:colcon.colcon_core.shell:Creating package script '/home/zfh/code/ros2Std/town_ws/install/village_wang/share/village_wang/package.ps1'
[8.909s] INFO:colcon.colcon_core.shell:Creating package descriptor '/home/zfh/code/ros2Std/town_ws/install/village_wang/share/village_wang/package.dsv'
[8.910s] INFO:colcon.colcon_core.shell:Creating package script '/home/zfh/code/ros2Std/town_ws/install/village_wang/share/village_wang/package.sh'
[8.911s] INFO:colcon.colcon_core.shell:Creating package script '/home/zfh/code/ros2Std/town_ws/install/village_wang/share/village_wang/package.bash'
[8.912s] INFO:colcon.colcon_core.shell:Creating package script '/home/zfh/code/ros2Std/town_ws/install/village_wang/share/village_wang/package.zsh'
[8.913s] Level 1:colcon.colcon_core.environment:create_file_with_runtime_dependencies(/home/zfh/code/ros2Std/town_ws/install/village_wang/share/colcon-core/packages/village_wang)
[8.924s] DEBUG:colcon.colcon_parallel_executor.executor.parallel:closing loop
[8.925s] DEBUG:colcon.colcon_parallel_executor.executor.parallel:loop closed
[8.925s] DEBUG:colcon.colcon_parallel_executor.executor.parallel:run_until_complete finished with '2'
[8.925s] DEBUG:colcon.colcon_core.event_reactor:joining thread
[8.941s] INFO:colcon.colcon_core.plugin_system:Skipping extension 'colcon_notification.desktop_notification.terminal_notifier': Not used on non-Darwin systems
[8.941s] INFO:colcon.colcon_core.plugin_system:Skipping extension 'colcon_notification.desktop_notification.win32': Not used on non-Windows systems
[8.941s] INFO:colcon.colcon_notification.desktop_notification:Sending desktop notification using 'notify2'
[8.953s] DEBUG:colcon.colcon_core.event_reactor:joined thread
[8.954s] INFO:colcon.colcon_core.shell:Creating prefix script '/home/zfh/code/ros2Std/town_ws/install/local_setup.ps1'
[8.957s] INFO:colcon.colcon_core.shell:Creating prefix util module '/home/zfh/code/ros2Std/town_ws/install/_local_setup_util_ps1.py'
[8.961s] INFO:colcon.colcon_core.shell:Creating prefix chain script '/home/zfh/code/ros2Std/town_ws/install/setup.ps1'
[8.963s] INFO:colcon.colcon_core.shell:Creating prefix script '/home/zfh/code/ros2Std/town_ws/install/local_setup.sh'
[8.964s] INFO:colcon.colcon_core.shell:Creating prefix util module '/home/zfh/code/ros2Std/town_ws/install/_local_setup_util_sh.py'
[8.966s] INFO:colcon.colcon_core.shell:Creating prefix chain script '/home/zfh/code/ros2Std/town_ws/install/setup.sh'
[8.969s] INFO:colcon.colcon_core.shell:Creating prefix script '/home/zfh/code/ros2Std/town_ws/install/local_setup.bash'
[8.971s] INFO:colcon.colcon_core.shell:Creating prefix chain script '/home/zfh/code/ros2Std/town_ws/install/setup.bash'
[8.973s] INFO:colcon.colcon_core.shell:Creating prefix script '/home/zfh/code/ros2Std/town_ws/install/local_setup.zsh'
[8.974s] INFO:colcon.colcon_core.shell:Creating prefix chain script '/home/zfh/code/ros2Std/town_ws/install/setup.zsh'
