[0.300s] DEBUG:colcon:Command line arguments: ['/usr/bin/colcon', 'build']
[0.301s] DEBUG:colcon:Parsed command line arguments: Namespace(log_base=None, log_level=None, verb_name='build', build_base='build', install_base='install', merge_install=False, symlink_install=False, test_result_base=None, continue_on_error=False, executor='parallel', parallel_workers=4, event_handlers=None, ignore_user_meta=False, metas=['./colcon.meta'], base_paths=['.'], packages_ignore=None, packages_ignore_regex=None, paths=None, packages_up_to=None, packages_up_to_regex=None, packages_above=None, packages_above_and_dependencies=None, packages_above_depth=None, packages_select_by_dep=None, packages_skip_by_dep=None, packages_skip_up_to=None, packages_select_build_failed=False, packages_skip_build_finished=False, packages_select_test_failures=False, packages_skip_test_passed=False, packages_select=None, packages_skip=None, packages_select_regex=None, packages_skip_regex=None, packages_start=None, packages_end=None, allow_overriding=[], cmake_args=None, cmake_target=None, cmake_target_skip_unavailable=False, cmake_clean_cache=False, cmake_clean_first=False, cmake_force_configure=False, ament_cmake_args=None, catkin_cmake_args=None, catkin_skip_building_tests=False, verb_parser=<colcon_defaults.argument_parser.defaults.DefaultArgumentsDecorator object at 0x7efc2b0dc400>, verb_extension=<colcon_core.verb.build.BuildVerb object at 0x7efc2b297e80>, main=<bound method BuildVerb.main of <colcon_core.verb.build.BuildVerb object at 0x7efc2b297e80>>)
[0.627s] Level 1:colcon.colcon_core.package_discovery:discover_packages(colcon_meta) check parameters
[0.627s] Level 1:colcon.colcon_core.package_discovery:discover_packages(recursive) check parameters
[0.627s] Level 1:colcon.colcon_core.package_discovery:discover_packages(ignore) check parameters
[0.627s] Level 1:colcon.colcon_core.package_discovery:discover_packages(path) check parameters
[0.627s] Level 1:colcon.colcon_core.package_discovery:discover_packages(colcon_meta) discover
[0.628s] Level 1:colcon.colcon_core.package_discovery:discover_packages(recursive) discover
[0.628s] INFO:colcon.colcon_core.package_discovery:Crawling recursively for packages in '/home/zfh/code/ros2Std/town_ws'
[0.628s] Level 1:colcon.colcon_core.package_identification:_identify(.) by extensions ['ignore', 'ignore_ament_install']
[0.628s] Level 1:colcon.colcon_core.package_identification:_identify(.) by extension 'ignore'
[0.628s] Level 1:colcon.colcon_core.package_identification:_identify(.) by extension 'ignore_ament_install'
[0.629s] Level 1:colcon.colcon_core.package_identification:_identify(.) by extensions ['colcon_pkg']
[0.629s] Level 1:colcon.colcon_core.package_identification:_identify(.) by extension 'colcon_pkg'
[0.629s] Level 1:colcon.colcon_core.package_identification:_identify(.) by extensions ['colcon_meta']
[0.629s] Level 1:colcon.colcon_core.package_identification:_identify(.) by extension 'colcon_meta'
[0.629s] Level 1:colcon.colcon_core.package_identification:_identify(.) by extensions ['ros']
[0.630s] Level 1:colcon.colcon_core.package_identification:_identify(.) by extension 'ros'
[0.657s] Level 1:colcon.colcon_core.package_identification:_identify(.) by extensions ['cmake', 'python']
[0.657s] Level 1:colcon.colcon_core.package_identification:_identify(.) by extension 'cmake'
[0.658s] Level 1:colcon.colcon_core.package_identification:_identify(.) by extension 'python'
[0.658s] Level 1:colcon.colcon_core.package_identification:_identify(.) by extensions ['python_setup_py']
[0.658s] Level 1:colcon.colcon_core.package_identification:_identify(.) by extension 'python_setup_py'
[0.659s] Level 1:colcon.colcon_core.package_identification:_identify(build) by extensions ['ignore', 'ignore_ament_install']
[0.659s] Level 1:colcon.colcon_core.package_identification:_identify(build) by extension 'ignore'
[0.659s] Level 1:colcon.colcon_core.package_identification:_identify(build) ignored
[0.660s] Level 1:colcon.colcon_core.package_identification:_identify(install) by extensions ['ignore', 'ignore_ament_install']
[0.660s] Level 1:colcon.colcon_core.package_identification:_identify(install) by extension 'ignore'
[0.660s] Level 1:colcon.colcon_core.package_identification:_identify(install) ignored
[0.661s] Level 1:colcon.colcon_core.package_identification:_identify(log) by extensions ['ignore', 'ignore_ament_install']
[0.661s] Level 1:colcon.colcon_core.package_identification:_identify(log) by extension 'ignore'
[0.661s] Level 1:colcon.colcon_core.package_identification:_identify(log) ignored
[0.662s] Level 1:colcon.colcon_core.package_identification:_identify(src) by extensions ['ignore', 'ignore_ament_install']
[0.662s] Level 1:colcon.colcon_core.package_identification:_identify(src) by extension 'ignore'
[0.662s] Level 1:colcon.colcon_core.package_identification:_identify(src) by extension 'ignore_ament_install'
[0.662s] Level 1:colcon.colcon_core.package_identification:_identify(src) by extensions ['colcon_pkg']
[0.663s] Level 1:colcon.colcon_core.package_identification:_identify(src) by extension 'colcon_pkg'
[0.663s] Level 1:colcon.colcon_core.package_identification:_identify(src) by extensions ['colcon_meta']
[0.663s] Level 1:colcon.colcon_core.package_identification:_identify(src) by extension 'colcon_meta'
[0.663s] Level 1:colcon.colcon_core.package_identification:_identify(src) by extensions ['ros']
[0.663s] Level 1:colcon.colcon_core.package_identification:_identify(src) by extension 'ros'
[0.664s] Level 1:colcon.colcon_core.package_identification:_identify(src) by extensions ['cmake', 'python']
[0.664s] Level 1:colcon.colcon_core.package_identification:_identify(src) by extension 'cmake'
[0.664s] Level 1:colcon.colcon_core.package_identification:_identify(src) by extension 'python'
[0.664s] Level 1:colcon.colcon_core.package_identification:_identify(src) by extensions ['python_setup_py']
[0.664s] Level 1:colcon.colcon_core.package_identification:_identify(src) by extension 'python_setup_py'
[0.665s] Level 1:colcon.colcon_core.package_identification:_identify(src/build) by extensions ['ignore', 'ignore_ament_install']
[0.665s] Level 1:colcon.colcon_core.package_identification:_identify(src/build) by extension 'ignore'
[0.665s] Level 1:colcon.colcon_core.package_identification:_identify(src/build) by extension 'ignore_ament_install'
[0.666s] Level 1:colcon.colcon_core.package_identification:_identify(src/build) by extensions ['colcon_pkg']
[0.666s] Level 1:colcon.colcon_core.package_identification:_identify(src/build) by extension 'colcon_pkg'
[0.667s] Level 1:colcon.colcon_core.package_identification:_identify(src/build) by extensions ['colcon_meta']
[0.667s] Level 1:colcon.colcon_core.package_identification:_identify(src/build) by extension 'colcon_meta'
[0.667s] Level 1:colcon.colcon_core.package_identification:_identify(src/build) by extensions ['ros']
[0.667s] Level 1:colcon.colcon_core.package_identification:_identify(src/build) by extension 'ros'
[0.667s] Level 1:colcon.colcon_core.package_identification:_identify(src/build) by extensions ['cmake', 'python']
[0.667s] Level 1:colcon.colcon_core.package_identification:_identify(src/build) by extension 'cmake'
[0.667s] Level 1:colcon.colcon_core.package_identification:_identify(src/build) by extension 'python'
[0.667s] Level 1:colcon.colcon_core.package_identification:_identify(src/build) by extensions ['python_setup_py']
[0.667s] Level 1:colcon.colcon_core.package_identification:_identify(src/build) by extension 'python_setup_py'
[0.668s] Level 1:colcon.colcon_core.package_identification:_identify(src/build/villege_li) by extensions ['ignore', 'ignore_ament_install']
[0.668s] Level 1:colcon.colcon_core.package_identification:_identify(src/build/villege_li) by extension 'ignore'
[0.668s] Level 1:colcon.colcon_core.package_identification:_identify(src/build/villege_li) by extension 'ignore_ament_install'
[0.668s] Level 1:colcon.colcon_core.package_identification:_identify(src/build/villege_li) by extensions ['colcon_pkg']
[0.668s] Level 1:colcon.colcon_core.package_identification:_identify(src/build/villege_li) by extension 'colcon_pkg'
[0.668s] Level 1:colcon.colcon_core.package_identification:_identify(src/build/villege_li) by extensions ['colcon_meta']
[0.668s] Level 1:colcon.colcon_core.package_identification:_identify(src/build/villege_li) by extension 'colcon_meta'
[0.668s] Level 1:colcon.colcon_core.package_identification:_identify(src/build/villege_li) by extensions ['ros']
[0.668s] Level 1:colcon.colcon_core.package_identification:_identify(src/build/villege_li) by extension 'ros'
[0.669s] Level 1:colcon.colcon_core.package_identification:_identify(src/build/villege_li) by extensions ['cmake', 'python']
[0.669s] Level 1:colcon.colcon_core.package_identification:_identify(src/build/villege_li) by extension 'cmake'
[0.669s] Level 1:colcon.colcon_core.package_identification:_identify(src/build/villege_li) by extension 'python'
[0.669s] Level 1:colcon.colcon_core.package_identification:_identify(src/build/villege_li) by extensions ['python_setup_py']
[0.669s] Level 1:colcon.colcon_core.package_identification:_identify(src/build/villege_li) by extension 'python_setup_py'
[0.669s] Level 1:colcon.colcon_core.package_identification:_identify(src/build/villege_li/build) by extensions ['ignore', 'ignore_ament_install']
[0.669s] Level 1:colcon.colcon_core.package_identification:_identify(src/build/villege_li/build) by extension 'ignore'
[0.669s] Level 1:colcon.colcon_core.package_identification:_identify(src/build/villege_li/build) by extension 'ignore_ament_install'
[0.669s] Level 1:colcon.colcon_core.package_identification:_identify(src/build/villege_li/build) by extensions ['colcon_pkg']
[0.670s] Level 1:colcon.colcon_core.package_identification:_identify(src/build/villege_li/build) by extension 'colcon_pkg'
[0.670s] Level 1:colcon.colcon_core.package_identification:_identify(src/build/villege_li/build) by extensions ['colcon_meta']
[0.670s] Level 1:colcon.colcon_core.package_identification:_identify(src/build/villege_li/build) by extension 'colcon_meta'
[0.670s] Level 1:colcon.colcon_core.package_identification:_identify(src/build/villege_li/build) by extensions ['ros']
[0.670s] Level 1:colcon.colcon_core.package_identification:_identify(src/build/villege_li/build) by extension 'ros'
[0.670s] Level 1:colcon.colcon_core.package_identification:_identify(src/build/villege_li/build) by extensions ['cmake', 'python']
[0.670s] Level 1:colcon.colcon_core.package_identification:_identify(src/build/villege_li/build) by extension 'cmake'
[0.670s] Level 1:colcon.colcon_core.package_identification:_identify(src/build/villege_li/build) by extension 'python'
[0.670s] Level 1:colcon.colcon_core.package_identification:_identify(src/build/villege_li/build) by extensions ['python_setup_py']
[0.670s] Level 1:colcon.colcon_core.package_identification:_identify(src/build/villege_li/build) by extension 'python_setup_py'
[0.670s] Level 1:colcon.colcon_core.package_identification:_identify(src/build/villege_li/build/lib) by extensions ['ignore', 'ignore_ament_install']
[0.670s] Level 1:colcon.colcon_core.package_identification:_identify(src/build/villege_li/build/lib) by extension 'ignore'
[0.671s] Level 1:colcon.colcon_core.package_identification:_identify(src/build/villege_li/build/lib) by extension 'ignore_ament_install'
[0.671s] Level 1:colcon.colcon_core.package_identification:_identify(src/build/villege_li/build/lib) by extensions ['colcon_pkg']
[0.671s] Level 1:colcon.colcon_core.package_identification:_identify(src/build/villege_li/build/lib) by extension 'colcon_pkg'
[0.671s] Level 1:colcon.colcon_core.package_identification:_identify(src/build/villege_li/build/lib) by extensions ['colcon_meta']
[0.671s] Level 1:colcon.colcon_core.package_identification:_identify(src/build/villege_li/build/lib) by extension 'colcon_meta'
[0.671s] Level 1:colcon.colcon_core.package_identification:_identify(src/build/villege_li/build/lib) by extensions ['ros']
[0.671s] Level 1:colcon.colcon_core.package_identification:_identify(src/build/villege_li/build/lib) by extension 'ros'
[0.671s] Level 1:colcon.colcon_core.package_identification:_identify(src/build/villege_li/build/lib) by extensions ['cmake', 'python']
[0.671s] Level 1:colcon.colcon_core.package_identification:_identify(src/build/villege_li/build/lib) by extension 'cmake'
[0.671s] Level 1:colcon.colcon_core.package_identification:_identify(src/build/villege_li/build/lib) by extension 'python'
[0.671s] Level 1:colcon.colcon_core.package_identification:_identify(src/build/villege_li/build/lib) by extensions ['python_setup_py']
[0.671s] Level 1:colcon.colcon_core.package_identification:_identify(src/build/villege_li/build/lib) by extension 'python_setup_py'
[0.672s] Level 1:colcon.colcon_core.package_identification:_identify(src/build/villege_li/build/lib/village_li) by extensions ['ignore', 'ignore_ament_install']
[0.672s] Level 1:colcon.colcon_core.package_identification:_identify(src/build/villege_li/build/lib/village_li) by extension 'ignore'
[0.672s] Level 1:colcon.colcon_core.package_identification:_identify(src/build/villege_li/build/lib/village_li) by extension 'ignore_ament_install'
[0.672s] Level 1:colcon.colcon_core.package_identification:_identify(src/build/villege_li/build/lib/village_li) by extensions ['colcon_pkg']
[0.672s] Level 1:colcon.colcon_core.package_identification:_identify(src/build/villege_li/build/lib/village_li) by extension 'colcon_pkg'
[0.672s] Level 1:colcon.colcon_core.package_identification:_identify(src/build/villege_li/build/lib/village_li) by extensions ['colcon_meta']
[0.672s] Level 1:colcon.colcon_core.package_identification:_identify(src/build/villege_li/build/lib/village_li) by extension 'colcon_meta'
[0.672s] Level 1:colcon.colcon_core.package_identification:_identify(src/build/villege_li/build/lib/village_li) by extensions ['ros']
[0.672s] Level 1:colcon.colcon_core.package_identification:_identify(src/build/villege_li/build/lib/village_li) by extension 'ros'
[0.673s] Level 1:colcon.colcon_core.package_identification:_identify(src/build/villege_li/build/lib/village_li) by extensions ['cmake', 'python']
[0.673s] Level 1:colcon.colcon_core.package_identification:_identify(src/build/villege_li/build/lib/village_li) by extension 'cmake'
[0.673s] Level 1:colcon.colcon_core.package_identification:_identify(src/build/villege_li/build/lib/village_li) by extension 'python'
[0.673s] Level 1:colcon.colcon_core.package_identification:_identify(src/build/villege_li/build/lib/village_li) by extensions ['python_setup_py']
[0.673s] Level 1:colcon.colcon_core.package_identification:_identify(src/build/villege_li/build/lib/village_li) by extension 'python_setup_py'
[0.673s] Level 1:colcon.colcon_core.package_identification:_identify(src/build/villege_li/prefix_override) by extensions ['ignore', 'ignore_ament_install']
[0.673s] Level 1:colcon.colcon_core.package_identification:_identify(src/build/villege_li/prefix_override) by extension 'ignore'
[0.673s] Level 1:colcon.colcon_core.package_identification:_identify(src/build/villege_li/prefix_override) by extension 'ignore_ament_install'
[0.673s] Level 1:colcon.colcon_core.package_identification:_identify(src/build/villege_li/prefix_override) by extensions ['colcon_pkg']
[0.673s] Level 1:colcon.colcon_core.package_identification:_identify(src/build/villege_li/prefix_override) by extension 'colcon_pkg'
[0.674s] Level 1:colcon.colcon_core.package_identification:_identify(src/build/villege_li/prefix_override) by extensions ['colcon_meta']
[0.674s] Level 1:colcon.colcon_core.package_identification:_identify(src/build/villege_li/prefix_override) by extension 'colcon_meta'
[0.674s] Level 1:colcon.colcon_core.package_identification:_identify(src/build/villege_li/prefix_override) by extensions ['ros']
[0.674s] Level 1:colcon.colcon_core.package_identification:_identify(src/build/villege_li/prefix_override) by extension 'ros'
[0.674s] Level 1:colcon.colcon_core.package_identification:_identify(src/build/villege_li/prefix_override) by extensions ['cmake', 'python']
[0.674s] Level 1:colcon.colcon_core.package_identification:_identify(src/build/villege_li/prefix_override) by extension 'cmake'
[0.674s] Level 1:colcon.colcon_core.package_identification:_identify(src/build/villege_li/prefix_override) by extension 'python'
[0.674s] Level 1:colcon.colcon_core.package_identification:_identify(src/build/villege_li/prefix_override) by extensions ['python_setup_py']
[0.674s] Level 1:colcon.colcon_core.package_identification:_identify(src/build/villege_li/prefix_override) by extension 'python_setup_py'
[0.674s] Level 1:colcon.colcon_core.package_identification:_identify(src/build/villege_li/prefix_override/__pycache__) by extensions ['ignore', 'ignore_ament_install']
[0.674s] Level 1:colcon.colcon_core.package_identification:_identify(src/build/villege_li/prefix_override/__pycache__) by extension 'ignore'
[0.675s] Level 1:colcon.colcon_core.package_identification:_identify(src/build/villege_li/prefix_override/__pycache__) by extension 'ignore_ament_install'
[0.675s] Level 1:colcon.colcon_core.package_identification:_identify(src/build/villege_li/prefix_override/__pycache__) by extensions ['colcon_pkg']
[0.675s] Level 1:colcon.colcon_core.package_identification:_identify(src/build/villege_li/prefix_override/__pycache__) by extension 'colcon_pkg'
[0.675s] Level 1:colcon.colcon_core.package_identification:_identify(src/build/villege_li/prefix_override/__pycache__) by extensions ['colcon_meta']
[0.675s] Level 1:colcon.colcon_core.package_identification:_identify(src/build/villege_li/prefix_override/__pycache__) by extension 'colcon_meta'
[0.675s] Level 1:colcon.colcon_core.package_identification:_identify(src/build/villege_li/prefix_override/__pycache__) by extensions ['ros']
[0.675s] Level 1:colcon.colcon_core.package_identification:_identify(src/build/villege_li/prefix_override/__pycache__) by extension 'ros'
[0.675s] Level 1:colcon.colcon_core.package_identification:_identify(src/build/villege_li/prefix_override/__pycache__) by extensions ['cmake', 'python']
[0.675s] Level 1:colcon.colcon_core.package_identification:_identify(src/build/villege_li/prefix_override/__pycache__) by extension 'cmake'
[0.675s] Level 1:colcon.colcon_core.package_identification:_identify(src/build/villege_li/prefix_override/__pycache__) by extension 'python'
[0.675s] Level 1:colcon.colcon_core.package_identification:_identify(src/build/villege_li/prefix_override/__pycache__) by extensions ['python_setup_py']
[0.675s] Level 1:colcon.colcon_core.package_identification:_identify(src/build/villege_li/prefix_override/__pycache__) by extension 'python_setup_py'
[0.676s] Level 1:colcon.colcon_core.package_identification:_identify(src/build/villege_li/villege_li.egg-info) by extensions ['ignore', 'ignore_ament_install']
[0.676s] Level 1:colcon.colcon_core.package_identification:_identify(src/build/villege_li/villege_li.egg-info) by extension 'ignore'
[0.676s] Level 1:colcon.colcon_core.package_identification:_identify(src/build/villege_li/villege_li.egg-info) by extension 'ignore_ament_install'
[0.676s] Level 1:colcon.colcon_core.package_identification:_identify(src/build/villege_li/villege_li.egg-info) by extensions ['colcon_pkg']
[0.676s] Level 1:colcon.colcon_core.package_identification:_identify(src/build/villege_li/villege_li.egg-info) by extension 'colcon_pkg'
[0.676s] Level 1:colcon.colcon_core.package_identification:_identify(src/build/villege_li/villege_li.egg-info) by extensions ['colcon_meta']
[0.676s] Level 1:colcon.colcon_core.package_identification:_identify(src/build/villege_li/villege_li.egg-info) by extension 'colcon_meta'
[0.676s] Level 1:colcon.colcon_core.package_identification:_identify(src/build/villege_li/villege_li.egg-info) by extensions ['ros']
[0.676s] Level 1:colcon.colcon_core.package_identification:_identify(src/build/villege_li/villege_li.egg-info) by extension 'ros'
[0.677s] Level 1:colcon.colcon_core.package_identification:_identify(src/build/villege_li/villege_li.egg-info) by extensions ['cmake', 'python']
[0.677s] Level 1:colcon.colcon_core.package_identification:_identify(src/build/villege_li/villege_li.egg-info) by extension 'cmake'
[0.677s] Level 1:colcon.colcon_core.package_identification:_identify(src/build/villege_li/villege_li.egg-info) by extension 'python'
[0.677s] Level 1:colcon.colcon_core.package_identification:_identify(src/build/villege_li/villege_li.egg-info) by extensions ['python_setup_py']
[0.677s] Level 1:colcon.colcon_core.package_identification:_identify(src/build/villege_li/villege_li.egg-info) by extension 'python_setup_py'
[0.677s] Level 1:colcon.colcon_core.package_identification:_identify(src/install) by extensions ['ignore', 'ignore_ament_install']
[0.677s] Level 1:colcon.colcon_core.package_identification:_identify(src/install) by extension 'ignore'
[0.677s] Level 1:colcon.colcon_core.package_identification:_identify(src/install) by extension 'ignore_ament_install'
[0.677s] Level 1:colcon.colcon_core.package_identification:_identify(src/install) by extensions ['colcon_pkg']
[0.677s] Level 1:colcon.colcon_core.package_identification:_identify(src/install) by extension 'colcon_pkg'
[0.677s] Level 1:colcon.colcon_core.package_identification:_identify(src/install) by extensions ['colcon_meta']
[0.677s] Level 1:colcon.colcon_core.package_identification:_identify(src/install) by extension 'colcon_meta'
[0.678s] Level 1:colcon.colcon_core.package_identification:_identify(src/install) by extensions ['ros']
[0.678s] Level 1:colcon.colcon_core.package_identification:_identify(src/install) by extension 'ros'
[0.678s] Level 1:colcon.colcon_core.package_identification:_identify(src/install) by extensions ['cmake', 'python']
[0.678s] Level 1:colcon.colcon_core.package_identification:_identify(src/install) by extension 'cmake'
[0.678s] Level 1:colcon.colcon_core.package_identification:_identify(src/install) by extension 'python'
[0.678s] Level 1:colcon.colcon_core.package_identification:_identify(src/install) by extensions ['python_setup_py']
[0.678s] Level 1:colcon.colcon_core.package_identification:_identify(src/install) by extension 'python_setup_py'
[0.678s] Level 1:colcon.colcon_core.package_identification:_identify(src/install/villege_li) by extensions ['ignore', 'ignore_ament_install']
[0.678s] Level 1:colcon.colcon_core.package_identification:_identify(src/install/villege_li) by extension 'ignore'
[0.678s] Level 1:colcon.colcon_core.package_identification:_identify(src/install/villege_li) by extension 'ignore_ament_install'
[0.679s] Level 1:colcon.colcon_core.package_identification:_identify(src/install/villege_li) by extensions ['colcon_pkg']
[0.679s] Level 1:colcon.colcon_core.package_identification:_identify(src/install/villege_li) by extension 'colcon_pkg'
[0.679s] Level 1:colcon.colcon_core.package_identification:_identify(src/install/villege_li) by extensions ['colcon_meta']
[0.679s] Level 1:colcon.colcon_core.package_identification:_identify(src/install/villege_li) by extension 'colcon_meta'
[0.679s] Level 1:colcon.colcon_core.package_identification:_identify(src/install/villege_li) by extensions ['ros']
[0.679s] Level 1:colcon.colcon_core.package_identification:_identify(src/install/villege_li) by extension 'ros'
[0.679s] Level 1:colcon.colcon_core.package_identification:_identify(src/install/villege_li) by extensions ['cmake', 'python']
[0.679s] Level 1:colcon.colcon_core.package_identification:_identify(src/install/villege_li) by extension 'cmake'
[0.679s] Level 1:colcon.colcon_core.package_identification:_identify(src/install/villege_li) by extension 'python'
[0.679s] Level 1:colcon.colcon_core.package_identification:_identify(src/install/villege_li) by extensions ['python_setup_py']
[0.679s] Level 1:colcon.colcon_core.package_identification:_identify(src/install/villege_li) by extension 'python_setup_py'
[0.679s] Level 1:colcon.colcon_core.package_identification:_identify(src/install/villege_li/lib) by extensions ['ignore', 'ignore_ament_install']
[0.680s] Level 1:colcon.colcon_core.package_identification:_identify(src/install/villege_li/lib) by extension 'ignore'
[0.680s] Level 1:colcon.colcon_core.package_identification:_identify(src/install/villege_li/lib) by extension 'ignore_ament_install'
[0.680s] Level 1:colcon.colcon_core.package_identification:_identify(src/install/villege_li/lib) by extensions ['colcon_pkg']
[0.680s] Level 1:colcon.colcon_core.package_identification:_identify(src/install/villege_li/lib) by extension 'colcon_pkg'
[0.680s] Level 1:colcon.colcon_core.package_identification:_identify(src/install/villege_li/lib) by extensions ['colcon_meta']
[0.680s] Level 1:colcon.colcon_core.package_identification:_identify(src/install/villege_li/lib) by extension 'colcon_meta'
[0.680s] Level 1:colcon.colcon_core.package_identification:_identify(src/install/villege_li/lib) by extensions ['ros']
[0.680s] Level 1:colcon.colcon_core.package_identification:_identify(src/install/villege_li/lib) by extension 'ros'
[0.680s] Level 1:colcon.colcon_core.package_identification:_identify(src/install/villege_li/lib) by extensions ['cmake', 'python']
[0.680s] Level 1:colcon.colcon_core.package_identification:_identify(src/install/villege_li/lib) by extension 'cmake'
[0.681s] Level 1:colcon.colcon_core.package_identification:_identify(src/install/villege_li/lib) by extension 'python'
[0.681s] Level 1:colcon.colcon_core.package_identification:_identify(src/install/villege_li/lib) by extensions ['python_setup_py']
[0.681s] Level 1:colcon.colcon_core.package_identification:_identify(src/install/villege_li/lib) by extension 'python_setup_py'
[0.681s] Level 1:colcon.colcon_core.package_identification:_identify(src/install/villege_li/lib/python3.10) by extensions ['ignore', 'ignore_ament_install']
[0.681s] Level 1:colcon.colcon_core.package_identification:_identify(src/install/villege_li/lib/python3.10) by extension 'ignore'
[0.681s] Level 1:colcon.colcon_core.package_identification:_identify(src/install/villege_li/lib/python3.10) by extension 'ignore_ament_install'
[0.681s] Level 1:colcon.colcon_core.package_identification:_identify(src/install/villege_li/lib/python3.10) by extensions ['colcon_pkg']
[0.681s] Level 1:colcon.colcon_core.package_identification:_identify(src/install/villege_li/lib/python3.10) by extension 'colcon_pkg'
[0.681s] Level 1:colcon.colcon_core.package_identification:_identify(src/install/villege_li/lib/python3.10) by extensions ['colcon_meta']
[0.681s] Level 1:colcon.colcon_core.package_identification:_identify(src/install/villege_li/lib/python3.10) by extension 'colcon_meta'
[0.682s] Level 1:colcon.colcon_core.package_identification:_identify(src/install/villege_li/lib/python3.10) by extensions ['ros']
[0.682s] Level 1:colcon.colcon_core.package_identification:_identify(src/install/villege_li/lib/python3.10) by extension 'ros'
[0.682s] Level 1:colcon.colcon_core.package_identification:_identify(src/install/villege_li/lib/python3.10) by extensions ['cmake', 'python']
[0.682s] Level 1:colcon.colcon_core.package_identification:_identify(src/install/villege_li/lib/python3.10) by extension 'cmake'
[0.682s] Level 1:colcon.colcon_core.package_identification:_identify(src/install/villege_li/lib/python3.10) by extension 'python'
[0.682s] Level 1:colcon.colcon_core.package_identification:_identify(src/install/villege_li/lib/python3.10) by extensions ['python_setup_py']
[0.682s] Level 1:colcon.colcon_core.package_identification:_identify(src/install/villege_li/lib/python3.10) by extension 'python_setup_py'
[0.682s] Level 1:colcon.colcon_core.package_identification:_identify(src/install/villege_li/lib/python3.10/site-packages) by extensions ['ignore', 'ignore_ament_install']
[0.682s] Level 1:colcon.colcon_core.package_identification:_identify(src/install/villege_li/lib/python3.10/site-packages) by extension 'ignore'
[0.683s] Level 1:colcon.colcon_core.package_identification:_identify(src/install/villege_li/lib/python3.10/site-packages) by extension 'ignore_ament_install'
[0.683s] Level 1:colcon.colcon_core.package_identification:_identify(src/install/villege_li/lib/python3.10/site-packages) by extensions ['colcon_pkg']
[0.683s] Level 1:colcon.colcon_core.package_identification:_identify(src/install/villege_li/lib/python3.10/site-packages) by extension 'colcon_pkg'
[0.683s] Level 1:colcon.colcon_core.package_identification:_identify(src/install/villege_li/lib/python3.10/site-packages) by extensions ['colcon_meta']
[0.683s] Level 1:colcon.colcon_core.package_identification:_identify(src/install/villege_li/lib/python3.10/site-packages) by extension 'colcon_meta'
[0.683s] Level 1:colcon.colcon_core.package_identification:_identify(src/install/villege_li/lib/python3.10/site-packages) by extensions ['ros']
[0.683s] Level 1:colcon.colcon_core.package_identification:_identify(src/install/villege_li/lib/python3.10/site-packages) by extension 'ros'
[0.684s] Level 1:colcon.colcon_core.package_identification:_identify(src/install/villege_li/lib/python3.10/site-packages) by extensions ['cmake', 'python']
[0.684s] Level 1:colcon.colcon_core.package_identification:_identify(src/install/villege_li/lib/python3.10/site-packages) by extension 'cmake'
[0.684s] Level 1:colcon.colcon_core.package_identification:_identify(src/install/villege_li/lib/python3.10/site-packages) by extension 'python'
[0.684s] Level 1:colcon.colcon_core.package_identification:_identify(src/install/villege_li/lib/python3.10/site-packages) by extensions ['python_setup_py']
[0.684s] Level 1:colcon.colcon_core.package_identification:_identify(src/install/villege_li/lib/python3.10/site-packages) by extension 'python_setup_py'
[0.684s] Level 1:colcon.colcon_core.package_identification:_identify(src/install/villege_li/lib/python3.10/site-packages/village_li) by extensions ['ignore', 'ignore_ament_install']
[0.685s] Level 1:colcon.colcon_core.package_identification:_identify(src/install/villege_li/lib/python3.10/site-packages/village_li) by extension 'ignore'
[0.685s] Level 1:colcon.colcon_core.package_identification:_identify(src/install/villege_li/lib/python3.10/site-packages/village_li) by extension 'ignore_ament_install'
[0.685s] Level 1:colcon.colcon_core.package_identification:_identify(src/install/villege_li/lib/python3.10/site-packages/village_li) by extensions ['colcon_pkg']
[0.685s] Level 1:colcon.colcon_core.package_identification:_identify(src/install/villege_li/lib/python3.10/site-packages/village_li) by extension 'colcon_pkg'
[0.685s] Level 1:colcon.colcon_core.package_identification:_identify(src/install/villege_li/lib/python3.10/site-packages/village_li) by extensions ['colcon_meta']
[0.685s] Level 1:colcon.colcon_core.package_identification:_identify(src/install/villege_li/lib/python3.10/site-packages/village_li) by extension 'colcon_meta'
[0.685s] Level 1:colcon.colcon_core.package_identification:_identify(src/install/villege_li/lib/python3.10/site-packages/village_li) by extensions ['ros']
[0.686s] Level 1:colcon.colcon_core.package_identification:_identify(src/install/villege_li/lib/python3.10/site-packages/village_li) by extension 'ros'
[0.686s] Level 1:colcon.colcon_core.package_identification:_identify(src/install/villege_li/lib/python3.10/site-packages/village_li) by extensions ['cmake', 'python']
[0.686s] Level 1:colcon.colcon_core.package_identification:_identify(src/install/villege_li/lib/python3.10/site-packages/village_li) by extension 'cmake'
[0.686s] Level 1:colcon.colcon_core.package_identification:_identify(src/install/villege_li/lib/python3.10/site-packages/village_li) by extension 'python'
[0.686s] Level 1:colcon.colcon_core.package_identification:_identify(src/install/villege_li/lib/python3.10/site-packages/village_li) by extensions ['python_setup_py']
[0.686s] Level 1:colcon.colcon_core.package_identification:_identify(src/install/villege_li/lib/python3.10/site-packages/village_li) by extension 'python_setup_py'
[0.687s] Level 1:colcon.colcon_core.package_identification:_identify(src/install/villege_li/lib/python3.10/site-packages/village_li/__pycache__) by extensions ['ignore', 'ignore_ament_install']
[0.687s] Level 1:colcon.colcon_core.package_identification:_identify(src/install/villege_li/lib/python3.10/site-packages/village_li/__pycache__) by extension 'ignore'
[0.687s] Level 1:colcon.colcon_core.package_identification:_identify(src/install/villege_li/lib/python3.10/site-packages/village_li/__pycache__) by extension 'ignore_ament_install'
[0.687s] Level 1:colcon.colcon_core.package_identification:_identify(src/install/villege_li/lib/python3.10/site-packages/village_li/__pycache__) by extensions ['colcon_pkg']
[0.687s] Level 1:colcon.colcon_core.package_identification:_identify(src/install/villege_li/lib/python3.10/site-packages/village_li/__pycache__) by extension 'colcon_pkg'
[0.687s] Level 1:colcon.colcon_core.package_identification:_identify(src/install/villege_li/lib/python3.10/site-packages/village_li/__pycache__) by extensions ['colcon_meta']
[0.688s] Level 1:colcon.colcon_core.package_identification:_identify(src/install/villege_li/lib/python3.10/site-packages/village_li/__pycache__) by extension 'colcon_meta'
[0.688s] Level 1:colcon.colcon_core.package_identification:_identify(src/install/villege_li/lib/python3.10/site-packages/village_li/__pycache__) by extensions ['ros']
[0.688s] Level 1:colcon.colcon_core.package_identification:_identify(src/install/villege_li/lib/python3.10/site-packages/village_li/__pycache__) by extension 'ros'
[0.688s] Level 1:colcon.colcon_core.package_identification:_identify(src/install/villege_li/lib/python3.10/site-packages/village_li/__pycache__) by extensions ['cmake', 'python']
[0.688s] Level 1:colcon.colcon_core.package_identification:_identify(src/install/villege_li/lib/python3.10/site-packages/village_li/__pycache__) by extension 'cmake'
[0.688s] Level 1:colcon.colcon_core.package_identification:_identify(src/install/villege_li/lib/python3.10/site-packages/village_li/__pycache__) by extension 'python'
[0.688s] Level 1:colcon.colcon_core.package_identification:_identify(src/install/villege_li/lib/python3.10/site-packages/village_li/__pycache__) by extensions ['python_setup_py']
[0.688s] Level 1:colcon.colcon_core.package_identification:_identify(src/install/villege_li/lib/python3.10/site-packages/village_li/__pycache__) by extension 'python_setup_py'
[0.689s] Level 1:colcon.colcon_core.package_identification:_identify(src/install/villege_li/lib/python3.10/site-packages/villege_li-0.0.0-py3.10.egg-info) by extensions ['ignore', 'ignore_ament_install']
[0.689s] Level 1:colcon.colcon_core.package_identification:_identify(src/install/villege_li/lib/python3.10/site-packages/villege_li-0.0.0-py3.10.egg-info) by extension 'ignore'
[0.689s] Level 1:colcon.colcon_core.package_identification:_identify(src/install/villege_li/lib/python3.10/site-packages/villege_li-0.0.0-py3.10.egg-info) by extension 'ignore_ament_install'
[0.689s] Level 1:colcon.colcon_core.package_identification:_identify(src/install/villege_li/lib/python3.10/site-packages/villege_li-0.0.0-py3.10.egg-info) by extensions ['colcon_pkg']
[0.689s] Level 1:colcon.colcon_core.package_identification:_identify(src/install/villege_li/lib/python3.10/site-packages/villege_li-0.0.0-py3.10.egg-info) by extension 'colcon_pkg'
[0.689s] Level 1:colcon.colcon_core.package_identification:_identify(src/install/villege_li/lib/python3.10/site-packages/villege_li-0.0.0-py3.10.egg-info) by extensions ['colcon_meta']
[0.689s] Level 1:colcon.colcon_core.package_identification:_identify(src/install/villege_li/lib/python3.10/site-packages/villege_li-0.0.0-py3.10.egg-info) by extension 'colcon_meta'
[0.689s] Level 1:colcon.colcon_core.package_identification:_identify(src/install/villege_li/lib/python3.10/site-packages/villege_li-0.0.0-py3.10.egg-info) by extensions ['ros']
[0.689s] Level 1:colcon.colcon_core.package_identification:_identify(src/install/villege_li/lib/python3.10/site-packages/villege_li-0.0.0-py3.10.egg-info) by extension 'ros'
[0.690s] Level 1:colcon.colcon_core.package_identification:_identify(src/install/villege_li/lib/python3.10/site-packages/villege_li-0.0.0-py3.10.egg-info) by extensions ['cmake', 'python']
[0.690s] Level 1:colcon.colcon_core.package_identification:_identify(src/install/villege_li/lib/python3.10/site-packages/villege_li-0.0.0-py3.10.egg-info) by extension 'cmake'
[0.690s] Level 1:colcon.colcon_core.package_identification:_identify(src/install/villege_li/lib/python3.10/site-packages/villege_li-0.0.0-py3.10.egg-info) by extension 'python'
[0.690s] Level 1:colcon.colcon_core.package_identification:_identify(src/install/villege_li/lib/python3.10/site-packages/villege_li-0.0.0-py3.10.egg-info) by extensions ['python_setup_py']
[0.691s] Level 1:colcon.colcon_core.package_identification:_identify(src/install/villege_li/lib/python3.10/site-packages/villege_li-0.0.0-py3.10.egg-info) by extension 'python_setup_py'
[0.691s] Level 1:colcon.colcon_core.package_identification:_identify(src/install/villege_li/lib/villege_li) by extensions ['ignore', 'ignore_ament_install']
[0.691s] Level 1:colcon.colcon_core.package_identification:_identify(src/install/villege_li/lib/villege_li) by extension 'ignore'
[0.691s] Level 1:colcon.colcon_core.package_identification:_identify(src/install/villege_li/lib/villege_li) by extension 'ignore_ament_install'
[0.691s] Level 1:colcon.colcon_core.package_identification:_identify(src/install/villege_li/lib/villege_li) by extensions ['colcon_pkg']
[0.691s] Level 1:colcon.colcon_core.package_identification:_identify(src/install/villege_li/lib/villege_li) by extension 'colcon_pkg'
[0.691s] Level 1:colcon.colcon_core.package_identification:_identify(src/install/villege_li/lib/villege_li) by extensions ['colcon_meta']
[0.691s] Level 1:colcon.colcon_core.package_identification:_identify(src/install/villege_li/lib/villege_li) by extension 'colcon_meta'
[0.692s] Level 1:colcon.colcon_core.package_identification:_identify(src/install/villege_li/lib/villege_li) by extensions ['ros']
[0.692s] Level 1:colcon.colcon_core.package_identification:_identify(src/install/villege_li/lib/villege_li) by extension 'ros'
[0.692s] Level 1:colcon.colcon_core.package_identification:_identify(src/install/villege_li/lib/villege_li) by extensions ['cmake', 'python']
[0.692s] Level 1:colcon.colcon_core.package_identification:_identify(src/install/villege_li/lib/villege_li) by extension 'cmake'
[0.692s] Level 1:colcon.colcon_core.package_identification:_identify(src/install/villege_li/lib/villege_li) by extension 'python'
[0.692s] Level 1:colcon.colcon_core.package_identification:_identify(src/install/villege_li/lib/villege_li) by extensions ['python_setup_py']
[0.692s] Level 1:colcon.colcon_core.package_identification:_identify(src/install/villege_li/lib/villege_li) by extension 'python_setup_py'
[0.692s] Level 1:colcon.colcon_core.package_identification:_identify(src/install/villege_li/share) by extensions ['ignore', 'ignore_ament_install']
[0.692s] Level 1:colcon.colcon_core.package_identification:_identify(src/install/villege_li/share) by extension 'ignore'
[0.693s] Level 1:colcon.colcon_core.package_identification:_identify(src/install/villege_li/share) by extension 'ignore_ament_install'
[0.693s] Level 1:colcon.colcon_core.package_identification:_identify(src/install/villege_li/share) by extensions ['colcon_pkg']
[0.693s] Level 1:colcon.colcon_core.package_identification:_identify(src/install/villege_li/share) by extension 'colcon_pkg'
[0.693s] Level 1:colcon.colcon_core.package_identification:_identify(src/install/villege_li/share) by extensions ['colcon_meta']
[0.693s] Level 1:colcon.colcon_core.package_identification:_identify(src/install/villege_li/share) by extension 'colcon_meta'
[0.693s] Level 1:colcon.colcon_core.package_identification:_identify(src/install/villege_li/share) by extensions ['ros']
[0.693s] Level 1:colcon.colcon_core.package_identification:_identify(src/install/villege_li/share) by extension 'ros'
[0.693s] Level 1:colcon.colcon_core.package_identification:_identify(src/install/villege_li/share) by extensions ['cmake', 'python']
[0.693s] Level 1:colcon.colcon_core.package_identification:_identify(src/install/villege_li/share) by extension 'cmake'
[0.693s] Level 1:colcon.colcon_core.package_identification:_identify(src/install/villege_li/share) by extension 'python'
[0.693s] Level 1:colcon.colcon_core.package_identification:_identify(src/install/villege_li/share) by extensions ['python_setup_py']
[0.693s] Level 1:colcon.colcon_core.package_identification:_identify(src/install/villege_li/share) by extension 'python_setup_py'
[0.694s] Level 1:colcon.colcon_core.package_identification:_identify(src/install/villege_li/share/ament_index) by extensions ['ignore', 'ignore_ament_install']
[0.694s] Level 1:colcon.colcon_core.package_identification:_identify(src/install/villege_li/share/ament_index) by extension 'ignore'
[0.694s] Level 1:colcon.colcon_core.package_identification:_identify(src/install/villege_li/share/ament_index) by extension 'ignore_ament_install'
[0.694s] Level 1:colcon.colcon_core.package_identification:_identify(src/install/villege_li/share/ament_index) by extensions ['colcon_pkg']
[0.694s] Level 1:colcon.colcon_core.package_identification:_identify(src/install/villege_li/share/ament_index) by extension 'colcon_pkg'
[0.694s] Level 1:colcon.colcon_core.package_identification:_identify(src/install/villege_li/share/ament_index) by extensions ['colcon_meta']
[0.694s] Level 1:colcon.colcon_core.package_identification:_identify(src/install/villege_li/share/ament_index) by extension 'colcon_meta'
[0.694s] Level 1:colcon.colcon_core.package_identification:_identify(src/install/villege_li/share/ament_index) by extensions ['ros']
[0.694s] Level 1:colcon.colcon_core.package_identification:_identify(src/install/villege_li/share/ament_index) by extension 'ros'
[0.694s] Level 1:colcon.colcon_core.package_identification:_identify(src/install/villege_li/share/ament_index) by extensions ['cmake', 'python']
[0.695s] Level 1:colcon.colcon_core.package_identification:_identify(src/install/villege_li/share/ament_index) by extension 'cmake'
[0.695s] Level 1:colcon.colcon_core.package_identification:_identify(src/install/villege_li/share/ament_index) by extension 'python'
[0.695s] Level 1:colcon.colcon_core.package_identification:_identify(src/install/villege_li/share/ament_index) by extensions ['python_setup_py']
[0.695s] Level 1:colcon.colcon_core.package_identification:_identify(src/install/villege_li/share/ament_index) by extension 'python_setup_py'
[0.695s] Level 1:colcon.colcon_core.package_identification:_identify(src/install/villege_li/share/ament_index/resource_index) by extensions ['ignore', 'ignore_ament_install']
[0.695s] Level 1:colcon.colcon_core.package_identification:_identify(src/install/villege_li/share/ament_index/resource_index) by extension 'ignore'
[0.695s] Level 1:colcon.colcon_core.package_identification:_identify(src/install/villege_li/share/ament_index/resource_index) by extension 'ignore_ament_install'
[0.696s] Level 1:colcon.colcon_core.package_identification:_identify(src/install/villege_li/share/ament_index/resource_index) by extensions ['colcon_pkg']
[0.696s] Level 1:colcon.colcon_core.package_identification:_identify(src/install/villege_li/share/ament_index/resource_index) by extension 'colcon_pkg'
[0.696s] Level 1:colcon.colcon_core.package_identification:_identify(src/install/villege_li/share/ament_index/resource_index) by extensions ['colcon_meta']
[0.696s] Level 1:colcon.colcon_core.package_identification:_identify(src/install/villege_li/share/ament_index/resource_index) by extension 'colcon_meta'
[0.696s] Level 1:colcon.colcon_core.package_identification:_identify(src/install/villege_li/share/ament_index/resource_index) by extensions ['ros']
[0.696s] Level 1:colcon.colcon_core.package_identification:_identify(src/install/villege_li/share/ament_index/resource_index) by extension 'ros'
[0.696s] Level 1:colcon.colcon_core.package_identification:_identify(src/install/villege_li/share/ament_index/resource_index) by extensions ['cmake', 'python']
[0.696s] Level 1:colcon.colcon_core.package_identification:_identify(src/install/villege_li/share/ament_index/resource_index) by extension 'cmake'
[0.696s] Level 1:colcon.colcon_core.package_identification:_identify(src/install/villege_li/share/ament_index/resource_index) by extension 'python'
[0.696s] Level 1:colcon.colcon_core.package_identification:_identify(src/install/villege_li/share/ament_index/resource_index) by extensions ['python_setup_py']
[0.696s] Level 1:colcon.colcon_core.package_identification:_identify(src/install/villege_li/share/ament_index/resource_index) by extension 'python_setup_py'
[0.696s] Level 1:colcon.colcon_core.package_identification:_identify(src/install/villege_li/share/ament_index/resource_index/packages) by extensions ['ignore', 'ignore_ament_install']
[0.697s] Level 1:colcon.colcon_core.package_identification:_identify(src/install/villege_li/share/ament_index/resource_index/packages) by extension 'ignore'
[0.697s] Level 1:colcon.colcon_core.package_identification:_identify(src/install/villege_li/share/ament_index/resource_index/packages) by extension 'ignore_ament_install'
[0.697s] Level 1:colcon.colcon_core.package_identification:_identify(src/install/villege_li/share/ament_index/resource_index/packages) by extensions ['colcon_pkg']
[0.697s] Level 1:colcon.colcon_core.package_identification:_identify(src/install/villege_li/share/ament_index/resource_index/packages) by extension 'colcon_pkg'
[0.697s] Level 1:colcon.colcon_core.package_identification:_identify(src/install/villege_li/share/ament_index/resource_index/packages) by extensions ['colcon_meta']
[0.697s] Level 1:colcon.colcon_core.package_identification:_identify(src/install/villege_li/share/ament_index/resource_index/packages) by extension 'colcon_meta'
[0.697s] Level 1:colcon.colcon_core.package_identification:_identify(src/install/villege_li/share/ament_index/resource_index/packages) by extensions ['ros']
[0.697s] Level 1:colcon.colcon_core.package_identification:_identify(src/install/villege_li/share/ament_index/resource_index/packages) by extension 'ros'
[0.697s] Level 1:colcon.colcon_core.package_identification:_identify(src/install/villege_li/share/ament_index/resource_index/packages) by extensions ['cmake', 'python']
[0.697s] Level 1:colcon.colcon_core.package_identification:_identify(src/install/villege_li/share/ament_index/resource_index/packages) by extension 'cmake'
[0.697s] Level 1:colcon.colcon_core.package_identification:_identify(src/install/villege_li/share/ament_index/resource_index/packages) by extension 'python'
[0.698s] Level 1:colcon.colcon_core.package_identification:_identify(src/install/villege_li/share/ament_index/resource_index/packages) by extensions ['python_setup_py']
[0.698s] Level 1:colcon.colcon_core.package_identification:_identify(src/install/villege_li/share/ament_index/resource_index/packages) by extension 'python_setup_py'
[0.698s] Level 1:colcon.colcon_core.package_identification:_identify(src/install/villege_li/share/colcon-core) by extensions ['ignore', 'ignore_ament_install']
[0.698s] Level 1:colcon.colcon_core.package_identification:_identify(src/install/villege_li/share/colcon-core) by extension 'ignore'
[0.698s] Level 1:colcon.colcon_core.package_identification:_identify(src/install/villege_li/share/colcon-core) by extension 'ignore_ament_install'
[0.698s] Level 1:colcon.colcon_core.package_identification:_identify(src/install/villege_li/share/colcon-core) by extensions ['colcon_pkg']
[0.698s] Level 1:colcon.colcon_core.package_identification:_identify(src/install/villege_li/share/colcon-core) by extension 'colcon_pkg'
[0.698s] Level 1:colcon.colcon_core.package_identification:_identify(src/install/villege_li/share/colcon-core) by extensions ['colcon_meta']
[0.698s] Level 1:colcon.colcon_core.package_identification:_identify(src/install/villege_li/share/colcon-core) by extension 'colcon_meta'
[0.698s] Level 1:colcon.colcon_core.package_identification:_identify(src/install/villege_li/share/colcon-core) by extensions ['ros']
[0.699s] Level 1:colcon.colcon_core.package_identification:_identify(src/install/villege_li/share/colcon-core) by extension 'ros'
[0.699s] Level 1:colcon.colcon_core.package_identification:_identify(src/install/villege_li/share/colcon-core) by extensions ['cmake', 'python']
[0.699s] Level 1:colcon.colcon_core.package_identification:_identify(src/install/villege_li/share/colcon-core) by extension 'cmake'
[0.699s] Level 1:colcon.colcon_core.package_identification:_identify(src/install/villege_li/share/colcon-core) by extension 'python'
[0.699s] Level 1:colcon.colcon_core.package_identification:_identify(src/install/villege_li/share/colcon-core) by extensions ['python_setup_py']
[0.699s] Level 1:colcon.colcon_core.package_identification:_identify(src/install/villege_li/share/colcon-core) by extension 'python_setup_py'
[0.699s] Level 1:colcon.colcon_core.package_identification:_identify(src/install/villege_li/share/colcon-core/packages) by extensions ['ignore', 'ignore_ament_install']
[0.699s] Level 1:colcon.colcon_core.package_identification:_identify(src/install/villege_li/share/colcon-core/packages) by extension 'ignore'
[0.700s] Level 1:colcon.colcon_core.package_identification:_identify(src/install/villege_li/share/colcon-core/packages) by extension 'ignore_ament_install'
[0.700s] Level 1:colcon.colcon_core.package_identification:_identify(src/install/villege_li/share/colcon-core/packages) by extensions ['colcon_pkg']
[0.700s] Level 1:colcon.colcon_core.package_identification:_identify(src/install/villege_li/share/colcon-core/packages) by extension 'colcon_pkg'
[0.700s] Level 1:colcon.colcon_core.package_identification:_identify(src/install/villege_li/share/colcon-core/packages) by extensions ['colcon_meta']
[0.700s] Level 1:colcon.colcon_core.package_identification:_identify(src/install/villege_li/share/colcon-core/packages) by extension 'colcon_meta'
[0.700s] Level 1:colcon.colcon_core.package_identification:_identify(src/install/villege_li/share/colcon-core/packages) by extensions ['ros']
[0.700s] Level 1:colcon.colcon_core.package_identification:_identify(src/install/villege_li/share/colcon-core/packages) by extension 'ros'
[0.700s] Level 1:colcon.colcon_core.package_identification:_identify(src/install/villege_li/share/colcon-core/packages) by extensions ['cmake', 'python']
[0.700s] Level 1:colcon.colcon_core.package_identification:_identify(src/install/villege_li/share/colcon-core/packages) by extension 'cmake'
[0.700s] Level 1:colcon.colcon_core.package_identification:_identify(src/install/villege_li/share/colcon-core/packages) by extension 'python'
[0.700s] Level 1:colcon.colcon_core.package_identification:_identify(src/install/villege_li/share/colcon-core/packages) by extensions ['python_setup_py']
[0.700s] Level 1:colcon.colcon_core.package_identification:_identify(src/install/villege_li/share/colcon-core/packages) by extension 'python_setup_py'
[0.701s] Level 1:colcon.colcon_core.package_identification:_identify(src/install/villege_li/share/villege_li) by extensions ['ignore', 'ignore_ament_install']
[0.701s] Level 1:colcon.colcon_core.package_identification:_identify(src/install/villege_li/share/villege_li) by extension 'ignore'
[0.701s] Level 1:colcon.colcon_core.package_identification:_identify(src/install/villege_li/share/villege_li) by extension 'ignore_ament_install'
[0.701s] Level 1:colcon.colcon_core.package_identification:_identify(src/install/villege_li/share/villege_li) by extensions ['colcon_pkg']
[0.701s] Level 1:colcon.colcon_core.package_identification:_identify(src/install/villege_li/share/villege_li) by extension 'colcon_pkg'
[0.701s] Level 1:colcon.colcon_core.package_identification:_identify(src/install/villege_li/share/villege_li) by extensions ['colcon_meta']
[0.701s] Level 1:colcon.colcon_core.package_identification:_identify(src/install/villege_li/share/villege_li) by extension 'colcon_meta'
[0.701s] Level 1:colcon.colcon_core.package_identification:_identify(src/install/villege_li/share/villege_li) by extensions ['ros']
[0.701s] Level 1:colcon.colcon_core.package_identification:_identify(src/install/villege_li/share/villege_li) by extension 'ros'
[0.701s] Level 1:colcon.colcon_core.package_identification:_identify(src/install/villege_li/share/villege_li) by extensions ['cmake', 'python']
[0.701s] Level 1:colcon.colcon_core.package_identification:_identify(src/install/villege_li/share/villege_li) by extension 'cmake'
[0.702s] Level 1:colcon.colcon_core.package_identification:_identify(src/install/villege_li/share/villege_li) by extension 'python'
[0.702s] Level 1:colcon.colcon_core.package_identification:_identify(src/install/villege_li/share/villege_li) by extensions ['python_setup_py']
[0.702s] Level 1:colcon.colcon_core.package_identification:_identify(src/install/villege_li/share/villege_li) by extension 'python_setup_py'
[0.702s] Level 1:colcon.colcon_core.package_identification:_identify(src/install/villege_li/share/villege_li/hook) by extensions ['ignore', 'ignore_ament_install']
[0.702s] Level 1:colcon.colcon_core.package_identification:_identify(src/install/villege_li/share/villege_li/hook) by extension 'ignore'
[0.702s] Level 1:colcon.colcon_core.package_identification:_identify(src/install/villege_li/share/villege_li/hook) by extension 'ignore_ament_install'
[0.702s] Level 1:colcon.colcon_core.package_identification:_identify(src/install/villege_li/share/villege_li/hook) by extensions ['colcon_pkg']
[0.702s] Level 1:colcon.colcon_core.package_identification:_identify(src/install/villege_li/share/villege_li/hook) by extension 'colcon_pkg'
[0.702s] Level 1:colcon.colcon_core.package_identification:_identify(src/install/villege_li/share/villege_li/hook) by extensions ['colcon_meta']
[0.702s] Level 1:colcon.colcon_core.package_identification:_identify(src/install/villege_li/share/villege_li/hook) by extension 'colcon_meta'
[0.703s] Level 1:colcon.colcon_core.package_identification:_identify(src/install/villege_li/share/villege_li/hook) by extensions ['ros']
[0.703s] Level 1:colcon.colcon_core.package_identification:_identify(src/install/villege_li/share/villege_li/hook) by extension 'ros'
[0.703s] Level 1:colcon.colcon_core.package_identification:_identify(src/install/villege_li/share/villege_li/hook) by extensions ['cmake', 'python']
[0.703s] Level 1:colcon.colcon_core.package_identification:_identify(src/install/villege_li/share/villege_li/hook) by extension 'cmake'
[0.703s] Level 1:colcon.colcon_core.package_identification:_identify(src/install/villege_li/share/villege_li/hook) by extension 'python'
[0.703s] Level 1:colcon.colcon_core.package_identification:_identify(src/install/villege_li/share/villege_li/hook) by extensions ['python_setup_py']
[0.703s] Level 1:colcon.colcon_core.package_identification:_identify(src/install/villege_li/share/villege_li/hook) by extension 'python_setup_py'
[0.703s] Level 1:colcon.colcon_core.package_identification:_identify(src/log) by extensions ['ignore', 'ignore_ament_install']
[0.704s] Level 1:colcon.colcon_core.package_identification:_identify(src/log) by extension 'ignore'
[0.705s] Level 1:colcon.colcon_core.package_identification:_identify(src/log) by extension 'ignore_ament_install'
[0.705s] Level 1:colcon.colcon_core.package_identification:_identify(src/log) by extensions ['colcon_pkg']
[0.705s] Level 1:colcon.colcon_core.package_identification:_identify(src/log) by extension 'colcon_pkg'
[0.706s] Level 1:colcon.colcon_core.package_identification:_identify(src/log) by extensions ['colcon_meta']
[0.706s] Level 1:colcon.colcon_core.package_identification:_identify(src/log) by extension 'colcon_meta'
[0.706s] Level 1:colcon.colcon_core.package_identification:_identify(src/log) by extensions ['ros']
[0.706s] Level 1:colcon.colcon_core.package_identification:_identify(src/log) by extension 'ros'
[0.707s] Level 1:colcon.colcon_core.package_identification:_identify(src/log) by extensions ['cmake', 'python']
[0.707s] Level 1:colcon.colcon_core.package_identification:_identify(src/log) by extension 'cmake'
[0.707s] Level 1:colcon.colcon_core.package_identification:_identify(src/log) by extension 'python'
[0.707s] Level 1:colcon.colcon_core.package_identification:_identify(src/log) by extensions ['python_setup_py']
[0.707s] Level 1:colcon.colcon_core.package_identification:_identify(src/log) by extension 'python_setup_py'
[0.707s] Level 1:colcon.colcon_core.package_identification:_identify(src/log/build_2024-11-04_19-25-21) by extensions ['ignore', 'ignore_ament_install']
[0.708s] Level 1:colcon.colcon_core.package_identification:_identify(src/log/build_2024-11-04_19-25-21) by extension 'ignore'
[0.708s] Level 1:colcon.colcon_core.package_identification:_identify(src/log/build_2024-11-04_19-25-21) by extension 'ignore_ament_install'
[0.708s] Level 1:colcon.colcon_core.package_identification:_identify(src/log/build_2024-11-04_19-25-21) by extensions ['colcon_pkg']
[0.708s] Level 1:colcon.colcon_core.package_identification:_identify(src/log/build_2024-11-04_19-25-21) by extension 'colcon_pkg'
[0.708s] Level 1:colcon.colcon_core.package_identification:_identify(src/log/build_2024-11-04_19-25-21) by extensions ['colcon_meta']
[0.708s] Level 1:colcon.colcon_core.package_identification:_identify(src/log/build_2024-11-04_19-25-21) by extension 'colcon_meta'
[0.708s] Level 1:colcon.colcon_core.package_identification:_identify(src/log/build_2024-11-04_19-25-21) by extensions ['ros']
[0.708s] Level 1:colcon.colcon_core.package_identification:_identify(src/log/build_2024-11-04_19-25-21) by extension 'ros'
[0.709s] Level 1:colcon.colcon_core.package_identification:_identify(src/log/build_2024-11-04_19-25-21) by extensions ['cmake', 'python']
[0.709s] Level 1:colcon.colcon_core.package_identification:_identify(src/log/build_2024-11-04_19-25-21) by extension 'cmake'
[0.709s] Level 1:colcon.colcon_core.package_identification:_identify(src/log/build_2024-11-04_19-25-21) by extension 'python'
[0.709s] Level 1:colcon.colcon_core.package_identification:_identify(src/log/build_2024-11-04_19-25-21) by extensions ['python_setup_py']
[0.709s] Level 1:colcon.colcon_core.package_identification:_identify(src/log/build_2024-11-04_19-25-21) by extension 'python_setup_py'
[0.709s] Level 1:colcon.colcon_core.package_identification:_identify(src/log/build_2024-11-04_19-25-47) by extensions ['ignore', 'ignore_ament_install']
[0.709s] Level 1:colcon.colcon_core.package_identification:_identify(src/log/build_2024-11-04_19-25-47) by extension 'ignore'
[0.710s] Level 1:colcon.colcon_core.package_identification:_identify(src/log/build_2024-11-04_19-25-47) by extension 'ignore_ament_install'
[0.710s] Level 1:colcon.colcon_core.package_identification:_identify(src/log/build_2024-11-04_19-25-47) by extensions ['colcon_pkg']
[0.710s] Level 1:colcon.colcon_core.package_identification:_identify(src/log/build_2024-11-04_19-25-47) by extension 'colcon_pkg'
[0.710s] Level 1:colcon.colcon_core.package_identification:_identify(src/log/build_2024-11-04_19-25-47) by extensions ['colcon_meta']
[0.710s] Level 1:colcon.colcon_core.package_identification:_identify(src/log/build_2024-11-04_19-25-47) by extension 'colcon_meta'
[0.710s] Level 1:colcon.colcon_core.package_identification:_identify(src/log/build_2024-11-04_19-25-47) by extensions ['ros']
[0.710s] Level 1:colcon.colcon_core.package_identification:_identify(src/log/build_2024-11-04_19-25-47) by extension 'ros'
[0.710s] Level 1:colcon.colcon_core.package_identification:_identify(src/log/build_2024-11-04_19-25-47) by extensions ['cmake', 'python']
[0.710s] Level 1:colcon.colcon_core.package_identification:_identify(src/log/build_2024-11-04_19-25-47) by extension 'cmake'
[0.710s] Level 1:colcon.colcon_core.package_identification:_identify(src/log/build_2024-11-04_19-25-47) by extension 'python'
[0.710s] Level 1:colcon.colcon_core.package_identification:_identify(src/log/build_2024-11-04_19-25-47) by extensions ['python_setup_py']
[0.710s] Level 1:colcon.colcon_core.package_identification:_identify(src/log/build_2024-11-04_19-25-47) by extension 'python_setup_py'
[0.710s] Level 1:colcon.colcon_core.package_identification:_identify(src/log/build_2024-11-04_19-25-47/villege_li) by extensions ['ignore', 'ignore_ament_install']
[0.711s] Level 1:colcon.colcon_core.package_identification:_identify(src/log/build_2024-11-04_19-25-47/villege_li) by extension 'ignore'
[0.711s] Level 1:colcon.colcon_core.package_identification:_identify(src/log/build_2024-11-04_19-25-47/villege_li) by extension 'ignore_ament_install'
[0.711s] Level 1:colcon.colcon_core.package_identification:_identify(src/log/build_2024-11-04_19-25-47/villege_li) by extensions ['colcon_pkg']
[0.711s] Level 1:colcon.colcon_core.package_identification:_identify(src/log/build_2024-11-04_19-25-47/villege_li) by extension 'colcon_pkg'
[0.711s] Level 1:colcon.colcon_core.package_identification:_identify(src/log/build_2024-11-04_19-25-47/villege_li) by extensions ['colcon_meta']
[0.711s] Level 1:colcon.colcon_core.package_identification:_identify(src/log/build_2024-11-04_19-25-47/villege_li) by extension 'colcon_meta'
[0.711s] Level 1:colcon.colcon_core.package_identification:_identify(src/log/build_2024-11-04_19-25-47/villege_li) by extensions ['ros']
[0.711s] Level 1:colcon.colcon_core.package_identification:_identify(src/log/build_2024-11-04_19-25-47/villege_li) by extension 'ros'
[0.711s] Level 1:colcon.colcon_core.package_identification:_identify(src/log/build_2024-11-04_19-25-47/villege_li) by extensions ['cmake', 'python']
[0.711s] Level 1:colcon.colcon_core.package_identification:_identify(src/log/build_2024-11-04_19-25-47/villege_li) by extension 'cmake'
[0.712s] Level 1:colcon.colcon_core.package_identification:_identify(src/log/build_2024-11-04_19-25-47/villege_li) by extension 'python'
[0.712s] Level 1:colcon.colcon_core.package_identification:_identify(src/log/build_2024-11-04_19-25-47/villege_li) by extensions ['python_setup_py']
[0.712s] Level 1:colcon.colcon_core.package_identification:_identify(src/log/build_2024-11-04_19-25-47/villege_li) by extension 'python_setup_py'
[0.712s] Level 1:colcon.colcon_core.package_identification:_identify(src/village_li) by extensions ['ignore', 'ignore_ament_install']
[0.712s] Level 1:colcon.colcon_core.package_identification:_identify(src/village_li) by extension 'ignore'
[0.712s] Level 1:colcon.colcon_core.package_identification:_identify(src/village_li) by extension 'ignore_ament_install'
[0.712s] Level 1:colcon.colcon_core.package_identification:_identify(src/village_li) by extensions ['colcon_pkg']
[0.712s] Level 1:colcon.colcon_core.package_identification:_identify(src/village_li) by extension 'colcon_pkg'
[0.713s] Level 1:colcon.colcon_core.package_identification:_identify(src/village_li) by extensions ['colcon_meta']
[0.713s] Level 1:colcon.colcon_core.package_identification:_identify(src/village_li) by extension 'colcon_meta'
[0.713s] Level 1:colcon.colcon_core.package_identification:_identify(src/village_li) by extensions ['ros']
[0.713s] Level 1:colcon.colcon_core.package_identification:_identify(src/village_li) by extension 'ros'
[0.717s] DEBUG:colcon.colcon_core.package_identification:Package 'src/village_li' with type 'ros.ament_python' and name 'village_li'
[0.718s] Level 1:colcon.colcon_core.package_identification:_identify(src/village_wang) by extensions ['ignore', 'ignore_ament_install']
[0.718s] Level 1:colcon.colcon_core.package_identification:_identify(src/village_wang) by extension 'ignore'
[0.718s] Level 1:colcon.colcon_core.package_identification:_identify(src/village_wang) by extension 'ignore_ament_install'
[0.719s] Level 1:colcon.colcon_core.package_identification:_identify(src/village_wang) by extensions ['colcon_pkg']
[0.719s] Level 1:colcon.colcon_core.package_identification:_identify(src/village_wang) by extension 'colcon_pkg'
[0.719s] Level 1:colcon.colcon_core.package_identification:_identify(src/village_wang) by extensions ['colcon_meta']
[0.719s] Level 1:colcon.colcon_core.package_identification:_identify(src/village_wang) by extension 'colcon_meta'
[0.719s] Level 1:colcon.colcon_core.package_identification:_identify(src/village_wang) by extensions ['ros']
[0.719s] Level 1:colcon.colcon_core.package_identification:_identify(src/village_wang) by extension 'ros'
[0.720s] DEBUG:colcon.colcon_core.package_identification:Package 'src/village_wang' with type 'ros.ament_cmake' and name 'village_wang'
[0.721s] Level 1:colcon.colcon_core.package_discovery:discover_packages(recursive) using defaults
[0.722s] Level 1:colcon.colcon_core.package_discovery:discover_packages(ignore) discover
[0.723s] Level 1:colcon.colcon_core.package_discovery:discover_packages(ignore) using defaults
[0.723s] Level 1:colcon.colcon_core.package_discovery:discover_packages(path) discover
[0.724s] Level 1:colcon.colcon_core.package_discovery:discover_packages(path) using defaults
[0.775s] Level 1:colcon.colcon_core.package_discovery:discover_packages(prefix_path) check parameters
[0.776s] Level 1:colcon.colcon_core.package_discovery:discover_packages(prefix_path) discover
[0.782s] DEBUG:colcon.colcon_installed_package_information.package_discovery:Found 270 installed packages in /opt/ros/humble
[0.785s] Level 1:colcon.colcon_core.package_discovery:discover_packages(prefix_path) using defaults
[0.088s] Level 5:colcon.colcon_core.verb:set package 'village_li' build argument 'cmake_args' from command line to 'None'
[0.088s] Level 5:colcon.colcon_core.verb:set package 'village_li' build argument 'cmake_target' from command line to 'None'
[0.088s] Level 5:colcon.colcon_core.verb:set package 'village_li' build argument 'cmake_target_skip_unavailable' from command line to 'False'
[0.088s] Level 5:colcon.colcon_core.verb:set package 'village_li' build argument 'cmake_clean_cache' from command line to 'False'
[0.088s] Level 5:colcon.colcon_core.verb:set package 'village_li' build argument 'cmake_clean_first' from command line to 'False'
[0.088s] Level 5:colcon.colcon_core.verb:set package 'village_li' build argument 'cmake_force_configure' from command line to 'False'
[0.088s] Level 5:colcon.colcon_core.verb:set package 'village_li' build argument 'ament_cmake_args' from command line to 'None'
[0.088s] Level 5:colcon.colcon_core.verb:set package 'village_li' build argument 'catkin_cmake_args' from command line to 'None'
[0.088s] Level 5:colcon.colcon_core.verb:set package 'village_li' build argument 'catkin_skip_building_tests' from command line to 'False'
[0.088s] DEBUG:colcon.colcon_core.verb:Building package 'village_li' with the following arguments: {'ament_cmake_args': None, 'build_base': '/home/zfh/code/ros2Std/town_ws/build/village_li', 'catkin_cmake_args': None, 'catkin_skip_building_tests': False, 'cmake_args': None, 'cmake_clean_cache': False, 'cmake_clean_first': False, 'cmake_force_configure': False, 'cmake_target': None, 'cmake_target_skip_unavailable': False, 'install_base': '/home/zfh/code/ros2Std/town_ws/install/village_li', 'merge_install': False, 'path': '/home/zfh/code/ros2Std/town_ws/src/village_li', 'symlink_install': False, 'test_result_base': None}
[0.089s] Level 5:colcon.colcon_core.verb:set package 'village_wang' build argument 'cmake_args' from command line to 'None'
[0.089s] Level 5:colcon.colcon_core.verb:set package 'village_wang' build argument 'cmake_target' from command line to 'None'
[0.089s] Level 5:colcon.colcon_core.verb:set package 'village_wang' build argument 'cmake_target_skip_unavailable' from command line to 'False'
[0.089s] Level 5:colcon.colcon_core.verb:set package 'village_wang' build argument 'cmake_clean_cache' from command line to 'False'
[0.089s] Level 5:colcon.colcon_core.verb:set package 'village_wang' build argument 'cmake_clean_first' from command line to 'False'
[0.089s] Level 5:colcon.colcon_core.verb:set package 'village_wang' build argument 'cmake_force_configure' from command line to 'False'
[0.089s] Level 5:colcon.colcon_core.verb:set package 'village_wang' build argument 'ament_cmake_args' from command line to 'None'
[0.089s] Level 5:colcon.colcon_core.verb:set package 'village_wang' build argument 'catkin_cmake_args' from command line to 'None'
[0.089s] Level 5:colcon.colcon_core.verb:set package 'village_wang' build argument 'catkin_skip_building_tests' from command line to 'False'
[0.089s] DEBUG:colcon.colcon_core.verb:Building package 'village_wang' with the following arguments: {'ament_cmake_args': None, 'build_base': '/home/zfh/code/ros2Std/town_ws/build/village_wang', 'catkin_cmake_args': None, 'catkin_skip_building_tests': False, 'cmake_args': None, 'cmake_clean_cache': False, 'cmake_clean_first': False, 'cmake_force_configure': False, 'cmake_target': None, 'cmake_target_skip_unavailable': False, 'install_base': '/home/zfh/code/ros2Std/town_ws/install/village_wang', 'merge_install': False, 'path': '/home/zfh/code/ros2Std/town_ws/src/village_wang', 'symlink_install': False, 'test_result_base': None}
[0.090s] INFO:colcon.colcon_core.executor:Executing jobs using 'parallel' executor
[0.092s] DEBUG:colcon.colcon_parallel_executor.executor.parallel:run_until_complete
[0.092s] INFO:colcon.colcon_ros.task.ament_python.build:Building ROS package in '/home/zfh/code/ros2Std/town_ws/src/village_li' with build type 'ament_python'
[0.093s] Level 1:colcon.colcon_core.shell:create_environment_hook('village_li', 'ament_prefix_path')
[0.097s] INFO:colcon.colcon_core.plugin_system:Skipping extension 'colcon_core.shell.bat': Not used on non-Windows systems
[0.097s] INFO:colcon.colcon_core.shell:Creating environment hook '/home/zfh/code/ros2Std/town_ws/install/village_li/share/village_li/hook/ament_prefix_path.ps1'
[0.099s] INFO:colcon.colcon_core.shell:Creating environment descriptor '/home/zfh/code/ros2Std/town_ws/install/village_li/share/village_li/hook/ament_prefix_path.dsv'
[0.101s] INFO:colcon.colcon_core.shell:Creating environment hook '/home/zfh/code/ros2Std/town_ws/install/village_li/share/village_li/hook/ament_prefix_path.sh'
[0.107s] INFO:colcon.colcon_core.shell:Skip shell extension 'powershell' for command environment: Not usable outside of PowerShell
[0.108s] DEBUG:colcon.colcon_core.shell:Skip shell extension 'dsv' for command environment
[0.115s] INFO:colcon.colcon_ros.task.ament_cmake.build:Building ROS package in '/home/zfh/code/ros2Std/town_ws/src/village_wang' with build type 'ament_cmake'
[0.116s] INFO:colcon.colcon_cmake.task.cmake.build:Building CMake package in '/home/zfh/code/ros2Std/town_ws/src/village_wang'
[0.117s] INFO:colcon.colcon_core.shell:Skip shell extension 'powershell' for command environment: Not usable outside of PowerShell
[0.117s] DEBUG:colcon.colcon_core.shell:Skip shell extension 'dsv' for command environment
[1.231s] INFO:colcon.colcon_core.task.python.build:Building Python package in '/home/zfh/code/ros2Std/town_ws/src/village_li'
[1.232s] INFO:colcon.colcon_core.shell:Skip shell extension 'powershell' for command environment: Not usable outside of PowerShell
[1.232s] DEBUG:colcon.colcon_core.shell:Skip shell extension 'dsv' for command environment
[1.281s] DEBUG:colcon.colcon_core.event_handler.log_command:Invoking command in '/home/zfh/code/ros2Std/town_ws/build/village_wang': CMAKE_PREFIX_PATH=/opt/ros/humble /usr/bin/cmake /home/zfh/code/ros2Std/town_ws/src/village_wang -DCMAKE_INSTALL_PREFIX=/home/zfh/code/ros2Std/town_ws/install/village_wang
[1.906s] DEBUG:colcon.colcon_core.event_handler.log_command:Invoked command in '/home/zfh/code/ros2Std/town_ws/build/village_wang' returned '1': CMAKE_PREFIX_PATH=/opt/ros/humble /usr/bin/cmake /home/zfh/code/ros2Std/town_ws/src/village_wang -DCMAKE_INSTALL_PREFIX=/home/zfh/code/ros2Std/town_ws/install/village_wang
[2.290s] Level 1:colcon.colcon_core.environment:create_environment_scripts_only(village_wang)
[2.304s] Level 1:colcon.colcon_core.environment:checking '/home/zfh/code/ros2Std/town_ws/install/village_wang' for CMake module files
[2.305s] Level 1:colcon.colcon_core.environment:checking '/home/zfh/code/ros2Std/town_ws/install/village_wang' for CMake config files
[2.306s] Level 1:colcon.colcon_core.shell:create_environment_hook('village_wang', 'cmake_prefix_path')
[2.307s] INFO:colcon.colcon_core.shell:Creating environment hook '/home/zfh/code/ros2Std/town_ws/install/village_wang/share/village_wang/hook/cmake_prefix_path.ps1'
[2.308s] INFO:colcon.colcon_core.shell:Creating environment descriptor '/home/zfh/code/ros2Std/town_ws/install/village_wang/share/village_wang/hook/cmake_prefix_path.dsv'
[2.309s] INFO:colcon.colcon_core.shell:Creating environment hook '/home/zfh/code/ros2Std/town_ws/install/village_wang/share/village_wang/hook/cmake_prefix_path.sh'
[2.311s] Level 1:colcon.colcon_core.environment:checking '/home/zfh/code/ros2Std/town_ws/install/village_wang/lib'
[2.311s] Level 1:colcon.colcon_core.environment:checking '/home/zfh/code/ros2Std/town_ws/install/village_wang/bin'
[2.311s] Level 1:colcon.colcon_core.environment:checking '/home/zfh/code/ros2Std/town_ws/install/village_wang/lib/pkgconfig/village_wang.pc'
[2.312s] Level 1:colcon.colcon_core.environment:checking '/home/zfh/code/ros2Std/town_ws/install/village_wang/lib/python3.10/site-packages'
[2.313s] Level 1:colcon.colcon_core.environment:checking '/home/zfh/code/ros2Std/town_ws/install/village_wang/bin'
[2.314s] INFO:colcon.colcon_core.shell:Creating package script '/home/zfh/code/ros2Std/town_ws/install/village_wang/share/village_wang/package.ps1'
[2.317s] INFO:colcon.colcon_core.shell:Creating package descriptor '/home/zfh/code/ros2Std/town_ws/install/village_wang/share/village_wang/package.dsv'
[2.318s] INFO:colcon.colcon_core.shell:Creating package script '/home/zfh/code/ros2Std/town_ws/install/village_wang/share/village_wang/package.sh'
[2.320s] INFO:colcon.colcon_core.shell:Creating package script '/home/zfh/code/ros2Std/town_ws/install/village_wang/share/village_wang/package.bash'
[2.322s] INFO:colcon.colcon_core.shell:Creating package script '/home/zfh/code/ros2Std/town_ws/install/village_wang/share/village_wang/package.zsh'
[2.323s] Level 1:colcon.colcon_core.environment:create_file_with_runtime_dependencies(/home/zfh/code/ros2Std/town_ws/install/village_wang/share/colcon-core/packages/village_wang)
[3.257s] DEBUG:colcon.colcon_parallel_executor.executor.parallel:closing loop
[3.258s] DEBUG:colcon.colcon_parallel_executor.executor.parallel:loop closed
[3.259s] DEBUG:colcon.colcon_parallel_executor.executor.parallel:run_until_complete finished with '1'
[3.260s] DEBUG:colcon.colcon_core.event_reactor:joining thread
[3.278s] INFO:colcon.colcon_core.plugin_system:Skipping extension 'colcon_notification.desktop_notification.terminal_notifier': Not used on non-Darwin systems
[3.279s] INFO:colcon.colcon_core.plugin_system:Skipping extension 'colcon_notification.desktop_notification.win32': Not used on non-Windows systems
[3.279s] INFO:colcon.colcon_notification.desktop_notification:Sending desktop notification using 'notify2'
[3.295s] DEBUG:colcon.colcon_core.event_reactor:joined thread
[3.296s] INFO:colcon.colcon_core.shell:Creating prefix script '/home/zfh/code/ros2Std/town_ws/install/local_setup.ps1'
[3.302s] INFO:colcon.colcon_core.shell:Creating prefix util module '/home/zfh/code/ros2Std/town_ws/install/_local_setup_util_ps1.py'
[3.311s] INFO:colcon.colcon_core.shell:Creating prefix chain script '/home/zfh/code/ros2Std/town_ws/install/setup.ps1'
[3.313s] INFO:colcon.colcon_core.shell:Creating prefix script '/home/zfh/code/ros2Std/town_ws/install/local_setup.sh'
[3.320s] INFO:colcon.colcon_core.shell:Creating prefix util module '/home/zfh/code/ros2Std/town_ws/install/_local_setup_util_sh.py'
[3.326s] INFO:colcon.colcon_core.shell:Creating prefix chain script '/home/zfh/code/ros2Std/town_ws/install/setup.sh'
[3.329s] INFO:colcon.colcon_core.shell:Creating prefix script '/home/zfh/code/ros2Std/town_ws/install/local_setup.bash'
[3.332s] INFO:colcon.colcon_core.shell:Creating prefix chain script '/home/zfh/code/ros2Std/town_ws/install/setup.bash'
[3.345s] INFO:colcon.colcon_core.shell:Creating prefix script '/home/zfh/code/ros2Std/town_ws/install/local_setup.zsh'
[3.346s] INFO:colcon.colcon_core.shell:Creating prefix chain script '/home/zfh/code/ros2Std/town_ws/install/setup.zsh'
