C51 COMPILER V9.60.7.0   MAIN                                                              04/18/2024 16:49:25 PAGE 1   


C51 COMPILER V9.60.7.0, COMPILATION OF MODULE MAIN
OBJECT MODULE PLACED IN .\Objects\main.obj
COMPILER INVOKED BY: D:\applications\keli 5 C51\C51\BIN\C51.EXE main.c OPTIMIZE(8,SPEED) BROWSE DEBUG OBJECTEXTEND PRINT
                    -(.\Listings\main.lst) TABS(2) OBJECT(.\Objects\main.obj)

line level    source

   1          #include <STC89C5xRC.H>
   2          #include "Delay.h"
   3          #include "UART.h"
   4          
   5          void main()
   6          {
   7   1        UART_Init();
   8   1        while(1)
   9   1        {
  10   2          
  11   2        }
  12   1      }
  13          
  14          //中断函数：
  15          void UART_Routine() interrupt 4 //interrupt后的数字决定此函数的中断类型
  16          {
  17   1        if(RI==1)//若为1，则为接收中断
  18   1        {
  19   2          P2 = ~SBUF;
  20   2          UART_SendByte(SBUF);
  21   2          RI = 0;//RI与TI一样，需要软件中置为0
  22   2        }
  23   1      }


MODULE INFORMATION:   STATIC OVERLAYABLE
   CODE SIZE        =     76    ----
   CONSTANT SIZE    =   ----    ----
   XDATA SIZE       =   ----    ----
   PDATA SIZE       =   ----    ----
   DATA SIZE        =   ----    ----
   IDATA SIZE       =   ----    ----
   BIT SIZE         =   ----    ----
END OF MODULE INFORMATION.


C51 COMPILATION COMPLETE.  0 WARNING(S),  0 ERROR(S)
