running egg_info
writing ../../build/villege_li/villege_li.egg-info/PKG-INFO
writing dependency_links to ../../build/villege_li/villege_li.egg-info/dependency_links.txt
writing entry points to ../../build/villege_li/villege_li.egg-info/entry_points.txt
writing requirements to ../../build/villege_li/villege_li.egg-info/requires.txt
writing top-level names to ../../build/villege_li/villege_li.egg-info/top_level.txt
reading manifest file '../../build/villege_li/villege_li.egg-info/SOURCES.txt'
writing manifest file '../../build/villege_li/villege_li.egg-info/SOURCES.txt'
running build
running build_py
creating /home/zfh/code/code/ros2Std/town_ws/build/villege_li/build/lib/village_li
copying village_li/li4_oop.py -> /home/zfh/code/code/ros2Std/town_ws/build/villege_li/build/lib/village_li
copying village_li/li4_pop.py -> /home/zfh/code/code/ros2Std/town_ws/build/villege_li/build/lib/village_li
copying village_li/li4_publisher.py -> /home/zfh/code/code/ros2Std/town_ws/build/villege_li/build/lib/village_li
copying village_li/__init__.py -> /home/zfh/code/code/ros2Std/town_ws/build/villege_li/build/lib/village_li
running install
running install_lib
creating /home/zfh/code/code/ros2Std/town_ws/install/villege_li/lib/python3.10/site-packages/village_li
copying /home/zfh/code/code/ros2Std/town_ws/build/villege_li/build/lib/village_li/li4_oop.py -> /home/zfh/code/code/ros2Std/town_ws/install/villege_li/lib/python3.10/site-packages/village_li
copying /home/zfh/code/code/ros2Std/town_ws/build/villege_li/build/lib/village_li/li4_pop.py -> /home/zfh/code/code/ros2Std/town_ws/install/villege_li/lib/python3.10/site-packages/village_li
copying /home/zfh/code/code/ros2Std/town_ws/build/villege_li/build/lib/village_li/li4_publisher.py -> /home/zfh/code/code/ros2Std/town_ws/install/villege_li/lib/python3.10/site-packages/village_li
copying /home/zfh/code/code/ros2Std/town_ws/build/villege_li/build/lib/village_li/__init__.py -> /home/zfh/code/code/ros2Std/town_ws/install/villege_li/lib/python3.10/site-packages/village_li
byte-compiling /home/zfh/code/code/ros2Std/town_ws/install/villege_li/lib/python3.10/site-packages/village_li/li4_oop.py to li4_oop.cpython-310.pyc
byte-compiling /home/zfh/code/code/ros2Std/town_ws/install/villege_li/lib/python3.10/site-packages/village_li/li4_pop.py to li4_pop.cpython-310.pyc
byte-compiling /home/zfh/code/code/ros2Std/town_ws/install/villege_li/lib/python3.10/site-packages/village_li/li4_publisher.py to li4_publisher.cpython-310.pyc
byte-compiling /home/zfh/code/code/ros2Std/town_ws/install/villege_li/lib/python3.10/site-packages/village_li/__init__.py to __init__.cpython-310.pyc
running install_data
copying package.xml -> /home/zfh/code/code/ros2Std/town_ws/install/villege_li/share/villege_li
running install_egg_info
removing '/home/zfh/code/code/ros2Std/town_ws/install/villege_li/lib/python3.10/site-packages/villege_li-0.0.0-py3.10.egg-info' (and everything under it)
Copying ../../build/villege_li/villege_li.egg-info to /home/zfh/code/code/ros2Std/town_ws/install/villege_li/lib/python3.10/site-packages/villege_li-0.0.0-py3.10.egg-info
running install_scripts
Installing li4_node script to /home/zfh/code/code/ros2Std/town_ws/install/villege_li/lib/villege_li
Installing li4_node_oop script to /home/zfh/code/code/ros2Std/town_ws/install/villege_li/lib/villege_li
Installing li4_node_pop script to /home/zfh/code/code/ros2Std/town_ws/install/villege_li/lib/villege_li
writing list of installed files to '/home/zfh/code/code/ros2Std/town_ws/build/villege_li/install.log'
