[1.264s] DEBUG:colcon:Command line arguments: ['/usr/bin/colcon', 'build']
[1.265s] DEBUG:colcon:Parsed command line arguments: Namespace(log_base=None, log_level=None, verb_name='build', build_base='build', install_base='install', merge_install=False, symlink_install=False, test_result_base=None, continue_on_error=False, executor='parallel', parallel_workers=4, event_handlers=None, ignore_user_meta=False, metas=['./colcon.meta'], base_paths=['.'], packages_ignore=None, packages_ignore_regex=None, paths=None, packages_up_to=None, packages_up_to_regex=None, packages_above=None, packages_above_and_dependencies=None, packages_above_depth=None, packages_select_by_dep=None, packages_skip_by_dep=None, packages_skip_up_to=None, packages_select_build_failed=False, packages_skip_build_finished=False, packages_select_test_failures=False, packages_skip_test_passed=False, packages_select=None, packages_skip=None, packages_select_regex=None, packages_skip_regex=None, packages_start=None, packages_end=None, allow_overriding=[], cmake_args=None, cmake_target=None, cmake_target_skip_unavailable=False, cmake_clean_cache=False, cmake_clean_first=False, cmake_force_configure=False, ament_cmake_args=None, catkin_cmake_args=None, catkin_skip_building_tests=False, verb_parser=<colcon_defaults.argument_parser.defaults.DefaultArgumentsDecorator object at 0x7fda98104700>, verb_extension=<colcon_core.verb.build.BuildVerb object at 0x7fda98104190>, main=<bound method BuildVerb.main of <colcon_core.verb.build.BuildVerb object at 0x7fda98104190>>)
[5.425s] Level 1:colcon.colcon_core.package_discovery:discover_packages(colcon_meta) check parameters
[5.427s] Level 1:colcon.colcon_core.package_discovery:discover_packages(recursive) check parameters
[5.427s] Level 1:colcon.colcon_core.package_discovery:discover_packages(ignore) check parameters
[5.427s] Level 1:colcon.colcon_core.package_discovery:discover_packages(path) check parameters
[5.428s] Level 1:colcon.colcon_core.package_discovery:discover_packages(colcon_meta) discover
[5.429s] Level 1:colcon.colcon_core.package_discovery:discover_packages(recursive) discover
[5.429s] INFO:colcon.colcon_core.package_discovery:Crawling recursively for packages in '/home/zfh/code/ros2Std/town_ws'
[5.429s] Level 1:colcon.colcon_core.package_identification:_identify(.) by extensions ['ignore', 'ignore_ament_install']
[5.430s] Level 1:colcon.colcon_core.package_identification:_identify(.) by extension 'ignore'
[5.431s] Level 1:colcon.colcon_core.package_identification:_identify(.) by extension 'ignore_ament_install'
[5.436s] Level 1:colcon.colcon_core.package_identification:_identify(.) by extensions ['colcon_pkg']
[5.437s] Level 1:colcon.colcon_core.package_identification:_identify(.) by extension 'colcon_pkg'
[5.437s] Level 1:colcon.colcon_core.package_identification:_identify(.) by extensions ['colcon_meta']
[5.438s] Level 1:colcon.colcon_core.package_identification:_identify(.) by extension 'colcon_meta'
[5.438s] Level 1:colcon.colcon_core.package_identification:_identify(.) by extensions ['ros']
[5.438s] Level 1:colcon.colcon_core.package_identification:_identify(.) by extension 'ros'
[5.652s] Level 1:colcon.colcon_core.package_identification:_identify(.) by extensions ['cmake', 'python']
[5.652s] Level 1:colcon.colcon_core.package_identification:_identify(.) by extension 'cmake'
[5.652s] Level 1:colcon.colcon_core.package_identification:_identify(.) by extension 'python'
[5.653s] Level 1:colcon.colcon_core.package_identification:_identify(.) by extensions ['python_setup_py']
[5.653s] Level 1:colcon.colcon_core.package_identification:_identify(.) by extension 'python_setup_py'
[5.654s] Level 1:colcon.colcon_core.package_identification:_identify(build) by extensions ['ignore', 'ignore_ament_install']
[5.655s] Level 1:colcon.colcon_core.package_identification:_identify(build) by extension 'ignore'
[5.655s] Level 1:colcon.colcon_core.package_identification:_identify(build) ignored
[5.656s] Level 1:colcon.colcon_core.package_identification:_identify(install) by extensions ['ignore', 'ignore_ament_install']
[5.656s] Level 1:colcon.colcon_core.package_identification:_identify(install) by extension 'ignore'
[5.657s] Level 1:colcon.colcon_core.package_identification:_identify(install) ignored
[5.657s] Level 1:colcon.colcon_core.package_identification:_identify(log) by extensions ['ignore', 'ignore_ament_install']
[5.658s] Level 1:colcon.colcon_core.package_identification:_identify(log) by extension 'ignore'
[5.658s] Level 1:colcon.colcon_core.package_identification:_identify(log) ignored
[5.658s] Level 1:colcon.colcon_core.package_identification:_identify(src) by extensions ['ignore', 'ignore_ament_install']
[5.659s] Level 1:colcon.colcon_core.package_identification:_identify(src) by extension 'ignore'
[5.659s] Level 1:colcon.colcon_core.package_identification:_identify(src) by extension 'ignore_ament_install'
[5.659s] Level 1:colcon.colcon_core.package_identification:_identify(src) by extensions ['colcon_pkg']
[5.659s] Level 1:colcon.colcon_core.package_identification:_identify(src) by extension 'colcon_pkg'
[5.659s] Level 1:colcon.colcon_core.package_identification:_identify(src) by extensions ['colcon_meta']
[5.659s] Level 1:colcon.colcon_core.package_identification:_identify(src) by extension 'colcon_meta'
[5.660s] Level 1:colcon.colcon_core.package_identification:_identify(src) by extensions ['ros']
[5.660s] Level 1:colcon.colcon_core.package_identification:_identify(src) by extension 'ros'
[5.660s] Level 1:colcon.colcon_core.package_identification:_identify(src) by extensions ['cmake', 'python']
[5.660s] Level 1:colcon.colcon_core.package_identification:_identify(src) by extension 'cmake'
[5.660s] Level 1:colcon.colcon_core.package_identification:_identify(src) by extension 'python'
[5.661s] Level 1:colcon.colcon_core.package_identification:_identify(src) by extensions ['python_setup_py']
[5.661s] Level 1:colcon.colcon_core.package_identification:_identify(src) by extension 'python_setup_py'
[5.665s] Level 1:colcon.colcon_core.package_identification:_identify(src/build) by extensions ['ignore', 'ignore_ament_install']
[5.666s] Level 1:colcon.colcon_core.package_identification:_identify(src/build) by extension 'ignore'
[5.667s] Level 1:colcon.colcon_core.package_identification:_identify(src/build) by extension 'ignore_ament_install'
[5.667s] Level 1:colcon.colcon_core.package_identification:_identify(src/build) by extensions ['colcon_pkg']
[5.667s] Level 1:colcon.colcon_core.package_identification:_identify(src/build) by extension 'colcon_pkg'
[5.668s] Level 1:colcon.colcon_core.package_identification:_identify(src/build) by extensions ['colcon_meta']
[5.668s] Level 1:colcon.colcon_core.package_identification:_identify(src/build) by extension 'colcon_meta'
[5.668s] Level 1:colcon.colcon_core.package_identification:_identify(src/build) by extensions ['ros']
[5.669s] Level 1:colcon.colcon_core.package_identification:_identify(src/build) by extension 'ros'
[5.669s] Level 1:colcon.colcon_core.package_identification:_identify(src/build) by extensions ['cmake', 'python']
[5.669s] Level 1:colcon.colcon_core.package_identification:_identify(src/build) by extension 'cmake'
[5.670s] Level 1:colcon.colcon_core.package_identification:_identify(src/build) by extension 'python'
[5.670s] Level 1:colcon.colcon_core.package_identification:_identify(src/build) by extensions ['python_setup_py']
[5.671s] Level 1:colcon.colcon_core.package_identification:_identify(src/build) by extension 'python_setup_py'
[5.671s] Level 1:colcon.colcon_core.package_identification:_identify(src/build/villege_li) by extensions ['ignore', 'ignore_ament_install']
[5.672s] Level 1:colcon.colcon_core.package_identification:_identify(src/build/villege_li) by extension 'ignore'
[5.672s] Level 1:colcon.colcon_core.package_identification:_identify(src/build/villege_li) by extension 'ignore_ament_install'
[5.673s] Level 1:colcon.colcon_core.package_identification:_identify(src/build/villege_li) by extensions ['colcon_pkg']
[5.673s] Level 1:colcon.colcon_core.package_identification:_identify(src/build/villege_li) by extension 'colcon_pkg'
[5.674s] Level 1:colcon.colcon_core.package_identification:_identify(src/build/villege_li) by extensions ['colcon_meta']
[5.674s] Level 1:colcon.colcon_core.package_identification:_identify(src/build/villege_li) by extension 'colcon_meta'
[5.674s] Level 1:colcon.colcon_core.package_identification:_identify(src/build/villege_li) by extensions ['ros']
[5.675s] Level 1:colcon.colcon_core.package_identification:_identify(src/build/villege_li) by extension 'ros'
[5.675s] Level 1:colcon.colcon_core.package_identification:_identify(src/build/villege_li) by extensions ['cmake', 'python']
[5.675s] Level 1:colcon.colcon_core.package_identification:_identify(src/build/villege_li) by extension 'cmake'
[5.676s] Level 1:colcon.colcon_core.package_identification:_identify(src/build/villege_li) by extension 'python'
[5.676s] Level 1:colcon.colcon_core.package_identification:_identify(src/build/villege_li) by extensions ['python_setup_py']
[5.676s] Level 1:colcon.colcon_core.package_identification:_identify(src/build/villege_li) by extension 'python_setup_py'
[5.677s] Level 1:colcon.colcon_core.package_identification:_identify(src/build/villege_li/build) by extensions ['ignore', 'ignore_ament_install']
[5.678s] Level 1:colcon.colcon_core.package_identification:_identify(src/build/villege_li/build) by extension 'ignore'
[5.678s] Level 1:colcon.colcon_core.package_identification:_identify(src/build/villege_li/build) by extension 'ignore_ament_install'
[5.682s] Level 1:colcon.colcon_core.package_identification:_identify(src/build/villege_li/build) by extensions ['colcon_pkg']
[5.682s] Level 1:colcon.colcon_core.package_identification:_identify(src/build/villege_li/build) by extension 'colcon_pkg'
[5.683s] Level 1:colcon.colcon_core.package_identification:_identify(src/build/villege_li/build) by extensions ['colcon_meta']
[5.683s] Level 1:colcon.colcon_core.package_identification:_identify(src/build/villege_li/build) by extension 'colcon_meta'
[5.684s] Level 1:colcon.colcon_core.package_identification:_identify(src/build/villege_li/build) by extensions ['ros']
[5.684s] Level 1:colcon.colcon_core.package_identification:_identify(src/build/villege_li/build) by extension 'ros'
[5.685s] Level 1:colcon.colcon_core.package_identification:_identify(src/build/villege_li/build) by extensions ['cmake', 'python']
[5.685s] Level 1:colcon.colcon_core.package_identification:_identify(src/build/villege_li/build) by extension 'cmake'
[5.686s] Level 1:colcon.colcon_core.package_identification:_identify(src/build/villege_li/build) by extension 'python'
[5.686s] Level 1:colcon.colcon_core.package_identification:_identify(src/build/villege_li/build) by extensions ['python_setup_py']
[5.686s] Level 1:colcon.colcon_core.package_identification:_identify(src/build/villege_li/build) by extension 'python_setup_py'
[5.687s] Level 1:colcon.colcon_core.package_identification:_identify(src/build/villege_li/build/lib) by extensions ['ignore', 'ignore_ament_install']
[5.688s] Level 1:colcon.colcon_core.package_identification:_identify(src/build/villege_li/build/lib) by extension 'ignore'
[5.688s] Level 1:colcon.colcon_core.package_identification:_identify(src/build/villege_li/build/lib) by extension 'ignore_ament_install'
[5.689s] Level 1:colcon.colcon_core.package_identification:_identify(src/build/villege_li/build/lib) by extensions ['colcon_pkg']
[5.689s] Level 1:colcon.colcon_core.package_identification:_identify(src/build/villege_li/build/lib) by extension 'colcon_pkg'
[5.689s] Level 1:colcon.colcon_core.package_identification:_identify(src/build/villege_li/build/lib) by extensions ['colcon_meta']
[5.690s] Level 1:colcon.colcon_core.package_identification:_identify(src/build/villege_li/build/lib) by extension 'colcon_meta'
[5.690s] Level 1:colcon.colcon_core.package_identification:_identify(src/build/villege_li/build/lib) by extensions ['ros']
[5.691s] Level 1:colcon.colcon_core.package_identification:_identify(src/build/villege_li/build/lib) by extension 'ros'
[5.691s] Level 1:colcon.colcon_core.package_identification:_identify(src/build/villege_li/build/lib) by extensions ['cmake', 'python']
[5.691s] Level 1:colcon.colcon_core.package_identification:_identify(src/build/villege_li/build/lib) by extension 'cmake'
[5.692s] Level 1:colcon.colcon_core.package_identification:_identify(src/build/villege_li/build/lib) by extension 'python'
[5.692s] Level 1:colcon.colcon_core.package_identification:_identify(src/build/villege_li/build/lib) by extensions ['python_setup_py']
[5.693s] Level 1:colcon.colcon_core.package_identification:_identify(src/build/villege_li/build/lib) by extension 'python_setup_py'
[5.693s] Level 1:colcon.colcon_core.package_identification:_identify(src/build/villege_li/build/lib/village_li) by extensions ['ignore', 'ignore_ament_install']
[5.694s] Level 1:colcon.colcon_core.package_identification:_identify(src/build/villege_li/build/lib/village_li) by extension 'ignore'
[5.694s] Level 1:colcon.colcon_core.package_identification:_identify(src/build/villege_li/build/lib/village_li) by extension 'ignore_ament_install'
[5.695s] Level 1:colcon.colcon_core.package_identification:_identify(src/build/villege_li/build/lib/village_li) by extensions ['colcon_pkg']
[5.695s] Level 1:colcon.colcon_core.package_identification:_identify(src/build/villege_li/build/lib/village_li) by extension 'colcon_pkg'
[5.696s] Level 1:colcon.colcon_core.package_identification:_identify(src/build/villege_li/build/lib/village_li) by extensions ['colcon_meta']
[5.696s] Level 1:colcon.colcon_core.package_identification:_identify(src/build/villege_li/build/lib/village_li) by extension 'colcon_meta'
[5.699s] Level 1:colcon.colcon_core.package_identification:_identify(src/build/villege_li/build/lib/village_li) by extensions ['ros']
[5.701s] Level 1:colcon.colcon_core.package_identification:_identify(src/build/villege_li/build/lib/village_li) by extension 'ros'
[5.705s] Level 1:colcon.colcon_core.package_identification:_identify(src/build/villege_li/build/lib/village_li) by extensions ['cmake', 'python']
[5.705s] Level 1:colcon.colcon_core.package_identification:_identify(src/build/villege_li/build/lib/village_li) by extension 'cmake'
[5.706s] Level 1:colcon.colcon_core.package_identification:_identify(src/build/villege_li/build/lib/village_li) by extension 'python'
[5.706s] Level 1:colcon.colcon_core.package_identification:_identify(src/build/villege_li/build/lib/village_li) by extensions ['python_setup_py']
[5.706s] Level 1:colcon.colcon_core.package_identification:_identify(src/build/villege_li/build/lib/village_li) by extension 'python_setup_py'
[5.707s] Level 1:colcon.colcon_core.package_identification:_identify(src/build/villege_li/prefix_override) by extensions ['ignore', 'ignore_ament_install']
[5.708s] Level 1:colcon.colcon_core.package_identification:_identify(src/build/villege_li/prefix_override) by extension 'ignore'
[5.708s] Level 1:colcon.colcon_core.package_identification:_identify(src/build/villege_li/prefix_override) by extension 'ignore_ament_install'
[5.709s] Level 1:colcon.colcon_core.package_identification:_identify(src/build/villege_li/prefix_override) by extensions ['colcon_pkg']
[5.709s] Level 1:colcon.colcon_core.package_identification:_identify(src/build/villege_li/prefix_override) by extension 'colcon_pkg'
[5.710s] Level 1:colcon.colcon_core.package_identification:_identify(src/build/villege_li/prefix_override) by extensions ['colcon_meta']
[5.710s] Level 1:colcon.colcon_core.package_identification:_identify(src/build/villege_li/prefix_override) by extension 'colcon_meta'
[5.710s] Level 1:colcon.colcon_core.package_identification:_identify(src/build/villege_li/prefix_override) by extensions ['ros']
[5.711s] Level 1:colcon.colcon_core.package_identification:_identify(src/build/villege_li/prefix_override) by extension 'ros'
[5.712s] Level 1:colcon.colcon_core.package_identification:_identify(src/build/villege_li/prefix_override) by extensions ['cmake', 'python']
[5.712s] Level 1:colcon.colcon_core.package_identification:_identify(src/build/villege_li/prefix_override) by extension 'cmake'
[5.713s] Level 1:colcon.colcon_core.package_identification:_identify(src/build/villege_li/prefix_override) by extension 'python'
[5.713s] Level 1:colcon.colcon_core.package_identification:_identify(src/build/villege_li/prefix_override) by extensions ['python_setup_py']
[5.717s] Level 1:colcon.colcon_core.package_identification:_identify(src/build/villege_li/prefix_override) by extension 'python_setup_py'
[5.718s] Level 1:colcon.colcon_core.package_identification:_identify(src/build/villege_li/prefix_override/__pycache__) by extensions ['ignore', 'ignore_ament_install']
[5.720s] Level 1:colcon.colcon_core.package_identification:_identify(src/build/villege_li/prefix_override/__pycache__) by extension 'ignore'
[5.721s] Level 1:colcon.colcon_core.package_identification:_identify(src/build/villege_li/prefix_override/__pycache__) by extension 'ignore_ament_install'
[5.721s] Level 1:colcon.colcon_core.package_identification:_identify(src/build/villege_li/prefix_override/__pycache__) by extensions ['colcon_pkg']
[5.722s] Level 1:colcon.colcon_core.package_identification:_identify(src/build/villege_li/prefix_override/__pycache__) by extension 'colcon_pkg'
[5.722s] Level 1:colcon.colcon_core.package_identification:_identify(src/build/villege_li/prefix_override/__pycache__) by extensions ['colcon_meta']
[5.722s] Level 1:colcon.colcon_core.package_identification:_identify(src/build/villege_li/prefix_override/__pycache__) by extension 'colcon_meta'
[5.722s] Level 1:colcon.colcon_core.package_identification:_identify(src/build/villege_li/prefix_override/__pycache__) by extensions ['ros']
[5.722s] Level 1:colcon.colcon_core.package_identification:_identify(src/build/villege_li/prefix_override/__pycache__) by extension 'ros'
[5.723s] Level 1:colcon.colcon_core.package_identification:_identify(src/build/villege_li/prefix_override/__pycache__) by extensions ['cmake', 'python']
[5.723s] Level 1:colcon.colcon_core.package_identification:_identify(src/build/villege_li/prefix_override/__pycache__) by extension 'cmake'
[5.723s] Level 1:colcon.colcon_core.package_identification:_identify(src/build/villege_li/prefix_override/__pycache__) by extension 'python'
[5.724s] Level 1:colcon.colcon_core.package_identification:_identify(src/build/villege_li/prefix_override/__pycache__) by extensions ['python_setup_py']
[5.724s] Level 1:colcon.colcon_core.package_identification:_identify(src/build/villege_li/prefix_override/__pycache__) by extension 'python_setup_py'
[5.724s] Level 1:colcon.colcon_core.package_identification:_identify(src/build/villege_li/villege_li.egg-info) by extensions ['ignore', 'ignore_ament_install']
[5.725s] Level 1:colcon.colcon_core.package_identification:_identify(src/build/villege_li/villege_li.egg-info) by extension 'ignore'
[5.725s] Level 1:colcon.colcon_core.package_identification:_identify(src/build/villege_li/villege_li.egg-info) by extension 'ignore_ament_install'
[5.726s] Level 1:colcon.colcon_core.package_identification:_identify(src/build/villege_li/villege_li.egg-info) by extensions ['colcon_pkg']
[5.726s] Level 1:colcon.colcon_core.package_identification:_identify(src/build/villege_li/villege_li.egg-info) by extension 'colcon_pkg'
[5.726s] Level 1:colcon.colcon_core.package_identification:_identify(src/build/villege_li/villege_li.egg-info) by extensions ['colcon_meta']
[5.727s] Level 1:colcon.colcon_core.package_identification:_identify(src/build/villege_li/villege_li.egg-info) by extension 'colcon_meta'
[5.727s] Level 1:colcon.colcon_core.package_identification:_identify(src/build/villege_li/villege_li.egg-info) by extensions ['ros']
[5.727s] Level 1:colcon.colcon_core.package_identification:_identify(src/build/villege_li/villege_li.egg-info) by extension 'ros'
[5.728s] Level 1:colcon.colcon_core.package_identification:_identify(src/build/villege_li/villege_li.egg-info) by extensions ['cmake', 'python']
[5.728s] Level 1:colcon.colcon_core.package_identification:_identify(src/build/villege_li/villege_li.egg-info) by extension 'cmake'
[5.728s] Level 1:colcon.colcon_core.package_identification:_identify(src/build/villege_li/villege_li.egg-info) by extension 'python'
[5.729s] Level 1:colcon.colcon_core.package_identification:_identify(src/build/villege_li/villege_li.egg-info) by extensions ['python_setup_py']
[5.729s] Level 1:colcon.colcon_core.package_identification:_identify(src/build/villege_li/villege_li.egg-info) by extension 'python_setup_py'
[5.730s] Level 1:colcon.colcon_core.package_identification:_identify(src/install) by extensions ['ignore', 'ignore_ament_install']
[5.730s] Level 1:colcon.colcon_core.package_identification:_identify(src/install) by extension 'ignore'
[5.730s] Level 1:colcon.colcon_core.package_identification:_identify(src/install) by extension 'ignore_ament_install'
[5.731s] Level 1:colcon.colcon_core.package_identification:_identify(src/install) by extensions ['colcon_pkg']
[5.731s] Level 1:colcon.colcon_core.package_identification:_identify(src/install) by extension 'colcon_pkg'
[5.731s] Level 1:colcon.colcon_core.package_identification:_identify(src/install) by extensions ['colcon_meta']
[5.731s] Level 1:colcon.colcon_core.package_identification:_identify(src/install) by extension 'colcon_meta'
[5.731s] Level 1:colcon.colcon_core.package_identification:_identify(src/install) by extensions ['ros']
[5.731s] Level 1:colcon.colcon_core.package_identification:_identify(src/install) by extension 'ros'
[5.734s] Level 1:colcon.colcon_core.package_identification:_identify(src/install) by extensions ['cmake', 'python']
[5.735s] Level 1:colcon.colcon_core.package_identification:_identify(src/install) by extension 'cmake'
[5.735s] Level 1:colcon.colcon_core.package_identification:_identify(src/install) by extension 'python'
[5.736s] Level 1:colcon.colcon_core.package_identification:_identify(src/install) by extensions ['python_setup_py']
[5.736s] Level 1:colcon.colcon_core.package_identification:_identify(src/install) by extension 'python_setup_py'
[5.737s] Level 1:colcon.colcon_core.package_identification:_identify(src/install/villege_li) by extensions ['ignore', 'ignore_ament_install']
[5.737s] Level 1:colcon.colcon_core.package_identification:_identify(src/install/villege_li) by extension 'ignore'
[5.737s] Level 1:colcon.colcon_core.package_identification:_identify(src/install/villege_li) by extension 'ignore_ament_install'
[5.738s] Level 1:colcon.colcon_core.package_identification:_identify(src/install/villege_li) by extensions ['colcon_pkg']
[5.738s] Level 1:colcon.colcon_core.package_identification:_identify(src/install/villege_li) by extension 'colcon_pkg'
[5.738s] Level 1:colcon.colcon_core.package_identification:_identify(src/install/villege_li) by extensions ['colcon_meta']
[5.738s] Level 1:colcon.colcon_core.package_identification:_identify(src/install/villege_li) by extension 'colcon_meta'
[5.738s] Level 1:colcon.colcon_core.package_identification:_identify(src/install/villege_li) by extensions ['ros']
[5.738s] Level 1:colcon.colcon_core.package_identification:_identify(src/install/villege_li) by extension 'ros'
[5.739s] Level 1:colcon.colcon_core.package_identification:_identify(src/install/villege_li) by extensions ['cmake', 'python']
[5.739s] Level 1:colcon.colcon_core.package_identification:_identify(src/install/villege_li) by extension 'cmake'
[5.739s] Level 1:colcon.colcon_core.package_identification:_identify(src/install/villege_li) by extension 'python'
[5.739s] Level 1:colcon.colcon_core.package_identification:_identify(src/install/villege_li) by extensions ['python_setup_py']
[5.739s] Level 1:colcon.colcon_core.package_identification:_identify(src/install/villege_li) by extension 'python_setup_py'
[5.739s] Level 1:colcon.colcon_core.package_identification:_identify(src/install/villege_li/lib) by extensions ['ignore', 'ignore_ament_install']
[5.740s] Level 1:colcon.colcon_core.package_identification:_identify(src/install/villege_li/lib) by extension 'ignore'
[5.740s] Level 1:colcon.colcon_core.package_identification:_identify(src/install/villege_li/lib) by extension 'ignore_ament_install'
[5.740s] Level 1:colcon.colcon_core.package_identification:_identify(src/install/villege_li/lib) by extensions ['colcon_pkg']
[5.740s] Level 1:colcon.colcon_core.package_identification:_identify(src/install/villege_li/lib) by extension 'colcon_pkg'
[5.741s] Level 1:colcon.colcon_core.package_identification:_identify(src/install/villege_li/lib) by extensions ['colcon_meta']
[5.741s] Level 1:colcon.colcon_core.package_identification:_identify(src/install/villege_li/lib) by extension 'colcon_meta'
[5.741s] Level 1:colcon.colcon_core.package_identification:_identify(src/install/villege_li/lib) by extensions ['ros']
[5.741s] Level 1:colcon.colcon_core.package_identification:_identify(src/install/villege_li/lib) by extension 'ros'
[5.742s] Level 1:colcon.colcon_core.package_identification:_identify(src/install/villege_li/lib) by extensions ['cmake', 'python']
[5.742s] Level 1:colcon.colcon_core.package_identification:_identify(src/install/villege_li/lib) by extension 'cmake'
[5.742s] Level 1:colcon.colcon_core.package_identification:_identify(src/install/villege_li/lib) by extension 'python'
[5.743s] Level 1:colcon.colcon_core.package_identification:_identify(src/install/villege_li/lib) by extensions ['python_setup_py']
[5.743s] Level 1:colcon.colcon_core.package_identification:_identify(src/install/villege_li/lib) by extension 'python_setup_py'
[5.744s] Level 1:colcon.colcon_core.package_identification:_identify(src/install/villege_li/lib/python3.10) by extensions ['ignore', 'ignore_ament_install']
[5.744s] Level 1:colcon.colcon_core.package_identification:_identify(src/install/villege_li/lib/python3.10) by extension 'ignore'
[5.745s] Level 1:colcon.colcon_core.package_identification:_identify(src/install/villege_li/lib/python3.10) by extension 'ignore_ament_install'
[5.745s] Level 1:colcon.colcon_core.package_identification:_identify(src/install/villege_li/lib/python3.10) by extensions ['colcon_pkg']
[5.746s] Level 1:colcon.colcon_core.package_identification:_identify(src/install/villege_li/lib/python3.10) by extension 'colcon_pkg'
[5.747s] Level 1:colcon.colcon_core.package_identification:_identify(src/install/villege_li/lib/python3.10) by extensions ['colcon_meta']
[5.747s] Level 1:colcon.colcon_core.package_identification:_identify(src/install/villege_li/lib/python3.10) by extension 'colcon_meta'
[5.747s] Level 1:colcon.colcon_core.package_identification:_identify(src/install/villege_li/lib/python3.10) by extensions ['ros']
[5.747s] Level 1:colcon.colcon_core.package_identification:_identify(src/install/villege_li/lib/python3.10) by extension 'ros'
[5.748s] Level 1:colcon.colcon_core.package_identification:_identify(src/install/villege_li/lib/python3.10) by extensions ['cmake', 'python']
[5.748s] Level 1:colcon.colcon_core.package_identification:_identify(src/install/villege_li/lib/python3.10) by extension 'cmake'
[5.748s] Level 1:colcon.colcon_core.package_identification:_identify(src/install/villege_li/lib/python3.10) by extension 'python'
[5.748s] Level 1:colcon.colcon_core.package_identification:_identify(src/install/villege_li/lib/python3.10) by extensions ['python_setup_py']
[5.748s] Level 1:colcon.colcon_core.package_identification:_identify(src/install/villege_li/lib/python3.10) by extension 'python_setup_py'
[5.748s] Level 1:colcon.colcon_core.package_identification:_identify(src/install/villege_li/lib/python3.10/site-packages) by extensions ['ignore', 'ignore_ament_install']
[5.749s] Level 1:colcon.colcon_core.package_identification:_identify(src/install/villege_li/lib/python3.10/site-packages) by extension 'ignore'
[5.749s] Level 1:colcon.colcon_core.package_identification:_identify(src/install/villege_li/lib/python3.10/site-packages) by extension 'ignore_ament_install'
[5.749s] Level 1:colcon.colcon_core.package_identification:_identify(src/install/villege_li/lib/python3.10/site-packages) by extensions ['colcon_pkg']
[5.750s] Level 1:colcon.colcon_core.package_identification:_identify(src/install/villege_li/lib/python3.10/site-packages) by extension 'colcon_pkg'
[5.750s] Level 1:colcon.colcon_core.package_identification:_identify(src/install/villege_li/lib/python3.10/site-packages) by extensions ['colcon_meta']
[5.750s] Level 1:colcon.colcon_core.package_identification:_identify(src/install/villege_li/lib/python3.10/site-packages) by extension 'colcon_meta'
[5.750s] Level 1:colcon.colcon_core.package_identification:_identify(src/install/villege_li/lib/python3.10/site-packages) by extensions ['ros']
[5.751s] Level 1:colcon.colcon_core.package_identification:_identify(src/install/villege_li/lib/python3.10/site-packages) by extension 'ros'
[5.751s] Level 1:colcon.colcon_core.package_identification:_identify(src/install/villege_li/lib/python3.10/site-packages) by extensions ['cmake', 'python']
[5.752s] Level 1:colcon.colcon_core.package_identification:_identify(src/install/villege_li/lib/python3.10/site-packages) by extension 'cmake'
[5.752s] Level 1:colcon.colcon_core.package_identification:_identify(src/install/villege_li/lib/python3.10/site-packages) by extension 'python'
[5.752s] Level 1:colcon.colcon_core.package_identification:_identify(src/install/villege_li/lib/python3.10/site-packages) by extensions ['python_setup_py']
[5.753s] Level 1:colcon.colcon_core.package_identification:_identify(src/install/villege_li/lib/python3.10/site-packages) by extension 'python_setup_py'
[5.753s] Level 1:colcon.colcon_core.package_identification:_identify(src/install/villege_li/lib/python3.10/site-packages/village_li) by extensions ['ignore', 'ignore_ament_install']
[5.754s] Level 1:colcon.colcon_core.package_identification:_identify(src/install/villege_li/lib/python3.10/site-packages/village_li) by extension 'ignore'
[5.754s] Level 1:colcon.colcon_core.package_identification:_identify(src/install/villege_li/lib/python3.10/site-packages/village_li) by extension 'ignore_ament_install'
[5.754s] Level 1:colcon.colcon_core.package_identification:_identify(src/install/villege_li/lib/python3.10/site-packages/village_li) by extensions ['colcon_pkg']
[5.755s] Level 1:colcon.colcon_core.package_identification:_identify(src/install/villege_li/lib/python3.10/site-packages/village_li) by extension 'colcon_pkg'
[5.755s] Level 1:colcon.colcon_core.package_identification:_identify(src/install/villege_li/lib/python3.10/site-packages/village_li) by extensions ['colcon_meta']
[5.755s] Level 1:colcon.colcon_core.package_identification:_identify(src/install/villege_li/lib/python3.10/site-packages/village_li) by extension 'colcon_meta'
[5.756s] Level 1:colcon.colcon_core.package_identification:_identify(src/install/villege_li/lib/python3.10/site-packages/village_li) by extensions ['ros']
[5.756s] Level 1:colcon.colcon_core.package_identification:_identify(src/install/villege_li/lib/python3.10/site-packages/village_li) by extension 'ros'
[5.756s] Level 1:colcon.colcon_core.package_identification:_identify(src/install/villege_li/lib/python3.10/site-packages/village_li) by extensions ['cmake', 'python']
[5.757s] Level 1:colcon.colcon_core.package_identification:_identify(src/install/villege_li/lib/python3.10/site-packages/village_li) by extension 'cmake'
[5.757s] Level 1:colcon.colcon_core.package_identification:_identify(src/install/villege_li/lib/python3.10/site-packages/village_li) by extension 'python'
[5.757s] Level 1:colcon.colcon_core.package_identification:_identify(src/install/villege_li/lib/python3.10/site-packages/village_li) by extensions ['python_setup_py']
[5.757s] Level 1:colcon.colcon_core.package_identification:_identify(src/install/villege_li/lib/python3.10/site-packages/village_li) by extension 'python_setup_py'
[5.758s] Level 1:colcon.colcon_core.package_identification:_identify(src/install/villege_li/lib/python3.10/site-packages/village_li/__pycache__) by extensions ['ignore', 'ignore_ament_install']
[5.759s] Level 1:colcon.colcon_core.package_identification:_identify(src/install/villege_li/lib/python3.10/site-packages/village_li/__pycache__) by extension 'ignore'
[5.760s] Level 1:colcon.colcon_core.package_identification:_identify(src/install/villege_li/lib/python3.10/site-packages/village_li/__pycache__) by extension 'ignore_ament_install'
[5.760s] Level 1:colcon.colcon_core.package_identification:_identify(src/install/villege_li/lib/python3.10/site-packages/village_li/__pycache__) by extensions ['colcon_pkg']
[5.761s] Level 1:colcon.colcon_core.package_identification:_identify(src/install/villege_li/lib/python3.10/site-packages/village_li/__pycache__) by extension 'colcon_pkg'
[5.761s] Level 1:colcon.colcon_core.package_identification:_identify(src/install/villege_li/lib/python3.10/site-packages/village_li/__pycache__) by extensions ['colcon_meta']
[5.762s] Level 1:colcon.colcon_core.package_identification:_identify(src/install/villege_li/lib/python3.10/site-packages/village_li/__pycache__) by extension 'colcon_meta'
[5.762s] Level 1:colcon.colcon_core.package_identification:_identify(src/install/villege_li/lib/python3.10/site-packages/village_li/__pycache__) by extensions ['ros']
[5.762s] Level 1:colcon.colcon_core.package_identification:_identify(src/install/villege_li/lib/python3.10/site-packages/village_li/__pycache__) by extension 'ros'
[5.764s] Level 1:colcon.colcon_core.package_identification:_identify(src/install/villege_li/lib/python3.10/site-packages/village_li/__pycache__) by extensions ['cmake', 'python']
[5.764s] Level 1:colcon.colcon_core.package_identification:_identify(src/install/villege_li/lib/python3.10/site-packages/village_li/__pycache__) by extension 'cmake'
[5.765s] Level 1:colcon.colcon_core.package_identification:_identify(src/install/villege_li/lib/python3.10/site-packages/village_li/__pycache__) by extension 'python'
[5.766s] Level 1:colcon.colcon_core.package_identification:_identify(src/install/villege_li/lib/python3.10/site-packages/village_li/__pycache__) by extensions ['python_setup_py']
[5.766s] Level 1:colcon.colcon_core.package_identification:_identify(src/install/villege_li/lib/python3.10/site-packages/village_li/__pycache__) by extension 'python_setup_py'
[5.769s] Level 1:colcon.colcon_core.package_identification:_identify(src/install/villege_li/lib/python3.10/site-packages/villege_li-0.0.0-py3.10.egg-info) by extensions ['ignore', 'ignore_ament_install']
[5.770s] Level 1:colcon.colcon_core.package_identification:_identify(src/install/villege_li/lib/python3.10/site-packages/villege_li-0.0.0-py3.10.egg-info) by extension 'ignore'
[5.771s] Level 1:colcon.colcon_core.package_identification:_identify(src/install/villege_li/lib/python3.10/site-packages/villege_li-0.0.0-py3.10.egg-info) by extension 'ignore_ament_install'
[5.771s] Level 1:colcon.colcon_core.package_identification:_identify(src/install/villege_li/lib/python3.10/site-packages/villege_li-0.0.0-py3.10.egg-info) by extensions ['colcon_pkg']
[5.772s] Level 1:colcon.colcon_core.package_identification:_identify(src/install/villege_li/lib/python3.10/site-packages/villege_li-0.0.0-py3.10.egg-info) by extension 'colcon_pkg'
[5.772s] Level 1:colcon.colcon_core.package_identification:_identify(src/install/villege_li/lib/python3.10/site-packages/villege_li-0.0.0-py3.10.egg-info) by extensions ['colcon_meta']
[5.773s] Level 1:colcon.colcon_core.package_identification:_identify(src/install/villege_li/lib/python3.10/site-packages/villege_li-0.0.0-py3.10.egg-info) by extension 'colcon_meta'
[5.773s] Level 1:colcon.colcon_core.package_identification:_identify(src/install/villege_li/lib/python3.10/site-packages/villege_li-0.0.0-py3.10.egg-info) by extensions ['ros']
[5.773s] Level 1:colcon.colcon_core.package_identification:_identify(src/install/villege_li/lib/python3.10/site-packages/villege_li-0.0.0-py3.10.egg-info) by extension 'ros'
[5.774s] Level 1:colcon.colcon_core.package_identification:_identify(src/install/villege_li/lib/python3.10/site-packages/villege_li-0.0.0-py3.10.egg-info) by extensions ['cmake', 'python']
[5.774s] Level 1:colcon.colcon_core.package_identification:_identify(src/install/villege_li/lib/python3.10/site-packages/villege_li-0.0.0-py3.10.egg-info) by extension 'cmake'
[5.775s] Level 1:colcon.colcon_core.package_identification:_identify(src/install/villege_li/lib/python3.10/site-packages/villege_li-0.0.0-py3.10.egg-info) by extension 'python'
[5.776s] Level 1:colcon.colcon_core.package_identification:_identify(src/install/villege_li/lib/python3.10/site-packages/villege_li-0.0.0-py3.10.egg-info) by extensions ['python_setup_py']
[5.778s] Level 1:colcon.colcon_core.package_identification:_identify(src/install/villege_li/lib/python3.10/site-packages/villege_li-0.0.0-py3.10.egg-info) by extension 'python_setup_py'
[5.779s] Level 1:colcon.colcon_core.package_identification:_identify(src/install/villege_li/lib/villege_li) by extensions ['ignore', 'ignore_ament_install']
[5.780s] Level 1:colcon.colcon_core.package_identification:_identify(src/install/villege_li/lib/villege_li) by extension 'ignore'
[5.781s] Level 1:colcon.colcon_core.package_identification:_identify(src/install/villege_li/lib/villege_li) by extension 'ignore_ament_install'
[5.781s] Level 1:colcon.colcon_core.package_identification:_identify(src/install/villege_li/lib/villege_li) by extensions ['colcon_pkg']
[5.782s] Level 1:colcon.colcon_core.package_identification:_identify(src/install/villege_li/lib/villege_li) by extension 'colcon_pkg'
[5.782s] Level 1:colcon.colcon_core.package_identification:_identify(src/install/villege_li/lib/villege_li) by extensions ['colcon_meta']
[5.782s] Level 1:colcon.colcon_core.package_identification:_identify(src/install/villege_li/lib/villege_li) by extension 'colcon_meta'
[5.783s] Level 1:colcon.colcon_core.package_identification:_identify(src/install/villege_li/lib/villege_li) by extensions ['ros']
[5.783s] Level 1:colcon.colcon_core.package_identification:_identify(src/install/villege_li/lib/villege_li) by extension 'ros'
[5.785s] Level 1:colcon.colcon_core.package_identification:_identify(src/install/villege_li/lib/villege_li) by extensions ['cmake', 'python']
[5.785s] Level 1:colcon.colcon_core.package_identification:_identify(src/install/villege_li/lib/villege_li) by extension 'cmake'
[5.786s] Level 1:colcon.colcon_core.package_identification:_identify(src/install/villege_li/lib/villege_li) by extension 'python'
[5.789s] Level 1:colcon.colcon_core.package_identification:_identify(src/install/villege_li/lib/villege_li) by extensions ['python_setup_py']
[5.789s] Level 1:colcon.colcon_core.package_identification:_identify(src/install/villege_li/lib/villege_li) by extension 'python_setup_py'
[5.790s] Level 1:colcon.colcon_core.package_identification:_identify(src/install/villege_li/share) by extensions ['ignore', 'ignore_ament_install']
[5.791s] Level 1:colcon.colcon_core.package_identification:_identify(src/install/villege_li/share) by extension 'ignore'
[5.792s] Level 1:colcon.colcon_core.package_identification:_identify(src/install/villege_li/share) by extension 'ignore_ament_install'
[5.793s] Level 1:colcon.colcon_core.package_identification:_identify(src/install/villege_li/share) by extensions ['colcon_pkg']
[5.793s] Level 1:colcon.colcon_core.package_identification:_identify(src/install/villege_li/share) by extension 'colcon_pkg'
[5.793s] Level 1:colcon.colcon_core.package_identification:_identify(src/install/villege_li/share) by extensions ['colcon_meta']
[5.794s] Level 1:colcon.colcon_core.package_identification:_identify(src/install/villege_li/share) by extension 'colcon_meta'
[5.794s] Level 1:colcon.colcon_core.package_identification:_identify(src/install/villege_li/share) by extensions ['ros']
[5.794s] Level 1:colcon.colcon_core.package_identification:_identify(src/install/villege_li/share) by extension 'ros'
[5.795s] Level 1:colcon.colcon_core.package_identification:_identify(src/install/villege_li/share) by extensions ['cmake', 'python']
[5.796s] Level 1:colcon.colcon_core.package_identification:_identify(src/install/villege_li/share) by extension 'cmake'
[5.796s] Level 1:colcon.colcon_core.package_identification:_identify(src/install/villege_li/share) by extension 'python'
[5.796s] Level 1:colcon.colcon_core.package_identification:_identify(src/install/villege_li/share) by extensions ['python_setup_py']
[5.796s] Level 1:colcon.colcon_core.package_identification:_identify(src/install/villege_li/share) by extension 'python_setup_py'
[5.798s] Level 1:colcon.colcon_core.package_identification:_identify(src/install/villege_li/share/ament_index) by extensions ['ignore', 'ignore_ament_install']
[5.798s] Level 1:colcon.colcon_core.package_identification:_identify(src/install/villege_li/share/ament_index) by extension 'ignore'
[5.799s] Level 1:colcon.colcon_core.package_identification:_identify(src/install/villege_li/share/ament_index) by extension 'ignore_ament_install'
[5.800s] Level 1:colcon.colcon_core.package_identification:_identify(src/install/villege_li/share/ament_index) by extensions ['colcon_pkg']
[5.800s] Level 1:colcon.colcon_core.package_identification:_identify(src/install/villege_li/share/ament_index) by extension 'colcon_pkg'
[5.800s] Level 1:colcon.colcon_core.package_identification:_identify(src/install/villege_li/share/ament_index) by extensions ['colcon_meta']
[5.801s] Level 1:colcon.colcon_core.package_identification:_identify(src/install/villege_li/share/ament_index) by extension 'colcon_meta'
[5.801s] Level 1:colcon.colcon_core.package_identification:_identify(src/install/villege_li/share/ament_index) by extensions ['ros']
[5.802s] Level 1:colcon.colcon_core.package_identification:_identify(src/install/villege_li/share/ament_index) by extension 'ros'
[5.804s] Level 1:colcon.colcon_core.package_identification:_identify(src/install/villege_li/share/ament_index) by extensions ['cmake', 'python']
[5.805s] Level 1:colcon.colcon_core.package_identification:_identify(src/install/villege_li/share/ament_index) by extension 'cmake'
[5.805s] Level 1:colcon.colcon_core.package_identification:_identify(src/install/villege_li/share/ament_index) by extension 'python'
[5.806s] Level 1:colcon.colcon_core.package_identification:_identify(src/install/villege_li/share/ament_index) by extensions ['python_setup_py']
[5.806s] Level 1:colcon.colcon_core.package_identification:_identify(src/install/villege_li/share/ament_index) by extension 'python_setup_py'
[5.807s] Level 1:colcon.colcon_core.package_identification:_identify(src/install/villege_li/share/ament_index/resource_index) by extensions ['ignore', 'ignore_ament_install']
[5.807s] Level 1:colcon.colcon_core.package_identification:_identify(src/install/villege_li/share/ament_index/resource_index) by extension 'ignore'
[5.808s] Level 1:colcon.colcon_core.package_identification:_identify(src/install/villege_li/share/ament_index/resource_index) by extension 'ignore_ament_install'
[5.809s] Level 1:colcon.colcon_core.package_identification:_identify(src/install/villege_li/share/ament_index/resource_index) by extensions ['colcon_pkg']
[5.809s] Level 1:colcon.colcon_core.package_identification:_identify(src/install/villege_li/share/ament_index/resource_index) by extension 'colcon_pkg'
[5.810s] Level 1:colcon.colcon_core.package_identification:_identify(src/install/villege_li/share/ament_index/resource_index) by extensions ['colcon_meta']
[5.810s] Level 1:colcon.colcon_core.package_identification:_identify(src/install/villege_li/share/ament_index/resource_index) by extension 'colcon_meta'
[5.810s] Level 1:colcon.colcon_core.package_identification:_identify(src/install/villege_li/share/ament_index/resource_index) by extensions ['ros']
[5.810s] Level 1:colcon.colcon_core.package_identification:_identify(src/install/villege_li/share/ament_index/resource_index) by extension 'ros'
[5.811s] Level 1:colcon.colcon_core.package_identification:_identify(src/install/villege_li/share/ament_index/resource_index) by extensions ['cmake', 'python']
[5.811s] Level 1:colcon.colcon_core.package_identification:_identify(src/install/villege_li/share/ament_index/resource_index) by extension 'cmake'
[5.811s] Level 1:colcon.colcon_core.package_identification:_identify(src/install/villege_li/share/ament_index/resource_index) by extension 'python'
[5.811s] Level 1:colcon.colcon_core.package_identification:_identify(src/install/villege_li/share/ament_index/resource_index) by extensions ['python_setup_py']
[5.811s] Level 1:colcon.colcon_core.package_identification:_identify(src/install/villege_li/share/ament_index/resource_index) by extension 'python_setup_py'
[5.812s] Level 1:colcon.colcon_core.package_identification:_identify(src/install/villege_li/share/ament_index/resource_index/packages) by extensions ['ignore', 'ignore_ament_install']
[5.812s] Level 1:colcon.colcon_core.package_identification:_identify(src/install/villege_li/share/ament_index/resource_index/packages) by extension 'ignore'
[5.812s] Level 1:colcon.colcon_core.package_identification:_identify(src/install/villege_li/share/ament_index/resource_index/packages) by extension 'ignore_ament_install'
[5.813s] Level 1:colcon.colcon_core.package_identification:_identify(src/install/villege_li/share/ament_index/resource_index/packages) by extensions ['colcon_pkg']
[5.813s] Level 1:colcon.colcon_core.package_identification:_identify(src/install/villege_li/share/ament_index/resource_index/packages) by extension 'colcon_pkg'
[5.813s] Level 1:colcon.colcon_core.package_identification:_identify(src/install/villege_li/share/ament_index/resource_index/packages) by extensions ['colcon_meta']
[5.813s] Level 1:colcon.colcon_core.package_identification:_identify(src/install/villege_li/share/ament_index/resource_index/packages) by extension 'colcon_meta'
[5.813s] Level 1:colcon.colcon_core.package_identification:_identify(src/install/villege_li/share/ament_index/resource_index/packages) by extensions ['ros']
[5.813s] Level 1:colcon.colcon_core.package_identification:_identify(src/install/villege_li/share/ament_index/resource_index/packages) by extension 'ros'
[5.814s] Level 1:colcon.colcon_core.package_identification:_identify(src/install/villege_li/share/ament_index/resource_index/packages) by extensions ['cmake', 'python']
[5.814s] Level 1:colcon.colcon_core.package_identification:_identify(src/install/villege_li/share/ament_index/resource_index/packages) by extension 'cmake'
[5.815s] Level 1:colcon.colcon_core.package_identification:_identify(src/install/villege_li/share/ament_index/resource_index/packages) by extension 'python'
[5.815s] Level 1:colcon.colcon_core.package_identification:_identify(src/install/villege_li/share/ament_index/resource_index/packages) by extensions ['python_setup_py']
[5.816s] Level 1:colcon.colcon_core.package_identification:_identify(src/install/villege_li/share/ament_index/resource_index/packages) by extension 'python_setup_py'
[5.816s] Level 1:colcon.colcon_core.package_identification:_identify(src/install/villege_li/share/colcon-core) by extensions ['ignore', 'ignore_ament_install']
[5.817s] Level 1:colcon.colcon_core.package_identification:_identify(src/install/villege_li/share/colcon-core) by extension 'ignore'
[5.817s] Level 1:colcon.colcon_core.package_identification:_identify(src/install/villege_li/share/colcon-core) by extension 'ignore_ament_install'
[5.818s] Level 1:colcon.colcon_core.package_identification:_identify(src/install/villege_li/share/colcon-core) by extensions ['colcon_pkg']
[5.818s] Level 1:colcon.colcon_core.package_identification:_identify(src/install/villege_li/share/colcon-core) by extension 'colcon_pkg'
[5.818s] Level 1:colcon.colcon_core.package_identification:_identify(src/install/villege_li/share/colcon-core) by extensions ['colcon_meta']
[5.819s] Level 1:colcon.colcon_core.package_identification:_identify(src/install/villege_li/share/colcon-core) by extension 'colcon_meta'
[5.819s] Level 1:colcon.colcon_core.package_identification:_identify(src/install/villege_li/share/colcon-core) by extensions ['ros']
[5.819s] Level 1:colcon.colcon_core.package_identification:_identify(src/install/villege_li/share/colcon-core) by extension 'ros'
[5.821s] Level 1:colcon.colcon_core.package_identification:_identify(src/install/villege_li/share/colcon-core) by extensions ['cmake', 'python']
[5.822s] Level 1:colcon.colcon_core.package_identification:_identify(src/install/villege_li/share/colcon-core) by extension 'cmake'
[5.822s] Level 1:colcon.colcon_core.package_identification:_identify(src/install/villege_li/share/colcon-core) by extension 'python'
[5.823s] Level 1:colcon.colcon_core.package_identification:_identify(src/install/villege_li/share/colcon-core) by extensions ['python_setup_py']
[5.823s] Level 1:colcon.colcon_core.package_identification:_identify(src/install/villege_li/share/colcon-core) by extension 'python_setup_py'
[5.824s] Level 1:colcon.colcon_core.package_identification:_identify(src/install/villege_li/share/colcon-core/packages) by extensions ['ignore', 'ignore_ament_install']
[5.825s] Level 1:colcon.colcon_core.package_identification:_identify(src/install/villege_li/share/colcon-core/packages) by extension 'ignore'
[5.825s] Level 1:colcon.colcon_core.package_identification:_identify(src/install/villege_li/share/colcon-core/packages) by extension 'ignore_ament_install'
[5.826s] Level 1:colcon.colcon_core.package_identification:_identify(src/install/villege_li/share/colcon-core/packages) by extensions ['colcon_pkg']
[5.826s] Level 1:colcon.colcon_core.package_identification:_identify(src/install/villege_li/share/colcon-core/packages) by extension 'colcon_pkg'
[5.826s] Level 1:colcon.colcon_core.package_identification:_identify(src/install/villege_li/share/colcon-core/packages) by extensions ['colcon_meta']
[5.827s] Level 1:colcon.colcon_core.package_identification:_identify(src/install/villege_li/share/colcon-core/packages) by extension 'colcon_meta'
[5.827s] Level 1:colcon.colcon_core.package_identification:_identify(src/install/villege_li/share/colcon-core/packages) by extensions ['ros']
[5.827s] Level 1:colcon.colcon_core.package_identification:_identify(src/install/villege_li/share/colcon-core/packages) by extension 'ros'
[5.828s] Level 1:colcon.colcon_core.package_identification:_identify(src/install/villege_li/share/colcon-core/packages) by extensions ['cmake', 'python']
[5.828s] Level 1:colcon.colcon_core.package_identification:_identify(src/install/villege_li/share/colcon-core/packages) by extension 'cmake'
[5.828s] Level 1:colcon.colcon_core.package_identification:_identify(src/install/villege_li/share/colcon-core/packages) by extension 'python'
[5.829s] Level 1:colcon.colcon_core.package_identification:_identify(src/install/villege_li/share/colcon-core/packages) by extensions ['python_setup_py']
[5.829s] Level 1:colcon.colcon_core.package_identification:_identify(src/install/villege_li/share/colcon-core/packages) by extension 'python_setup_py'
[5.830s] Level 1:colcon.colcon_core.package_identification:_identify(src/install/villege_li/share/villege_li) by extensions ['ignore', 'ignore_ament_install']
[5.830s] Level 1:colcon.colcon_core.package_identification:_identify(src/install/villege_li/share/villege_li) by extension 'ignore'
[5.831s] Level 1:colcon.colcon_core.package_identification:_identify(src/install/villege_li/share/villege_li) by extension 'ignore_ament_install'
[5.831s] Level 1:colcon.colcon_core.package_identification:_identify(src/install/villege_li/share/villege_li) by extensions ['colcon_pkg']
[5.831s] Level 1:colcon.colcon_core.package_identification:_identify(src/install/villege_li/share/villege_li) by extension 'colcon_pkg'
[5.832s] Level 1:colcon.colcon_core.package_identification:_identify(src/install/villege_li/share/villege_li) by extensions ['colcon_meta']
[5.832s] Level 1:colcon.colcon_core.package_identification:_identify(src/install/villege_li/share/villege_li) by extension 'colcon_meta'
[5.832s] Level 1:colcon.colcon_core.package_identification:_identify(src/install/villege_li/share/villege_li) by extensions ['ros']
[5.833s] Level 1:colcon.colcon_core.package_identification:_identify(src/install/villege_li/share/villege_li) by extension 'ros'
[5.833s] Level 1:colcon.colcon_core.package_identification:_identify(src/install/villege_li/share/villege_li) by extensions ['cmake', 'python']
[5.834s] Level 1:colcon.colcon_core.package_identification:_identify(src/install/villege_li/share/villege_li) by extension 'cmake'
[5.834s] Level 1:colcon.colcon_core.package_identification:_identify(src/install/villege_li/share/villege_li) by extension 'python'
[5.834s] Level 1:colcon.colcon_core.package_identification:_identify(src/install/villege_li/share/villege_li) by extensions ['python_setup_py']
[5.834s] Level 1:colcon.colcon_core.package_identification:_identify(src/install/villege_li/share/villege_li) by extension 'python_setup_py'
[5.835s] Level 1:colcon.colcon_core.package_identification:_identify(src/install/villege_li/share/villege_li/hook) by extensions ['ignore', 'ignore_ament_install']
[5.836s] Level 1:colcon.colcon_core.package_identification:_identify(src/install/villege_li/share/villege_li/hook) by extension 'ignore'
[5.837s] Level 1:colcon.colcon_core.package_identification:_identify(src/install/villege_li/share/villege_li/hook) by extension 'ignore_ament_install'
[5.837s] Level 1:colcon.colcon_core.package_identification:_identify(src/install/villege_li/share/villege_li/hook) by extensions ['colcon_pkg']
[5.838s] Level 1:colcon.colcon_core.package_identification:_identify(src/install/villege_li/share/villege_li/hook) by extension 'colcon_pkg'
[5.838s] Level 1:colcon.colcon_core.package_identification:_identify(src/install/villege_li/share/villege_li/hook) by extensions ['colcon_meta']
[5.838s] Level 1:colcon.colcon_core.package_identification:_identify(src/install/villege_li/share/villege_li/hook) by extension 'colcon_meta'
[5.839s] Level 1:colcon.colcon_core.package_identification:_identify(src/install/villege_li/share/villege_li/hook) by extensions ['ros']
[5.839s] Level 1:colcon.colcon_core.package_identification:_identify(src/install/villege_li/share/villege_li/hook) by extension 'ros'
[5.839s] Level 1:colcon.colcon_core.package_identification:_identify(src/install/villege_li/share/villege_li/hook) by extensions ['cmake', 'python']
[5.840s] Level 1:colcon.colcon_core.package_identification:_identify(src/install/villege_li/share/villege_li/hook) by extension 'cmake'
[5.840s] Level 1:colcon.colcon_core.package_identification:_identify(src/install/villege_li/share/villege_li/hook) by extension 'python'
[5.840s] Level 1:colcon.colcon_core.package_identification:_identify(src/install/villege_li/share/villege_li/hook) by extensions ['python_setup_py']
[5.841s] Level 1:colcon.colcon_core.package_identification:_identify(src/install/villege_li/share/villege_li/hook) by extension 'python_setup_py'
[5.841s] Level 1:colcon.colcon_core.package_identification:_identify(src/log) by extensions ['ignore', 'ignore_ament_install']
[5.842s] Level 1:colcon.colcon_core.package_identification:_identify(src/log) by extension 'ignore'
[5.842s] Level 1:colcon.colcon_core.package_identification:_identify(src/log) by extension 'ignore_ament_install'
[5.842s] Level 1:colcon.colcon_core.package_identification:_identify(src/log) by extensions ['colcon_pkg']
[5.842s] Level 1:colcon.colcon_core.package_identification:_identify(src/log) by extension 'colcon_pkg'
[5.843s] Level 1:colcon.colcon_core.package_identification:_identify(src/log) by extensions ['colcon_meta']
[5.843s] Level 1:colcon.colcon_core.package_identification:_identify(src/log) by extension 'colcon_meta'
[5.843s] Level 1:colcon.colcon_core.package_identification:_identify(src/log) by extensions ['ros']
[5.843s] Level 1:colcon.colcon_core.package_identification:_identify(src/log) by extension 'ros'
[5.844s] Level 1:colcon.colcon_core.package_identification:_identify(src/log) by extensions ['cmake', 'python']
[5.844s] Level 1:colcon.colcon_core.package_identification:_identify(src/log) by extension 'cmake'
[5.844s] Level 1:colcon.colcon_core.package_identification:_identify(src/log) by extension 'python'
[5.844s] Level 1:colcon.colcon_core.package_identification:_identify(src/log) by extensions ['python_setup_py']
[5.845s] Level 1:colcon.colcon_core.package_identification:_identify(src/log) by extension 'python_setup_py'
[5.845s] Level 1:colcon.colcon_core.package_identification:_identify(src/log/build_2024-11-04_19-25-21) by extensions ['ignore', 'ignore_ament_install']
[5.846s] Level 1:colcon.colcon_core.package_identification:_identify(src/log/build_2024-11-04_19-25-21) by extension 'ignore'
[5.846s] Level 1:colcon.colcon_core.package_identification:_identify(src/log/build_2024-11-04_19-25-21) by extension 'ignore_ament_install'
[5.846s] Level 1:colcon.colcon_core.package_identification:_identify(src/log/build_2024-11-04_19-25-21) by extensions ['colcon_pkg']
[5.846s] Level 1:colcon.colcon_core.package_identification:_identify(src/log/build_2024-11-04_19-25-21) by extension 'colcon_pkg'
[5.847s] Level 1:colcon.colcon_core.package_identification:_identify(src/log/build_2024-11-04_19-25-21) by extensions ['colcon_meta']
[5.847s] Level 1:colcon.colcon_core.package_identification:_identify(src/log/build_2024-11-04_19-25-21) by extension 'colcon_meta'
[5.848s] Level 1:colcon.colcon_core.package_identification:_identify(src/log/build_2024-11-04_19-25-21) by extensions ['ros']
[5.848s] Level 1:colcon.colcon_core.package_identification:_identify(src/log/build_2024-11-04_19-25-21) by extension 'ros'
[5.849s] Level 1:colcon.colcon_core.package_identification:_identify(src/log/build_2024-11-04_19-25-21) by extensions ['cmake', 'python']
[5.849s] Level 1:colcon.colcon_core.package_identification:_identify(src/log/build_2024-11-04_19-25-21) by extension 'cmake'
[5.850s] Level 1:colcon.colcon_core.package_identification:_identify(src/log/build_2024-11-04_19-25-21) by extension 'python'
[5.850s] Level 1:colcon.colcon_core.package_identification:_identify(src/log/build_2024-11-04_19-25-21) by extensions ['python_setup_py']
[5.850s] Level 1:colcon.colcon_core.package_identification:_identify(src/log/build_2024-11-04_19-25-21) by extension 'python_setup_py'
[5.850s] Level 1:colcon.colcon_core.package_identification:_identify(src/log/build_2024-11-04_19-25-47) by extensions ['ignore', 'ignore_ament_install']
[5.851s] Level 1:colcon.colcon_core.package_identification:_identify(src/log/build_2024-11-04_19-25-47) by extension 'ignore'
[5.851s] Level 1:colcon.colcon_core.package_identification:_identify(src/log/build_2024-11-04_19-25-47) by extension 'ignore_ament_install'
[5.852s] Level 1:colcon.colcon_core.package_identification:_identify(src/log/build_2024-11-04_19-25-47) by extensions ['colcon_pkg']
[5.852s] Level 1:colcon.colcon_core.package_identification:_identify(src/log/build_2024-11-04_19-25-47) by extension 'colcon_pkg'
[5.852s] Level 1:colcon.colcon_core.package_identification:_identify(src/log/build_2024-11-04_19-25-47) by extensions ['colcon_meta']
[5.853s] Level 1:colcon.colcon_core.package_identification:_identify(src/log/build_2024-11-04_19-25-47) by extension 'colcon_meta'
[5.853s] Level 1:colcon.colcon_core.package_identification:_identify(src/log/build_2024-11-04_19-25-47) by extensions ['ros']
[5.853s] Level 1:colcon.colcon_core.package_identification:_identify(src/log/build_2024-11-04_19-25-47) by extension 'ros'
[5.854s] Level 1:colcon.colcon_core.package_identification:_identify(src/log/build_2024-11-04_19-25-47) by extensions ['cmake', 'python']
[5.854s] Level 1:colcon.colcon_core.package_identification:_identify(src/log/build_2024-11-04_19-25-47) by extension 'cmake'
[5.855s] Level 1:colcon.colcon_core.package_identification:_identify(src/log/build_2024-11-04_19-25-47) by extension 'python'
[5.855s] Level 1:colcon.colcon_core.package_identification:_identify(src/log/build_2024-11-04_19-25-47) by extensions ['python_setup_py']
[5.855s] Level 1:colcon.colcon_core.package_identification:_identify(src/log/build_2024-11-04_19-25-47) by extension 'python_setup_py'
[5.855s] Level 1:colcon.colcon_core.package_identification:_identify(src/log/build_2024-11-04_19-25-47/villege_li) by extensions ['ignore', 'ignore_ament_install']
[5.856s] Level 1:colcon.colcon_core.package_identification:_identify(src/log/build_2024-11-04_19-25-47/villege_li) by extension 'ignore'
[5.856s] Level 1:colcon.colcon_core.package_identification:_identify(src/log/build_2024-11-04_19-25-47/villege_li) by extension 'ignore_ament_install'
[5.857s] Level 1:colcon.colcon_core.package_identification:_identify(src/log/build_2024-11-04_19-25-47/villege_li) by extensions ['colcon_pkg']
[5.857s] Level 1:colcon.colcon_core.package_identification:_identify(src/log/build_2024-11-04_19-25-47/villege_li) by extension 'colcon_pkg'
[5.857s] Level 1:colcon.colcon_core.package_identification:_identify(src/log/build_2024-11-04_19-25-47/villege_li) by extensions ['colcon_meta']
[5.857s] Level 1:colcon.colcon_core.package_identification:_identify(src/log/build_2024-11-04_19-25-47/villege_li) by extension 'colcon_meta'
[5.858s] Level 1:colcon.colcon_core.package_identification:_identify(src/log/build_2024-11-04_19-25-47/villege_li) by extensions ['ros']
[5.858s] Level 1:colcon.colcon_core.package_identification:_identify(src/log/build_2024-11-04_19-25-47/villege_li) by extension 'ros'
[5.859s] Level 1:colcon.colcon_core.package_identification:_identify(src/log/build_2024-11-04_19-25-47/villege_li) by extensions ['cmake', 'python']
[5.859s] Level 1:colcon.colcon_core.package_identification:_identify(src/log/build_2024-11-04_19-25-47/villege_li) by extension 'cmake'
[5.859s] Level 1:colcon.colcon_core.package_identification:_identify(src/log/build_2024-11-04_19-25-47/villege_li) by extension 'python'
[5.859s] Level 1:colcon.colcon_core.package_identification:_identify(src/log/build_2024-11-04_19-25-47/villege_li) by extensions ['python_setup_py']
[5.860s] Level 1:colcon.colcon_core.package_identification:_identify(src/log/build_2024-11-04_19-25-47/villege_li) by extension 'python_setup_py'
[5.860s] Level 1:colcon.colcon_core.package_identification:_identify(src/village_li) by extensions ['ignore', 'ignore_ament_install']
[5.861s] Level 1:colcon.colcon_core.package_identification:_identify(src/village_li) by extension 'ignore'
[5.861s] Level 1:colcon.colcon_core.package_identification:_identify(src/village_li) by extension 'ignore_ament_install'
[5.861s] Level 1:colcon.colcon_core.package_identification:_identify(src/village_li) by extensions ['colcon_pkg']
[5.862s] Level 1:colcon.colcon_core.package_identification:_identify(src/village_li) by extension 'colcon_pkg'
[5.862s] Level 1:colcon.colcon_core.package_identification:_identify(src/village_li) by extensions ['colcon_meta']
[5.862s] Level 1:colcon.colcon_core.package_identification:_identify(src/village_li) by extension 'colcon_meta'
[5.862s] Level 1:colcon.colcon_core.package_identification:_identify(src/village_li) by extensions ['ros']
[5.863s] Level 1:colcon.colcon_core.package_identification:_identify(src/village_li) by extension 'ros'
[5.889s] DEBUG:colcon.colcon_core.package_identification:Package 'src/village_li' with type 'ros.ament_python' and name 'village_li'
[5.889s] Level 1:colcon.colcon_core.package_identification:_identify(src/village_wang) by extensions ['ignore', 'ignore_ament_install']
[5.890s] Level 1:colcon.colcon_core.package_identification:_identify(src/village_wang) by extension 'ignore'
[5.890s] Level 1:colcon.colcon_core.package_identification:_identify(src/village_wang) by extension 'ignore_ament_install'
[5.891s] Level 1:colcon.colcon_core.package_identification:_identify(src/village_wang) by extensions ['colcon_pkg']
[5.891s] Level 1:colcon.colcon_core.package_identification:_identify(src/village_wang) by extension 'colcon_pkg'
[5.891s] Level 1:colcon.colcon_core.package_identification:_identify(src/village_wang) by extensions ['colcon_meta']
[5.891s] Level 1:colcon.colcon_core.package_identification:_identify(src/village_wang) by extension 'colcon_meta'
[5.892s] Level 1:colcon.colcon_core.package_identification:_identify(src/village_wang) by extensions ['ros']
[5.892s] Level 1:colcon.colcon_core.package_identification:_identify(src/village_wang) by extension 'ros'
[5.897s] DEBUG:colcon.colcon_core.package_identification:Package 'src/village_wang' with type 'ros.ament_cmake' and name 'village_wang'
[5.897s] Level 1:colcon.colcon_core.package_discovery:discover_packages(recursive) using defaults
[5.898s] Level 1:colcon.colcon_core.package_discovery:discover_packages(ignore) discover
[5.898s] Level 1:colcon.colcon_core.package_discovery:discover_packages(ignore) using defaults
[5.898s] Level 1:colcon.colcon_core.package_discovery:discover_packages(path) discover
[5.899s] Level 1:colcon.colcon_core.package_discovery:discover_packages(path) using defaults
[6.087s] Level 1:colcon.colcon_core.package_discovery:discover_packages(prefix_path) check parameters
[6.087s] Level 1:colcon.colcon_core.package_discovery:discover_packages(prefix_path) discover
[6.103s] DEBUG:colcon.colcon_installed_package_information.package_discovery:Found 270 installed packages in /opt/ros/humble
[6.139s] Level 1:colcon.colcon_core.package_discovery:discover_packages(prefix_path) using defaults
[6.530s] Level 5:colcon.colcon_core.verb:set package 'village_li' build argument 'cmake_args' from command line to 'None'
[6.530s] Level 5:colcon.colcon_core.verb:set package 'village_li' build argument 'cmake_target' from command line to 'None'
[6.531s] Level 5:colcon.colcon_core.verb:set package 'village_li' build argument 'cmake_target_skip_unavailable' from command line to 'False'
[6.531s] Level 5:colcon.colcon_core.verb:set package 'village_li' build argument 'cmake_clean_cache' from command line to 'False'
[6.531s] Level 5:colcon.colcon_core.verb:set package 'village_li' build argument 'cmake_clean_first' from command line to 'False'
[6.531s] Level 5:colcon.colcon_core.verb:set package 'village_li' build argument 'cmake_force_configure' from command line to 'False'
[6.531s] Level 5:colcon.colcon_core.verb:set package 'village_li' build argument 'ament_cmake_args' from command line to 'None'
[6.532s] Level 5:colcon.colcon_core.verb:set package 'village_li' build argument 'catkin_cmake_args' from command line to 'None'
[6.532s] Level 5:colcon.colcon_core.verb:set package 'village_li' build argument 'catkin_skip_building_tests' from command line to 'False'
[6.532s] DEBUG:colcon.colcon_core.verb:Building package 'village_li' with the following arguments: {'ament_cmake_args': None, 'build_base': '/home/zfh/code/ros2Std/town_ws/build/village_li', 'catkin_cmake_args': None, 'catkin_skip_building_tests': False, 'cmake_args': None, 'cmake_clean_cache': False, 'cmake_clean_first': False, 'cmake_force_configure': False, 'cmake_target': None, 'cmake_target_skip_unavailable': False, 'install_base': '/home/zfh/code/ros2Std/town_ws/install/village_li', 'merge_install': False, 'path': '/home/zfh/code/ros2Std/town_ws/src/village_li', 'symlink_install': False, 'test_result_base': None}
[6.533s] Level 5:colcon.colcon_core.verb:set package 'village_wang' build argument 'cmake_args' from command line to 'None'
[6.533s] Level 5:colcon.colcon_core.verb:set package 'village_wang' build argument 'cmake_target' from command line to 'None'
[6.534s] Level 5:colcon.colcon_core.verb:set package 'village_wang' build argument 'cmake_target_skip_unavailable' from command line to 'False'
[6.534s] Level 5:colcon.colcon_core.verb:set package 'village_wang' build argument 'cmake_clean_cache' from command line to 'False'
[6.534s] Level 5:colcon.colcon_core.verb:set package 'village_wang' build argument 'cmake_clean_first' from command line to 'False'
[6.534s] Level 5:colcon.colcon_core.verb:set package 'village_wang' build argument 'cmake_force_configure' from command line to 'False'
[6.534s] Level 5:colcon.colcon_core.verb:set package 'village_wang' build argument 'ament_cmake_args' from command line to 'None'
[6.534s] Level 5:colcon.colcon_core.verb:set package 'village_wang' build argument 'catkin_cmake_args' from command line to 'None'
[6.534s] Level 5:colcon.colcon_core.verb:set package 'village_wang' build argument 'catkin_skip_building_tests' from command line to 'False'
[6.534s] DEBUG:colcon.colcon_core.verb:Building package 'village_wang' with the following arguments: {'ament_cmake_args': None, 'build_base': '/home/zfh/code/ros2Std/town_ws/build/village_wang', 'catkin_cmake_args': None, 'catkin_skip_building_tests': False, 'cmake_args': None, 'cmake_clean_cache': False, 'cmake_clean_first': False, 'cmake_force_configure': False, 'cmake_target': None, 'cmake_target_skip_unavailable': False, 'install_base': '/home/zfh/code/ros2Std/town_ws/install/village_wang', 'merge_install': False, 'path': '/home/zfh/code/ros2Std/town_ws/src/village_wang', 'symlink_install': False, 'test_result_base': None}
[6.535s] INFO:colcon.colcon_core.executor:Executing jobs using 'parallel' executor
[6.538s] DEBUG:colcon.colcon_parallel_executor.executor.parallel:run_until_complete
[6.540s] INFO:colcon.colcon_ros.task.ament_python.build:Building ROS package in '/home/zfh/code/ros2Std/town_ws/src/village_li' with build type 'ament_python'
[6.540s] Level 1:colcon.colcon_core.shell:create_environment_hook('village_li', 'ament_prefix_path')
[6.561s] INFO:colcon.colcon_core.plugin_system:Skipping extension 'colcon_core.shell.bat': Not used on non-Windows systems
[6.563s] INFO:colcon.colcon_core.shell:Creating environment hook '/home/zfh/code/ros2Std/town_ws/install/village_li/share/village_li/hook/ament_prefix_path.ps1'
[6.566s] INFO:colcon.colcon_core.shell:Creating environment descriptor '/home/zfh/code/ros2Std/town_ws/install/village_li/share/village_li/hook/ament_prefix_path.dsv'
[6.576s] INFO:colcon.colcon_core.shell:Creating environment hook '/home/zfh/code/ros2Std/town_ws/install/village_li/share/village_li/hook/ament_prefix_path.sh'
[6.582s] INFO:colcon.colcon_core.shell:Skip shell extension 'powershell' for command environment: Not usable outside of PowerShell
[6.583s] DEBUG:colcon.colcon_core.shell:Skip shell extension 'dsv' for command environment
[6.609s] INFO:colcon.colcon_ros.task.ament_cmake.build:Building ROS package in '/home/zfh/code/ros2Std/town_ws/src/village_wang' with build type 'ament_cmake'
[6.611s] INFO:colcon.colcon_cmake.task.cmake.build:Building CMake package in '/home/zfh/code/ros2Std/town_ws/src/village_wang'
[6.613s] INFO:colcon.colcon_core.shell:Skip shell extension 'powershell' for command environment: Not usable outside of PowerShell
[6.613s] DEBUG:colcon.colcon_core.shell:Skip shell extension 'dsv' for command environment
[9.339s] INFO:colcon.colcon_core.task.python.build:Building Python package in '/home/zfh/code/ros2Std/town_ws/src/village_li'
[9.341s] INFO:colcon.colcon_core.shell:Skip shell extension 'powershell' for command environment: Not usable outside of PowerShell
[9.341s] DEBUG:colcon.colcon_core.shell:Skip shell extension 'dsv' for command environment
[9.390s] DEBUG:colcon.colcon_core.event_handler.log_command:Invoking command in '/home/zfh/code/ros2Std/town_ws/build/village_wang': CMAKE_PREFIX_PATH=/opt/ros/humble /usr/bin/cmake /home/zfh/code/ros2Std/town_ws/src/village_wang -DCMAKE_INSTALL_PREFIX=/home/zfh/code/ros2Std/town_ws/install/village_wang
[16.661s] DEBUG:colcon.colcon_core.event_handler.log_command:Invoking command in '/home/zfh/code/ros2Std/town_ws/src/village_li': PYTHONPATH=/home/zfh/code/ros2Std/town_ws/build/village_li/prefix_override:/usr/lib/python3/dist-packages/colcon_core/task/python/colcon_distutils_commands:/home/zfh/code/ros2Std/town_ws/install/village_li/lib/python3.10/site-packages:${PYTHONPATH} /usr/bin/python3 -W ignore:setup.py install is deprecated setup.py egg_info --egg-base ../../build/village_li build --build-base /home/zfh/code/ros2Std/town_ws/build/village_li/build install --record /home/zfh/code/ros2Std/town_ws/build/village_li/install.log --single-version-externally-managed install_data
[19.832s] DEBUG:colcon.colcon_core.event_handler.log_command:Invoked command in '/home/zfh/code/ros2Std/town_ws/src/village_li' returned '0': PYTHONPATH=/home/zfh/code/ros2Std/town_ws/build/village_li/prefix_override:/usr/lib/python3/dist-packages/colcon_core/task/python/colcon_distutils_commands:/home/zfh/code/ros2Std/town_ws/install/village_li/lib/python3.10/site-packages:${PYTHONPATH} /usr/bin/python3 -W ignore:setup.py install is deprecated setup.py egg_info --egg-base ../../build/village_li build --build-base /home/zfh/code/ros2Std/town_ws/build/village_li/build install --record /home/zfh/code/ros2Std/town_ws/build/village_li/install.log --single-version-externally-managed install_data
[19.941s] Level 1:colcon.colcon_core.environment:checking '/home/zfh/code/ros2Std/town_ws/install/village_li' for CMake module files
[19.942s] Level 1:colcon.colcon_core.environment:checking '/home/zfh/code/ros2Std/town_ws/install/village_li' for CMake config files
[19.945s] Level 1:colcon.colcon_core.environment:checking '/home/zfh/code/ros2Std/town_ws/install/village_li/lib'
[19.946s] Level 1:colcon.colcon_core.environment:checking '/home/zfh/code/ros2Std/town_ws/install/village_li/bin'
[19.947s] Level 1:colcon.colcon_core.environment:checking '/home/zfh/code/ros2Std/town_ws/install/village_li/lib/pkgconfig/village_li.pc'
[19.948s] Level 1:colcon.colcon_core.environment:checking '/home/zfh/code/ros2Std/town_ws/install/village_li/lib/python3.10/site-packages'
[19.948s] Level 1:colcon.colcon_core.shell:create_environment_hook('village_li', 'pythonpath')
[19.951s] INFO:colcon.colcon_core.shell:Creating environment hook '/home/zfh/code/ros2Std/town_ws/install/village_li/share/village_li/hook/pythonpath.ps1'
[19.957s] INFO:colcon.colcon_core.shell:Creating environment descriptor '/home/zfh/code/ros2Std/town_ws/install/village_li/share/village_li/hook/pythonpath.dsv'
[19.960s] INFO:colcon.colcon_core.shell:Creating environment hook '/home/zfh/code/ros2Std/town_ws/install/village_li/share/village_li/hook/pythonpath.sh'
[19.965s] Level 1:colcon.colcon_core.environment:checking '/home/zfh/code/ros2Std/town_ws/install/village_li/bin'
[19.966s] Level 1:colcon.colcon_core.environment:create_environment_scripts_only(village_li)
[19.973s] INFO:colcon.colcon_core.shell:Creating package script '/home/zfh/code/ros2Std/town_ws/install/village_li/share/village_li/package.ps1'
[19.990s] INFO:colcon.colcon_core.shell:Creating package descriptor '/home/zfh/code/ros2Std/town_ws/install/village_li/share/village_li/package.dsv'
[19.994s] INFO:colcon.colcon_core.shell:Creating package script '/home/zfh/code/ros2Std/town_ws/install/village_li/share/village_li/package.sh'
[20.002s] INFO:colcon.colcon_core.shell:Creating package script '/home/zfh/code/ros2Std/town_ws/install/village_li/share/village_li/package.bash'
[20.011s] INFO:colcon.colcon_core.shell:Creating package script '/home/zfh/code/ros2Std/town_ws/install/village_li/share/village_li/package.zsh'
[20.018s] Level 1:colcon.colcon_core.environment:create_file_with_runtime_dependencies(/home/zfh/code/ros2Std/town_ws/install/village_li/share/colcon-core/packages/village_li)
[41.171s] DEBUG:colcon.colcon_core.event_handler.log_command:Invoked command in '/home/zfh/code/ros2Std/town_ws/build/village_wang' returned '0': CMAKE_PREFIX_PATH=/opt/ros/humble /usr/bin/cmake /home/zfh/code/ros2Std/town_ws/src/village_wang -DCMAKE_INSTALL_PREFIX=/home/zfh/code/ros2Std/town_ws/install/village_wang
[41.183s] DEBUG:colcon.colcon_core.event_handler.log_command:Invoking command in '/home/zfh/code/ros2Std/town_ws/build/village_wang': CMAKE_PREFIX_PATH=/opt/ros/humble /usr/bin/cmake --build /home/zfh/code/ros2Std/town_ws/build/village_wang -- -j4 -l4
[48.196s] DEBUG:colcon.colcon_core.event_handler.log_command:Invoked command in '/home/zfh/code/ros2Std/town_ws/build/village_wang' returned '2': CMAKE_PREFIX_PATH=/opt/ros/humble /usr/bin/cmake --build /home/zfh/code/ros2Std/town_ws/build/village_wang -- -j4 -l4
[48.316s] Level 1:colcon.colcon_core.environment:create_environment_scripts_only(village_wang)
[48.319s] Level 1:colcon.colcon_core.environment:checking '/home/zfh/code/ros2Std/town_ws/install/village_wang' for CMake module files
[48.322s] Level 1:colcon.colcon_core.environment:checking '/home/zfh/code/ros2Std/town_ws/install/village_wang' for CMake config files
[48.324s] Level 1:colcon.colcon_core.shell:create_environment_hook('village_wang', 'cmake_prefix_path')
[48.329s] INFO:colcon.colcon_core.shell:Creating environment hook '/home/zfh/code/ros2Std/town_ws/install/village_wang/share/village_wang/hook/cmake_prefix_path.ps1'
[48.339s] INFO:colcon.colcon_core.shell:Creating environment descriptor '/home/zfh/code/ros2Std/town_ws/install/village_wang/share/village_wang/hook/cmake_prefix_path.dsv'
[48.346s] INFO:colcon.colcon_core.shell:Creating environment hook '/home/zfh/code/ros2Std/town_ws/install/village_wang/share/village_wang/hook/cmake_prefix_path.sh'
[48.351s] Level 1:colcon.colcon_core.environment:checking '/home/zfh/code/ros2Std/town_ws/install/village_wang/lib'
[48.351s] Level 1:colcon.colcon_core.environment:checking '/home/zfh/code/ros2Std/town_ws/install/village_wang/bin'
[48.352s] Level 1:colcon.colcon_core.environment:checking '/home/zfh/code/ros2Std/town_ws/install/village_wang/lib/pkgconfig/village_wang.pc'
[48.353s] Level 1:colcon.colcon_core.environment:checking '/home/zfh/code/ros2Std/town_ws/install/village_wang/lib/python3.10/site-packages'
[48.354s] Level 1:colcon.colcon_core.environment:checking '/home/zfh/code/ros2Std/town_ws/install/village_wang/bin'
[48.361s] INFO:colcon.colcon_core.shell:Creating package script '/home/zfh/code/ros2Std/town_ws/install/village_wang/share/village_wang/package.ps1'
[48.367s] INFO:colcon.colcon_core.shell:Creating package descriptor '/home/zfh/code/ros2Std/town_ws/install/village_wang/share/village_wang/package.dsv'
[48.371s] INFO:colcon.colcon_core.shell:Creating package script '/home/zfh/code/ros2Std/town_ws/install/village_wang/share/village_wang/package.sh'
[48.374s] INFO:colcon.colcon_core.shell:Creating package script '/home/zfh/code/ros2Std/town_ws/install/village_wang/share/village_wang/package.bash'
[48.377s] INFO:colcon.colcon_core.shell:Creating package script '/home/zfh/code/ros2Std/town_ws/install/village_wang/share/village_wang/package.zsh'
[48.381s] Level 1:colcon.colcon_core.environment:create_file_with_runtime_dependencies(/home/zfh/code/ros2Std/town_ws/install/village_wang/share/colcon-core/packages/village_wang)
[48.395s] DEBUG:colcon.colcon_parallel_executor.executor.parallel:closing loop
[48.397s] DEBUG:colcon.colcon_parallel_executor.executor.parallel:loop closed
[48.397s] DEBUG:colcon.colcon_parallel_executor.executor.parallel:run_until_complete finished with '2'
[48.397s] DEBUG:colcon.colcon_core.event_reactor:joining thread
[48.524s] INFO:colcon.colcon_core.plugin_system:Skipping extension 'colcon_notification.desktop_notification.terminal_notifier': Not used on non-Darwin systems
[48.525s] INFO:colcon.colcon_core.plugin_system:Skipping extension 'colcon_notification.desktop_notification.win32': Not used on non-Windows systems
[48.526s] INFO:colcon.colcon_notification.desktop_notification:Sending desktop notification using 'notify2'
[48.939s] DEBUG:colcon.colcon_core.event_reactor:joined thread
[48.941s] INFO:colcon.colcon_core.shell:Creating prefix script '/home/zfh/code/ros2Std/town_ws/install/local_setup.ps1'
[48.958s] INFO:colcon.colcon_core.shell:Creating prefix util module '/home/zfh/code/ros2Std/town_ws/install/_local_setup_util_ps1.py'
[48.966s] INFO:colcon.colcon_core.shell:Creating prefix chain script '/home/zfh/code/ros2Std/town_ws/install/setup.ps1'
[48.976s] INFO:colcon.colcon_core.shell:Creating prefix script '/home/zfh/code/ros2Std/town_ws/install/local_setup.sh'
[48.981s] INFO:colcon.colcon_core.shell:Creating prefix util module '/home/zfh/code/ros2Std/town_ws/install/_local_setup_util_sh.py'
[48.985s] INFO:colcon.colcon_core.shell:Creating prefix chain script '/home/zfh/code/ros2Std/town_ws/install/setup.sh'
[49.007s] INFO:colcon.colcon_core.shell:Creating prefix script '/home/zfh/code/ros2Std/town_ws/install/local_setup.bash'
[49.015s] INFO:colcon.colcon_core.shell:Creating prefix chain script '/home/zfh/code/ros2Std/town_ws/install/setup.bash'
[49.027s] INFO:colcon.colcon_core.shell:Creating prefix script '/home/zfh/code/ros2Std/town_ws/install/local_setup.zsh'
[49.033s] INFO:colcon.colcon_core.shell:Creating prefix chain script '/home/zfh/code/ros2Std/town_ws/install/setup.zsh'
