C51 COMPILER V9.60.7.0   MAIN                                                              03/21/2024 22:48:35 PAGE 1   


C51 COMPILER V9.60.7.0, COMPILATION OF MODULE MAIN
OBJECT MODULE PLACED IN .\Objects\main.obj
COMPILER INVOKED BY: D:\applications\kile5_51\C51\BIN\C51.EXE main.c OPTIMIZE(8,SPEED) BROWSE DEBUG OBJECTEXTEND PRINT(.
                    -\Listings\main.lst) TABS(2) OBJECT(.\Objects\main.obj)

line level    source

   1          #include <STC89C5xRC.H>
   2          #include "Delay.h"
   3          #include "LCD1602.h"
   4          #include "MatrixKey.h"
   5          
   6          unsigned char KeyNum;
   7          unsigned int Password;
   8          unsigned int Key = 1234;
   9          unsigned char Count = 0;
  10          
  11          void main()
  12          {
  13   1        LCD_Init();
  14   1        LCD_ShowString(1,1,"Enter Password:");
  15   1        
  16   1        while(1)
  17   1        {
  18   2          KeyNum = MatrixKey();
  19   2          if(KeyNum)
  20   2          { 
  21   3            if(KeyNum <= 10)
  22   3            {
  23   4              if(Count<4)
  24   4              {
  25   5                Password *= 10;      //密码左移一位
  26   5                Password += KeyNum%10;//获取一位密码
  27   5              }
  28   4              Count++;
  29   4            }
  30   3            if(KeyNum == 11)//退格
  31   3            {
  32   4              Password /= 10; 
  33   4              Count--;
  34   4            }
  35   3            if(KeyNum == 12)//确认
  36   3            {
  37   4              if(Password == Key)
  38   4              {
  39   5                LCD_ShowString(2,7,"TRUE");
  40   5                Password = 0;
  41   5                Count = 0;
  42   5              }
  43   4              else
  44   4              {
  45   5                LCD_ShowString(2,7,"ERROR");
  46   5                Password = 0;
  47   5                Count = 0;
  48   5              }
  49   4            }
  50   3            if(KeyNum == 16)//清除
  51   3            {
  52   4              Password = 0;
  53   4              Count = 0;
  54   4            }
C51 COMPILER V9.60.7.0   MAIN                                                              03/21/2024 22:48:35 PAGE 2   

  55   3            LCD_ShowNum(2,1,Password,4);
  56   3          } 
  57   2        }
  58   1      }


MODULE INFORMATION:   STATIC OVERLAYABLE
   CODE SIZE        =    166    ----
   CONSTANT SIZE    =     27    ----
   XDATA SIZE       =   ----    ----
   PDATA SIZE       =   ----    ----
   DATA SIZE        =      6    ----
   IDATA SIZE       =   ----    ----
   BIT SIZE         =   ----    ----
END OF MODULE INFORMATION.


C51 COMPILATION COMPLETE.  0 WARNING(S),  0 ERROR(S)
