C51 COMPILER V9.60.7.0   MATRIXKEY                                                         03/19/2024 20:23:38 PAGE 1   


C51 COMPILER V9.60.7.0, COMPILATION OF MODULE MATRIXKEY
OBJECT MODULE PLACED IN .\Objects\MatrixKey.obj
COMPILER INVOKED BY: D:\applications\kile5_51\C51\BIN\C51.EXE MatrixKey.c OPTIMIZE(8,SPEED) BROWSE DEBUG OBJECTEXTEND PR
                    -INT(.\Listings\MatrixKey.lst) TABS(2) OBJECT(.\Objects\MatrixKey.obj)

line level    source

   1          #include <STC89C5xRC.H>
   2          #include "Delay.h"
   3          
   4          /**
   5            * @brief 矩阵键盘读取按键键码
   6            * @param  无
   7            * @retval 返回值KeyNumber为按下按键的键码4值
   8            若按钮按下不放，程序会停留在此函数，松手一瞬间返回按钮键码，没有按钮按
             -下时返回0
   9            */
  10          unsigned char MatrixKey()
  11          {
  12   1        unsigned char KeyNumber = 0;
  13   1        P1 = 0xff;
  14   1        P13 = 0;
  15   1        if(P17 == 0)
  16   1        {Delay(20);while(P17 == 0);/*检测松手*/KeyNumber = 1;}
  17   1        if(P16 == 0)
  18   1        {Delay(20);while(P16 == 0);/*检测松手*/KeyNumber = 5;}
  19   1        if(P15 == 0)
  20   1        {Delay(20);while(P15 == 0);/*检测松手*/KeyNumber = 9;}
  21   1        if(P14 == 0)
  22   1        {Delay(20);while(P14 == 0);/*检测松手*/KeyNumber = 13;}
  23   1        
  24   1        P1 = 0xff;
  25   1        P12 = 0;
  26   1        if(P17 == 0)
  27   1        {Delay(20);while(P17 == 0);/*检测松手*/KeyNumber = 2;}
  28   1        if(P16 == 0)
  29   1        {Delay(20);while(P16 == 0);/*检测松手*/KeyNumber = 6;}
  30   1        if(P15 == 0)
  31   1        {Delay(20);while(P15 == 0);/*检测松手*/KeyNumber = 10;}
  32   1        if(P14 == 0)
  33   1        {Delay(20);while(P14 == 0);/*检测松手*/KeyNumber = 14;}
  34   1        
  35   1        P1 = 0xff;
  36   1        P11 = 0;
  37   1        if(P17 == 0)
  38   1        {Delay(20);while(P17 == 0);/*检测松手*/KeyNumber = 3;}
  39   1        if(P16 == 0)
  40   1        {Delay(20);while(P16 == 0);/*检测松手*/KeyNumber = 7;}
  41   1        if(P15 == 0)
  42   1        {Delay(20);while(P15 == 0);/*检测松手*/KeyNumber = 11;}
  43   1        if(P14 == 0)
  44   1        {Delay(20);while(P14 == 0);/*检测松手*/KeyNumber = 15;}
  45   1        
  46   1        P1 = 0xff;
  47   1        P10 = 0;
  48   1        if(P17 == 0)
  49   1        {Delay(20);while(P17 == 0);/*检测松手*/KeyNumber = 4;}
  50   1        if(P16 == 0)
  51   1        {Delay(20);while(P16 == 0);/*检测松手*/KeyNumber = 8;}
  52   1        if(P15 == 0)
  53   1        {Delay(20);while(P15 == 0);/*检测松手*/KeyNumber = 12;}
C51 COMPILER V9.60.7.0   MATRIXKEY                                                         03/19/2024 20:23:38 PAGE 2   

  54   1        if(P14 == 0)
  55   1        {Delay(20);while(P14 == 0);/*检测松手*/KeyNumber = 16;}
  56   1        return KeyNumber;
  57   1      }


MODULE INFORMATION:   STATIC OVERLAYABLE
   CODE SIZE        =    281    ----
   CONSTANT SIZE    =   ----    ----
   XDATA SIZE       =   ----    ----
   PDATA SIZE       =   ----    ----
   DATA SIZE        =   ----       1
   IDATA SIZE       =   ----    ----
   BIT SIZE         =   ----    ----
END OF MODULE INFORMATION.


C51 COMPILATION COMPLETE.  0 WARNING(S),  0 ERROR(S)
