[0.521s] Invoking command in '/home/zfh/code/ros2Std/town_ws/build/village_wang': CMAKE_PREFIX_PATH=/opt/ros/humble /usr/bin/cmake --build /home/zfh/code/ros2Std/town_ws/build/village_wang -- -j4 -l4
[0.698s] -- Found ament_cmake: 1.3.10 (/opt/ros/humble/share/ament_cmake/cmake)
[1.110s] -- Found rclcpp: 16.0.10 (/opt/ros/humble/share/rclcpp/cmake)
[2.439s] -- Found rosidl_generator_c: 3.1.5 (/opt/ros/humble/share/rosidl_generator_c/cmake)
[2.443s] -- Found rosidl_adapter: 3.1.5 (/opt/ros/humble/share/rosidl_adapter/cmake)
[2.459s] -- Found rosidl_generator_cpp: 3.1.5 (/opt/ros/humble/share/rosidl_generator_cpp/cmake)
[2.477s] -- Using all available rosidl_typesupport_c: rosidl_typesupport_fastrtps_c;rosidl_typesupport_introspection_c
[2.499s] -- Using all available rosidl_typesupport_cpp: rosidl_typesupport_fastrtps_cpp;rosidl_typesupport_introspection_cpp
[2.560s] -- Found rmw_implementation_cmake: 6.1.2 (/opt/ros/humble/share/rmw_implementation_cmake/cmake)
[2.563s] -- Found rmw_fastrtps_cpp: 6.2.7 (/opt/ros/humble/share/rmw_fastrtps_cpp/cmake)
[9.752s] -- Using RMW implementation 'rmw_fastrtps_cpp' as default
[9.872s] -- Found ament_lint_auto: 0.12.11 (/opt/ros/humble/share/ament_lint_auto/cmake)
[10.014s] -- Added test 'cppcheck' to perform static code analysis on C / C++ code
[10.014s] -- Configured cppcheck include dirs: 
[10.014s] -- Configured cppcheck exclude dirs and/or files: 
[10.016s] -- Added test 'lint_cmake' to check CMake code style
[10.018s] -- Added test 'uncrustify' to check C / C++ code style
[10.018s] -- Configured uncrustify additional arguments: 
[10.019s] -- Added test 'xmllint' to check XML markup files
[10.028s] -- Configuring done
[10.173s] -- Generating done
[10.190s] -- Build files have been written to: /home/zfh/code/ros2Std/town_ws/build/village_wang
[10.273s] [35m[1mConsolidate compiler generated dependencies of target wang2_node[0m
[10.361s] [ 50%] [32mBuilding CXX object CMakeFiles/wang2_node.dir/src/wang2.cpp.o[0m
[31.941s] [100%] [32m[1mLinking CXX executable wang2_node[0m
[32.947s] [100%] Built target wang2_node
[32.968s] Invoked command in '/home/zfh/code/ros2Std/town_ws/build/village_wang' returned '0': CMAKE_PREFIX_PATH=/opt/ros/humble /usr/bin/cmake --build /home/zfh/code/ros2Std/town_ws/build/village_wang -- -j4 -l4
[33.047s] Invoking command in '/home/zfh/code/ros2Std/town_ws/build/village_wang': CMAKE_PREFIX_PATH=/opt/ros/humble /usr/bin/cmake --install /home/zfh/code/ros2Std/town_ws/build/village_wang
[33.062s] -- Install configuration: ""
[33.066s] -- Installing: /home/zfh/code/ros2Std/town_ws/install/village_wang/share/ament_index/resource_index/package_run_dependencies/village_wang
[33.070s] -- Installing: /home/zfh/code/ros2Std/town_ws/install/village_wang/share/ament_index/resource_index/parent_prefix_path/village_wang
[33.071s] -- Installing: /home/zfh/code/ros2Std/town_ws/install/village_wang/share/village_wang/environment/ament_prefix_path.sh
[33.073s] -- Installing: /home/zfh/code/ros2Std/town_ws/install/village_wang/share/village_wang/environment/ament_prefix_path.dsv
[33.074s] -- Installing: /home/zfh/code/ros2Std/town_ws/install/village_wang/share/village_wang/environment/path.sh
[33.077s] -- Installing: /home/zfh/code/ros2Std/town_ws/install/village_wang/share/village_wang/environment/path.dsv
[33.078s] -- Installing: /home/zfh/code/ros2Std/town_ws/install/village_wang/share/village_wang/local_setup.bash
[33.079s] -- Installing: /home/zfh/code/ros2Std/town_ws/install/village_wang/share/village_wang/local_setup.sh
[33.080s] -- Installing: /home/zfh/code/ros2Std/town_ws/install/village_wang/share/village_wang/local_setup.zsh
[33.081s] -- Installing: /home/zfh/code/ros2Std/town_ws/install/village_wang/share/village_wang/local_setup.dsv
[33.081s] -- Installing: /home/zfh/code/ros2Std/town_ws/install/village_wang/share/village_wang/package.dsv
[33.083s] -- Installing: /home/zfh/code/ros2Std/town_ws/install/village_wang/share/ament_index/resource_index/packages/village_wang
[33.085s] -- Installing: /home/zfh/code/ros2Std/town_ws/install/village_wang/share/village_wang/cmake/village_wangConfig.cmake
[33.086s] -- Installing: /home/zfh/code/ros2Std/town_ws/install/village_wang/share/village_wang/cmake/village_wangConfig-version.cmake
[33.087s] -- Installing: /home/zfh/code/ros2Std/town_ws/install/village_wang/share/village_wang/package.xml
[33.088s] -- Installing: /home/zfh/code/ros2Std/town_ws/install/village_wang/lib/village_wang/wang2_node
[33.095s] -- Set runtime path of "/home/zfh/code/ros2Std/town_ws/install/village_wang/lib/village_wang/wang2_node" to ""
[33.107s] Invoked command in '/home/zfh/code/ros2Std/town_ws/build/village_wang' returned '0': CMAKE_PREFIX_PATH=/opt/ros/humble /usr/bin/cmake --install /home/zfh/code/ros2Std/town_ws/build/village_wang
