C51 COMPILER V9.60.7.0   MAIN                                                              03/13/2024 23:39:38 PAGE 1   


C51 COMPILER V9.60.7.0, COMPILATION OF MODULE MAIN
OBJECT MODULE PLACED IN .\Objects\main.obj
COMPILER INVOKED BY: D:\applications\kile5_51\C51\BIN\C51.EXE main.c OPTIMIZE(8,SPEED) BROWSE INCDIR(E:\applications\kel
                    -i 5 C51\C51\INC\Atmel) DEBUG OBJECTEXTEND PRINT(.\Listings\main.lst) TABS(2) OBJECT(.\Objects\main.obj)

line level    source

   1          #include <STC89C5xRC.H>
   2          #include <INTRINS.H>
   3          
   4          unsigned char NixieTable[] = {0x3F,0x06,0x5B,0x4F,0x66,0x6D,0x7D,0x07,0x7F,0x6F,0x77,0x7C,0x39,0x5E,0x79,0
             -x71,0x00,};
   5          
   6          void Delay1ms(void) //@11.0592MHz
   7          {
   8   1        unsigned char data i, j;
   9   1      
  10   1        _nop_();
  11   1        _nop_();
  12   1        _nop_();
  13   1        i = 11;
  14   1        j = 190;
  15   1        do
  16   1        {
  17   2          while (--j);
  18   2        } while (--i);
  19   1      }
  20          
  21          
  22          
  23          void Nixie(unsigned char Location, Number)
  24          {
  25   1        switch(Location)
  26   1        {
  27   2          case 1:
  28   2            P24 = 1; P23 = 1; P22 = 1;break;
  29   2          case 2:
  30   2            P24 = 1; P23 = 1; P22 = 0;break;
  31   2          case 3:
  32   2            P24 = 1; P23 = 0; P22 = 1;break;
  33   2          case 4:
  34   2            P24 = 1; P23 = 0; P22 = 0;break;
  35   2          case 5:
  36   2            P24 = 0; P23 = 1; P22 = 1;break;
  37   2          case 6:
  38   2            P24 = 0; P23 = 1; P22 = 0;break;
  39   2          case 7:
  40   2            P24 = 0; P23 = 0; P22 = 1;break;
  41   2          case 8:
  42   2            P24 = 0; P23 = 0; P22 = 0;break;
  43   2        }
  44   1        P0 = NixieTable[Number];
  45   1      }
  46            
  47          void main()
  48          {
  49   1        while(1)
  50   1        {
  51   2          Nixie(1,1);
  52   2          Delay1ms();
  53   2          Nixie(2,2);
C51 COMPILER V9.60.7.0   MAIN                                                              03/13/2024 23:39:38 PAGE 2   

  54   2          Delay1ms();
  55   2        }
  56   1      }


MODULE INFORMATION:   STATIC OVERLAYABLE
   CODE SIZE        =    134    ----
   CONSTANT SIZE    =   ----    ----
   XDATA SIZE       =   ----    ----
   PDATA SIZE       =   ----    ----
   DATA SIZE        =     17    ----
   IDATA SIZE       =   ----    ----
   BIT SIZE         =   ----    ----
END OF MODULE INFORMATION.


C51 COMPILATION COMPLETE.  0 WARNING(S),  0 ERROR(S)
