[2.541s] Invoking command in '/home/zfh/code/ros2Std/town_ws/src/village_li': PYTHONPATH=/home/zfh/code/ros2Std/town_ws/build/village_li/prefix_override:/usr/lib/python3/dist-packages/colcon_core/task/python/colcon_distutils_commands:/home/zfh/code/ros2Std/town_ws/install/village_li/lib/python3.10/site-packages:${PYTHONPATH} /usr/bin/python3 -W ignore:setup.py install is deprecated setup.py egg_info --egg-base ../../build/village_li build --build-base /home/zfh/code/ros2Std/town_ws/build/village_li/build install --record /home/zfh/code/ros2Std/town_ws/build/village_li/install.log --single-version-externally-managed install_data
[3.097s] running egg_info
[3.100s] writing ../../build/village_li/village_li.egg-info/PKG-INFO
[3.102s] writing dependency_links to ../../build/village_li/village_li.egg-info/dependency_links.txt
[3.105s] writing entry points to ../../build/village_li/village_li.egg-info/entry_points.txt
[3.107s] writing requirements to ../../build/village_li/village_li.egg-info/requires.txt
[3.107s] writing top-level names to ../../build/village_li/village_li.egg-info/top_level.txt
[3.118s] reading manifest file '../../build/village_li/village_li.egg-info/SOURCES.txt'
[3.121s] writing manifest file '../../build/village_li/village_li.egg-info/SOURCES.txt'
[3.123s] running build
[3.123s] running build_py
[3.124s] running install
[3.125s] running install_lib
[3.130s] running install_data
[3.130s] running install_egg_info
[3.134s] removing '/home/zfh/code/ros2Std/town_ws/install/village_li/lib/python3.10/site-packages/village_li-0.0.0-py3.10.egg-info' (and everything under it)
[3.140s] Copying ../../build/village_li/village_li.egg-info to /home/zfh/code/ros2Std/town_ws/install/village_li/lib/python3.10/site-packages/village_li-0.0.0-py3.10.egg-info
[3.145s] running install_scripts
[3.210s] Installing li4_node script to /home/zfh/code/ros2Std/town_ws/install/village_li/lib/village_li
[3.212s] Installing li4_node_oop script to /home/zfh/code/ros2Std/town_ws/install/village_li/lib/village_li
[3.213s] Installing li4_node_pop script to /home/zfh/code/ros2Std/town_ws/install/village_li/lib/village_li
[3.213s] writing list of installed files to '/home/zfh/code/ros2Std/town_ws/build/village_li/install.log'
[3.291s] Invoked command in '/home/zfh/code/ros2Std/town_ws/src/village_li' returned '0': PYTHONPATH=/home/zfh/code/ros2Std/town_ws/build/village_li/prefix_override:/usr/lib/python3/dist-packages/colcon_core/task/python/colcon_distutils_commands:/home/zfh/code/ros2Std/town_ws/install/village_li/lib/python3.10/site-packages:${PYTHONPATH} /usr/bin/python3 -W ignore:setup.py install is deprecated setup.py egg_info --egg-base ../../build/village_li build --build-base /home/zfh/code/ros2Std/town_ws/build/village_li/build install --record /home/zfh/code/ros2Std/town_ws/build/village_li/install.log --single-version-externally-managed install_data
