In file included from [01m[K/opt/ros/humble/include/rcutils/rcutils/error_handling.h:34[m[K,
                 from [01m[K/opt/ros/humble/include/rcutils/rcutils/logging.h:25[m[K,
                 from [01m[K/opt/ros/humble/include/rmw/rmw/types.h:28[m[K,
                 from [01m[K/opt/ros/humble/include/rcl/rcl/types.h:20[m[K,
                 from [01m[K/opt/ros/humble/include/rcl/rcl/log_level.h:22[m[K,
                 from [01m[K/opt/ros/humble/include/rcl/rcl/arguments.h:21[m[K,
                 from [01m[K/opt/ros/humble/include/rcl/rcl/context.h:28[m[K,
                 from [01m[K/opt/ros/humble/include/rcl/rcl/guard_condition.h:26[m[K,
                 from [01m[K/opt/ros/humble/include/rclcpp/rclcpp/executor.hpp:30[m[K,
                 from [01m[K/opt/ros/humble/include/rclcpp/rclcpp/executors/multi_threaded_executor.hpp:25[m[K,
                 from [01m[K/opt/ros/humble/include/rclcpp/rclcpp/executors.hpp:21[m[K,
                 from [01m[K/opt/ros/humble/include/rclcpp/rclcpp/rclcpp.hpp:155[m[K,
                 from [01m[K/home/zfh/code/ros2Std/town_ws/src/village_wang/src/wang2.cpp:3[m[K:
[01m[K/opt/ros/humble/include/std_msgs/std_msgs/msg/string.h:8:10:[m[K [01;31m[Kfatal error: [m[Kstd_msgs/msg/detail/string__struct.h: 没有那个文件或目录
    8 | #include [01;31m[K"std_msgs/msg/detail/string__struct.h"[m[K
      |          [01;31m[K^~~~~~~~~~~~~~~~~~~~~~~~~~~~~~~~~~~~~~[m[K
compilation terminated.
gmake[2]: *** [CMakeFiles/wang2_node.dir/build.make:76：CMakeFiles/wang2_node.dir/src/wang2.cpp.o] 错误 1
gmake[1]: *** [CMakeFiles/Makefile2:137：CMakeFiles/wang2_node.dir/all] 错误 2
gmake: *** [Makefile:146：all] 错误 2
