[0.485s] Invoking command in '/home/zfh/code/ros2Std/town_ws/build/village_wang': CMAKE_PREFIX_PATH=/opt/ros/humble /usr/bin/cmake --build /home/zfh/code/ros2Std/town_ws/build/village_wang -- -j4 -l4
[0.682s] -- Found ament_cmake: 1.3.10 (/opt/ros/humble/share/ament_cmake/cmake)
[1.002s] -- Found rclcpp: 16.0.10 (/opt/ros/humble/share/rclcpp/cmake)
[1.326s] -- Found rosidl_generator_c: 3.1.5 (/opt/ros/humble/share/rosidl_generator_c/cmake)
[1.335s] -- Found rosidl_adapter: 3.1.5 (/opt/ros/humble/share/rosidl_adapter/cmake)
[1.358s] -- Found rosidl_generator_cpp: 3.1.5 (/opt/ros/humble/share/rosidl_generator_cpp/cmake)
[1.397s] -- Using all available rosidl_typesupport_c: rosidl_typesupport_fastrtps_c;rosidl_typesupport_introspection_c
[1.434s] -- Using all available rosidl_typesupport_cpp: rosidl_typesupport_fastrtps_cpp;rosidl_typesupport_introspection_cpp
[1.544s] -- Found rmw_implementation_cmake: 6.1.2 (/opt/ros/humble/share/rmw_implementation_cmake/cmake)
[1.553s] -- Found rmw_fastrtps_cpp: 6.2.7 (/opt/ros/humble/share/rmw_fastrtps_cpp/cmake)
[8.285s] -- Using RMW implementation 'rmw_fastrtps_cpp' as default
[8.451s] -- Found ament_lint_auto: 0.12.11 (/opt/ros/humble/share/ament_lint_auto/cmake)
[8.599s] -- Added test 'cppcheck' to perform static code analysis on C / C++ code
[8.599s] -- Configured cppcheck include dirs: 
[8.599s] -- Configured cppcheck exclude dirs and/or files: 
[8.601s] -- Added test 'lint_cmake' to check CMake code style
[8.604s] -- Added test 'uncrustify' to check C / C++ code style
[8.604s] -- Configured uncrustify additional arguments: 
[8.605s] -- Added test 'xmllint' to check XML markup files
[8.612s] -- Configuring done
[8.647s] -- Generating done
[8.650s] -- Build files have been written to: /home/zfh/code/ros2Std/town_ws/build/village_wang
[8.702s] [35m[1mConsolidate compiler generated dependencies of target wang2_node[0m
[8.727s] [ 50%] [32mBuilding CXX object CMakeFiles/wang2_node.dir/src/wang2.cpp.o[0m
[9.223s] In file included from [01m[K/opt/ros/humble/include/rcutils/rcutils/error_handling.h:34[m[K,
[9.223s]                  from [01m[K/opt/ros/humble/include/rcutils/rcutils/logging.h:25[m[K,
[9.223s]                  from [01m[K/opt/ros/humble/include/rmw/rmw/types.h:28[m[K,
[9.224s]                  from [01m[K/opt/ros/humble/include/rcl/rcl/types.h:20[m[K,
[9.224s]                  from [01m[K/opt/ros/humble/include/rcl/rcl/log_level.h:22[m[K,
[9.224s]                  from [01m[K/opt/ros/humble/include/rcl/rcl/arguments.h:21[m[K,
[9.224s]                  from [01m[K/opt/ros/humble/include/rcl/rcl/context.h:28[m[K,
[9.224s]                  from [01m[K/opt/ros/humble/include/rcl/rcl/guard_condition.h:26[m[K,
[9.224s]                  from [01m[K/opt/ros/humble/include/rclcpp/rclcpp/executor.hpp:30[m[K,
[9.224s]                  from [01m[K/opt/ros/humble/include/rclcpp/rclcpp/executors/multi_threaded_executor.hpp:25[m[K,
[9.225s]                  from [01m[K/opt/ros/humble/include/rclcpp/rclcpp/executors.hpp:21[m[K,
[9.225s]                  from [01m[K/opt/ros/humble/include/rclcpp/rclcpp/rclcpp.hpp:155[m[K,
[9.225s]                  from [01m[K/home/zfh/code/ros2Std/town_ws/src/village_wang/src/wang2.cpp:3[m[K:
[9.225s] [01m[K/opt/ros/humble/include/std_msgs/std_msgs/msg/string.h:8:10:[m[K [01;31m[Kfatal error: [m[Kstd_msgs/msg/detail/string__struct.h: 没有那个文件或目录
[9.225s]     8 | #include [01;31m[K"std_msgs/msg/detail/string__struct.h"[m[K
[9.225s]       |          [01;31m[K^~~~~~~~~~~~~~~~~~~~~~~~~~~~~~~~~~~~~~[m[K
[9.226s] compilation terminated.
[9.228s] gmake[2]: *** [CMakeFiles/wang2_node.dir/build.make:76：CMakeFiles/wang2_node.dir/src/wang2.cpp.o] 错误 1
[9.228s] gmake[1]: *** [CMakeFiles/Makefile2:137：CMakeFiles/wang2_node.dir/all] 错误 2
[9.229s] gmake: *** [Makefile:146：all] 错误 2
[9.233s] Invoked command in '/home/zfh/code/ros2Std/town_ws/build/village_wang' returned '2': CMAKE_PREFIX_PATH=/opt/ros/humble /usr/bin/cmake --build /home/zfh/code/ros2Std/town_ws/build/village_wang -- -j4 -l4
