[0.138s] DEBUG:colcon:Command line arguments: ['/usr/bin/colcon', 'build', '--packages-select', 'village_wang']
[0.138s] DEBUG:colcon:Parsed command line arguments: Namespace(log_base=None, log_level=None, verb_name='build', build_base='build', install_base='install', merge_install=False, symlink_install=False, test_result_base=None, continue_on_error=False, executor='parallel', parallel_workers=16, event_handlers=None, ignore_user_meta=False, metas=['./colcon.meta'], base_paths=['.'], packages_ignore=None, packages_ignore_regex=None, paths=None, packages_up_to=None, packages_up_to_regex=None, packages_above=None, packages_above_and_dependencies=None, packages_above_depth=None, packages_select_by_dep=None, packages_skip_by_dep=None, packages_skip_up_to=None, packages_select_build_failed=False, packages_skip_build_finished=False, packages_select_test_failures=False, packages_skip_test_passed=False, packages_select=['village_wang'], packages_skip=None, packages_select_regex=None, packages_skip_regex=None, packages_start=None, packages_end=None, allow_overriding=[], cmake_args=None, cmake_target=None, cmake_target_skip_unavailable=False, cmake_clean_cache=False, cmake_clean_first=False, cmake_force_configure=False, ament_cmake_args=None, catkin_cmake_args=None, catkin_skip_building_tests=False, verb_parser=<colcon_defaults.argument_parser.defaults.DefaultArgumentsDecorator object at 0x7f404cefffa0>, verb_extension=<colcon_core.verb.build.BuildVerb object at 0x7f404ceff190>, main=<bound method BuildVerb.main of <colcon_core.verb.build.BuildVerb object at 0x7f404ceff190>>)
[0.278s] Level 1:colcon.colcon_core.package_discovery:discover_packages(colcon_meta) check parameters
[0.279s] Level 1:colcon.colcon_core.package_discovery:discover_packages(recursive) check parameters
[0.279s] Level 1:colcon.colcon_core.package_discovery:discover_packages(ignore) check parameters
[0.279s] Level 1:colcon.colcon_core.package_discovery:discover_packages(path) check parameters
[0.279s] Level 1:colcon.colcon_core.package_discovery:discover_packages(colcon_meta) discover
[0.279s] Level 1:colcon.colcon_core.package_discovery:discover_packages(recursive) discover
[0.279s] INFO:colcon.colcon_core.package_discovery:Crawling recursively for packages in '/home/zfh/code/code/ros2Std/town_ws'
[0.279s] Level 1:colcon.colcon_core.package_identification:_identify(.) by extensions ['ignore', 'ignore_ament_install']
[0.279s] Level 1:colcon.colcon_core.package_identification:_identify(.) by extension 'ignore'
[0.279s] Level 1:colcon.colcon_core.package_identification:_identify(.) by extension 'ignore_ament_install'
[0.279s] Level 1:colcon.colcon_core.package_identification:_identify(.) by extensions ['colcon_pkg']
[0.279s] Level 1:colcon.colcon_core.package_identification:_identify(.) by extension 'colcon_pkg'
[0.279s] Level 1:colcon.colcon_core.package_identification:_identify(.) by extensions ['colcon_meta']
[0.279s] Level 1:colcon.colcon_core.package_identification:_identify(.) by extension 'colcon_meta'
[0.279s] Level 1:colcon.colcon_core.package_identification:_identify(.) by extensions ['ros']
[0.279s] Level 1:colcon.colcon_core.package_identification:_identify(.) by extension 'ros'
[0.288s] Level 1:colcon.colcon_core.package_identification:_identify(.) by extensions ['cmake', 'python']
[0.289s] Level 1:colcon.colcon_core.package_identification:_identify(.) by extension 'cmake'
[0.289s] Level 1:colcon.colcon_core.package_identification:_identify(.) by extension 'python'
[0.289s] Level 1:colcon.colcon_core.package_identification:_identify(.) by extensions ['python_setup_py']
[0.289s] Level 1:colcon.colcon_core.package_identification:_identify(.) by extension 'python_setup_py'
[0.289s] Level 1:colcon.colcon_core.package_identification:_identify(build) by extensions ['ignore', 'ignore_ament_install']
[0.289s] Level 1:colcon.colcon_core.package_identification:_identify(build) by extension 'ignore'
[0.289s] Level 1:colcon.colcon_core.package_identification:_identify(build) ignored
[0.289s] Level 1:colcon.colcon_core.package_identification:_identify(install) by extensions ['ignore', 'ignore_ament_install']
[0.289s] Level 1:colcon.colcon_core.package_identification:_identify(install) by extension 'ignore'
[0.289s] Level 1:colcon.colcon_core.package_identification:_identify(install) ignored
[0.289s] Level 1:colcon.colcon_core.package_identification:_identify(log) by extensions ['ignore', 'ignore_ament_install']
[0.289s] Level 1:colcon.colcon_core.package_identification:_identify(log) by extension 'ignore'
[0.289s] Level 1:colcon.colcon_core.package_identification:_identify(log) ignored
[0.289s] Level 1:colcon.colcon_core.package_identification:_identify(src) by extensions ['ignore', 'ignore_ament_install']
[0.289s] Level 1:colcon.colcon_core.package_identification:_identify(src) by extension 'ignore'
[0.290s] Level 1:colcon.colcon_core.package_identification:_identify(src) by extension 'ignore_ament_install'
[0.290s] Level 1:colcon.colcon_core.package_identification:_identify(src) by extensions ['colcon_pkg']
[0.290s] Level 1:colcon.colcon_core.package_identification:_identify(src) by extension 'colcon_pkg'
[0.290s] Level 1:colcon.colcon_core.package_identification:_identify(src) by extensions ['colcon_meta']
[0.290s] Level 1:colcon.colcon_core.package_identification:_identify(src) by extension 'colcon_meta'
[0.290s] Level 1:colcon.colcon_core.package_identification:_identify(src) by extensions ['ros']
[0.290s] Level 1:colcon.colcon_core.package_identification:_identify(src) by extension 'ros'
[0.290s] Level 1:colcon.colcon_core.package_identification:_identify(src) by extensions ['cmake', 'python']
[0.290s] Level 1:colcon.colcon_core.package_identification:_identify(src) by extension 'cmake'
[0.290s] Level 1:colcon.colcon_core.package_identification:_identify(src) by extension 'python'
[0.290s] Level 1:colcon.colcon_core.package_identification:_identify(src) by extensions ['python_setup_py']
[0.290s] Level 1:colcon.colcon_core.package_identification:_identify(src) by extension 'python_setup_py'
[0.290s] Level 1:colcon.colcon_core.package_identification:_identify(src/village_wang) by extensions ['ignore', 'ignore_ament_install']
[0.290s] Level 1:colcon.colcon_core.package_identification:_identify(src/village_wang) by extension 'ignore'
[0.290s] Level 1:colcon.colcon_core.package_identification:_identify(src/village_wang) by extension 'ignore_ament_install'
[0.290s] Level 1:colcon.colcon_core.package_identification:_identify(src/village_wang) by extensions ['colcon_pkg']
[0.290s] Level 1:colcon.colcon_core.package_identification:_identify(src/village_wang) by extension 'colcon_pkg'
[0.290s] Level 1:colcon.colcon_core.package_identification:_identify(src/village_wang) by extensions ['colcon_meta']
[0.290s] Level 1:colcon.colcon_core.package_identification:_identify(src/village_wang) by extension 'colcon_meta'
[0.290s] Level 1:colcon.colcon_core.package_identification:_identify(src/village_wang) by extensions ['ros']
[0.290s] Level 1:colcon.colcon_core.package_identification:_identify(src/village_wang) by extension 'ros'
[0.292s] DEBUG:colcon.colcon_core.package_identification:Package 'src/village_wang' with type 'ros.ament_cmake' and name 'village_wang'
[0.292s] Level 1:colcon.colcon_core.package_identification:_identify(src/villege_li) by extensions ['ignore', 'ignore_ament_install']
[0.293s] Level 1:colcon.colcon_core.package_identification:_identify(src/villege_li) by extension 'ignore'
[0.293s] Level 1:colcon.colcon_core.package_identification:_identify(src/villege_li) by extension 'ignore_ament_install'
[0.293s] Level 1:colcon.colcon_core.package_identification:_identify(src/villege_li) by extensions ['colcon_pkg']
[0.293s] Level 1:colcon.colcon_core.package_identification:_identify(src/villege_li) by extension 'colcon_pkg'
[0.293s] Level 1:colcon.colcon_core.package_identification:_identify(src/villege_li) by extensions ['colcon_meta']
[0.293s] Level 1:colcon.colcon_core.package_identification:_identify(src/villege_li) by extension 'colcon_meta'
[0.293s] Level 1:colcon.colcon_core.package_identification:_identify(src/villege_li) by extensions ['ros']
[0.293s] Level 1:colcon.colcon_core.package_identification:_identify(src/villege_li) by extension 'ros'
[0.293s] DEBUG:colcon.colcon_core.package_identification:Package 'src/villege_li' with type 'ros.ament_python' and name 'villege_li'
[0.293s] Level 1:colcon.colcon_core.package_discovery:discover_packages(recursive) using defaults
[0.293s] Level 1:colcon.colcon_core.package_discovery:discover_packages(ignore) discover
[0.293s] Level 1:colcon.colcon_core.package_discovery:discover_packages(ignore) using defaults
[0.293s] Level 1:colcon.colcon_core.package_discovery:discover_packages(path) discover
[0.293s] Level 1:colcon.colcon_core.package_discovery:discover_packages(path) using defaults
[0.308s] INFO:colcon.colcon_core.package_selection:Skipping not selected package 'villege_li' in 'src/villege_li'
[0.309s] Level 1:colcon.colcon_core.package_discovery:discover_packages(prefix_path) check parameters
[0.309s] Level 1:colcon.colcon_core.package_discovery:discover_packages(prefix_path) discover
[0.311s] DEBUG:colcon.colcon_installed_package_information.package_discovery:Found 270 installed packages in /opt/ros/humble
[0.325s] Level 1:colcon.colcon_core.package_discovery:discover_packages(prefix_path) using defaults
[0.355s] Level 5:colcon.colcon_core.verb:set package 'village_wang' build argument 'cmake_args' from command line to 'None'
[0.356s] Level 5:colcon.colcon_core.verb:set package 'village_wang' build argument 'cmake_target' from command line to 'None'
[0.356s] Level 5:colcon.colcon_core.verb:set package 'village_wang' build argument 'cmake_target_skip_unavailable' from command line to 'False'
[0.356s] Level 5:colcon.colcon_core.verb:set package 'village_wang' build argument 'cmake_clean_cache' from command line to 'False'
[0.356s] Level 5:colcon.colcon_core.verb:set package 'village_wang' build argument 'cmake_clean_first' from command line to 'False'
[0.356s] Level 5:colcon.colcon_core.verb:set package 'village_wang' build argument 'cmake_force_configure' from command line to 'False'
[0.356s] Level 5:colcon.colcon_core.verb:set package 'village_wang' build argument 'ament_cmake_args' from command line to 'None'
[0.356s] Level 5:colcon.colcon_core.verb:set package 'village_wang' build argument 'catkin_cmake_args' from command line to 'None'
[0.356s] Level 5:colcon.colcon_core.verb:set package 'village_wang' build argument 'catkin_skip_building_tests' from command line to 'False'
[0.356s] DEBUG:colcon.colcon_core.verb:Building package 'village_wang' with the following arguments: {'ament_cmake_args': None, 'build_base': '/home/zfh/code/code/ros2Std/town_ws/build/village_wang', 'catkin_cmake_args': None, 'catkin_skip_building_tests': False, 'cmake_args': None, 'cmake_clean_cache': False, 'cmake_clean_first': False, 'cmake_force_configure': False, 'cmake_target': None, 'cmake_target_skip_unavailable': False, 'install_base': '/home/zfh/code/code/ros2Std/town_ws/install/village_wang', 'merge_install': False, 'path': '/home/zfh/code/code/ros2Std/town_ws/src/village_wang', 'symlink_install': False, 'test_result_base': None}
[0.356s] INFO:colcon.colcon_core.executor:Executing jobs using 'parallel' executor
[0.357s] DEBUG:colcon.colcon_parallel_executor.executor.parallel:run_until_complete
[0.357s] INFO:colcon.colcon_ros.task.ament_cmake.build:Building ROS package in '/home/zfh/code/code/ros2Std/town_ws/src/village_wang' with build type 'ament_cmake'
[0.357s] INFO:colcon.colcon_cmake.task.cmake.build:Building CMake package in '/home/zfh/code/code/ros2Std/town_ws/src/village_wang'
[0.360s] INFO:colcon.colcon_core.plugin_system:Skipping extension 'colcon_core.shell.bat': Not used on non-Windows systems
[0.360s] INFO:colcon.colcon_core.shell:Skip shell extension 'powershell' for command environment: Not usable outside of PowerShell
[0.360s] DEBUG:colcon.colcon_core.shell:Skip shell extension 'dsv' for command environment
[0.369s] DEBUG:colcon.colcon_core.event_handler.log_command:Invoking command in '/home/zfh/code/code/ros2Std/town_ws/build/village_wang': CMAKE_PREFIX_PATH=/opt/ros/humble /usr/bin/cmake --build /home/zfh/code/code/ros2Std/town_ws/build/village_wang -- -j16 -l16
[3.476s] DEBUG:colcon.colcon_core.event_handler.log_command:Invoked command in '/home/zfh/code/code/ros2Std/town_ws/build/village_wang' returned '0': CMAKE_PREFIX_PATH=/opt/ros/humble /usr/bin/cmake --build /home/zfh/code/code/ros2Std/town_ws/build/village_wang -- -j16 -l16
[3.510s] DEBUG:colcon.colcon_core.event_handler.log_command:Invoking command in '/home/zfh/code/code/ros2Std/town_ws/build/village_wang': CMAKE_PREFIX_PATH=/opt/ros/humble /usr/bin/cmake --install /home/zfh/code/code/ros2Std/town_ws/build/village_wang
[3.522s] Level 1:colcon.colcon_core.environment:create_environment_scripts_only(village_wang)
[3.523s] DEBUG:colcon.colcon_core.event_handler.log_command:Invoked command in '/home/zfh/code/code/ros2Std/town_ws/build/village_wang' returned '0': CMAKE_PREFIX_PATH=/opt/ros/humble /usr/bin/cmake --install /home/zfh/code/code/ros2Std/town_ws/build/village_wang
[3.524s] Level 1:colcon.colcon_core.environment:checking '/home/zfh/code/code/ros2Std/town_ws/install/village_wang' for CMake module files
[3.525s] Level 1:colcon.colcon_core.environment:checking '/home/zfh/code/code/ros2Std/town_ws/install/village_wang' for CMake config files
[3.525s] Level 1:colcon.colcon_core.shell:create_environment_hook('village_wang', 'cmake_prefix_path')
[3.525s] INFO:colcon.colcon_core.shell:Creating environment hook '/home/zfh/code/code/ros2Std/town_ws/install/village_wang/share/village_wang/hook/cmake_prefix_path.ps1'
[3.526s] INFO:colcon.colcon_core.shell:Creating environment descriptor '/home/zfh/code/code/ros2Std/town_ws/install/village_wang/share/village_wang/hook/cmake_prefix_path.dsv'
[3.526s] INFO:colcon.colcon_core.shell:Creating environment hook '/home/zfh/code/code/ros2Std/town_ws/install/village_wang/share/village_wang/hook/cmake_prefix_path.sh'
[3.527s] Level 1:colcon.colcon_core.environment:checking '/home/zfh/code/code/ros2Std/town_ws/install/village_wang/lib'
[3.527s] Level 1:colcon.colcon_core.environment:checking '/home/zfh/code/code/ros2Std/town_ws/install/village_wang/bin'
[3.527s] Level 1:colcon.colcon_core.environment:checking '/home/zfh/code/code/ros2Std/town_ws/install/village_wang/lib/pkgconfig/village_wang.pc'
[3.527s] Level 1:colcon.colcon_core.environment:checking '/home/zfh/code/code/ros2Std/town_ws/install/village_wang/lib/python3.10/site-packages'
[3.527s] Level 1:colcon.colcon_core.environment:checking '/home/zfh/code/code/ros2Std/town_ws/install/village_wang/bin'
[3.527s] INFO:colcon.colcon_core.shell:Creating package script '/home/zfh/code/code/ros2Std/town_ws/install/village_wang/share/village_wang/package.ps1'
[3.528s] INFO:colcon.colcon_core.shell:Creating package descriptor '/home/zfh/code/code/ros2Std/town_ws/install/village_wang/share/village_wang/package.dsv'
[3.528s] INFO:colcon.colcon_core.shell:Creating package script '/home/zfh/code/code/ros2Std/town_ws/install/village_wang/share/village_wang/package.sh'
[3.529s] INFO:colcon.colcon_core.shell:Creating package script '/home/zfh/code/code/ros2Std/town_ws/install/village_wang/share/village_wang/package.bash'
[3.529s] INFO:colcon.colcon_core.shell:Creating package script '/home/zfh/code/code/ros2Std/town_ws/install/village_wang/share/village_wang/package.zsh'
[3.530s] Level 1:colcon.colcon_core.environment:create_file_with_runtime_dependencies(/home/zfh/code/code/ros2Std/town_ws/install/village_wang/share/colcon-core/packages/village_wang)
[3.553s] Level 1:colcon.colcon_core.environment:create_environment_scripts_only(village_wang)
[3.553s] Level 1:colcon.colcon_core.environment:checking '/home/zfh/code/code/ros2Std/town_ws/install/village_wang' for CMake module files
[3.554s] Level 1:colcon.colcon_core.environment:checking '/home/zfh/code/code/ros2Std/town_ws/install/village_wang' for CMake config files
[3.554s] Level 1:colcon.colcon_core.shell:create_environment_hook('village_wang', 'cmake_prefix_path')
[3.554s] INFO:colcon.colcon_core.shell:Creating environment hook '/home/zfh/code/code/ros2Std/town_ws/install/village_wang/share/village_wang/hook/cmake_prefix_path.ps1'
[3.555s] INFO:colcon.colcon_core.shell:Creating environment descriptor '/home/zfh/code/code/ros2Std/town_ws/install/village_wang/share/village_wang/hook/cmake_prefix_path.dsv'
[3.555s] INFO:colcon.colcon_core.shell:Creating environment hook '/home/zfh/code/code/ros2Std/town_ws/install/village_wang/share/village_wang/hook/cmake_prefix_path.sh'
[3.556s] Level 1:colcon.colcon_core.environment:checking '/home/zfh/code/code/ros2Std/town_ws/install/village_wang/lib'
[3.556s] Level 1:colcon.colcon_core.environment:checking '/home/zfh/code/code/ros2Std/town_ws/install/village_wang/bin'
[3.556s] Level 1:colcon.colcon_core.environment:checking '/home/zfh/code/code/ros2Std/town_ws/install/village_wang/lib/pkgconfig/village_wang.pc'
[3.556s] Level 1:colcon.colcon_core.environment:checking '/home/zfh/code/code/ros2Std/town_ws/install/village_wang/lib/python3.10/site-packages'
[3.556s] Level 1:colcon.colcon_core.environment:checking '/home/zfh/code/code/ros2Std/town_ws/install/village_wang/bin'
[3.557s] INFO:colcon.colcon_core.shell:Creating package script '/home/zfh/code/code/ros2Std/town_ws/install/village_wang/share/village_wang/package.ps1'
[3.557s] INFO:colcon.colcon_core.shell:Creating package descriptor '/home/zfh/code/code/ros2Std/town_ws/install/village_wang/share/village_wang/package.dsv'
[3.557s] INFO:colcon.colcon_core.shell:Creating package script '/home/zfh/code/code/ros2Std/town_ws/install/village_wang/share/village_wang/package.sh'
[3.558s] INFO:colcon.colcon_core.shell:Creating package script '/home/zfh/code/code/ros2Std/town_ws/install/village_wang/share/village_wang/package.bash'
[3.558s] INFO:colcon.colcon_core.shell:Creating package script '/home/zfh/code/code/ros2Std/town_ws/install/village_wang/share/village_wang/package.zsh'
[3.558s] Level 1:colcon.colcon_core.environment:create_file_with_runtime_dependencies(/home/zfh/code/code/ros2Std/town_ws/install/village_wang/share/colcon-core/packages/village_wang)
[3.559s] DEBUG:colcon.colcon_parallel_executor.executor.parallel:closing loop
[3.559s] DEBUG:colcon.colcon_parallel_executor.executor.parallel:loop closed
[3.559s] DEBUG:colcon.colcon_parallel_executor.executor.parallel:run_until_complete finished with '0'
[3.559s] DEBUG:colcon.colcon_core.event_reactor:joining thread
[3.564s] INFO:colcon.colcon_core.plugin_system:Skipping extension 'colcon_notification.desktop_notification.terminal_notifier': Not used on non-Darwin systems
[3.565s] INFO:colcon.colcon_core.plugin_system:Skipping extension 'colcon_notification.desktop_notification.win32': Not used on non-Windows systems
[3.565s] INFO:colcon.colcon_notification.desktop_notification:Sending desktop notification using 'notify2'
[3.565s] DEBUG:colcon.colcon_notification.desktop_notification.notify2:Failed to initialize notify2: org.freedesktop.DBus.Error.FileNotFound: Failed to connect to socket /run/user/1000/bus: No such file or directory
[3.565s] DEBUG:colcon.colcon_core.event_reactor:joined thread
[3.565s] INFO:colcon.colcon_core.shell:Creating prefix script '/home/zfh/code/code/ros2Std/town_ws/install/local_setup.ps1'
[3.567s] INFO:colcon.colcon_core.shell:Creating prefix util module '/home/zfh/code/code/ros2Std/town_ws/install/_local_setup_util_ps1.py'
[3.568s] INFO:colcon.colcon_core.shell:Creating prefix chain script '/home/zfh/code/code/ros2Std/town_ws/install/setup.ps1'
[3.568s] INFO:colcon.colcon_core.shell:Creating prefix script '/home/zfh/code/code/ros2Std/town_ws/install/local_setup.sh'
[3.569s] INFO:colcon.colcon_core.shell:Creating prefix util module '/home/zfh/code/code/ros2Std/town_ws/install/_local_setup_util_sh.py'
[3.569s] INFO:colcon.colcon_core.shell:Creating prefix chain script '/home/zfh/code/code/ros2Std/town_ws/install/setup.sh'
[3.570s] INFO:colcon.colcon_core.shell:Creating prefix script '/home/zfh/code/code/ros2Std/town_ws/install/local_setup.bash'
[3.571s] INFO:colcon.colcon_core.shell:Creating prefix chain script '/home/zfh/code/code/ros2Std/town_ws/install/setup.bash'
[3.572s] INFO:colcon.colcon_core.shell:Creating prefix script '/home/zfh/code/code/ros2Std/town_ws/install/local_setup.zsh'
[3.572s] INFO:colcon.colcon_core.shell:Creating prefix chain script '/home/zfh/code/code/ros2Std/town_ws/install/setup.zsh'
