[0.191s] DEBUG:colcon:Command line arguments: ['/usr/bin/colcon', 'build']
[0.191s] DEBUG:colcon:Parsed command line arguments: Namespace(log_base=None, log_level=None, verb_name='build', build_base='build', install_base='install', merge_install=False, symlink_install=False, test_result_base=None, continue_on_error=False, executor='parallel', parallel_workers=16, event_handlers=None, ignore_user_meta=False, metas=['./colcon.meta'], base_paths=['.'], packages_ignore=None, packages_ignore_regex=None, paths=None, packages_up_to=None, packages_up_to_regex=None, packages_above=None, packages_above_and_dependencies=None, packages_above_depth=None, packages_select_by_dep=None, packages_skip_by_dep=None, packages_skip_up_to=None, packages_select_build_failed=False, packages_skip_build_finished=False, packages_select_test_failures=False, packages_skip_test_passed=False, packages_select=None, packages_skip=None, packages_select_regex=None, packages_skip_regex=None, packages_start=None, packages_end=None, allow_overriding=[], cmake_args=None, cmake_target=None, cmake_target_skip_unavailable=False, cmake_clean_cache=False, cmake_clean_first=False, cmake_force_configure=False, ament_cmake_args=None, catkin_cmake_args=None, catkin_skip_building_tests=False, verb_parser=<colcon_defaults.argument_parser.defaults.DefaultArgumentsDecorator object at 0x7fb4eb5f3f70>, verb_extension=<colcon_core.verb.build.BuildVerb object at 0x7fb4eb5f3160>, main=<bound method BuildVerb.main of <colcon_core.verb.build.BuildVerb object at 0x7fb4eb5f3160>>)
[0.457s] Level 1:colcon.colcon_core.package_discovery:discover_packages(colcon_meta) check parameters
[0.457s] Level 1:colcon.colcon_core.package_discovery:discover_packages(recursive) check parameters
[0.457s] Level 1:colcon.colcon_core.package_discovery:discover_packages(ignore) check parameters
[0.457s] Level 1:colcon.colcon_core.package_discovery:discover_packages(path) check parameters
[0.457s] Level 1:colcon.colcon_core.package_discovery:discover_packages(colcon_meta) discover
[0.457s] Level 1:colcon.colcon_core.package_discovery:discover_packages(recursive) discover
[0.457s] INFO:colcon.colcon_core.package_discovery:Crawling recursively for packages in '/home/zfh/code/code/ros2Std/town_ws'
[0.458s] Level 1:colcon.colcon_core.package_identification:_identify(.) by extensions ['ignore', 'ignore_ament_install']
[0.458s] Level 1:colcon.colcon_core.package_identification:_identify(.) by extension 'ignore'
[0.458s] Level 1:colcon.colcon_core.package_identification:_identify(.) by extension 'ignore_ament_install'
[0.458s] Level 1:colcon.colcon_core.package_identification:_identify(.) by extensions ['colcon_pkg']
[0.458s] Level 1:colcon.colcon_core.package_identification:_identify(.) by extension 'colcon_pkg'
[0.458s] Level 1:colcon.colcon_core.package_identification:_identify(.) by extensions ['colcon_meta']
[0.458s] Level 1:colcon.colcon_core.package_identification:_identify(.) by extension 'colcon_meta'
[0.458s] Level 1:colcon.colcon_core.package_identification:_identify(.) by extensions ['ros']
[0.458s] Level 1:colcon.colcon_core.package_identification:_identify(.) by extension 'ros'
[0.482s] Level 1:colcon.colcon_core.package_identification:_identify(.) by extensions ['cmake', 'python']
[0.482s] Level 1:colcon.colcon_core.package_identification:_identify(.) by extension 'cmake'
[0.482s] Level 1:colcon.colcon_core.package_identification:_identify(.) by extension 'python'
[0.482s] Level 1:colcon.colcon_core.package_identification:_identify(.) by extensions ['python_setup_py']
[0.482s] Level 1:colcon.colcon_core.package_identification:_identify(.) by extension 'python_setup_py'
[0.482s] Level 1:colcon.colcon_core.package_identification:_identify(build) by extensions ['ignore', 'ignore_ament_install']
[0.483s] Level 1:colcon.colcon_core.package_identification:_identify(build) by extension 'ignore'
[0.483s] Level 1:colcon.colcon_core.package_identification:_identify(build) ignored
[0.483s] Level 1:colcon.colcon_core.package_identification:_identify(install) by extensions ['ignore', 'ignore_ament_install']
[0.483s] Level 1:colcon.colcon_core.package_identification:_identify(install) by extension 'ignore'
[0.483s] Level 1:colcon.colcon_core.package_identification:_identify(install) ignored
[0.483s] Level 1:colcon.colcon_core.package_identification:_identify(log) by extensions ['ignore', 'ignore_ament_install']
[0.483s] Level 1:colcon.colcon_core.package_identification:_identify(log) by extension 'ignore'
[0.483s] Level 1:colcon.colcon_core.package_identification:_identify(log) ignored
[0.483s] Level 1:colcon.colcon_core.package_identification:_identify(src) by extensions ['ignore', 'ignore_ament_install']
[0.483s] Level 1:colcon.colcon_core.package_identification:_identify(src) by extension 'ignore'
[0.483s] Level 1:colcon.colcon_core.package_identification:_identify(src) by extension 'ignore_ament_install'
[0.484s] Level 1:colcon.colcon_core.package_identification:_identify(src) by extensions ['colcon_pkg']
[0.484s] Level 1:colcon.colcon_core.package_identification:_identify(src) by extension 'colcon_pkg'
[0.484s] Level 1:colcon.colcon_core.package_identification:_identify(src) by extensions ['colcon_meta']
[0.484s] Level 1:colcon.colcon_core.package_identification:_identify(src) by extension 'colcon_meta'
[0.484s] Level 1:colcon.colcon_core.package_identification:_identify(src) by extensions ['ros']
[0.484s] Level 1:colcon.colcon_core.package_identification:_identify(src) by extension 'ros'
[0.484s] Level 1:colcon.colcon_core.package_identification:_identify(src) by extensions ['cmake', 'python']
[0.484s] Level 1:colcon.colcon_core.package_identification:_identify(src) by extension 'cmake'
[0.484s] Level 1:colcon.colcon_core.package_identification:_identify(src) by extension 'python'
[0.484s] Level 1:colcon.colcon_core.package_identification:_identify(src) by extensions ['python_setup_py']
[0.484s] Level 1:colcon.colcon_core.package_identification:_identify(src) by extension 'python_setup_py'
[0.484s] Level 1:colcon.colcon_core.package_identification:_identify(src/villege_li) by extensions ['ignore', 'ignore_ament_install']
[0.484s] Level 1:colcon.colcon_core.package_identification:_identify(src/villege_li) by extension 'ignore'
[0.484s] Level 1:colcon.colcon_core.package_identification:_identify(src/villege_li) by extension 'ignore_ament_install'
[0.484s] Level 1:colcon.colcon_core.package_identification:_identify(src/villege_li) by extensions ['colcon_pkg']
[0.484s] Level 1:colcon.colcon_core.package_identification:_identify(src/villege_li) by extension 'colcon_pkg'
[0.485s] Level 1:colcon.colcon_core.package_identification:_identify(src/villege_li) by extensions ['colcon_meta']
[0.485s] Level 1:colcon.colcon_core.package_identification:_identify(src/villege_li) by extension 'colcon_meta'
[0.485s] Level 1:colcon.colcon_core.package_identification:_identify(src/villege_li) by extensions ['ros']
[0.485s] Level 1:colcon.colcon_core.package_identification:_identify(src/villege_li) by extension 'ros'
[0.490s] DEBUG:colcon.colcon_core.package_identification:Package 'src/villege_li' with type 'ros.ament_python' and name 'villege_li'
[0.490s] Level 1:colcon.colcon_core.package_discovery:discover_packages(recursive) using defaults
[0.490s] Level 1:colcon.colcon_core.package_discovery:discover_packages(ignore) discover
[0.490s] Level 1:colcon.colcon_core.package_discovery:discover_packages(ignore) using defaults
[0.490s] Level 1:colcon.colcon_core.package_discovery:discover_packages(path) discover
[0.490s] Level 1:colcon.colcon_core.package_discovery:discover_packages(path) using defaults
[0.529s] Level 1:colcon.colcon_core.package_discovery:discover_packages(prefix_path) check parameters
[0.530s] Level 1:colcon.colcon_core.package_discovery:discover_packages(prefix_path) discover
[0.533s] DEBUG:colcon.colcon_installed_package_information.package_discovery:Found 270 installed packages in /opt/ros/humble
[0.550s] Level 1:colcon.colcon_core.package_discovery:discover_packages(prefix_path) using defaults
[0.606s] Level 5:colcon.colcon_core.verb:set package 'villege_li' build argument 'cmake_args' from command line to 'None'
[0.607s] Level 5:colcon.colcon_core.verb:set package 'villege_li' build argument 'cmake_target' from command line to 'None'
[0.607s] Level 5:colcon.colcon_core.verb:set package 'villege_li' build argument 'cmake_target_skip_unavailable' from command line to 'False'
[0.607s] Level 5:colcon.colcon_core.verb:set package 'villege_li' build argument 'cmake_clean_cache' from command line to 'False'
[0.607s] Level 5:colcon.colcon_core.verb:set package 'villege_li' build argument 'cmake_clean_first' from command line to 'False'
[0.607s] Level 5:colcon.colcon_core.verb:set package 'villege_li' build argument 'cmake_force_configure' from command line to 'False'
[0.607s] Level 5:colcon.colcon_core.verb:set package 'villege_li' build argument 'ament_cmake_args' from command line to 'None'
[0.607s] Level 5:colcon.colcon_core.verb:set package 'villege_li' build argument 'catkin_cmake_args' from command line to 'None'
[0.607s] Level 5:colcon.colcon_core.verb:set package 'villege_li' build argument 'catkin_skip_building_tests' from command line to 'False'
[0.607s] DEBUG:colcon.colcon_core.verb:Building package 'villege_li' with the following arguments: {'ament_cmake_args': None, 'build_base': '/home/zfh/code/code/ros2Std/town_ws/build/villege_li', 'catkin_cmake_args': None, 'catkin_skip_building_tests': False, 'cmake_args': None, 'cmake_clean_cache': False, 'cmake_clean_first': False, 'cmake_force_configure': False, 'cmake_target': None, 'cmake_target_skip_unavailable': False, 'install_base': '/home/zfh/code/code/ros2Std/town_ws/install/villege_li', 'merge_install': False, 'path': '/home/zfh/code/code/ros2Std/town_ws/src/villege_li', 'symlink_install': False, 'test_result_base': None}
[0.607s] INFO:colcon.colcon_core.executor:Executing jobs using 'parallel' executor
[0.608s] DEBUG:colcon.colcon_parallel_executor.executor.parallel:run_until_complete
[0.609s] INFO:colcon.colcon_ros.task.ament_python.build:Building ROS package in '/home/zfh/code/code/ros2Std/town_ws/src/villege_li' with build type 'ament_python'
[0.609s] Level 1:colcon.colcon_core.shell:create_environment_hook('villege_li', 'ament_prefix_path')
[0.612s] INFO:colcon.colcon_core.plugin_system:Skipping extension 'colcon_core.shell.bat': Not used on non-Windows systems
[0.612s] INFO:colcon.colcon_core.shell:Creating environment hook '/home/zfh/code/code/ros2Std/town_ws/install/villege_li/share/villege_li/hook/ament_prefix_path.ps1'
[0.613s] INFO:colcon.colcon_core.shell:Creating environment descriptor '/home/zfh/code/code/ros2Std/town_ws/install/villege_li/share/villege_li/hook/ament_prefix_path.dsv'
[0.613s] INFO:colcon.colcon_core.shell:Creating environment hook '/home/zfh/code/code/ros2Std/town_ws/install/villege_li/share/villege_li/hook/ament_prefix_path.sh'
[0.614s] INFO:colcon.colcon_core.shell:Skip shell extension 'powershell' for command environment: Not usable outside of PowerShell
[0.614s] DEBUG:colcon.colcon_core.shell:Skip shell extension 'dsv' for command environment
[0.982s] INFO:colcon.colcon_core.task.python.build:Building Python package in '/home/zfh/code/code/ros2Std/town_ws/src/villege_li'
[0.983s] INFO:colcon.colcon_core.shell:Skip shell extension 'powershell' for command environment: Not usable outside of PowerShell
[0.983s] DEBUG:colcon.colcon_core.shell:Skip shell extension 'dsv' for command environment
[1.410s] DEBUG:colcon.colcon_core.event_handler.log_command:Invoking command in '/home/zfh/code/code/ros2Std/town_ws/src/villege_li': PYTHONPATH=/home/zfh/code/code/ros2Std/town_ws/build/villege_li/prefix_override:/home/zfh/code/code/ros2Std/town_ws/install/villege_li/lib/python3.10/site-packages:${PYTHONPATH} /usr/bin/python3 -W ignore:setup.py install is deprecated setup.py egg_info --egg-base ../../build/villege_li build --build-base /home/zfh/code/code/ros2Std/town_ws/build/villege_li/build install --record /home/zfh/code/code/ros2Std/town_ws/build/villege_li/install.log --single-version-externally-managed install_data
[1.677s] DEBUG:colcon.colcon_core.event_handler.log_command:Invoked command in '/home/zfh/code/code/ros2Std/town_ws/src/villege_li' returned '0': PYTHONPATH=/home/zfh/code/code/ros2Std/town_ws/build/villege_li/prefix_override:/home/zfh/code/code/ros2Std/town_ws/install/villege_li/lib/python3.10/site-packages:${PYTHONPATH} /usr/bin/python3 -W ignore:setup.py install is deprecated setup.py egg_info --egg-base ../../build/villege_li build --build-base /home/zfh/code/code/ros2Std/town_ws/build/villege_li/build install --record /home/zfh/code/code/ros2Std/town_ws/build/villege_li/install.log --single-version-externally-managed install_data
[1.680s] Level 1:colcon.colcon_core.environment:checking '/home/zfh/code/code/ros2Std/town_ws/install/villege_li' for CMake module files
[1.680s] Level 1:colcon.colcon_core.environment:checking '/home/zfh/code/code/ros2Std/town_ws/install/villege_li' for CMake config files
[1.681s] Level 1:colcon.colcon_core.environment:checking '/home/zfh/code/code/ros2Std/town_ws/install/villege_li/lib'
[1.681s] Level 1:colcon.colcon_core.environment:checking '/home/zfh/code/code/ros2Std/town_ws/install/villege_li/bin'
[1.681s] Level 1:colcon.colcon_core.environment:checking '/home/zfh/code/code/ros2Std/town_ws/install/villege_li/lib/pkgconfig/villege_li.pc'
[1.682s] Level 1:colcon.colcon_core.environment:checking '/home/zfh/code/code/ros2Std/town_ws/install/villege_li/lib/python3.10/site-packages'
[1.682s] Level 1:colcon.colcon_core.shell:create_environment_hook('villege_li', 'pythonpath')
[1.682s] INFO:colcon.colcon_core.shell:Creating environment hook '/home/zfh/code/code/ros2Std/town_ws/install/villege_li/share/villege_li/hook/pythonpath.ps1'
[1.683s] INFO:colcon.colcon_core.shell:Creating environment descriptor '/home/zfh/code/code/ros2Std/town_ws/install/villege_li/share/villege_li/hook/pythonpath.dsv'
[1.683s] INFO:colcon.colcon_core.shell:Creating environment hook '/home/zfh/code/code/ros2Std/town_ws/install/villege_li/share/villege_li/hook/pythonpath.sh'
[1.683s] Level 1:colcon.colcon_core.environment:checking '/home/zfh/code/code/ros2Std/town_ws/install/villege_li/bin'
[1.683s] Level 1:colcon.colcon_core.environment:create_environment_scripts_only(villege_li)
[1.684s] INFO:colcon.colcon_core.shell:Creating package script '/home/zfh/code/code/ros2Std/town_ws/install/villege_li/share/villege_li/package.ps1'
[1.684s] INFO:colcon.colcon_core.shell:Creating package descriptor '/home/zfh/code/code/ros2Std/town_ws/install/villege_li/share/villege_li/package.dsv'
[1.685s] INFO:colcon.colcon_core.shell:Creating package script '/home/zfh/code/code/ros2Std/town_ws/install/villege_li/share/villege_li/package.sh'
[1.686s] INFO:colcon.colcon_core.shell:Creating package script '/home/zfh/code/code/ros2Std/town_ws/install/villege_li/share/villege_li/package.bash'
[1.686s] INFO:colcon.colcon_core.shell:Creating package script '/home/zfh/code/code/ros2Std/town_ws/install/villege_li/share/villege_li/package.zsh'
[1.687s] Level 1:colcon.colcon_core.environment:create_file_with_runtime_dependencies(/home/zfh/code/code/ros2Std/town_ws/install/villege_li/share/colcon-core/packages/villege_li)
[1.687s] DEBUG:colcon.colcon_parallel_executor.executor.parallel:closing loop
[1.688s] DEBUG:colcon.colcon_parallel_executor.executor.parallel:loop closed
[1.689s] DEBUG:colcon.colcon_parallel_executor.executor.parallel:run_until_complete finished with '0'
[1.689s] DEBUG:colcon.colcon_core.event_reactor:joining thread
[1.699s] INFO:colcon.colcon_core.plugin_system:Skipping extension 'colcon_notification.desktop_notification.terminal_notifier': Not used on non-Darwin systems
[1.699s] INFO:colcon.colcon_core.plugin_system:Skipping extension 'colcon_notification.desktop_notification.win32': Not used on non-Windows systems
[1.699s] INFO:colcon.colcon_notification.desktop_notification:Sending desktop notification using 'notify2'
[1.700s] DEBUG:colcon.colcon_notification.desktop_notification.notify2:Failed to initialize notify2: org.freedesktop.DBus.Error.FileNotFound: Failed to connect to socket /run/user/1000/bus: No such file or directory
[1.700s] DEBUG:colcon.colcon_core.event_reactor:joined thread
[1.700s] INFO:colcon.colcon_core.shell:Creating prefix script '/home/zfh/code/code/ros2Std/town_ws/install/local_setup.ps1'
[1.701s] INFO:colcon.colcon_core.shell:Creating prefix util module '/home/zfh/code/code/ros2Std/town_ws/install/_local_setup_util_ps1.py'
[1.702s] INFO:colcon.colcon_core.shell:Creating prefix chain script '/home/zfh/code/code/ros2Std/town_ws/install/setup.ps1'
[1.703s] INFO:colcon.colcon_core.shell:Creating prefix script '/home/zfh/code/code/ros2Std/town_ws/install/local_setup.sh'
[1.704s] INFO:colcon.colcon_core.shell:Creating prefix util module '/home/zfh/code/code/ros2Std/town_ws/install/_local_setup_util_sh.py'
[1.705s] INFO:colcon.colcon_core.shell:Creating prefix chain script '/home/zfh/code/code/ros2Std/town_ws/install/setup.sh'
[1.706s] INFO:colcon.colcon_core.shell:Creating prefix script '/home/zfh/code/code/ros2Std/town_ws/install/local_setup.bash'
[1.707s] INFO:colcon.colcon_core.shell:Creating prefix chain script '/home/zfh/code/code/ros2Std/town_ws/install/setup.bash'
[1.708s] INFO:colcon.colcon_core.shell:Creating prefix script '/home/zfh/code/code/ros2Std/town_ws/install/local_setup.zsh'
[1.709s] INFO:colcon.colcon_core.shell:Creating prefix chain script '/home/zfh/code/code/ros2Std/town_ws/install/setup.zsh'
