C51 COMPILER V9.60.7.0   MAIN                                                              03/14/2024 12:17:08 PAGE 1   


C51 COMPILER V9.60.7.0, COMPILATION OF MODULE MAIN
OBJECT MODULE PLACED IN .\Objects\main.obj
COMPILER INVOKED BY: D:\applications\kile5_51\C51\BIN\C51.EXE main.c OPTIMIZE(8,SPEED) BROWSE DEBUG OBJECTEXTEND PRINT(.
                    -\Listings\main.lst) TABS(2) OBJECT(.\Objects\main.obj)

line level    source

   1          #include <STC89C5xRC.H>
   2          #include <INTRINS.H>
   3          
   4          unsigned char NixieTable[] = {0x3F,0x06,0x5B,0x4F,0x66,0x6D,0x7D,0x07,0x7F,0x6F,0x77,0x7C,0x39,0x5E,0x79,0
             -x71,0x00,};
   5          
   6          void Delay(unsigned int xms)  //@11.0592MHz
   7          {
   8   1        while(xms--)
   9   1        {
  10   2          unsigned char data i, j;
  11   2      
  12   2          _nop_();
  13   2          _nop_();
  14   2          i = 2;
  15   2          j = 15;
  16   2          do
  17   2          {
  18   3            while (--j);
  19   3          } while (--i);
  20   2        }
  21   1      }
  22          
  23          
  24          
  25          
  26          void Nixie(unsigned char Location, Number)
  27          {
  28   1        switch(Location)
  29   1        {
  30   2          case 1:
  31   2            P24 = 1; P23 = 1; P22 = 1;break;
  32   2          case 2:
  33   2            P24 = 1; P23 = 1; P22 = 0;break;
  34   2          case 3:
  35   2            P24 = 1; P23 = 0; P22 = 1;break;
  36   2          case 4:
  37   2            P24 = 1; P23 = 0; P22 = 0;break;
  38   2          case 5:
  39   2            P24 = 0; P23 = 1; P22 = 1;break;
  40   2          case 6:
  41   2            P24 = 0; P23 = 1; P22 = 0;break;
  42   2          case 7:
  43   2            P24 = 0; P23 = 0; P22 = 1;break;
  44   2          case 8:
  45   2            P24 = 0; P23 = 0; P22 = 0;break;
  46   2        }
  47   1        P0 = NixieTable[Number];
  48   1        Delay(1);//稳定显示
  49   1        P0 = 0x00;//消影
  50   1      }
  51            
  52          void main()
  53          {
C51 COMPILER V9.60.7.0   MAIN                                                              03/14/2024 12:17:08 PAGE 2   

  54   1        while(1)
  55   1        {
  56   2          Nixie(1,10);
  57   2          Nixie(2,11);
  58   2          Nixie(3,12);
  59   2          Nixie(4,13);
  60   2          Nixie(5,14);
  61   2          Nixie(6,15);
  62   2        }
  63   1      }


MODULE INFORMATION:   STATIC OVERLAYABLE
   CODE SIZE        =    184    ----
   CONSTANT SIZE    =   ----    ----
   XDATA SIZE       =   ----    ----
   PDATA SIZE       =   ----    ----
   DATA SIZE        =     17       2
   IDATA SIZE       =   ----    ----
   BIT SIZE         =   ----    ----
END OF MODULE INFORMATION.


C51 COMPILATION COMPLETE.  0 WARNING(S),  0 ERROR(S)
