[0.749s] Invoking command in '/home/zfh/code/code/ros2Std/turtle_ws/src/turtle_battle': PYTHONPATH=/home/zfh/code/code/ros2Std/turtle_ws/build/turtle_battle/prefix_override:/home/zfh/code/code/ros2Std/turtle_ws/install/turtle_battle/lib/python3.10/site-packages:${PYTHONPATH} /usr/bin/python3 -W ignore:setup.py install is deprecated setup.py egg_info --egg-base ../../build/turtle_battle build --build-base /home/zfh/code/code/ros2Std/turtle_ws/build/turtle_battle/build install --record /home/zfh/code/code/ros2Std/turtle_ws/build/turtle_battle/install.log --install-scripts $base/lib/turtle_battle --single-version-externally-managed install_data
[0.916s] /usr/lib/python3/dist-packages/setuptools/dist.py:723: UserWarning: Usage of dash-separated 'script-dir' will not be supported in future versions. Please use the underscore name 'script_dir' instead
[0.916s]   warnings.warn(
[0.922s] running egg_info
[0.922s] creating ../../build/turtle_battle/turtle_battle.egg-info
[0.923s] writing ../../build/turtle_battle/turtle_battle.egg-info/PKG-INFO
[0.923s] writing dependency_links to ../../build/turtle_battle/turtle_battle.egg-info/dependency_links.txt
[0.923s] writing entry points to ../../build/turtle_battle/turtle_battle.egg-info/entry_points.txt
[0.923s] writing requirements to ../../build/turtle_battle/turtle_battle.egg-info/requires.txt
[0.923s] writing top-level names to ../../build/turtle_battle/turtle_battle.egg-info/top_level.txt
[0.924s] writing manifest file '../../build/turtle_battle/turtle_battle.egg-info/SOURCES.txt'
[0.925s] reading manifest file '../../build/turtle_battle/turtle_battle.egg-info/SOURCES.txt'
[0.925s] writing manifest file '../../build/turtle_battle/turtle_battle.egg-info/SOURCES.txt'
[0.925s] running build
[0.925s] running build_py
[0.925s] creating /home/zfh/code/code/ros2Std/turtle_ws/build/turtle_battle/build
[0.926s] creating /home/zfh/code/code/ros2Std/turtle_ws/build/turtle_battle/build/lib
[0.926s] creating /home/zfh/code/code/ros2Std/turtle_ws/build/turtle_battle/build/lib/turtle_battle
[0.926s] copying turtle_battle/battle.py -> /home/zfh/code/code/ros2Std/turtle_ws/build/turtle_battle/build/lib/turtle_battle
[0.926s] copying turtle_battle/turtle_spawner.py -> /home/zfh/code/code/ros2Std/turtle_ws/build/turtle_battle/build/lib/turtle_battle
[0.926s] copying turtle_battle/__init__.py -> /home/zfh/code/code/ros2Std/turtle_ws/build/turtle_battle/build/lib/turtle_battle
[0.926s] running install
[0.927s] running install_lib
[0.927s] creating /home/zfh/code/code/ros2Std/turtle_ws/install/turtle_battle/lib/python3.10/site-packages/turtle_battle
[0.927s] copying /home/zfh/code/code/ros2Std/turtle_ws/build/turtle_battle/build/lib/turtle_battle/battle.py -> /home/zfh/code/code/ros2Std/turtle_ws/install/turtle_battle/lib/python3.10/site-packages/turtle_battle
[0.928s] copying /home/zfh/code/code/ros2Std/turtle_ws/build/turtle_battle/build/lib/turtle_battle/turtle_spawner.py -> /home/zfh/code/code/ros2Std/turtle_ws/install/turtle_battle/lib/python3.10/site-packages/turtle_battle
[0.928s] copying /home/zfh/code/code/ros2Std/turtle_ws/build/turtle_battle/build/lib/turtle_battle/__init__.py -> /home/zfh/code/code/ros2Std/turtle_ws/install/turtle_battle/lib/python3.10/site-packages/turtle_battle
[0.928s] byte-compiling /home/zfh/code/code/ros2Std/turtle_ws/install/turtle_battle/lib/python3.10/site-packages/turtle_battle/battle.py to battle.cpython-310.pyc
[0.928s] byte-compiling /home/zfh/code/code/ros2Std/turtle_ws/install/turtle_battle/lib/python3.10/site-packages/turtle_battle/turtle_spawner.py to turtle_spawner.cpython-310.pyc
[0.929s] byte-compiling /home/zfh/code/code/ros2Std/turtle_ws/install/turtle_battle/lib/python3.10/site-packages/turtle_battle/__init__.py to __init__.cpython-310.pyc
[0.930s] running install_data
[0.930s] creating /home/zfh/code/code/ros2Std/turtle_ws/install/turtle_battle/share/ament_index
[0.930s] creating /home/zfh/code/code/ros2Std/turtle_ws/install/turtle_battle/share/ament_index/resource_index
[0.930s] creating /home/zfh/code/code/ros2Std/turtle_ws/install/turtle_battle/share/ament_index/resource_index/packages
[0.930s] copying resource/turtle_battle -> /home/zfh/code/code/ros2Std/turtle_ws/install/turtle_battle/share/ament_index/resource_index/packages
[0.930s] copying package.xml -> /home/zfh/code/code/ros2Std/turtle_ws/install/turtle_battle/share/turtle_battle
[0.930s] running install_egg_info
[0.931s] Copying ../../build/turtle_battle/turtle_battle.egg-info to /home/zfh/code/code/ros2Std/turtle_ws/install/turtle_battle/lib/python3.10/site-packages/turtle_battle-0.0.0-py3.10.egg-info
[0.932s] running install_scripts
[0.956s] Installing turtle_spawner script to /home/zfh/code/code/ros2Std/turtle_ws/install/turtle_battle/lib/turtle_battle
[0.956s] writing list of installed files to '/home/zfh/code/code/ros2Std/turtle_ws/build/turtle_battle/install.log'
[0.987s] Invoked command in '/home/zfh/code/code/ros2Std/turtle_ws/src/turtle_battle' returned '0': PYTHONPATH=/home/zfh/code/code/ros2Std/turtle_ws/build/turtle_battle/prefix_override:/home/zfh/code/code/ros2Std/turtle_ws/install/turtle_battle/lib/python3.10/site-packages:${PYTHONPATH} /usr/bin/python3 -W ignore:setup.py install is deprecated setup.py egg_info --egg-base ../../build/turtle_battle build --build-base /home/zfh/code/code/ros2Std/turtle_ws/build/turtle_battle/build install --record /home/zfh/code/code/ros2Std/turtle_ws/build/turtle_battle/install.log --install-scripts $base/lib/turtle_battle --single-version-externally-managed install_data
