[0.608s] Invoking command in '/home/zfh/code/code/ros2Std/town_ws/src/villege_li': PYTHONPATH=/home/zfh/code/code/ros2Std/town_ws/build/villege_li/prefix_override:/home/zfh/code/code/ros2Std/town_ws/install/villege_li/lib/python3.10/site-packages:${PYTHONPATH} /usr/bin/python3 -W ignore:setup.py install is deprecated setup.py egg_info --egg-base ../../build/villege_li build --build-base /home/zfh/code/code/ros2Std/town_ws/build/villege_li/build install --record /home/zfh/code/code/ros2Std/town_ws/build/villege_li/install.log --single-version-externally-managed install_data
[0.808s] running egg_info
[0.808s] writing ../../build/villege_li/villege_li.egg-info/PKG-INFO
[0.808s] writing dependency_links to ../../build/villege_li/villege_li.egg-info/dependency_links.txt
[0.809s] writing entry points to ../../build/villege_li/villege_li.egg-info/entry_points.txt
[0.809s] writing requirements to ../../build/villege_li/villege_li.egg-info/requires.txt
[0.809s] writing top-level names to ../../build/villege_li/villege_li.egg-info/top_level.txt
[0.810s] reading manifest file '../../build/villege_li/villege_li.egg-info/SOURCES.txt'
[0.811s] writing manifest file '../../build/villege_li/villege_li.egg-info/SOURCES.txt'
[0.811s] running build
[0.811s] running build_py
[0.811s] running install
[0.812s] running install_lib
[0.813s] running install_data
[0.813s] running install_egg_info
[0.815s] removing '/home/zfh/code/code/ros2Std/town_ws/install/villege_li/lib/python3.10/site-packages/villege_li-0.0.0-py3.10.egg-info' (and everything under it)
[0.815s] Copying ../../build/villege_li/villege_li.egg-info to /home/zfh/code/code/ros2Std/town_ws/install/villege_li/lib/python3.10/site-packages/villege_li-0.0.0-py3.10.egg-info
[0.817s] running install_scripts
[0.837s] Installing li4_node_oop script to /home/zfh/code/code/ros2Std/town_ws/install/villege_li/lib/villege_li
[0.838s] Installing li4_node_pop script to /home/zfh/code/code/ros2Std/town_ws/install/villege_li/lib/villege_li
[0.838s] writing list of installed files to '/home/zfh/code/code/ros2Std/town_ws/build/villege_li/install.log'
[0.868s] Invoked command in '/home/zfh/code/code/ros2Std/town_ws/src/villege_li' returned '0': PYTHONPATH=/home/zfh/code/code/ros2Std/town_ws/build/villege_li/prefix_override:/home/zfh/code/code/ros2Std/town_ws/install/villege_li/lib/python3.10/site-packages:${PYTHONPATH} /usr/bin/python3 -W ignore:setup.py install is deprecated setup.py egg_info --egg-base ../../build/villege_li build --build-base /home/zfh/code/code/ros2Std/town_ws/build/villege_li/build install --record /home/zfh/code/code/ros2Std/town_ws/build/villege_li/install.log --single-version-externally-managed install_data
