[2.427s] DEBUG:colcon:Command line arguments: ['/usr/bin/colcon', 'build']
[2.428s] DEBUG:colcon:Parsed command line arguments: Namespace(log_base=None, log_level=None, verb_name='build', build_base='build', install_base='install', merge_install=False, symlink_install=False, test_result_base=None, continue_on_error=False, executor='parallel', parallel_workers=4, event_handlers=None, ignore_user_meta=False, metas=['./colcon.meta'], base_paths=['.'], packages_ignore=None, packages_ignore_regex=None, paths=None, packages_up_to=None, packages_up_to_regex=None, packages_above=None, packages_above_and_dependencies=None, packages_above_depth=None, packages_select_by_dep=None, packages_skip_by_dep=None, packages_skip_up_to=None, packages_select_build_failed=False, packages_skip_build_finished=False, packages_select_test_failures=False, packages_skip_test_passed=False, packages_select=None, packages_skip=None, packages_select_regex=None, packages_skip_regex=None, packages_start=None, packages_end=None, allow_overriding=[], cmake_args=None, cmake_target=None, cmake_target_skip_unavailable=False, cmake_clean_cache=False, cmake_clean_first=False, cmake_force_configure=False, ament_cmake_args=None, catkin_cmake_args=None, catkin_skip_building_tests=False, verb_parser=<colcon_defaults.argument_parser.defaults.DefaultArgumentsDecorator object at 0x7f63c3cbc700>, verb_extension=<colcon_core.verb.build.BuildVerb object at 0x7f63c3cbc190>, main=<bound method BuildVerb.main of <colcon_core.verb.build.BuildVerb object at 0x7f63c3cbc190>>)
[5.154s] Level 1:colcon.colcon_core.package_discovery:discover_packages(colcon_meta) check parameters
[5.155s] Level 1:colcon.colcon_core.package_discovery:discover_packages(recursive) check parameters
[5.155s] Level 1:colcon.colcon_core.package_discovery:discover_packages(ignore) check parameters
[5.155s] Level 1:colcon.colcon_core.package_discovery:discover_packages(path) check parameters
[5.155s] Level 1:colcon.colcon_core.package_discovery:discover_packages(colcon_meta) discover
[5.156s] Level 1:colcon.colcon_core.package_discovery:discover_packages(recursive) discover
[5.156s] INFO:colcon.colcon_core.package_discovery:Crawling recursively for packages in '/home/zfh/code/ros2Std/town_ws'
[5.156s] Level 1:colcon.colcon_core.package_identification:_identify(.) by extensions ['ignore', 'ignore_ament_install']
[5.156s] Level 1:colcon.colcon_core.package_identification:_identify(.) by extension 'ignore'
[5.157s] Level 1:colcon.colcon_core.package_identification:_identify(.) by extension 'ignore_ament_install'
[5.157s] Level 1:colcon.colcon_core.package_identification:_identify(.) by extensions ['colcon_pkg']
[5.157s] Level 1:colcon.colcon_core.package_identification:_identify(.) by extension 'colcon_pkg'
[5.157s] Level 1:colcon.colcon_core.package_identification:_identify(.) by extensions ['colcon_meta']
[5.157s] Level 1:colcon.colcon_core.package_identification:_identify(.) by extension 'colcon_meta'
[5.157s] Level 1:colcon.colcon_core.package_identification:_identify(.) by extensions ['ros']
[5.157s] Level 1:colcon.colcon_core.package_identification:_identify(.) by extension 'ros'
[5.256s] Level 1:colcon.colcon_core.package_identification:_identify(.) by extensions ['cmake', 'python']
[5.256s] Level 1:colcon.colcon_core.package_identification:_identify(.) by extension 'cmake'
[5.256s] Level 1:colcon.colcon_core.package_identification:_identify(.) by extension 'python'
[5.260s] Level 1:colcon.colcon_core.package_identification:_identify(.) by extensions ['python_setup_py']
[5.261s] Level 1:colcon.colcon_core.package_identification:_identify(.) by extension 'python_setup_py'
[5.262s] Level 1:colcon.colcon_core.package_identification:_identify(build) by extensions ['ignore', 'ignore_ament_install']
[5.263s] Level 1:colcon.colcon_core.package_identification:_identify(build) by extension 'ignore'
[5.263s] Level 1:colcon.colcon_core.package_identification:_identify(build) ignored
[5.264s] Level 1:colcon.colcon_core.package_identification:_identify(install) by extensions ['ignore', 'ignore_ament_install']
[5.264s] Level 1:colcon.colcon_core.package_identification:_identify(install) by extension 'ignore'
[5.265s] Level 1:colcon.colcon_core.package_identification:_identify(install) ignored
[5.266s] Level 1:colcon.colcon_core.package_identification:_identify(log) by extensions ['ignore', 'ignore_ament_install']
[5.266s] Level 1:colcon.colcon_core.package_identification:_identify(log) by extension 'ignore'
[5.267s] Level 1:colcon.colcon_core.package_identification:_identify(log) ignored
[5.267s] Level 1:colcon.colcon_core.package_identification:_identify(src) by extensions ['ignore', 'ignore_ament_install']
[5.268s] Level 1:colcon.colcon_core.package_identification:_identify(src) by extension 'ignore'
[5.268s] Level 1:colcon.colcon_core.package_identification:_identify(src) by extension 'ignore_ament_install'
[5.269s] Level 1:colcon.colcon_core.package_identification:_identify(src) by extensions ['colcon_pkg']
[5.269s] Level 1:colcon.colcon_core.package_identification:_identify(src) by extension 'colcon_pkg'
[5.270s] Level 1:colcon.colcon_core.package_identification:_identify(src) by extensions ['colcon_meta']
[5.271s] Level 1:colcon.colcon_core.package_identification:_identify(src) by extension 'colcon_meta'
[5.271s] Level 1:colcon.colcon_core.package_identification:_identify(src) by extensions ['ros']
[5.271s] Level 1:colcon.colcon_core.package_identification:_identify(src) by extension 'ros'
[5.272s] Level 1:colcon.colcon_core.package_identification:_identify(src) by extensions ['cmake', 'python']
[5.272s] Level 1:colcon.colcon_core.package_identification:_identify(src) by extension 'cmake'
[5.272s] Level 1:colcon.colcon_core.package_identification:_identify(src) by extension 'python'
[5.273s] Level 1:colcon.colcon_core.package_identification:_identify(src) by extensions ['python_setup_py']
[5.273s] Level 1:colcon.colcon_core.package_identification:_identify(src) by extension 'python_setup_py'
[5.274s] Level 1:colcon.colcon_core.package_identification:_identify(src/build) by extensions ['ignore', 'ignore_ament_install']
[5.274s] Level 1:colcon.colcon_core.package_identification:_identify(src/build) by extension 'ignore'
[5.275s] Level 1:colcon.colcon_core.package_identification:_identify(src/build) by extension 'ignore_ament_install'
[5.275s] Level 1:colcon.colcon_core.package_identification:_identify(src/build) by extensions ['colcon_pkg']
[5.275s] Level 1:colcon.colcon_core.package_identification:_identify(src/build) by extension 'colcon_pkg'
[5.275s] Level 1:colcon.colcon_core.package_identification:_identify(src/build) by extensions ['colcon_meta']
[5.275s] Level 1:colcon.colcon_core.package_identification:_identify(src/build) by extension 'colcon_meta'
[5.276s] Level 1:colcon.colcon_core.package_identification:_identify(src/build) by extensions ['ros']
[5.276s] Level 1:colcon.colcon_core.package_identification:_identify(src/build) by extension 'ros'
[5.276s] Level 1:colcon.colcon_core.package_identification:_identify(src/build) by extensions ['cmake', 'python']
[5.276s] Level 1:colcon.colcon_core.package_identification:_identify(src/build) by extension 'cmake'
[5.277s] Level 1:colcon.colcon_core.package_identification:_identify(src/build) by extension 'python'
[5.277s] Level 1:colcon.colcon_core.package_identification:_identify(src/build) by extensions ['python_setup_py']
[5.278s] Level 1:colcon.colcon_core.package_identification:_identify(src/build) by extension 'python_setup_py'
[5.278s] Level 1:colcon.colcon_core.package_identification:_identify(src/build/villege_li) by extensions ['ignore', 'ignore_ament_install']
[5.279s] Level 1:colcon.colcon_core.package_identification:_identify(src/build/villege_li) by extension 'ignore'
[5.279s] Level 1:colcon.colcon_core.package_identification:_identify(src/build/villege_li) by extension 'ignore_ament_install'
[5.279s] Level 1:colcon.colcon_core.package_identification:_identify(src/build/villege_li) by extensions ['colcon_pkg']
[5.280s] Level 1:colcon.colcon_core.package_identification:_identify(src/build/villege_li) by extension 'colcon_pkg'
[5.280s] Level 1:colcon.colcon_core.package_identification:_identify(src/build/villege_li) by extensions ['colcon_meta']
[5.280s] Level 1:colcon.colcon_core.package_identification:_identify(src/build/villege_li) by extension 'colcon_meta'
[5.280s] Level 1:colcon.colcon_core.package_identification:_identify(src/build/villege_li) by extensions ['ros']
[5.281s] Level 1:colcon.colcon_core.package_identification:_identify(src/build/villege_li) by extension 'ros'
[5.281s] Level 1:colcon.colcon_core.package_identification:_identify(src/build/villege_li) by extensions ['cmake', 'python']
[5.282s] Level 1:colcon.colcon_core.package_identification:_identify(src/build/villege_li) by extension 'cmake'
[5.283s] Level 1:colcon.colcon_core.package_identification:_identify(src/build/villege_li) by extension 'python'
[5.284s] Level 1:colcon.colcon_core.package_identification:_identify(src/build/villege_li) by extensions ['python_setup_py']
[5.284s] Level 1:colcon.colcon_core.package_identification:_identify(src/build/villege_li) by extension 'python_setup_py'
[5.285s] Level 1:colcon.colcon_core.package_identification:_identify(src/build/villege_li/build) by extensions ['ignore', 'ignore_ament_install']
[5.286s] Level 1:colcon.colcon_core.package_identification:_identify(src/build/villege_li/build) by extension 'ignore'
[5.286s] Level 1:colcon.colcon_core.package_identification:_identify(src/build/villege_li/build) by extension 'ignore_ament_install'
[5.287s] Level 1:colcon.colcon_core.package_identification:_identify(src/build/villege_li/build) by extensions ['colcon_pkg']
[5.288s] Level 1:colcon.colcon_core.package_identification:_identify(src/build/villege_li/build) by extension 'colcon_pkg'
[5.288s] Level 1:colcon.colcon_core.package_identification:_identify(src/build/villege_li/build) by extensions ['colcon_meta']
[5.288s] Level 1:colcon.colcon_core.package_identification:_identify(src/build/villege_li/build) by extension 'colcon_meta'
[5.289s] Level 1:colcon.colcon_core.package_identification:_identify(src/build/villege_li/build) by extensions ['ros']
[5.289s] Level 1:colcon.colcon_core.package_identification:_identify(src/build/villege_li/build) by extension 'ros'
[5.290s] Level 1:colcon.colcon_core.package_identification:_identify(src/build/villege_li/build) by extensions ['cmake', 'python']
[5.290s] Level 1:colcon.colcon_core.package_identification:_identify(src/build/villege_li/build) by extension 'cmake'
[5.290s] Level 1:colcon.colcon_core.package_identification:_identify(src/build/villege_li/build) by extension 'python'
[5.291s] Level 1:colcon.colcon_core.package_identification:_identify(src/build/villege_li/build) by extensions ['python_setup_py']
[5.291s] Level 1:colcon.colcon_core.package_identification:_identify(src/build/villege_li/build) by extension 'python_setup_py'
[5.292s] Level 1:colcon.colcon_core.package_identification:_identify(src/build/villege_li/build/lib) by extensions ['ignore', 'ignore_ament_install']
[5.292s] Level 1:colcon.colcon_core.package_identification:_identify(src/build/villege_li/build/lib) by extension 'ignore'
[5.293s] Level 1:colcon.colcon_core.package_identification:_identify(src/build/villege_li/build/lib) by extension 'ignore_ament_install'
[5.293s] Level 1:colcon.colcon_core.package_identification:_identify(src/build/villege_li/build/lib) by extensions ['colcon_pkg']
[5.293s] Level 1:colcon.colcon_core.package_identification:_identify(src/build/villege_li/build/lib) by extension 'colcon_pkg'
[5.294s] Level 1:colcon.colcon_core.package_identification:_identify(src/build/villege_li/build/lib) by extensions ['colcon_meta']
[5.294s] Level 1:colcon.colcon_core.package_identification:_identify(src/build/villege_li/build/lib) by extension 'colcon_meta'
[5.294s] Level 1:colcon.colcon_core.package_identification:_identify(src/build/villege_li/build/lib) by extensions ['ros']
[5.295s] Level 1:colcon.colcon_core.package_identification:_identify(src/build/villege_li/build/lib) by extension 'ros'
[5.295s] Level 1:colcon.colcon_core.package_identification:_identify(src/build/villege_li/build/lib) by extensions ['cmake', 'python']
[5.295s] Level 1:colcon.colcon_core.package_identification:_identify(src/build/villege_li/build/lib) by extension 'cmake'
[5.296s] Level 1:colcon.colcon_core.package_identification:_identify(src/build/villege_li/build/lib) by extension 'python'
[5.296s] Level 1:colcon.colcon_core.package_identification:_identify(src/build/villege_li/build/lib) by extensions ['python_setup_py']
[5.296s] Level 1:colcon.colcon_core.package_identification:_identify(src/build/villege_li/build/lib) by extension 'python_setup_py'
[5.297s] Level 1:colcon.colcon_core.package_identification:_identify(src/build/villege_li/build/lib/village_li) by extensions ['ignore', 'ignore_ament_install']
[5.297s] Level 1:colcon.colcon_core.package_identification:_identify(src/build/villege_li/build/lib/village_li) by extension 'ignore'
[5.298s] Level 1:colcon.colcon_core.package_identification:_identify(src/build/villege_li/build/lib/village_li) by extension 'ignore_ament_install'
[5.298s] Level 1:colcon.colcon_core.package_identification:_identify(src/build/villege_li/build/lib/village_li) by extensions ['colcon_pkg']
[5.298s] Level 1:colcon.colcon_core.package_identification:_identify(src/build/villege_li/build/lib/village_li) by extension 'colcon_pkg'
[5.298s] Level 1:colcon.colcon_core.package_identification:_identify(src/build/villege_li/build/lib/village_li) by extensions ['colcon_meta']
[5.299s] Level 1:colcon.colcon_core.package_identification:_identify(src/build/villege_li/build/lib/village_li) by extension 'colcon_meta'
[5.299s] Level 1:colcon.colcon_core.package_identification:_identify(src/build/villege_li/build/lib/village_li) by extensions ['ros']
[5.299s] Level 1:colcon.colcon_core.package_identification:_identify(src/build/villege_li/build/lib/village_li) by extension 'ros'
[5.300s] Level 1:colcon.colcon_core.package_identification:_identify(src/build/villege_li/build/lib/village_li) by extensions ['cmake', 'python']
[5.300s] Level 1:colcon.colcon_core.package_identification:_identify(src/build/villege_li/build/lib/village_li) by extension 'cmake'
[5.300s] Level 1:colcon.colcon_core.package_identification:_identify(src/build/villege_li/build/lib/village_li) by extension 'python'
[5.301s] Level 1:colcon.colcon_core.package_identification:_identify(src/build/villege_li/build/lib/village_li) by extensions ['python_setup_py']
[5.302s] Level 1:colcon.colcon_core.package_identification:_identify(src/build/villege_li/build/lib/village_li) by extension 'python_setup_py'
[5.303s] Level 1:colcon.colcon_core.package_identification:_identify(src/build/villege_li/prefix_override) by extensions ['ignore', 'ignore_ament_install']
[5.304s] Level 1:colcon.colcon_core.package_identification:_identify(src/build/villege_li/prefix_override) by extension 'ignore'
[5.305s] Level 1:colcon.colcon_core.package_identification:_identify(src/build/villege_li/prefix_override) by extension 'ignore_ament_install'
[5.307s] Level 1:colcon.colcon_core.package_identification:_identify(src/build/villege_li/prefix_override) by extensions ['colcon_pkg']
[5.307s] Level 1:colcon.colcon_core.package_identification:_identify(src/build/villege_li/prefix_override) by extension 'colcon_pkg'
[5.308s] Level 1:colcon.colcon_core.package_identification:_identify(src/build/villege_li/prefix_override) by extensions ['colcon_meta']
[5.309s] Level 1:colcon.colcon_core.package_identification:_identify(src/build/villege_li/prefix_override) by extension 'colcon_meta'
[5.309s] Level 1:colcon.colcon_core.package_identification:_identify(src/build/villege_li/prefix_override) by extensions ['ros']
[5.309s] Level 1:colcon.colcon_core.package_identification:_identify(src/build/villege_li/prefix_override) by extension 'ros'
[5.310s] Level 1:colcon.colcon_core.package_identification:_identify(src/build/villege_li/prefix_override) by extensions ['cmake', 'python']
[5.310s] Level 1:colcon.colcon_core.package_identification:_identify(src/build/villege_li/prefix_override) by extension 'cmake'
[5.310s] Level 1:colcon.colcon_core.package_identification:_identify(src/build/villege_li/prefix_override) by extension 'python'
[5.311s] Level 1:colcon.colcon_core.package_identification:_identify(src/build/villege_li/prefix_override) by extensions ['python_setup_py']
[5.311s] Level 1:colcon.colcon_core.package_identification:_identify(src/build/villege_li/prefix_override) by extension 'python_setup_py'
[5.311s] Level 1:colcon.colcon_core.package_identification:_identify(src/build/villege_li/prefix_override/__pycache__) by extensions ['ignore', 'ignore_ament_install']
[5.312s] Level 1:colcon.colcon_core.package_identification:_identify(src/build/villege_li/prefix_override/__pycache__) by extension 'ignore'
[5.312s] Level 1:colcon.colcon_core.package_identification:_identify(src/build/villege_li/prefix_override/__pycache__) by extension 'ignore_ament_install'
[5.313s] Level 1:colcon.colcon_core.package_identification:_identify(src/build/villege_li/prefix_override/__pycache__) by extensions ['colcon_pkg']
[5.313s] Level 1:colcon.colcon_core.package_identification:_identify(src/build/villege_li/prefix_override/__pycache__) by extension 'colcon_pkg'
[5.313s] Level 1:colcon.colcon_core.package_identification:_identify(src/build/villege_li/prefix_override/__pycache__) by extensions ['colcon_meta']
[5.313s] Level 1:colcon.colcon_core.package_identification:_identify(src/build/villege_li/prefix_override/__pycache__) by extension 'colcon_meta'
[5.314s] Level 1:colcon.colcon_core.package_identification:_identify(src/build/villege_li/prefix_override/__pycache__) by extensions ['ros']
[5.314s] Level 1:colcon.colcon_core.package_identification:_identify(src/build/villege_li/prefix_override/__pycache__) by extension 'ros'
[5.314s] Level 1:colcon.colcon_core.package_identification:_identify(src/build/villege_li/prefix_override/__pycache__) by extensions ['cmake', 'python']
[5.315s] Level 1:colcon.colcon_core.package_identification:_identify(src/build/villege_li/prefix_override/__pycache__) by extension 'cmake'
[5.315s] Level 1:colcon.colcon_core.package_identification:_identify(src/build/villege_li/prefix_override/__pycache__) by extension 'python'
[5.315s] Level 1:colcon.colcon_core.package_identification:_identify(src/build/villege_li/prefix_override/__pycache__) by extensions ['python_setup_py']
[5.316s] Level 1:colcon.colcon_core.package_identification:_identify(src/build/villege_li/prefix_override/__pycache__) by extension 'python_setup_py'
[5.316s] Level 1:colcon.colcon_core.package_identification:_identify(src/build/villege_li/villege_li.egg-info) by extensions ['ignore', 'ignore_ament_install']
[5.317s] Level 1:colcon.colcon_core.package_identification:_identify(src/build/villege_li/villege_li.egg-info) by extension 'ignore'
[5.317s] Level 1:colcon.colcon_core.package_identification:_identify(src/build/villege_li/villege_li.egg-info) by extension 'ignore_ament_install'
[5.317s] Level 1:colcon.colcon_core.package_identification:_identify(src/build/villege_li/villege_li.egg-info) by extensions ['colcon_pkg']
[5.317s] Level 1:colcon.colcon_core.package_identification:_identify(src/build/villege_li/villege_li.egg-info) by extension 'colcon_pkg'
[5.318s] Level 1:colcon.colcon_core.package_identification:_identify(src/build/villege_li/villege_li.egg-info) by extensions ['colcon_meta']
[5.318s] Level 1:colcon.colcon_core.package_identification:_identify(src/build/villege_li/villege_li.egg-info) by extension 'colcon_meta'
[5.318s] Level 1:colcon.colcon_core.package_identification:_identify(src/build/villege_li/villege_li.egg-info) by extensions ['ros']
[5.318s] Level 1:colcon.colcon_core.package_identification:_identify(src/build/villege_li/villege_li.egg-info) by extension 'ros'
[5.319s] Level 1:colcon.colcon_core.package_identification:_identify(src/build/villege_li/villege_li.egg-info) by extensions ['cmake', 'python']
[5.319s] Level 1:colcon.colcon_core.package_identification:_identify(src/build/villege_li/villege_li.egg-info) by extension 'cmake'
[5.319s] Level 1:colcon.colcon_core.package_identification:_identify(src/build/villege_li/villege_li.egg-info) by extension 'python'
[5.320s] Level 1:colcon.colcon_core.package_identification:_identify(src/build/villege_li/villege_li.egg-info) by extensions ['python_setup_py']
[5.320s] Level 1:colcon.colcon_core.package_identification:_identify(src/build/villege_li/villege_li.egg-info) by extension 'python_setup_py'
[5.320s] Level 1:colcon.colcon_core.package_identification:_identify(src/install) by extensions ['ignore', 'ignore_ament_install']
[5.321s] Level 1:colcon.colcon_core.package_identification:_identify(src/install) by extension 'ignore'
[5.321s] Level 1:colcon.colcon_core.package_identification:_identify(src/install) by extension 'ignore_ament_install'
[5.322s] Level 1:colcon.colcon_core.package_identification:_identify(src/install) by extensions ['colcon_pkg']
[5.323s] Level 1:colcon.colcon_core.package_identification:_identify(src/install) by extension 'colcon_pkg'
[5.323s] Level 1:colcon.colcon_core.package_identification:_identify(src/install) by extensions ['colcon_meta']
[5.323s] Level 1:colcon.colcon_core.package_identification:_identify(src/install) by extension 'colcon_meta'
[5.324s] Level 1:colcon.colcon_core.package_identification:_identify(src/install) by extensions ['ros']
[5.324s] Level 1:colcon.colcon_core.package_identification:_identify(src/install) by extension 'ros'
[5.325s] Level 1:colcon.colcon_core.package_identification:_identify(src/install) by extensions ['cmake', 'python']
[5.325s] Level 1:colcon.colcon_core.package_identification:_identify(src/install) by extension 'cmake'
[5.325s] Level 1:colcon.colcon_core.package_identification:_identify(src/install) by extension 'python'
[5.325s] Level 1:colcon.colcon_core.package_identification:_identify(src/install) by extensions ['python_setup_py']
[5.326s] Level 1:colcon.colcon_core.package_identification:_identify(src/install) by extension 'python_setup_py'
[5.326s] Level 1:colcon.colcon_core.package_identification:_identify(src/install/villege_li) by extensions ['ignore', 'ignore_ament_install']
[5.327s] Level 1:colcon.colcon_core.package_identification:_identify(src/install/villege_li) by extension 'ignore'
[5.327s] Level 1:colcon.colcon_core.package_identification:_identify(src/install/villege_li) by extension 'ignore_ament_install'
[5.328s] Level 1:colcon.colcon_core.package_identification:_identify(src/install/villege_li) by extensions ['colcon_pkg']
[5.329s] Level 1:colcon.colcon_core.package_identification:_identify(src/install/villege_li) by extension 'colcon_pkg'
[5.329s] Level 1:colcon.colcon_core.package_identification:_identify(src/install/villege_li) by extensions ['colcon_meta']
[5.330s] Level 1:colcon.colcon_core.package_identification:_identify(src/install/villege_li) by extension 'colcon_meta'
[5.330s] Level 1:colcon.colcon_core.package_identification:_identify(src/install/villege_li) by extensions ['ros']
[5.330s] Level 1:colcon.colcon_core.package_identification:_identify(src/install/villege_li) by extension 'ros'
[5.331s] Level 1:colcon.colcon_core.package_identification:_identify(src/install/villege_li) by extensions ['cmake', 'python']
[5.331s] Level 1:colcon.colcon_core.package_identification:_identify(src/install/villege_li) by extension 'cmake'
[5.331s] Level 1:colcon.colcon_core.package_identification:_identify(src/install/villege_li) by extension 'python'
[5.331s] Level 1:colcon.colcon_core.package_identification:_identify(src/install/villege_li) by extensions ['python_setup_py']
[5.332s] Level 1:colcon.colcon_core.package_identification:_identify(src/install/villege_li) by extension 'python_setup_py'
[5.332s] Level 1:colcon.colcon_core.package_identification:_identify(src/install/villege_li/lib) by extensions ['ignore', 'ignore_ament_install']
[5.333s] Level 1:colcon.colcon_core.package_identification:_identify(src/install/villege_li/lib) by extension 'ignore'
[5.333s] Level 1:colcon.colcon_core.package_identification:_identify(src/install/villege_li/lib) by extension 'ignore_ament_install'
[5.334s] Level 1:colcon.colcon_core.package_identification:_identify(src/install/villege_li/lib) by extensions ['colcon_pkg']
[5.334s] Level 1:colcon.colcon_core.package_identification:_identify(src/install/villege_li/lib) by extension 'colcon_pkg'
[5.334s] Level 1:colcon.colcon_core.package_identification:_identify(src/install/villege_li/lib) by extensions ['colcon_meta']
[5.334s] Level 1:colcon.colcon_core.package_identification:_identify(src/install/villege_li/lib) by extension 'colcon_meta'
[5.334s] Level 1:colcon.colcon_core.package_identification:_identify(src/install/villege_li/lib) by extensions ['ros']
[5.335s] Level 1:colcon.colcon_core.package_identification:_identify(src/install/villege_li/lib) by extension 'ros'
[5.336s] Level 1:colcon.colcon_core.package_identification:_identify(src/install/villege_li/lib) by extensions ['cmake', 'python']
[5.336s] Level 1:colcon.colcon_core.package_identification:_identify(src/install/villege_li/lib) by extension 'cmake'
[5.336s] Level 1:colcon.colcon_core.package_identification:_identify(src/install/villege_li/lib) by extension 'python'
[5.337s] Level 1:colcon.colcon_core.package_identification:_identify(src/install/villege_li/lib) by extensions ['python_setup_py']
[5.337s] Level 1:colcon.colcon_core.package_identification:_identify(src/install/villege_li/lib) by extension 'python_setup_py'
[5.338s] Level 1:colcon.colcon_core.package_identification:_identify(src/install/villege_li/lib/python3.10) by extensions ['ignore', 'ignore_ament_install']
[5.338s] Level 1:colcon.colcon_core.package_identification:_identify(src/install/villege_li/lib/python3.10) by extension 'ignore'
[5.340s] Level 1:colcon.colcon_core.package_identification:_identify(src/install/villege_li/lib/python3.10) by extension 'ignore_ament_install'
[5.340s] Level 1:colcon.colcon_core.package_identification:_identify(src/install/villege_li/lib/python3.10) by extensions ['colcon_pkg']
[5.341s] Level 1:colcon.colcon_core.package_identification:_identify(src/install/villege_li/lib/python3.10) by extension 'colcon_pkg'
[5.341s] Level 1:colcon.colcon_core.package_identification:_identify(src/install/villege_li/lib/python3.10) by extensions ['colcon_meta']
[5.342s] Level 1:colcon.colcon_core.package_identification:_identify(src/install/villege_li/lib/python3.10) by extension 'colcon_meta'
[5.342s] Level 1:colcon.colcon_core.package_identification:_identify(src/install/villege_li/lib/python3.10) by extensions ['ros']
[5.342s] Level 1:colcon.colcon_core.package_identification:_identify(src/install/villege_li/lib/python3.10) by extension 'ros'
[5.343s] Level 1:colcon.colcon_core.package_identification:_identify(src/install/villege_li/lib/python3.10) by extensions ['cmake', 'python']
[5.343s] Level 1:colcon.colcon_core.package_identification:_identify(src/install/villege_li/lib/python3.10) by extension 'cmake'
[5.343s] Level 1:colcon.colcon_core.package_identification:_identify(src/install/villege_li/lib/python3.10) by extension 'python'
[5.344s] Level 1:colcon.colcon_core.package_identification:_identify(src/install/villege_li/lib/python3.10) by extensions ['python_setup_py']
[5.344s] Level 1:colcon.colcon_core.package_identification:_identify(src/install/villege_li/lib/python3.10) by extension 'python_setup_py'
[5.344s] Level 1:colcon.colcon_core.package_identification:_identify(src/install/villege_li/lib/python3.10/site-packages) by extensions ['ignore', 'ignore_ament_install']
[5.345s] Level 1:colcon.colcon_core.package_identification:_identify(src/install/villege_li/lib/python3.10/site-packages) by extension 'ignore'
[5.345s] Level 1:colcon.colcon_core.package_identification:_identify(src/install/villege_li/lib/python3.10/site-packages) by extension 'ignore_ament_install'
[5.345s] Level 1:colcon.colcon_core.package_identification:_identify(src/install/villege_li/lib/python3.10/site-packages) by extensions ['colcon_pkg']
[5.345s] Level 1:colcon.colcon_core.package_identification:_identify(src/install/villege_li/lib/python3.10/site-packages) by extension 'colcon_pkg'
[5.345s] Level 1:colcon.colcon_core.package_identification:_identify(src/install/villege_li/lib/python3.10/site-packages) by extensions ['colcon_meta']
[5.346s] Level 1:colcon.colcon_core.package_identification:_identify(src/install/villege_li/lib/python3.10/site-packages) by extension 'colcon_meta'
[5.346s] Level 1:colcon.colcon_core.package_identification:_identify(src/install/villege_li/lib/python3.10/site-packages) by extensions ['ros']
[5.346s] Level 1:colcon.colcon_core.package_identification:_identify(src/install/villege_li/lib/python3.10/site-packages) by extension 'ros'
[5.346s] Level 1:colcon.colcon_core.package_identification:_identify(src/install/villege_li/lib/python3.10/site-packages) by extensions ['cmake', 'python']
[5.346s] Level 1:colcon.colcon_core.package_identification:_identify(src/install/villege_li/lib/python3.10/site-packages) by extension 'cmake'
[5.346s] Level 1:colcon.colcon_core.package_identification:_identify(src/install/villege_li/lib/python3.10/site-packages) by extension 'python'
[5.347s] Level 1:colcon.colcon_core.package_identification:_identify(src/install/villege_li/lib/python3.10/site-packages) by extensions ['python_setup_py']
[5.347s] Level 1:colcon.colcon_core.package_identification:_identify(src/install/villege_li/lib/python3.10/site-packages) by extension 'python_setup_py'
[5.347s] Level 1:colcon.colcon_core.package_identification:_identify(src/install/villege_li/lib/python3.10/site-packages/village_li) by extensions ['ignore', 'ignore_ament_install']
[5.348s] Level 1:colcon.colcon_core.package_identification:_identify(src/install/villege_li/lib/python3.10/site-packages/village_li) by extension 'ignore'
[5.348s] Level 1:colcon.colcon_core.package_identification:_identify(src/install/villege_li/lib/python3.10/site-packages/village_li) by extension 'ignore_ament_install'
[5.348s] Level 1:colcon.colcon_core.package_identification:_identify(src/install/villege_li/lib/python3.10/site-packages/village_li) by extensions ['colcon_pkg']
[5.348s] Level 1:colcon.colcon_core.package_identification:_identify(src/install/villege_li/lib/python3.10/site-packages/village_li) by extension 'colcon_pkg'
[5.348s] Level 1:colcon.colcon_core.package_identification:_identify(src/install/villege_li/lib/python3.10/site-packages/village_li) by extensions ['colcon_meta']
[5.348s] Level 1:colcon.colcon_core.package_identification:_identify(src/install/villege_li/lib/python3.10/site-packages/village_li) by extension 'colcon_meta'
[5.348s] Level 1:colcon.colcon_core.package_identification:_identify(src/install/villege_li/lib/python3.10/site-packages/village_li) by extensions ['ros']
[5.349s] Level 1:colcon.colcon_core.package_identification:_identify(src/install/villege_li/lib/python3.10/site-packages/village_li) by extension 'ros'
[5.349s] Level 1:colcon.colcon_core.package_identification:_identify(src/install/villege_li/lib/python3.10/site-packages/village_li) by extensions ['cmake', 'python']
[5.349s] Level 1:colcon.colcon_core.package_identification:_identify(src/install/villege_li/lib/python3.10/site-packages/village_li) by extension 'cmake'
[5.350s] Level 1:colcon.colcon_core.package_identification:_identify(src/install/villege_li/lib/python3.10/site-packages/village_li) by extension 'python'
[5.350s] Level 1:colcon.colcon_core.package_identification:_identify(src/install/villege_li/lib/python3.10/site-packages/village_li) by extensions ['python_setup_py']
[5.350s] Level 1:colcon.colcon_core.package_identification:_identify(src/install/villege_li/lib/python3.10/site-packages/village_li) by extension 'python_setup_py'
[5.351s] Level 1:colcon.colcon_core.package_identification:_identify(src/install/villege_li/lib/python3.10/site-packages/village_li/__pycache__) by extensions ['ignore', 'ignore_ament_install']
[5.351s] Level 1:colcon.colcon_core.package_identification:_identify(src/install/villege_li/lib/python3.10/site-packages/village_li/__pycache__) by extension 'ignore'
[5.351s] Level 1:colcon.colcon_core.package_identification:_identify(src/install/villege_li/lib/python3.10/site-packages/village_li/__pycache__) by extension 'ignore_ament_install'
[5.352s] Level 1:colcon.colcon_core.package_identification:_identify(src/install/villege_li/lib/python3.10/site-packages/village_li/__pycache__) by extensions ['colcon_pkg']
[5.352s] Level 1:colcon.colcon_core.package_identification:_identify(src/install/villege_li/lib/python3.10/site-packages/village_li/__pycache__) by extension 'colcon_pkg'
[5.353s] Level 1:colcon.colcon_core.package_identification:_identify(src/install/villege_li/lib/python3.10/site-packages/village_li/__pycache__) by extensions ['colcon_meta']
[5.353s] Level 1:colcon.colcon_core.package_identification:_identify(src/install/villege_li/lib/python3.10/site-packages/village_li/__pycache__) by extension 'colcon_meta'
[5.354s] Level 1:colcon.colcon_core.package_identification:_identify(src/install/villege_li/lib/python3.10/site-packages/village_li/__pycache__) by extensions ['ros']
[5.354s] Level 1:colcon.colcon_core.package_identification:_identify(src/install/villege_li/lib/python3.10/site-packages/village_li/__pycache__) by extension 'ros'
[5.355s] Level 1:colcon.colcon_core.package_identification:_identify(src/install/villege_li/lib/python3.10/site-packages/village_li/__pycache__) by extensions ['cmake', 'python']
[5.356s] Level 1:colcon.colcon_core.package_identification:_identify(src/install/villege_li/lib/python3.10/site-packages/village_li/__pycache__) by extension 'cmake'
[5.356s] Level 1:colcon.colcon_core.package_identification:_identify(src/install/villege_li/lib/python3.10/site-packages/village_li/__pycache__) by extension 'python'
[5.356s] Level 1:colcon.colcon_core.package_identification:_identify(src/install/villege_li/lib/python3.10/site-packages/village_li/__pycache__) by extensions ['python_setup_py']
[5.357s] Level 1:colcon.colcon_core.package_identification:_identify(src/install/villege_li/lib/python3.10/site-packages/village_li/__pycache__) by extension 'python_setup_py'
[5.357s] Level 1:colcon.colcon_core.package_identification:_identify(src/install/villege_li/lib/python3.10/site-packages/villege_li-0.0.0-py3.10.egg-info) by extensions ['ignore', 'ignore_ament_install']
[5.358s] Level 1:colcon.colcon_core.package_identification:_identify(src/install/villege_li/lib/python3.10/site-packages/villege_li-0.0.0-py3.10.egg-info) by extension 'ignore'
[5.358s] Level 1:colcon.colcon_core.package_identification:_identify(src/install/villege_li/lib/python3.10/site-packages/villege_li-0.0.0-py3.10.egg-info) by extension 'ignore_ament_install'
[5.358s] Level 1:colcon.colcon_core.package_identification:_identify(src/install/villege_li/lib/python3.10/site-packages/villege_li-0.0.0-py3.10.egg-info) by extensions ['colcon_pkg']
[5.358s] Level 1:colcon.colcon_core.package_identification:_identify(src/install/villege_li/lib/python3.10/site-packages/villege_li-0.0.0-py3.10.egg-info) by extension 'colcon_pkg'
[5.359s] Level 1:colcon.colcon_core.package_identification:_identify(src/install/villege_li/lib/python3.10/site-packages/villege_li-0.0.0-py3.10.egg-info) by extensions ['colcon_meta']
[5.359s] Level 1:colcon.colcon_core.package_identification:_identify(src/install/villege_li/lib/python3.10/site-packages/villege_li-0.0.0-py3.10.egg-info) by extension 'colcon_meta'
[5.359s] Level 1:colcon.colcon_core.package_identification:_identify(src/install/villege_li/lib/python3.10/site-packages/villege_li-0.0.0-py3.10.egg-info) by extensions ['ros']
[5.359s] Level 1:colcon.colcon_core.package_identification:_identify(src/install/villege_li/lib/python3.10/site-packages/villege_li-0.0.0-py3.10.egg-info) by extension 'ros'
[5.360s] Level 1:colcon.colcon_core.package_identification:_identify(src/install/villege_li/lib/python3.10/site-packages/villege_li-0.0.0-py3.10.egg-info) by extensions ['cmake', 'python']
[5.360s] Level 1:colcon.colcon_core.package_identification:_identify(src/install/villege_li/lib/python3.10/site-packages/villege_li-0.0.0-py3.10.egg-info) by extension 'cmake'
[5.360s] Level 1:colcon.colcon_core.package_identification:_identify(src/install/villege_li/lib/python3.10/site-packages/villege_li-0.0.0-py3.10.egg-info) by extension 'python'
[5.360s] Level 1:colcon.colcon_core.package_identification:_identify(src/install/villege_li/lib/python3.10/site-packages/villege_li-0.0.0-py3.10.egg-info) by extensions ['python_setup_py']
[5.360s] Level 1:colcon.colcon_core.package_identification:_identify(src/install/villege_li/lib/python3.10/site-packages/villege_li-0.0.0-py3.10.egg-info) by extension 'python_setup_py'
[5.361s] Level 1:colcon.colcon_core.package_identification:_identify(src/install/villege_li/lib/villege_li) by extensions ['ignore', 'ignore_ament_install']
[5.361s] Level 1:colcon.colcon_core.package_identification:_identify(src/install/villege_li/lib/villege_li) by extension 'ignore'
[5.361s] Level 1:colcon.colcon_core.package_identification:_identify(src/install/villege_li/lib/villege_li) by extension 'ignore_ament_install'
[5.362s] Level 1:colcon.colcon_core.package_identification:_identify(src/install/villege_li/lib/villege_li) by extensions ['colcon_pkg']
[5.362s] Level 1:colcon.colcon_core.package_identification:_identify(src/install/villege_li/lib/villege_li) by extension 'colcon_pkg'
[5.362s] Level 1:colcon.colcon_core.package_identification:_identify(src/install/villege_li/lib/villege_li) by extensions ['colcon_meta']
[5.362s] Level 1:colcon.colcon_core.package_identification:_identify(src/install/villege_li/lib/villege_li) by extension 'colcon_meta'
[5.362s] Level 1:colcon.colcon_core.package_identification:_identify(src/install/villege_li/lib/villege_li) by extensions ['ros']
[5.363s] Level 1:colcon.colcon_core.package_identification:_identify(src/install/villege_li/lib/villege_li) by extension 'ros'
[5.363s] Level 1:colcon.colcon_core.package_identification:_identify(src/install/villege_li/lib/villege_li) by extensions ['cmake', 'python']
[5.363s] Level 1:colcon.colcon_core.package_identification:_identify(src/install/villege_li/lib/villege_li) by extension 'cmake'
[5.364s] Level 1:colcon.colcon_core.package_identification:_identify(src/install/villege_li/lib/villege_li) by extension 'python'
[5.365s] Level 1:colcon.colcon_core.package_identification:_identify(src/install/villege_li/lib/villege_li) by extensions ['python_setup_py']
[5.365s] Level 1:colcon.colcon_core.package_identification:_identify(src/install/villege_li/lib/villege_li) by extension 'python_setup_py'
[5.365s] Level 1:colcon.colcon_core.package_identification:_identify(src/install/villege_li/share) by extensions ['ignore', 'ignore_ament_install']
[5.366s] Level 1:colcon.colcon_core.package_identification:_identify(src/install/villege_li/share) by extension 'ignore'
[5.366s] Level 1:colcon.colcon_core.package_identification:_identify(src/install/villege_li/share) by extension 'ignore_ament_install'
[5.367s] Level 1:colcon.colcon_core.package_identification:_identify(src/install/villege_li/share) by extensions ['colcon_pkg']
[5.367s] Level 1:colcon.colcon_core.package_identification:_identify(src/install/villege_li/share) by extension 'colcon_pkg'
[5.367s] Level 1:colcon.colcon_core.package_identification:_identify(src/install/villege_li/share) by extensions ['colcon_meta']
[5.367s] Level 1:colcon.colcon_core.package_identification:_identify(src/install/villege_li/share) by extension 'colcon_meta'
[5.368s] Level 1:colcon.colcon_core.package_identification:_identify(src/install/villege_li/share) by extensions ['ros']
[5.368s] Level 1:colcon.colcon_core.package_identification:_identify(src/install/villege_li/share) by extension 'ros'
[5.369s] Level 1:colcon.colcon_core.package_identification:_identify(src/install/villege_li/share) by extensions ['cmake', 'python']
[5.369s] Level 1:colcon.colcon_core.package_identification:_identify(src/install/villege_li/share) by extension 'cmake'
[5.369s] Level 1:colcon.colcon_core.package_identification:_identify(src/install/villege_li/share) by extension 'python'
[5.370s] Level 1:colcon.colcon_core.package_identification:_identify(src/install/villege_li/share) by extensions ['python_setup_py']
[5.370s] Level 1:colcon.colcon_core.package_identification:_identify(src/install/villege_li/share) by extension 'python_setup_py'
[5.371s] Level 1:colcon.colcon_core.package_identification:_identify(src/install/villege_li/share/ament_index) by extensions ['ignore', 'ignore_ament_install']
[5.372s] Level 1:colcon.colcon_core.package_identification:_identify(src/install/villege_li/share/ament_index) by extension 'ignore'
[5.373s] Level 1:colcon.colcon_core.package_identification:_identify(src/install/villege_li/share/ament_index) by extension 'ignore_ament_install'
[5.374s] Level 1:colcon.colcon_core.package_identification:_identify(src/install/villege_li/share/ament_index) by extensions ['colcon_pkg']
[5.374s] Level 1:colcon.colcon_core.package_identification:_identify(src/install/villege_li/share/ament_index) by extension 'colcon_pkg'
[5.374s] Level 1:colcon.colcon_core.package_identification:_identify(src/install/villege_li/share/ament_index) by extensions ['colcon_meta']
[5.374s] Level 1:colcon.colcon_core.package_identification:_identify(src/install/villege_li/share/ament_index) by extension 'colcon_meta'
[5.375s] Level 1:colcon.colcon_core.package_identification:_identify(src/install/villege_li/share/ament_index) by extensions ['ros']
[5.375s] Level 1:colcon.colcon_core.package_identification:_identify(src/install/villege_li/share/ament_index) by extension 'ros'
[5.376s] Level 1:colcon.colcon_core.package_identification:_identify(src/install/villege_li/share/ament_index) by extensions ['cmake', 'python']
[5.376s] Level 1:colcon.colcon_core.package_identification:_identify(src/install/villege_li/share/ament_index) by extension 'cmake'
[5.376s] Level 1:colcon.colcon_core.package_identification:_identify(src/install/villege_li/share/ament_index) by extension 'python'
[5.377s] Level 1:colcon.colcon_core.package_identification:_identify(src/install/villege_li/share/ament_index) by extensions ['python_setup_py']
[5.377s] Level 1:colcon.colcon_core.package_identification:_identify(src/install/villege_li/share/ament_index) by extension 'python_setup_py'
[5.378s] Level 1:colcon.colcon_core.package_identification:_identify(src/install/villege_li/share/ament_index/resource_index) by extensions ['ignore', 'ignore_ament_install']
[5.378s] Level 1:colcon.colcon_core.package_identification:_identify(src/install/villege_li/share/ament_index/resource_index) by extension 'ignore'
[5.378s] Level 1:colcon.colcon_core.package_identification:_identify(src/install/villege_li/share/ament_index/resource_index) by extension 'ignore_ament_install'
[5.379s] Level 1:colcon.colcon_core.package_identification:_identify(src/install/villege_li/share/ament_index/resource_index) by extensions ['colcon_pkg']
[5.379s] Level 1:colcon.colcon_core.package_identification:_identify(src/install/villege_li/share/ament_index/resource_index) by extension 'colcon_pkg'
[5.379s] Level 1:colcon.colcon_core.package_identification:_identify(src/install/villege_li/share/ament_index/resource_index) by extensions ['colcon_meta']
[5.379s] Level 1:colcon.colcon_core.package_identification:_identify(src/install/villege_li/share/ament_index/resource_index) by extension 'colcon_meta'
[5.379s] Level 1:colcon.colcon_core.package_identification:_identify(src/install/villege_li/share/ament_index/resource_index) by extensions ['ros']
[5.379s] Level 1:colcon.colcon_core.package_identification:_identify(src/install/villege_li/share/ament_index/resource_index) by extension 'ros'
[5.380s] Level 1:colcon.colcon_core.package_identification:_identify(src/install/villege_li/share/ament_index/resource_index) by extensions ['cmake', 'python']
[5.380s] Level 1:colcon.colcon_core.package_identification:_identify(src/install/villege_li/share/ament_index/resource_index) by extension 'cmake'
[5.380s] Level 1:colcon.colcon_core.package_identification:_identify(src/install/villege_li/share/ament_index/resource_index) by extension 'python'
[5.381s] Level 1:colcon.colcon_core.package_identification:_identify(src/install/villege_li/share/ament_index/resource_index) by extensions ['python_setup_py']
[5.381s] Level 1:colcon.colcon_core.package_identification:_identify(src/install/villege_li/share/ament_index/resource_index) by extension 'python_setup_py'
[5.381s] Level 1:colcon.colcon_core.package_identification:_identify(src/install/villege_li/share/ament_index/resource_index/packages) by extensions ['ignore', 'ignore_ament_install']
[5.382s] Level 1:colcon.colcon_core.package_identification:_identify(src/install/villege_li/share/ament_index/resource_index/packages) by extension 'ignore'
[5.382s] Level 1:colcon.colcon_core.package_identification:_identify(src/install/villege_li/share/ament_index/resource_index/packages) by extension 'ignore_ament_install'
[5.383s] Level 1:colcon.colcon_core.package_identification:_identify(src/install/villege_li/share/ament_index/resource_index/packages) by extensions ['colcon_pkg']
[5.383s] Level 1:colcon.colcon_core.package_identification:_identify(src/install/villege_li/share/ament_index/resource_index/packages) by extension 'colcon_pkg'
[5.383s] Level 1:colcon.colcon_core.package_identification:_identify(src/install/villege_li/share/ament_index/resource_index/packages) by extensions ['colcon_meta']
[5.383s] Level 1:colcon.colcon_core.package_identification:_identify(src/install/villege_li/share/ament_index/resource_index/packages) by extension 'colcon_meta'
[5.383s] Level 1:colcon.colcon_core.package_identification:_identify(src/install/villege_li/share/ament_index/resource_index/packages) by extensions ['ros']
[5.383s] Level 1:colcon.colcon_core.package_identification:_identify(src/install/villege_li/share/ament_index/resource_index/packages) by extension 'ros'
[5.384s] Level 1:colcon.colcon_core.package_identification:_identify(src/install/villege_li/share/ament_index/resource_index/packages) by extensions ['cmake', 'python']
[5.384s] Level 1:colcon.colcon_core.package_identification:_identify(src/install/villege_li/share/ament_index/resource_index/packages) by extension 'cmake'
[5.385s] Level 1:colcon.colcon_core.package_identification:_identify(src/install/villege_li/share/ament_index/resource_index/packages) by extension 'python'
[5.385s] Level 1:colcon.colcon_core.package_identification:_identify(src/install/villege_li/share/ament_index/resource_index/packages) by extensions ['python_setup_py']
[5.385s] Level 1:colcon.colcon_core.package_identification:_identify(src/install/villege_li/share/ament_index/resource_index/packages) by extension 'python_setup_py'
[5.386s] Level 1:colcon.colcon_core.package_identification:_identify(src/install/villege_li/share/colcon-core) by extensions ['ignore', 'ignore_ament_install']
[5.386s] Level 1:colcon.colcon_core.package_identification:_identify(src/install/villege_li/share/colcon-core) by extension 'ignore'
[5.386s] Level 1:colcon.colcon_core.package_identification:_identify(src/install/villege_li/share/colcon-core) by extension 'ignore_ament_install'
[5.386s] Level 1:colcon.colcon_core.package_identification:_identify(src/install/villege_li/share/colcon-core) by extensions ['colcon_pkg']
[5.387s] Level 1:colcon.colcon_core.package_identification:_identify(src/install/villege_li/share/colcon-core) by extension 'colcon_pkg'
[5.387s] Level 1:colcon.colcon_core.package_identification:_identify(src/install/villege_li/share/colcon-core) by extensions ['colcon_meta']
[5.387s] Level 1:colcon.colcon_core.package_identification:_identify(src/install/villege_li/share/colcon-core) by extension 'colcon_meta'
[5.387s] Level 1:colcon.colcon_core.package_identification:_identify(src/install/villege_li/share/colcon-core) by extensions ['ros']
[5.387s] Level 1:colcon.colcon_core.package_identification:_identify(src/install/villege_li/share/colcon-core) by extension 'ros'
[5.388s] Level 1:colcon.colcon_core.package_identification:_identify(src/install/villege_li/share/colcon-core) by extensions ['cmake', 'python']
[5.388s] Level 1:colcon.colcon_core.package_identification:_identify(src/install/villege_li/share/colcon-core) by extension 'cmake'
[5.389s] Level 1:colcon.colcon_core.package_identification:_identify(src/install/villege_li/share/colcon-core) by extension 'python'
[5.389s] Level 1:colcon.colcon_core.package_identification:_identify(src/install/villege_li/share/colcon-core) by extensions ['python_setup_py']
[5.389s] Level 1:colcon.colcon_core.package_identification:_identify(src/install/villege_li/share/colcon-core) by extension 'python_setup_py'
[5.390s] Level 1:colcon.colcon_core.package_identification:_identify(src/install/villege_li/share/colcon-core/packages) by extensions ['ignore', 'ignore_ament_install']
[5.391s] Level 1:colcon.colcon_core.package_identification:_identify(src/install/villege_li/share/colcon-core/packages) by extension 'ignore'
[5.391s] Level 1:colcon.colcon_core.package_identification:_identify(src/install/villege_li/share/colcon-core/packages) by extension 'ignore_ament_install'
[5.392s] Level 1:colcon.colcon_core.package_identification:_identify(src/install/villege_li/share/colcon-core/packages) by extensions ['colcon_pkg']
[5.393s] Level 1:colcon.colcon_core.package_identification:_identify(src/install/villege_li/share/colcon-core/packages) by extension 'colcon_pkg'
[5.393s] Level 1:colcon.colcon_core.package_identification:_identify(src/install/villege_li/share/colcon-core/packages) by extensions ['colcon_meta']
[5.393s] Level 1:colcon.colcon_core.package_identification:_identify(src/install/villege_li/share/colcon-core/packages) by extension 'colcon_meta'
[5.394s] Level 1:colcon.colcon_core.package_identification:_identify(src/install/villege_li/share/colcon-core/packages) by extensions ['ros']
[5.394s] Level 1:colcon.colcon_core.package_identification:_identify(src/install/villege_li/share/colcon-core/packages) by extension 'ros'
[5.395s] Level 1:colcon.colcon_core.package_identification:_identify(src/install/villege_li/share/colcon-core/packages) by extensions ['cmake', 'python']
[5.396s] Level 1:colcon.colcon_core.package_identification:_identify(src/install/villege_li/share/colcon-core/packages) by extension 'cmake'
[5.396s] Level 1:colcon.colcon_core.package_identification:_identify(src/install/villege_li/share/colcon-core/packages) by extension 'python'
[5.397s] Level 1:colcon.colcon_core.package_identification:_identify(src/install/villege_li/share/colcon-core/packages) by extensions ['python_setup_py']
[5.397s] Level 1:colcon.colcon_core.package_identification:_identify(src/install/villege_li/share/colcon-core/packages) by extension 'python_setup_py'
[5.397s] Level 1:colcon.colcon_core.package_identification:_identify(src/install/villege_li/share/villege_li) by extensions ['ignore', 'ignore_ament_install']
[5.398s] Level 1:colcon.colcon_core.package_identification:_identify(src/install/villege_li/share/villege_li) by extension 'ignore'
[5.398s] Level 1:colcon.colcon_core.package_identification:_identify(src/install/villege_li/share/villege_li) by extension 'ignore_ament_install'
[5.399s] Level 1:colcon.colcon_core.package_identification:_identify(src/install/villege_li/share/villege_li) by extensions ['colcon_pkg']
[5.399s] Level 1:colcon.colcon_core.package_identification:_identify(src/install/villege_li/share/villege_li) by extension 'colcon_pkg'
[5.399s] Level 1:colcon.colcon_core.package_identification:_identify(src/install/villege_li/share/villege_li) by extensions ['colcon_meta']
[5.400s] Level 1:colcon.colcon_core.package_identification:_identify(src/install/villege_li/share/villege_li) by extension 'colcon_meta'
[5.400s] Level 1:colcon.colcon_core.package_identification:_identify(src/install/villege_li/share/villege_li) by extensions ['ros']
[5.400s] Level 1:colcon.colcon_core.package_identification:_identify(src/install/villege_li/share/villege_li) by extension 'ros'
[5.402s] Level 1:colcon.colcon_core.package_identification:_identify(src/install/villege_li/share/villege_li) by extensions ['cmake', 'python']
[5.403s] Level 1:colcon.colcon_core.package_identification:_identify(src/install/villege_li/share/villege_li) by extension 'cmake'
[5.403s] Level 1:colcon.colcon_core.package_identification:_identify(src/install/villege_li/share/villege_li) by extension 'python'
[5.403s] Level 1:colcon.colcon_core.package_identification:_identify(src/install/villege_li/share/villege_li) by extensions ['python_setup_py']
[5.404s] Level 1:colcon.colcon_core.package_identification:_identify(src/install/villege_li/share/villege_li) by extension 'python_setup_py'
[5.404s] Level 1:colcon.colcon_core.package_identification:_identify(src/install/villege_li/share/villege_li/hook) by extensions ['ignore', 'ignore_ament_install']
[5.406s] Level 1:colcon.colcon_core.package_identification:_identify(src/install/villege_li/share/villege_li/hook) by extension 'ignore'
[5.407s] Level 1:colcon.colcon_core.package_identification:_identify(src/install/villege_li/share/villege_li/hook) by extension 'ignore_ament_install'
[5.408s] Level 1:colcon.colcon_core.package_identification:_identify(src/install/villege_li/share/villege_li/hook) by extensions ['colcon_pkg']
[5.409s] Level 1:colcon.colcon_core.package_identification:_identify(src/install/villege_li/share/villege_li/hook) by extension 'colcon_pkg'
[5.411s] Level 1:colcon.colcon_core.package_identification:_identify(src/install/villege_li/share/villege_li/hook) by extensions ['colcon_meta']
[5.411s] Level 1:colcon.colcon_core.package_identification:_identify(src/install/villege_li/share/villege_li/hook) by extension 'colcon_meta'
[5.412s] Level 1:colcon.colcon_core.package_identification:_identify(src/install/villege_li/share/villege_li/hook) by extensions ['ros']
[5.412s] Level 1:colcon.colcon_core.package_identification:_identify(src/install/villege_li/share/villege_li/hook) by extension 'ros'
[5.413s] Level 1:colcon.colcon_core.package_identification:_identify(src/install/villege_li/share/villege_li/hook) by extensions ['cmake', 'python']
[5.413s] Level 1:colcon.colcon_core.package_identification:_identify(src/install/villege_li/share/villege_li/hook) by extension 'cmake'
[5.414s] Level 1:colcon.colcon_core.package_identification:_identify(src/install/villege_li/share/villege_li/hook) by extension 'python'
[5.415s] Level 1:colcon.colcon_core.package_identification:_identify(src/install/villege_li/share/villege_li/hook) by extensions ['python_setup_py']
[5.415s] Level 1:colcon.colcon_core.package_identification:_identify(src/install/villege_li/share/villege_li/hook) by extension 'python_setup_py'
[5.416s] Level 1:colcon.colcon_core.package_identification:_identify(src/log) by extensions ['ignore', 'ignore_ament_install']
[5.416s] Level 1:colcon.colcon_core.package_identification:_identify(src/log) by extension 'ignore'
[5.417s] Level 1:colcon.colcon_core.package_identification:_identify(src/log) by extension 'ignore_ament_install'
[5.417s] Level 1:colcon.colcon_core.package_identification:_identify(src/log) by extensions ['colcon_pkg']
[5.418s] Level 1:colcon.colcon_core.package_identification:_identify(src/log) by extension 'colcon_pkg'
[5.418s] Level 1:colcon.colcon_core.package_identification:_identify(src/log) by extensions ['colcon_meta']
[5.418s] Level 1:colcon.colcon_core.package_identification:_identify(src/log) by extension 'colcon_meta'
[5.418s] Level 1:colcon.colcon_core.package_identification:_identify(src/log) by extensions ['ros']
[5.418s] Level 1:colcon.colcon_core.package_identification:_identify(src/log) by extension 'ros'
[5.420s] Level 1:colcon.colcon_core.package_identification:_identify(src/log) by extensions ['cmake', 'python']
[5.420s] Level 1:colcon.colcon_core.package_identification:_identify(src/log) by extension 'cmake'
[5.420s] Level 1:colcon.colcon_core.package_identification:_identify(src/log) by extension 'python'
[5.421s] Level 1:colcon.colcon_core.package_identification:_identify(src/log) by extensions ['python_setup_py']
[5.421s] Level 1:colcon.colcon_core.package_identification:_identify(src/log) by extension 'python_setup_py'
[5.422s] Level 1:colcon.colcon_core.package_identification:_identify(src/log/build_2024-11-04_19-25-21) by extensions ['ignore', 'ignore_ament_install']
[5.423s] Level 1:colcon.colcon_core.package_identification:_identify(src/log/build_2024-11-04_19-25-21) by extension 'ignore'
[5.423s] Level 1:colcon.colcon_core.package_identification:_identify(src/log/build_2024-11-04_19-25-21) by extension 'ignore_ament_install'
[5.424s] Level 1:colcon.colcon_core.package_identification:_identify(src/log/build_2024-11-04_19-25-21) by extensions ['colcon_pkg']
[5.424s] Level 1:colcon.colcon_core.package_identification:_identify(src/log/build_2024-11-04_19-25-21) by extension 'colcon_pkg'
[5.426s] Level 1:colcon.colcon_core.package_identification:_identify(src/log/build_2024-11-04_19-25-21) by extensions ['colcon_meta']
[5.426s] Level 1:colcon.colcon_core.package_identification:_identify(src/log/build_2024-11-04_19-25-21) by extension 'colcon_meta'
[5.427s] Level 1:colcon.colcon_core.package_identification:_identify(src/log/build_2024-11-04_19-25-21) by extensions ['ros']
[5.427s] Level 1:colcon.colcon_core.package_identification:_identify(src/log/build_2024-11-04_19-25-21) by extension 'ros'
[5.429s] Level 1:colcon.colcon_core.package_identification:_identify(src/log/build_2024-11-04_19-25-21) by extensions ['cmake', 'python']
[5.429s] Level 1:colcon.colcon_core.package_identification:_identify(src/log/build_2024-11-04_19-25-21) by extension 'cmake'
[5.430s] Level 1:colcon.colcon_core.package_identification:_identify(src/log/build_2024-11-04_19-25-21) by extension 'python'
[5.430s] Level 1:colcon.colcon_core.package_identification:_identify(src/log/build_2024-11-04_19-25-21) by extensions ['python_setup_py']
[5.430s] Level 1:colcon.colcon_core.package_identification:_identify(src/log/build_2024-11-04_19-25-21) by extension 'python_setup_py'
[5.431s] Level 1:colcon.colcon_core.package_identification:_identify(src/log/build_2024-11-04_19-25-47) by extensions ['ignore', 'ignore_ament_install']
[5.431s] Level 1:colcon.colcon_core.package_identification:_identify(src/log/build_2024-11-04_19-25-47) by extension 'ignore'
[5.432s] Level 1:colcon.colcon_core.package_identification:_identify(src/log/build_2024-11-04_19-25-47) by extension 'ignore_ament_install'
[5.432s] Level 1:colcon.colcon_core.package_identification:_identify(src/log/build_2024-11-04_19-25-47) by extensions ['colcon_pkg']
[5.432s] Level 1:colcon.colcon_core.package_identification:_identify(src/log/build_2024-11-04_19-25-47) by extension 'colcon_pkg'
[5.433s] Level 1:colcon.colcon_core.package_identification:_identify(src/log/build_2024-11-04_19-25-47) by extensions ['colcon_meta']
[5.433s] Level 1:colcon.colcon_core.package_identification:_identify(src/log/build_2024-11-04_19-25-47) by extension 'colcon_meta'
[5.433s] Level 1:colcon.colcon_core.package_identification:_identify(src/log/build_2024-11-04_19-25-47) by extensions ['ros']
[5.434s] Level 1:colcon.colcon_core.package_identification:_identify(src/log/build_2024-11-04_19-25-47) by extension 'ros'
[5.435s] Level 1:colcon.colcon_core.package_identification:_identify(src/log/build_2024-11-04_19-25-47) by extensions ['cmake', 'python']
[5.435s] Level 1:colcon.colcon_core.package_identification:_identify(src/log/build_2024-11-04_19-25-47) by extension 'cmake'
[5.436s] Level 1:colcon.colcon_core.package_identification:_identify(src/log/build_2024-11-04_19-25-47) by extension 'python'
[5.436s] Level 1:colcon.colcon_core.package_identification:_identify(src/log/build_2024-11-04_19-25-47) by extensions ['python_setup_py']
[5.436s] Level 1:colcon.colcon_core.package_identification:_identify(src/log/build_2024-11-04_19-25-47) by extension 'python_setup_py'
[5.437s] Level 1:colcon.colcon_core.package_identification:_identify(src/log/build_2024-11-04_19-25-47/villege_li) by extensions ['ignore', 'ignore_ament_install']
[5.437s] Level 1:colcon.colcon_core.package_identification:_identify(src/log/build_2024-11-04_19-25-47/villege_li) by extension 'ignore'
[5.438s] Level 1:colcon.colcon_core.package_identification:_identify(src/log/build_2024-11-04_19-25-47/villege_li) by extension 'ignore_ament_install'
[5.438s] Level 1:colcon.colcon_core.package_identification:_identify(src/log/build_2024-11-04_19-25-47/villege_li) by extensions ['colcon_pkg']
[5.438s] Level 1:colcon.colcon_core.package_identification:_identify(src/log/build_2024-11-04_19-25-47/villege_li) by extension 'colcon_pkg'
[5.439s] Level 1:colcon.colcon_core.package_identification:_identify(src/log/build_2024-11-04_19-25-47/villege_li) by extensions ['colcon_meta']
[5.439s] Level 1:colcon.colcon_core.package_identification:_identify(src/log/build_2024-11-04_19-25-47/villege_li) by extension 'colcon_meta'
[5.439s] Level 1:colcon.colcon_core.package_identification:_identify(src/log/build_2024-11-04_19-25-47/villege_li) by extensions ['ros']
[5.439s] Level 1:colcon.colcon_core.package_identification:_identify(src/log/build_2024-11-04_19-25-47/villege_li) by extension 'ros'
[5.440s] Level 1:colcon.colcon_core.package_identification:_identify(src/log/build_2024-11-04_19-25-47/villege_li) by extensions ['cmake', 'python']
[5.440s] Level 1:colcon.colcon_core.package_identification:_identify(src/log/build_2024-11-04_19-25-47/villege_li) by extension 'cmake'
[5.441s] Level 1:colcon.colcon_core.package_identification:_identify(src/log/build_2024-11-04_19-25-47/villege_li) by extension 'python'
[5.441s] Level 1:colcon.colcon_core.package_identification:_identify(src/log/build_2024-11-04_19-25-47/villege_li) by extensions ['python_setup_py']
[5.441s] Level 1:colcon.colcon_core.package_identification:_identify(src/log/build_2024-11-04_19-25-47/villege_li) by extension 'python_setup_py'
[5.442s] Level 1:colcon.colcon_core.package_identification:_identify(src/village_li) by extensions ['ignore', 'ignore_ament_install']
[5.443s] Level 1:colcon.colcon_core.package_identification:_identify(src/village_li) by extension 'ignore'
[5.443s] Level 1:colcon.colcon_core.package_identification:_identify(src/village_li) by extension 'ignore_ament_install'
[5.444s] Level 1:colcon.colcon_core.package_identification:_identify(src/village_li) by extensions ['colcon_pkg']
[5.444s] Level 1:colcon.colcon_core.package_identification:_identify(src/village_li) by extension 'colcon_pkg'
[5.445s] Level 1:colcon.colcon_core.package_identification:_identify(src/village_li) by extensions ['colcon_meta']
[5.445s] Level 1:colcon.colcon_core.package_identification:_identify(src/village_li) by extension 'colcon_meta'
[5.445s] Level 1:colcon.colcon_core.package_identification:_identify(src/village_li) by extensions ['ros']
[5.445s] Level 1:colcon.colcon_core.package_identification:_identify(src/village_li) by extension 'ros'
[5.459s] DEBUG:colcon.colcon_core.package_identification:Package 'src/village_li' with type 'ros.ament_python' and name 'village_li'
[5.460s] Level 1:colcon.colcon_core.package_identification:_identify(src/village_wang) by extensions ['ignore', 'ignore_ament_install']
[5.461s] Level 1:colcon.colcon_core.package_identification:_identify(src/village_wang) by extension 'ignore'
[5.462s] Level 1:colcon.colcon_core.package_identification:_identify(src/village_wang) by extension 'ignore_ament_install'
[5.462s] Level 1:colcon.colcon_core.package_identification:_identify(src/village_wang) by extensions ['colcon_pkg']
[5.463s] Level 1:colcon.colcon_core.package_identification:_identify(src/village_wang) by extension 'colcon_pkg'
[5.463s] Level 1:colcon.colcon_core.package_identification:_identify(src/village_wang) by extensions ['colcon_meta']
[5.464s] Level 1:colcon.colcon_core.package_identification:_identify(src/village_wang) by extension 'colcon_meta'
[5.464s] Level 1:colcon.colcon_core.package_identification:_identify(src/village_wang) by extensions ['ros']
[5.464s] Level 1:colcon.colcon_core.package_identification:_identify(src/village_wang) by extension 'ros'
[5.467s] DEBUG:colcon.colcon_core.package_identification:Package 'src/village_wang' with type 'ros.ament_cmake' and name 'village_wang'
[5.467s] Level 1:colcon.colcon_core.package_discovery:discover_packages(recursive) using defaults
[5.468s] Level 1:colcon.colcon_core.package_discovery:discover_packages(ignore) discover
[5.468s] Level 1:colcon.colcon_core.package_discovery:discover_packages(ignore) using defaults
[5.468s] Level 1:colcon.colcon_core.package_discovery:discover_packages(path) discover
[5.468s] Level 1:colcon.colcon_core.package_discovery:discover_packages(path) using defaults
[5.627s] Level 1:colcon.colcon_core.package_discovery:discover_packages(prefix_path) check parameters
[5.627s] Level 1:colcon.colcon_core.package_discovery:discover_packages(prefix_path) discover
[5.654s] DEBUG:colcon.colcon_installed_package_information.package_discovery:Found 270 installed packages in /opt/ros/humble
[5.699s] Level 1:colcon.colcon_core.package_discovery:discover_packages(prefix_path) using defaults
[6.109s] Level 5:colcon.colcon_core.verb:set package 'village_li' build argument 'cmake_args' from command line to 'None'
[6.110s] Level 5:colcon.colcon_core.verb:set package 'village_li' build argument 'cmake_target' from command line to 'None'
[6.110s] Level 5:colcon.colcon_core.verb:set package 'village_li' build argument 'cmake_target_skip_unavailable' from command line to 'False'
[6.110s] Level 5:colcon.colcon_core.verb:set package 'village_li' build argument 'cmake_clean_cache' from command line to 'False'
[6.111s] Level 5:colcon.colcon_core.verb:set package 'village_li' build argument 'cmake_clean_first' from command line to 'False'
[6.112s] Level 5:colcon.colcon_core.verb:set package 'village_li' build argument 'cmake_force_configure' from command line to 'False'
[6.113s] Level 5:colcon.colcon_core.verb:set package 'village_li' build argument 'ament_cmake_args' from command line to 'None'
[6.114s] Level 5:colcon.colcon_core.verb:set package 'village_li' build argument 'catkin_cmake_args' from command line to 'None'
[6.114s] Level 5:colcon.colcon_core.verb:set package 'village_li' build argument 'catkin_skip_building_tests' from command line to 'False'
[6.115s] DEBUG:colcon.colcon_core.verb:Building package 'village_li' with the following arguments: {'ament_cmake_args': None, 'build_base': '/home/zfh/code/ros2Std/town_ws/build/village_li', 'catkin_cmake_args': None, 'catkin_skip_building_tests': False, 'cmake_args': None, 'cmake_clean_cache': False, 'cmake_clean_first': False, 'cmake_force_configure': False, 'cmake_target': None, 'cmake_target_skip_unavailable': False, 'install_base': '/home/zfh/code/ros2Std/town_ws/install/village_li', 'merge_install': False, 'path': '/home/zfh/code/ros2Std/town_ws/src/village_li', 'symlink_install': False, 'test_result_base': None}
[6.116s] Level 5:colcon.colcon_core.verb:set package 'village_wang' build argument 'cmake_args' from command line to 'None'
[6.117s] Level 5:colcon.colcon_core.verb:set package 'village_wang' build argument 'cmake_target' from command line to 'None'
[6.117s] Level 5:colcon.colcon_core.verb:set package 'village_wang' build argument 'cmake_target_skip_unavailable' from command line to 'False'
[6.117s] Level 5:colcon.colcon_core.verb:set package 'village_wang' build argument 'cmake_clean_cache' from command line to 'False'
[6.117s] Level 5:colcon.colcon_core.verb:set package 'village_wang' build argument 'cmake_clean_first' from command line to 'False'
[6.118s] Level 5:colcon.colcon_core.verb:set package 'village_wang' build argument 'cmake_force_configure' from command line to 'False'
[6.118s] Level 5:colcon.colcon_core.verb:set package 'village_wang' build argument 'ament_cmake_args' from command line to 'None'
[6.118s] Level 5:colcon.colcon_core.verb:set package 'village_wang' build argument 'catkin_cmake_args' from command line to 'None'
[6.118s] Level 5:colcon.colcon_core.verb:set package 'village_wang' build argument 'catkin_skip_building_tests' from command line to 'False'
[6.118s] DEBUG:colcon.colcon_core.verb:Building package 'village_wang' with the following arguments: {'ament_cmake_args': None, 'build_base': '/home/zfh/code/ros2Std/town_ws/build/village_wang', 'catkin_cmake_args': None, 'catkin_skip_building_tests': False, 'cmake_args': None, 'cmake_clean_cache': False, 'cmake_clean_first': False, 'cmake_force_configure': False, 'cmake_target': None, 'cmake_target_skip_unavailable': False, 'install_base': '/home/zfh/code/ros2Std/town_ws/install/village_wang', 'merge_install': False, 'path': '/home/zfh/code/ros2Std/town_ws/src/village_wang', 'symlink_install': False, 'test_result_base': None}
[6.119s] INFO:colcon.colcon_core.executor:Executing jobs using 'parallel' executor
[6.123s] DEBUG:colcon.colcon_parallel_executor.executor.parallel:run_until_complete
[6.124s] INFO:colcon.colcon_ros.task.ament_python.build:Building ROS package in '/home/zfh/code/ros2Std/town_ws/src/village_li' with build type 'ament_python'
[6.125s] Level 1:colcon.colcon_core.shell:create_environment_hook('village_li', 'ament_prefix_path')
[6.190s] INFO:colcon.colcon_core.plugin_system:Skipping extension 'colcon_core.shell.bat': Not used on non-Windows systems
[6.192s] INFO:colcon.colcon_core.shell:Creating environment hook '/home/zfh/code/ros2Std/town_ws/install/village_li/share/village_li/hook/ament_prefix_path.ps1'
[6.203s] INFO:colcon.colcon_core.shell:Creating environment descriptor '/home/zfh/code/ros2Std/town_ws/install/village_li/share/village_li/hook/ament_prefix_path.dsv'
[6.206s] INFO:colcon.colcon_core.shell:Creating environment hook '/home/zfh/code/ros2Std/town_ws/install/village_li/share/village_li/hook/ament_prefix_path.sh'
[6.212s] INFO:colcon.colcon_core.shell:Skip shell extension 'powershell' for command environment: Not usable outside of PowerShell
[6.218s] DEBUG:colcon.colcon_core.shell:Skip shell extension 'dsv' for command environment
[6.242s] INFO:colcon.colcon_ros.task.ament_cmake.build:Building ROS package in '/home/zfh/code/ros2Std/town_ws/src/village_wang' with build type 'ament_cmake'
[6.244s] INFO:colcon.colcon_cmake.task.cmake.build:Building CMake package in '/home/zfh/code/ros2Std/town_ws/src/village_wang'
[6.245s] INFO:colcon.colcon_core.shell:Skip shell extension 'powershell' for command environment: Not usable outside of PowerShell
[6.246s] DEBUG:colcon.colcon_core.shell:Skip shell extension 'dsv' for command environment
[8.627s] INFO:colcon.colcon_core.task.python.build:Building Python package in '/home/zfh/code/ros2Std/town_ws/src/village_li'
[8.628s] INFO:colcon.colcon_core.shell:Skip shell extension 'powershell' for command environment: Not usable outside of PowerShell
[8.628s] DEBUG:colcon.colcon_core.shell:Skip shell extension 'dsv' for command environment
[8.689s] DEBUG:colcon.colcon_core.event_handler.log_command:Invoking command in '/home/zfh/code/ros2Std/town_ws/build/village_wang': CMAKE_PREFIX_PATH=/opt/ros/humble /usr/bin/cmake /home/zfh/code/ros2Std/town_ws/src/village_wang -DCMAKE_INSTALL_PREFIX=/home/zfh/code/ros2Std/town_ws/install/village_wang
[10.905s] DEBUG:colcon.colcon_core.event_handler.log_command:Invoked command in '/home/zfh/code/ros2Std/town_ws/build/village_wang' returned '1': CMAKE_PREFIX_PATH=/opt/ros/humble /usr/bin/cmake /home/zfh/code/ros2Std/town_ws/src/village_wang -DCMAKE_INSTALL_PREFIX=/home/zfh/code/ros2Std/town_ws/install/village_wang
[11.309s] Level 1:colcon.colcon_core.environment:create_environment_scripts_only(village_wang)
[11.371s] Level 1:colcon.colcon_core.environment:checking '/home/zfh/code/ros2Std/town_ws/install/village_wang' for CMake module files
[11.375s] Level 1:colcon.colcon_core.environment:checking '/home/zfh/code/ros2Std/town_ws/install/village_wang' for CMake config files
[11.376s] Level 1:colcon.colcon_core.shell:create_environment_hook('village_wang', 'cmake_prefix_path')
[11.378s] INFO:colcon.colcon_core.shell:Creating environment hook '/home/zfh/code/ros2Std/town_ws/install/village_wang/share/village_wang/hook/cmake_prefix_path.ps1'
[11.384s] INFO:colcon.colcon_core.shell:Creating environment descriptor '/home/zfh/code/ros2Std/town_ws/install/village_wang/share/village_wang/hook/cmake_prefix_path.dsv'
[11.394s] INFO:colcon.colcon_core.shell:Creating environment hook '/home/zfh/code/ros2Std/town_ws/install/village_wang/share/village_wang/hook/cmake_prefix_path.sh'
[11.401s] Level 1:colcon.colcon_core.environment:checking '/home/zfh/code/ros2Std/town_ws/install/village_wang/lib'
[11.402s] Level 1:colcon.colcon_core.environment:checking '/home/zfh/code/ros2Std/town_ws/install/village_wang/bin'
[11.403s] Level 1:colcon.colcon_core.environment:checking '/home/zfh/code/ros2Std/town_ws/install/village_wang/lib/pkgconfig/village_wang.pc'
[11.408s] Level 1:colcon.colcon_core.environment:checking '/home/zfh/code/ros2Std/town_ws/install/village_wang/lib/python3.10/site-packages'
[11.415s] Level 1:colcon.colcon_core.environment:checking '/home/zfh/code/ros2Std/town_ws/install/village_wang/bin'
[11.417s] INFO:colcon.colcon_core.shell:Creating package script '/home/zfh/code/ros2Std/town_ws/install/village_wang/share/village_wang/package.ps1'
[11.439s] INFO:colcon.colcon_core.shell:Creating package descriptor '/home/zfh/code/ros2Std/town_ws/install/village_wang/share/village_wang/package.dsv'
[11.448s] INFO:colcon.colcon_core.shell:Creating package script '/home/zfh/code/ros2Std/town_ws/install/village_wang/share/village_wang/package.sh'
[11.468s] INFO:colcon.colcon_core.shell:Creating package script '/home/zfh/code/ros2Std/town_ws/install/village_wang/share/village_wang/package.bash'
[11.507s] INFO:colcon.colcon_core.shell:Creating package script '/home/zfh/code/ros2Std/town_ws/install/village_wang/share/village_wang/package.zsh'
[11.530s] Level 1:colcon.colcon_core.environment:create_file_with_runtime_dependencies(/home/zfh/code/ros2Std/town_ws/install/village_wang/share/colcon-core/packages/village_wang)
[19.930s] DEBUG:colcon.colcon_parallel_executor.executor.parallel:closing loop
[19.931s] DEBUG:colcon.colcon_parallel_executor.executor.parallel:loop closed
[19.932s] DEBUG:colcon.colcon_parallel_executor.executor.parallel:run_until_complete finished with '1'
[19.932s] DEBUG:colcon.colcon_core.event_reactor:joining thread
[20.141s] INFO:colcon.colcon_core.plugin_system:Skipping extension 'colcon_notification.desktop_notification.terminal_notifier': Not used on non-Darwin systems
[20.142s] INFO:colcon.colcon_core.plugin_system:Skipping extension 'colcon_notification.desktop_notification.win32': Not used on non-Windows systems
[20.143s] INFO:colcon.colcon_notification.desktop_notification:Sending desktop notification using 'notify2'
[27.341s] DEBUG:colcon.colcon_core.event_reactor:joined thread
[27.344s] INFO:colcon.colcon_core.shell:Creating prefix script '/home/zfh/code/ros2Std/town_ws/install/local_setup.ps1'
[27.360s] INFO:colcon.colcon_core.shell:Creating prefix util module '/home/zfh/code/ros2Std/town_ws/install/_local_setup_util_ps1.py'
[27.405s] INFO:colcon.colcon_core.shell:Creating prefix chain script '/home/zfh/code/ros2Std/town_ws/install/setup.ps1'
[27.417s] INFO:colcon.colcon_core.shell:Creating prefix script '/home/zfh/code/ros2Std/town_ws/install/local_setup.sh'
[27.423s] INFO:colcon.colcon_core.shell:Creating prefix util module '/home/zfh/code/ros2Std/town_ws/install/_local_setup_util_sh.py'
[27.436s] INFO:colcon.colcon_core.shell:Creating prefix chain script '/home/zfh/code/ros2Std/town_ws/install/setup.sh'
[27.452s] INFO:colcon.colcon_core.shell:Creating prefix script '/home/zfh/code/ros2Std/town_ws/install/local_setup.bash'
[27.457s] INFO:colcon.colcon_core.shell:Creating prefix chain script '/home/zfh/code/ros2Std/town_ws/install/setup.bash'
[27.469s] INFO:colcon.colcon_core.shell:Creating prefix script '/home/zfh/code/ros2Std/town_ws/install/local_setup.zsh'
[27.476s] INFO:colcon.colcon_core.shell:Creating prefix chain script '/home/zfh/code/ros2Std/town_ws/install/setup.zsh'
