C51 COMPILER V9.60.7.0   MAIN                                                              03/18/2024 20:52:50 PAGE 1   


C51 COMPILER V9.60.7.0, COMPILATION OF MODULE MAIN
OBJECT MODULE PLACED IN .\Objects\main.obj
COMPILER INVOKED BY: D:\applications\keli 5 C51\C51\BIN\C51.EXE main.c OPTIMIZE(8,SPEED) BROWSE DEBUG OBJECTEXTEND PRINT
                    -(.\Listings\main.lst) TABS(2) OBJECT(.\Objects\main.obj)

line level    source

   1          #include <STC89C5xRC.H>
   2          #include "LCD1602.h"
   3          #include "Delay.h"
   4          
   5          int Result = 60000;
   6          
   7          void main()
   8          {
   9   1        LCD_Init();
  10   1      //  LCD_ShowChar(1,1,'A');//(行,列,字符);
  11   1      //  LCD_ShowString(1,3,"Hello");//(行,列,字符串);
  12   1      //  LCD_ShowNum(1,9,65535,5);//(行,列,数字,显示几位(位数小于数字位数时,高位去掉,大于
             -高位补0))
  13   1      //  LCD_ShowSignedNum(1,15,-6,1);
  14   1      //  LCD_ShowHexNum(2,1,0xa8,2);
  15   1      //  LCD_ShowBinNum(2,4,0xaa,8);
  16   1        while(1)
  17   1        {
  18   2          Result--;
  19   2          LCD_ShowNum(1,1,Result,5);
  20   2          Delay(1);
  21   2        }
  22   1      }
  23              


MODULE INFORMATION:   STATIC OVERLAYABLE
   CODE SIZE        =     34    ----
   CONSTANT SIZE    =   ----    ----
   XDATA SIZE       =   ----    ----
   PDATA SIZE       =   ----    ----
   DATA SIZE        =      2    ----
   IDATA SIZE       =   ----    ----
   BIT SIZE         =   ----    ----
END OF MODULE INFORMATION.


C51 COMPILATION COMPLETE.  0 WARNING(S),  0 ERROR(S)
