[1.533s] Invoking command in '/home/zfh/code/ros2Std/town_ws/build/village_wang': CMAKE_PREFIX_PATH=/opt/ros/humble /usr/bin/cmake --build /home/zfh/code/ros2Std/town_ws/build/village_wang -- -j4 -l4
[1.876s] -- Found ament_cmake: 1.3.10 (/opt/ros/humble/share/ament_cmake/cmake)
[2.871s] -- Found rclcpp: 16.0.10 (/opt/ros/humble/share/rclcpp/cmake)
[3.642s] -- Found rosidl_generator_c: 3.1.5 (/opt/ros/humble/share/rosidl_generator_c/cmake)
[3.660s] -- Found rosidl_adapter: 3.1.5 (/opt/ros/humble/share/rosidl_adapter/cmake)
[3.704s] -- Found rosidl_generator_cpp: 3.1.5 (/opt/ros/humble/share/rosidl_generator_cpp/cmake)
[3.807s] -- Using all available rosidl_typesupport_c: rosidl_typesupport_fastrtps_c;rosidl_typesupport_introspection_c
[3.942s] -- Using all available rosidl_typesupport_cpp: rosidl_typesupport_fastrtps_cpp;rosidl_typesupport_introspection_cpp
[4.270s] -- Found rmw_implementation_cmake: 6.1.2 (/opt/ros/humble/share/rmw_implementation_cmake/cmake)
[4.290s] -- Found rmw_fastrtps_cpp: 6.2.7 (/opt/ros/humble/share/rmw_fastrtps_cpp/cmake)
[19.382s] -- Using RMW implementation 'rmw_fastrtps_cpp' as default
[20.352s] -- Found ament_lint_auto: 0.12.11 (/opt/ros/humble/share/ament_lint_auto/cmake)
[21.513s] -- Added test 'cppcheck' to perform static code analysis on C / C++ code
[21.519s] -- Configured cppcheck include dirs: 
[21.541s] -- Configured cppcheck exclude dirs and/or files: 
[21.543s] -- Added test 'lint_cmake' to check CMake code style
[21.547s] -- Added test 'uncrustify' to check C / C++ code style
[21.548s] -- Configured uncrustify additional arguments: 
[21.549s] -- Added test 'xmllint' to check XML markup files
[21.567s] -- Configuring done
[21.780s] -- Generating done
[21.827s] -- Build files have been written to: /home/zfh/code/ros2Std/town_ws/build/village_wang
[22.095s] [35m[1mConsolidate compiler generated dependencies of target wang2_node[0m
[22.323s] [ 50%] [32mBuilding CXX object CMakeFiles/wang2_node.dir/src/wang2.cpp.o[0m
[28.273s] [01m[K/home/zfh/code/ros2Std/town_ws/src/village_wang/src/wang2.cpp:5:10:[m[K [01;31m[Kfatal error: [m[Kstd_msgs/msg/string.hpp: 没有那个文件或目录
[28.274s]     5 | #include [01;31m[K"std_msgs/msg/string.hpp"[m[K
[28.274s]       |          [01;31m[K^~~~~~~~~~~~~~~~~~~~~~~~~[m[K
[28.279s] compilation terminated.
[28.311s] gmake[2]: *** [CMakeFiles/wang2_node.dir/build.make:76：CMakeFiles/wang2_node.dir/src/wang2.cpp.o] 错误 1
[28.315s] gmake[1]: *** [CMakeFiles/Makefile2:137：CMakeFiles/wang2_node.dir/all] 错误 2
[28.316s] gmake: *** [Makefile:146：all] 错误 2
[28.332s] Invoked command in '/home/zfh/code/ros2Std/town_ws/build/village_wang' returned '2': CMAKE_PREFIX_PATH=/opt/ros/humble /usr/bin/cmake --build /home/zfh/code/ros2Std/town_ws/build/village_wang -- -j4 -l4
