C51 COMPILER V9.60.7.0   MAIN                                                              03/11/2024 20:48:22 PAGE 1   


C51 COMPILER V9.60.7.0, COMPILATION OF MODULE MAIN
OBJECT MODULE PLACED IN .\Objects\main.obj
COMPILER INVOKED BY: D:\applications\keli 5 C51\C51\BIN\C51.EXE main.c OPTIMIZE(8,SPEED) BROWSE INCDIR(D:\applications\k
                    -eli 5 C51\C51\INC\Atmel) DEBUG OBJECTEXTEND PRINT(.\Listings\main.lst) TABS(2) OBJECT(.\Objects\main.obj)

line level    source

   1          #include <STC89C5xRC.H>
   2          
   3          void main()
   4          {
   5   1      //  P2=0xFE;
   6   1        while(1)
   7   1        {
   8   2          if(P31 == 0)
   9   2          {
  10   3            P20=0;
  11   3          }
  12   2          else
  13   2          {
  14   3            P20=1;
  15   3          }
  16   2        }
  17   1      }


MODULE INFORMATION:   STATIC OVERLAYABLE
   CODE SIZE        =     11    ----
   CONSTANT SIZE    =   ----    ----
   XDATA SIZE       =   ----    ----
   PDATA SIZE       =   ----    ----
   DATA SIZE        =   ----    ----
   IDATA SIZE       =   ----    ----
   BIT SIZE         =   ----    ----
END OF MODULE INFORMATION.


C51 COMPILATION COMPLETE.  0 WARNING(S),  0 ERROR(S)
