[0.043s] Invoking command in '/home/zfh/code/code/ros2Std/town_ws/build/village_wang': CMAKE_PREFIX_PATH=/opt/ros/humble /usr/bin/cmake /home/zfh/code/code/ros2Std/town_ws/src/village_wang -DCMAKE_INSTALL_PREFIX=/home/zfh/code/code/ros2Std/town_ws/install/village_wang
[0.383s] -- The C compiler identification is GNU 11.4.0
[0.773s] -- The CXX compiler identification is GNU 11.4.0
[1.004s] -- Detecting C compiler ABI info
[1.128s] -- Detecting C compiler ABI info - done
[1.136s] -- Check for working C compiler: /usr/bin/cc - skipped
[1.137s] -- Detecting C compile features
[1.138s] -- Detecting C compile features - done
[1.142s] -- Detecting CXX compiler ABI info
[1.265s] -- Detecting CXX compiler ABI info - done
[1.271s] -- Check for working CXX compiler: /usr/bin/c++ - skipped
[1.271s] -- Detecting CXX compile features
[1.271s] -- Detecting CXX compile features - done
[1.278s] -- Found ament_cmake: 1.3.8 (/opt/ros/humble/share/ament_cmake/cmake)
[1.413s] -- Found Python3: /usr/bin/python3 (found version "3.10.12") found components: Interpreter 
[1.519s] -- Found rclcpp: 16.0.8 (/opt/ros/humble/share/rclcpp/cmake)
[1.675s] -- Found rosidl_generator_c: 3.1.5 (/opt/ros/humble/share/rosidl_generator_c/cmake)
[1.681s] -- Found rosidl_adapter: 3.1.5 (/opt/ros/humble/share/rosidl_adapter/cmake)
[1.694s] -- Found rosidl_generator_cpp: 3.1.5 (/opt/ros/humble/share/rosidl_generator_cpp/cmake)
[1.716s] -- Using all available rosidl_typesupport_c: rosidl_typesupport_fastrtps_c;rosidl_typesupport_introspection_c
[1.741s] -- Using all available rosidl_typesupport_cpp: rosidl_typesupport_fastrtps_cpp;rosidl_typesupport_introspection_cpp
[1.822s] -- Found rmw_implementation_cmake: 6.1.1 (/opt/ros/humble/share/rmw_implementation_cmake/cmake)
[1.827s] -- Found rmw_fastrtps_cpp: 6.2.6 (/opt/ros/humble/share/rmw_fastrtps_cpp/cmake)
[2.726s] -- Found OpenSSL: /usr/lib/x86_64-linux-gnu/libcrypto.so (found version "3.0.2")  
[3.622s] -- Found FastRTPS: /opt/ros/humble/include  
[5.330s] -- Using RMW implementation 'rmw_fastrtps_cpp' as default
[5.345s] -- Looking for pthread.h
[5.467s] -- Looking for pthread.h - found
[5.467s] -- Performing Test CMAKE_HAVE_LIBC_PTHREAD
[5.596s] -- Performing Test CMAKE_HAVE_LIBC_PTHREAD - Success
[5.597s] -- Found Threads: TRUE  
[5.768s] -- Found ament_lint_auto: 0.12.10 (/opt/ros/humble/share/ament_lint_auto/cmake)
[5.847s] -- Added test 'cppcheck' to perform static code analysis on C / C++ code
[5.847s] -- Configured cppcheck include dirs: 
[5.847s] -- Configured cppcheck exclude dirs and/or files: 
[5.849s] -- Added test 'lint_cmake' to check CMake code style
[5.850s] -- Added test 'uncrustify' to check C / C++ code style
[5.850s] -- Configured uncrustify additional arguments: 
[5.851s] -- Added test 'xmllint' to check XML markup files
[5.854s] -- Configuring done
[5.868s] -- Generating done
[5.870s] -- Build files have been written to: /home/zfh/code/code/ros2Std/town_ws/build/village_wang
[5.885s] Invoked command in '/home/zfh/code/code/ros2Std/town_ws/build/village_wang' returned '0': CMAKE_PREFIX_PATH=/opt/ros/humble /usr/bin/cmake /home/zfh/code/code/ros2Std/town_ws/src/village_wang -DCMAKE_INSTALL_PREFIX=/home/zfh/code/code/ros2Std/town_ws/install/village_wang
[5.886s] Invoking command in '/home/zfh/code/code/ros2Std/town_ws/build/village_wang': CMAKE_PREFIX_PATH=/opt/ros/humble /usr/bin/cmake --build /home/zfh/code/code/ros2Std/town_ws/build/village_wang -- -j16 -l16
[5.932s] [ 50%] [32mBuilding CXX object CMakeFiles/wang2_node.dir/src/wang2.cpp.o[0m
[9.025s] [100%] [32m[1mLinking CXX executable wang2_node[0m
[9.227s] [100%] Built target wang2_node
[9.238s] Invoked command in '/home/zfh/code/code/ros2Std/town_ws/build/village_wang' returned '0': CMAKE_PREFIX_PATH=/opt/ros/humble /usr/bin/cmake --build /home/zfh/code/code/ros2Std/town_ws/build/village_wang -- -j16 -l16
[9.271s] Invoking command in '/home/zfh/code/code/ros2Std/town_ws/build/village_wang': CMAKE_PREFIX_PATH=/opt/ros/humble /usr/bin/cmake --install /home/zfh/code/code/ros2Std/town_ws/build/village_wang
[9.278s] -- Install configuration: ""
[9.279s] -- Installing: /home/zfh/code/code/ros2Std/town_ws/install/village_wang/share/ament_index/resource_index/package_run_dependencies/village_wang
[9.279s] -- Installing: /home/zfh/code/code/ros2Std/town_ws/install/village_wang/share/ament_index/resource_index/parent_prefix_path/village_wang
[9.280s] -- Installing: /home/zfh/code/code/ros2Std/town_ws/install/village_wang/share/village_wang/environment/ament_prefix_path.sh
[9.280s] -- Installing: /home/zfh/code/code/ros2Std/town_ws/install/village_wang/share/village_wang/environment/ament_prefix_path.dsv
[9.280s] -- Installing: /home/zfh/code/code/ros2Std/town_ws/install/village_wang/share/village_wang/environment/path.sh
[9.280s] -- Installing: /home/zfh/code/code/ros2Std/town_ws/install/village_wang/share/village_wang/environment/path.dsv
[9.280s] -- Installing: /home/zfh/code/code/ros2Std/town_ws/install/village_wang/share/village_wang/local_setup.bash
[9.281s] -- Installing: /home/zfh/code/code/ros2Std/town_ws/install/village_wang/share/village_wang/local_setup.sh
[9.281s] -- Installing: /home/zfh/code/code/ros2Std/town_ws/install/village_wang/share/village_wang/local_setup.zsh
[9.281s] -- Installing: /home/zfh/code/code/ros2Std/town_ws/install/village_wang/share/village_wang/local_setup.dsv
[9.281s] -- Installing: /home/zfh/code/code/ros2Std/town_ws/install/village_wang/share/village_wang/package.dsv
[9.282s] -- Installing: /home/zfh/code/code/ros2Std/town_ws/install/village_wang/share/ament_index/resource_index/packages/village_wang
[9.282s] -- Installing: /home/zfh/code/code/ros2Std/town_ws/install/village_wang/share/village_wang/cmake/village_wangConfig.cmake
[9.282s] -- Installing: /home/zfh/code/code/ros2Std/town_ws/install/village_wang/share/village_wang/cmake/village_wangConfig-version.cmake
[9.282s] -- Installing: /home/zfh/code/code/ros2Std/town_ws/install/village_wang/share/village_wang/package.xml
[9.283s] -- Installing: /home/zfh/code/code/ros2Std/town_ws/install/village_wang/lib/village_wang/wang2_node
[9.284s] -- Set runtime path of "/home/zfh/code/code/ros2Std/town_ws/install/village_wang/lib/village_wang/wang2_node" to ""
[9.287s] Invoked command in '/home/zfh/code/code/ros2Std/town_ws/build/village_wang' returned '0': CMAKE_PREFIX_PATH=/opt/ros/humble /usr/bin/cmake --install /home/zfh/code/code/ros2Std/town_ws/build/village_wang
