C51 COMPILER V9.60.7.0   UART                                                              04/18/2024 10:47:51 PAGE 1   


C51 COMPILER V9.60.7.0, COMPILATION OF MODULE UART
OBJECT MODULE PLACED IN .\Objects\UART.obj
COMPILER INVOKED BY: D:\applications\kile5_51\C51\BIN\C51.EXE UART.c OPTIMIZE(8,SPEED) BROWSE DEBUG OBJECTEXTEND PRINT(.
                    -\Listings\UART.lst) TABS(2) OBJECT(.\Objects\UART.obj)

line level    source

   1          #include <STC89C5xRC.H>
   2          
   3          void UART_Init() //9600bps@11.0592MHz
   4          {
   5   1        SCON = 0x40;    //8位数据,可变波特率
   6   1        PCON |= 0x80;   //使能波特率倍速位SMOD
   7   1        TMOD &= 0x0F;     //设置定时器模式
   8   1        TMOD |= 0x20;     //设置定时器1模式为8位自动重装
   9   1        TL1 = 0xFA;     //设置定时初始值
  10   1        TH1 = 0xFA;     //设置定时重载值
  11   1        ET1 = 0;      //禁止定时器1中断
  12   1        TR1 = 1;      //定时器1开始计时
  13   1      }
  14          
  15          void UART_SendByte(unsigned char Byte)
  16          {
  17   1        SBUF=Byte;
  18   1        while(TI == 0);//TI为发送中断请求标志位，即未发送时此句产生阻塞，防止数据错
             -
  19   1        TI = 0;//串口模式1中需用软件进行复位
  20   1      }


MODULE INFORMATION:   STATIC OVERLAYABLE
   CODE SIZE        =     31    ----
   CONSTANT SIZE    =   ----    ----
   XDATA SIZE       =   ----    ----
   PDATA SIZE       =   ----    ----
   DATA SIZE        =   ----    ----
   IDATA SIZE       =   ----    ----
   BIT SIZE         =   ----    ----
END OF MODULE INFORMATION.


C51 COMPILATION COMPLETE.  0 WARNING(S),  0 ERROR(S)
