[0.631s] DEBUG:colcon:Command line arguments: ['/usr/bin/colcon', 'build']
[0.632s] DEBUG:colcon:Parsed command line arguments: Namespace(log_base=None, log_level=None, verb_name='build', build_base='build', install_base='install', merge_install=False, symlink_install=False, test_result_base=None, continue_on_error=False, executor='parallel', parallel_workers=4, event_handlers=None, ignore_user_meta=False, metas=['./colcon.meta'], base_paths=['.'], packages_ignore=None, packages_ignore_regex=None, paths=None, packages_up_to=None, packages_up_to_regex=None, packages_above=None, packages_above_and_dependencies=None, packages_above_depth=None, packages_select_by_dep=None, packages_skip_by_dep=None, packages_skip_up_to=None, packages_select_build_failed=False, packages_skip_build_finished=False, packages_select_test_failures=False, packages_skip_test_passed=False, packages_select=None, packages_skip=None, packages_select_regex=None, packages_skip_regex=None, packages_start=None, packages_end=None, allow_overriding=[], cmake_args=None, cmake_target=None, cmake_target_skip_unavailable=False, cmake_clean_cache=False, cmake_clean_first=False, cmake_force_configure=False, ament_cmake_args=None, catkin_cmake_args=None, catkin_skip_building_tests=False, verb_parser=<colcon_defaults.argument_parser.defaults.DefaultArgumentsDecorator object at 0x7f9d433e8640>, verb_extension=<colcon_core.verb.build.BuildVerb object at 0x7f9d433e80d0>, main=<bound method BuildVerb.main of <colcon_core.verb.build.BuildVerb object at 0x7f9d433e80d0>>)
[1.423s] Level 1:colcon.colcon_core.package_discovery:discover_packages(colcon_meta) check parameters
[1.423s] Level 1:colcon.colcon_core.package_discovery:discover_packages(recursive) check parameters
[1.423s] Level 1:colcon.colcon_core.package_discovery:discover_packages(ignore) check parameters
[1.423s] Level 1:colcon.colcon_core.package_discovery:discover_packages(path) check parameters
[1.423s] Level 1:colcon.colcon_core.package_discovery:discover_packages(colcon_meta) discover
[1.424s] Level 1:colcon.colcon_core.package_discovery:discover_packages(recursive) discover
[1.424s] INFO:colcon.colcon_core.package_discovery:Crawling recursively for packages in '/home/zfh/code/ros2Std/town_ws'
[1.424s] Level 1:colcon.colcon_core.package_identification:_identify(.) by extensions ['ignore', 'ignore_ament_install']
[1.424s] Level 1:colcon.colcon_core.package_identification:_identify(.) by extension 'ignore'
[1.424s] Level 1:colcon.colcon_core.package_identification:_identify(.) by extension 'ignore_ament_install'
[1.424s] Level 1:colcon.colcon_core.package_identification:_identify(.) by extensions ['colcon_pkg']
[1.424s] Level 1:colcon.colcon_core.package_identification:_identify(.) by extension 'colcon_pkg'
[1.424s] Level 1:colcon.colcon_core.package_identification:_identify(.) by extensions ['colcon_meta']
[1.424s] Level 1:colcon.colcon_core.package_identification:_identify(.) by extension 'colcon_meta'
[1.425s] Level 1:colcon.colcon_core.package_identification:_identify(.) by extensions ['ros']
[1.425s] Level 1:colcon.colcon_core.package_identification:_identify(.) by extension 'ros'
[1.456s] Level 1:colcon.colcon_core.package_identification:_identify(.) by extensions ['cmake', 'python']
[1.456s] Level 1:colcon.colcon_core.package_identification:_identify(.) by extension 'cmake'
[1.456s] Level 1:colcon.colcon_core.package_identification:_identify(.) by extension 'python'
[1.456s] Level 1:colcon.colcon_core.package_identification:_identify(.) by extensions ['python_setup_py']
[1.456s] Level 1:colcon.colcon_core.package_identification:_identify(.) by extension 'python_setup_py'
[1.457s] Level 1:colcon.colcon_core.package_identification:_identify(build) by extensions ['ignore', 'ignore_ament_install']
[1.458s] Level 1:colcon.colcon_core.package_identification:_identify(build) by extension 'ignore'
[1.458s] Level 1:colcon.colcon_core.package_identification:_identify(build) ignored
[1.459s] Level 1:colcon.colcon_core.package_identification:_identify(install) by extensions ['ignore', 'ignore_ament_install']
[1.459s] Level 1:colcon.colcon_core.package_identification:_identify(install) by extension 'ignore'
[1.459s] Level 1:colcon.colcon_core.package_identification:_identify(install) ignored
[1.459s] Level 1:colcon.colcon_core.package_identification:_identify(log) by extensions ['ignore', 'ignore_ament_install']
[1.459s] Level 1:colcon.colcon_core.package_identification:_identify(log) by extension 'ignore'
[1.459s] Level 1:colcon.colcon_core.package_identification:_identify(log) ignored
[1.459s] Level 1:colcon.colcon_core.package_identification:_identify(src) by extensions ['ignore', 'ignore_ament_install']
[1.460s] Level 1:colcon.colcon_core.package_identification:_identify(src) by extension 'ignore'
[1.460s] Level 1:colcon.colcon_core.package_identification:_identify(src) by extension 'ignore_ament_install'
[1.460s] Level 1:colcon.colcon_core.package_identification:_identify(src) by extensions ['colcon_pkg']
[1.460s] Level 1:colcon.colcon_core.package_identification:_identify(src) by extension 'colcon_pkg'
[1.460s] Level 1:colcon.colcon_core.package_identification:_identify(src) by extensions ['colcon_meta']
[1.460s] Level 1:colcon.colcon_core.package_identification:_identify(src) by extension 'colcon_meta'
[1.460s] Level 1:colcon.colcon_core.package_identification:_identify(src) by extensions ['ros']
[1.460s] Level 1:colcon.colcon_core.package_identification:_identify(src) by extension 'ros'
[1.460s] Level 1:colcon.colcon_core.package_identification:_identify(src) by extensions ['cmake', 'python']
[1.460s] Level 1:colcon.colcon_core.package_identification:_identify(src) by extension 'cmake'
[1.460s] Level 1:colcon.colcon_core.package_identification:_identify(src) by extension 'python'
[1.460s] Level 1:colcon.colcon_core.package_identification:_identify(src) by extensions ['python_setup_py']
[1.460s] Level 1:colcon.colcon_core.package_identification:_identify(src) by extension 'python_setup_py'
[1.461s] Level 1:colcon.colcon_core.package_identification:_identify(src/build) by extensions ['ignore', 'ignore_ament_install']
[1.461s] Level 1:colcon.colcon_core.package_identification:_identify(src/build) by extension 'ignore'
[1.461s] Level 1:colcon.colcon_core.package_identification:_identify(src/build) by extension 'ignore_ament_install'
[1.461s] Level 1:colcon.colcon_core.package_identification:_identify(src/build) by extensions ['colcon_pkg']
[1.462s] Level 1:colcon.colcon_core.package_identification:_identify(src/build) by extension 'colcon_pkg'
[1.462s] Level 1:colcon.colcon_core.package_identification:_identify(src/build) by extensions ['colcon_meta']
[1.462s] Level 1:colcon.colcon_core.package_identification:_identify(src/build) by extension 'colcon_meta'
[1.462s] Level 1:colcon.colcon_core.package_identification:_identify(src/build) by extensions ['ros']
[1.462s] Level 1:colcon.colcon_core.package_identification:_identify(src/build) by extension 'ros'
[1.462s] Level 1:colcon.colcon_core.package_identification:_identify(src/build) by extensions ['cmake', 'python']
[1.462s] Level 1:colcon.colcon_core.package_identification:_identify(src/build) by extension 'cmake'
[1.462s] Level 1:colcon.colcon_core.package_identification:_identify(src/build) by extension 'python'
[1.462s] Level 1:colcon.colcon_core.package_identification:_identify(src/build) by extensions ['python_setup_py']
[1.462s] Level 1:colcon.colcon_core.package_identification:_identify(src/build) by extension 'python_setup_py'
[1.463s] Level 1:colcon.colcon_core.package_identification:_identify(src/build/villege_li) by extensions ['ignore', 'ignore_ament_install']
[1.463s] Level 1:colcon.colcon_core.package_identification:_identify(src/build/villege_li) by extension 'ignore'
[1.463s] Level 1:colcon.colcon_core.package_identification:_identify(src/build/villege_li) by extension 'ignore_ament_install'
[1.464s] Level 1:colcon.colcon_core.package_identification:_identify(src/build/villege_li) by extensions ['colcon_pkg']
[1.464s] Level 1:colcon.colcon_core.package_identification:_identify(src/build/villege_li) by extension 'colcon_pkg'
[1.464s] Level 1:colcon.colcon_core.package_identification:_identify(src/build/villege_li) by extensions ['colcon_meta']
[1.464s] Level 1:colcon.colcon_core.package_identification:_identify(src/build/villege_li) by extension 'colcon_meta'
[1.464s] Level 1:colcon.colcon_core.package_identification:_identify(src/build/villege_li) by extensions ['ros']
[1.464s] Level 1:colcon.colcon_core.package_identification:_identify(src/build/villege_li) by extension 'ros'
[1.464s] Level 1:colcon.colcon_core.package_identification:_identify(src/build/villege_li) by extensions ['cmake', 'python']
[1.464s] Level 1:colcon.colcon_core.package_identification:_identify(src/build/villege_li) by extension 'cmake'
[1.464s] Level 1:colcon.colcon_core.package_identification:_identify(src/build/villege_li) by extension 'python'
[1.465s] Level 1:colcon.colcon_core.package_identification:_identify(src/build/villege_li) by extensions ['python_setup_py']
[1.465s] Level 1:colcon.colcon_core.package_identification:_identify(src/build/villege_li) by extension 'python_setup_py'
[1.465s] Level 1:colcon.colcon_core.package_identification:_identify(src/build/villege_li/build) by extensions ['ignore', 'ignore_ament_install']
[1.465s] Level 1:colcon.colcon_core.package_identification:_identify(src/build/villege_li/build) by extension 'ignore'
[1.465s] Level 1:colcon.colcon_core.package_identification:_identify(src/build/villege_li/build) by extension 'ignore_ament_install'
[1.466s] Level 1:colcon.colcon_core.package_identification:_identify(src/build/villege_li/build) by extensions ['colcon_pkg']
[1.466s] Level 1:colcon.colcon_core.package_identification:_identify(src/build/villege_li/build) by extension 'colcon_pkg'
[1.466s] Level 1:colcon.colcon_core.package_identification:_identify(src/build/villege_li/build) by extensions ['colcon_meta']
[1.466s] Level 1:colcon.colcon_core.package_identification:_identify(src/build/villege_li/build) by extension 'colcon_meta'
[1.466s] Level 1:colcon.colcon_core.package_identification:_identify(src/build/villege_li/build) by extensions ['ros']
[1.466s] Level 1:colcon.colcon_core.package_identification:_identify(src/build/villege_li/build) by extension 'ros'
[1.466s] Level 1:colcon.colcon_core.package_identification:_identify(src/build/villege_li/build) by extensions ['cmake', 'python']
[1.466s] Level 1:colcon.colcon_core.package_identification:_identify(src/build/villege_li/build) by extension 'cmake'
[1.466s] Level 1:colcon.colcon_core.package_identification:_identify(src/build/villege_li/build) by extension 'python'
[1.467s] Level 1:colcon.colcon_core.package_identification:_identify(src/build/villege_li/build) by extensions ['python_setup_py']
[1.467s] Level 1:colcon.colcon_core.package_identification:_identify(src/build/villege_li/build) by extension 'python_setup_py'
[1.467s] Level 1:colcon.colcon_core.package_identification:_identify(src/build/villege_li/build/lib) by extensions ['ignore', 'ignore_ament_install']
[1.468s] Level 1:colcon.colcon_core.package_identification:_identify(src/build/villege_li/build/lib) by extension 'ignore'
[1.468s] Level 1:colcon.colcon_core.package_identification:_identify(src/build/villege_li/build/lib) by extension 'ignore_ament_install'
[1.468s] Level 1:colcon.colcon_core.package_identification:_identify(src/build/villege_li/build/lib) by extensions ['colcon_pkg']
[1.468s] Level 1:colcon.colcon_core.package_identification:_identify(src/build/villege_li/build/lib) by extension 'colcon_pkg'
[1.468s] Level 1:colcon.colcon_core.package_identification:_identify(src/build/villege_li/build/lib) by extensions ['colcon_meta']
[1.468s] Level 1:colcon.colcon_core.package_identification:_identify(src/build/villege_li/build/lib) by extension 'colcon_meta'
[1.468s] Level 1:colcon.colcon_core.package_identification:_identify(src/build/villege_li/build/lib) by extensions ['ros']
[1.468s] Level 1:colcon.colcon_core.package_identification:_identify(src/build/villege_li/build/lib) by extension 'ros'
[1.468s] Level 1:colcon.colcon_core.package_identification:_identify(src/build/villege_li/build/lib) by extensions ['cmake', 'python']
[1.468s] Level 1:colcon.colcon_core.package_identification:_identify(src/build/villege_li/build/lib) by extension 'cmake'
[1.468s] Level 1:colcon.colcon_core.package_identification:_identify(src/build/villege_li/build/lib) by extension 'python'
[1.468s] Level 1:colcon.colcon_core.package_identification:_identify(src/build/villege_li/build/lib) by extensions ['python_setup_py']
[1.468s] Level 1:colcon.colcon_core.package_identification:_identify(src/build/villege_li/build/lib) by extension 'python_setup_py'
[1.469s] Level 1:colcon.colcon_core.package_identification:_identify(src/build/villege_li/build/lib/village_li) by extensions ['ignore', 'ignore_ament_install']
[1.469s] Level 1:colcon.colcon_core.package_identification:_identify(src/build/villege_li/build/lib/village_li) by extension 'ignore'
[1.470s] Level 1:colcon.colcon_core.package_identification:_identify(src/build/villege_li/build/lib/village_li) by extension 'ignore_ament_install'
[1.470s] Level 1:colcon.colcon_core.package_identification:_identify(src/build/villege_li/build/lib/village_li) by extensions ['colcon_pkg']
[1.470s] Level 1:colcon.colcon_core.package_identification:_identify(src/build/villege_li/build/lib/village_li) by extension 'colcon_pkg'
[1.470s] Level 1:colcon.colcon_core.package_identification:_identify(src/build/villege_li/build/lib/village_li) by extensions ['colcon_meta']
[1.470s] Level 1:colcon.colcon_core.package_identification:_identify(src/build/villege_li/build/lib/village_li) by extension 'colcon_meta'
[1.470s] Level 1:colcon.colcon_core.package_identification:_identify(src/build/villege_li/build/lib/village_li) by extensions ['ros']
[1.470s] Level 1:colcon.colcon_core.package_identification:_identify(src/build/villege_li/build/lib/village_li) by extension 'ros'
[1.470s] Level 1:colcon.colcon_core.package_identification:_identify(src/build/villege_li/build/lib/village_li) by extensions ['cmake', 'python']
[1.470s] Level 1:colcon.colcon_core.package_identification:_identify(src/build/villege_li/build/lib/village_li) by extension 'cmake'
[1.470s] Level 1:colcon.colcon_core.package_identification:_identify(src/build/villege_li/build/lib/village_li) by extension 'python'
[1.470s] Level 1:colcon.colcon_core.package_identification:_identify(src/build/villege_li/build/lib/village_li) by extensions ['python_setup_py']
[1.471s] Level 1:colcon.colcon_core.package_identification:_identify(src/build/villege_li/build/lib/village_li) by extension 'python_setup_py'
[1.471s] Level 1:colcon.colcon_core.package_identification:_identify(src/build/villege_li/prefix_override) by extensions ['ignore', 'ignore_ament_install']
[1.471s] Level 1:colcon.colcon_core.package_identification:_identify(src/build/villege_li/prefix_override) by extension 'ignore'
[1.472s] Level 1:colcon.colcon_core.package_identification:_identify(src/build/villege_li/prefix_override) by extension 'ignore_ament_install'
[1.472s] Level 1:colcon.colcon_core.package_identification:_identify(src/build/villege_li/prefix_override) by extensions ['colcon_pkg']
[1.472s] Level 1:colcon.colcon_core.package_identification:_identify(src/build/villege_li/prefix_override) by extension 'colcon_pkg'
[1.472s] Level 1:colcon.colcon_core.package_identification:_identify(src/build/villege_li/prefix_override) by extensions ['colcon_meta']
[1.472s] Level 1:colcon.colcon_core.package_identification:_identify(src/build/villege_li/prefix_override) by extension 'colcon_meta'
[1.472s] Level 1:colcon.colcon_core.package_identification:_identify(src/build/villege_li/prefix_override) by extensions ['ros']
[1.472s] Level 1:colcon.colcon_core.package_identification:_identify(src/build/villege_li/prefix_override) by extension 'ros'
[1.472s] Level 1:colcon.colcon_core.package_identification:_identify(src/build/villege_li/prefix_override) by extensions ['cmake', 'python']
[1.472s] Level 1:colcon.colcon_core.package_identification:_identify(src/build/villege_li/prefix_override) by extension 'cmake'
[1.473s] Level 1:colcon.colcon_core.package_identification:_identify(src/build/villege_li/prefix_override) by extension 'python'
[1.473s] Level 1:colcon.colcon_core.package_identification:_identify(src/build/villege_li/prefix_override) by extensions ['python_setup_py']
[1.473s] Level 1:colcon.colcon_core.package_identification:_identify(src/build/villege_li/prefix_override) by extension 'python_setup_py'
[1.473s] Level 1:colcon.colcon_core.package_identification:_identify(src/build/villege_li/prefix_override/__pycache__) by extensions ['ignore', 'ignore_ament_install']
[1.474s] Level 1:colcon.colcon_core.package_identification:_identify(src/build/villege_li/prefix_override/__pycache__) by extension 'ignore'
[1.474s] Level 1:colcon.colcon_core.package_identification:_identify(src/build/villege_li/prefix_override/__pycache__) by extension 'ignore_ament_install'
[1.474s] Level 1:colcon.colcon_core.package_identification:_identify(src/build/villege_li/prefix_override/__pycache__) by extensions ['colcon_pkg']
[1.474s] Level 1:colcon.colcon_core.package_identification:_identify(src/build/villege_li/prefix_override/__pycache__) by extension 'colcon_pkg'
[1.474s] Level 1:colcon.colcon_core.package_identification:_identify(src/build/villege_li/prefix_override/__pycache__) by extensions ['colcon_meta']
[1.474s] Level 1:colcon.colcon_core.package_identification:_identify(src/build/villege_li/prefix_override/__pycache__) by extension 'colcon_meta'
[1.474s] Level 1:colcon.colcon_core.package_identification:_identify(src/build/villege_li/prefix_override/__pycache__) by extensions ['ros']
[1.474s] Level 1:colcon.colcon_core.package_identification:_identify(src/build/villege_li/prefix_override/__pycache__) by extension 'ros'
[1.474s] Level 1:colcon.colcon_core.package_identification:_identify(src/build/villege_li/prefix_override/__pycache__) by extensions ['cmake', 'python']
[1.474s] Level 1:colcon.colcon_core.package_identification:_identify(src/build/villege_li/prefix_override/__pycache__) by extension 'cmake'
[1.475s] Level 1:colcon.colcon_core.package_identification:_identify(src/build/villege_li/prefix_override/__pycache__) by extension 'python'
[1.475s] Level 1:colcon.colcon_core.package_identification:_identify(src/build/villege_li/prefix_override/__pycache__) by extensions ['python_setup_py']
[1.475s] Level 1:colcon.colcon_core.package_identification:_identify(src/build/villege_li/prefix_override/__pycache__) by extension 'python_setup_py'
[1.475s] Level 1:colcon.colcon_core.package_identification:_identify(src/build/villege_li/villege_li.egg-info) by extensions ['ignore', 'ignore_ament_install']
[1.475s] Level 1:colcon.colcon_core.package_identification:_identify(src/build/villege_li/villege_li.egg-info) by extension 'ignore'
[1.475s] Level 1:colcon.colcon_core.package_identification:_identify(src/build/villege_li/villege_li.egg-info) by extension 'ignore_ament_install'
[1.475s] Level 1:colcon.colcon_core.package_identification:_identify(src/build/villege_li/villege_li.egg-info) by extensions ['colcon_pkg']
[1.476s] Level 1:colcon.colcon_core.package_identification:_identify(src/build/villege_li/villege_li.egg-info) by extension 'colcon_pkg'
[1.476s] Level 1:colcon.colcon_core.package_identification:_identify(src/build/villege_li/villege_li.egg-info) by extensions ['colcon_meta']
[1.476s] Level 1:colcon.colcon_core.package_identification:_identify(src/build/villege_li/villege_li.egg-info) by extension 'colcon_meta'
[1.476s] Level 1:colcon.colcon_core.package_identification:_identify(src/build/villege_li/villege_li.egg-info) by extensions ['ros']
[1.476s] Level 1:colcon.colcon_core.package_identification:_identify(src/build/villege_li/villege_li.egg-info) by extension 'ros'
[1.476s] Level 1:colcon.colcon_core.package_identification:_identify(src/build/villege_li/villege_li.egg-info) by extensions ['cmake', 'python']
[1.476s] Level 1:colcon.colcon_core.package_identification:_identify(src/build/villege_li/villege_li.egg-info) by extension 'cmake'
[1.476s] Level 1:colcon.colcon_core.package_identification:_identify(src/build/villege_li/villege_li.egg-info) by extension 'python'
[1.476s] Level 1:colcon.colcon_core.package_identification:_identify(src/build/villege_li/villege_li.egg-info) by extensions ['python_setup_py']
[1.476s] Level 1:colcon.colcon_core.package_identification:_identify(src/build/villege_li/villege_li.egg-info) by extension 'python_setup_py'
[1.477s] Level 1:colcon.colcon_core.package_identification:_identify(src/install) by extensions ['ignore', 'ignore_ament_install']
[1.477s] Level 1:colcon.colcon_core.package_identification:_identify(src/install) by extension 'ignore'
[1.478s] Level 1:colcon.colcon_core.package_identification:_identify(src/install) by extension 'ignore_ament_install'
[1.478s] Level 1:colcon.colcon_core.package_identification:_identify(src/install) by extensions ['colcon_pkg']
[1.478s] Level 1:colcon.colcon_core.package_identification:_identify(src/install) by extension 'colcon_pkg'
[1.478s] Level 1:colcon.colcon_core.package_identification:_identify(src/install) by extensions ['colcon_meta']
[1.478s] Level 1:colcon.colcon_core.package_identification:_identify(src/install) by extension 'colcon_meta'
[1.478s] Level 1:colcon.colcon_core.package_identification:_identify(src/install) by extensions ['ros']
[1.478s] Level 1:colcon.colcon_core.package_identification:_identify(src/install) by extension 'ros'
[1.478s] Level 1:colcon.colcon_core.package_identification:_identify(src/install) by extensions ['cmake', 'python']
[1.478s] Level 1:colcon.colcon_core.package_identification:_identify(src/install) by extension 'cmake'
[1.478s] Level 1:colcon.colcon_core.package_identification:_identify(src/install) by extension 'python'
[1.478s] Level 1:colcon.colcon_core.package_identification:_identify(src/install) by extensions ['python_setup_py']
[1.478s] Level 1:colcon.colcon_core.package_identification:_identify(src/install) by extension 'python_setup_py'
[1.479s] Level 1:colcon.colcon_core.package_identification:_identify(src/install/villege_li) by extensions ['ignore', 'ignore_ament_install']
[1.479s] Level 1:colcon.colcon_core.package_identification:_identify(src/install/villege_li) by extension 'ignore'
[1.479s] Level 1:colcon.colcon_core.package_identification:_identify(src/install/villege_li) by extension 'ignore_ament_install'
[1.479s] Level 1:colcon.colcon_core.package_identification:_identify(src/install/villege_li) by extensions ['colcon_pkg']
[1.480s] Level 1:colcon.colcon_core.package_identification:_identify(src/install/villege_li) by extension 'colcon_pkg'
[1.480s] Level 1:colcon.colcon_core.package_identification:_identify(src/install/villege_li) by extensions ['colcon_meta']
[1.480s] Level 1:colcon.colcon_core.package_identification:_identify(src/install/villege_li) by extension 'colcon_meta'
[1.480s] Level 1:colcon.colcon_core.package_identification:_identify(src/install/villege_li) by extensions ['ros']
[1.480s] Level 1:colcon.colcon_core.package_identification:_identify(src/install/villege_li) by extension 'ros'
[1.480s] Level 1:colcon.colcon_core.package_identification:_identify(src/install/villege_li) by extensions ['cmake', 'python']
[1.480s] Level 1:colcon.colcon_core.package_identification:_identify(src/install/villege_li) by extension 'cmake'
[1.480s] Level 1:colcon.colcon_core.package_identification:_identify(src/install/villege_li) by extension 'python'
[1.480s] Level 1:colcon.colcon_core.package_identification:_identify(src/install/villege_li) by extensions ['python_setup_py']
[1.480s] Level 1:colcon.colcon_core.package_identification:_identify(src/install/villege_li) by extension 'python_setup_py'
[1.481s] Level 1:colcon.colcon_core.package_identification:_identify(src/install/villege_li/lib) by extensions ['ignore', 'ignore_ament_install']
[1.481s] Level 1:colcon.colcon_core.package_identification:_identify(src/install/villege_li/lib) by extension 'ignore'
[1.481s] Level 1:colcon.colcon_core.package_identification:_identify(src/install/villege_li/lib) by extension 'ignore_ament_install'
[1.481s] Level 1:colcon.colcon_core.package_identification:_identify(src/install/villege_li/lib) by extensions ['colcon_pkg']
[1.481s] Level 1:colcon.colcon_core.package_identification:_identify(src/install/villege_li/lib) by extension 'colcon_pkg'
[1.481s] Level 1:colcon.colcon_core.package_identification:_identify(src/install/villege_li/lib) by extensions ['colcon_meta']
[1.481s] Level 1:colcon.colcon_core.package_identification:_identify(src/install/villege_li/lib) by extension 'colcon_meta'
[1.482s] Level 1:colcon.colcon_core.package_identification:_identify(src/install/villege_li/lib) by extensions ['ros']
[1.482s] Level 1:colcon.colcon_core.package_identification:_identify(src/install/villege_li/lib) by extension 'ros'
[1.482s] Level 1:colcon.colcon_core.package_identification:_identify(src/install/villege_li/lib) by extensions ['cmake', 'python']
[1.482s] Level 1:colcon.colcon_core.package_identification:_identify(src/install/villege_li/lib) by extension 'cmake'
[1.482s] Level 1:colcon.colcon_core.package_identification:_identify(src/install/villege_li/lib) by extension 'python'
[1.482s] Level 1:colcon.colcon_core.package_identification:_identify(src/install/villege_li/lib) by extensions ['python_setup_py']
[1.482s] Level 1:colcon.colcon_core.package_identification:_identify(src/install/villege_li/lib) by extension 'python_setup_py'
[1.483s] Level 1:colcon.colcon_core.package_identification:_identify(src/install/villege_li/lib/python3.10) by extensions ['ignore', 'ignore_ament_install']
[1.483s] Level 1:colcon.colcon_core.package_identification:_identify(src/install/villege_li/lib/python3.10) by extension 'ignore'
[1.483s] Level 1:colcon.colcon_core.package_identification:_identify(src/install/villege_li/lib/python3.10) by extension 'ignore_ament_install'
[1.483s] Level 1:colcon.colcon_core.package_identification:_identify(src/install/villege_li/lib/python3.10) by extensions ['colcon_pkg']
[1.483s] Level 1:colcon.colcon_core.package_identification:_identify(src/install/villege_li/lib/python3.10) by extension 'colcon_pkg'
[1.483s] Level 1:colcon.colcon_core.package_identification:_identify(src/install/villege_li/lib/python3.10) by extensions ['colcon_meta']
[1.483s] Level 1:colcon.colcon_core.package_identification:_identify(src/install/villege_li/lib/python3.10) by extension 'colcon_meta'
[1.484s] Level 1:colcon.colcon_core.package_identification:_identify(src/install/villege_li/lib/python3.10) by extensions ['ros']
[1.484s] Level 1:colcon.colcon_core.package_identification:_identify(src/install/villege_li/lib/python3.10) by extension 'ros'
[1.484s] Level 1:colcon.colcon_core.package_identification:_identify(src/install/villege_li/lib/python3.10) by extensions ['cmake', 'python']
[1.484s] Level 1:colcon.colcon_core.package_identification:_identify(src/install/villege_li/lib/python3.10) by extension 'cmake'
[1.484s] Level 1:colcon.colcon_core.package_identification:_identify(src/install/villege_li/lib/python3.10) by extension 'python'
[1.484s] Level 1:colcon.colcon_core.package_identification:_identify(src/install/villege_li/lib/python3.10) by extensions ['python_setup_py']
[1.484s] Level 1:colcon.colcon_core.package_identification:_identify(src/install/villege_li/lib/python3.10) by extension 'python_setup_py'
[1.485s] Level 1:colcon.colcon_core.package_identification:_identify(src/install/villege_li/lib/python3.10/site-packages) by extensions ['ignore', 'ignore_ament_install']
[1.485s] Level 1:colcon.colcon_core.package_identification:_identify(src/install/villege_li/lib/python3.10/site-packages) by extension 'ignore'
[1.485s] Level 1:colcon.colcon_core.package_identification:_identify(src/install/villege_li/lib/python3.10/site-packages) by extension 'ignore_ament_install'
[1.485s] Level 1:colcon.colcon_core.package_identification:_identify(src/install/villege_li/lib/python3.10/site-packages) by extensions ['colcon_pkg']
[1.485s] Level 1:colcon.colcon_core.package_identification:_identify(src/install/villege_li/lib/python3.10/site-packages) by extension 'colcon_pkg'
[1.485s] Level 1:colcon.colcon_core.package_identification:_identify(src/install/villege_li/lib/python3.10/site-packages) by extensions ['colcon_meta']
[1.485s] Level 1:colcon.colcon_core.package_identification:_identify(src/install/villege_li/lib/python3.10/site-packages) by extension 'colcon_meta'
[1.485s] Level 1:colcon.colcon_core.package_identification:_identify(src/install/villege_li/lib/python3.10/site-packages) by extensions ['ros']
[1.485s] Level 1:colcon.colcon_core.package_identification:_identify(src/install/villege_li/lib/python3.10/site-packages) by extension 'ros'
[1.485s] Level 1:colcon.colcon_core.package_identification:_identify(src/install/villege_li/lib/python3.10/site-packages) by extensions ['cmake', 'python']
[1.486s] Level 1:colcon.colcon_core.package_identification:_identify(src/install/villege_li/lib/python3.10/site-packages) by extension 'cmake'
[1.486s] Level 1:colcon.colcon_core.package_identification:_identify(src/install/villege_li/lib/python3.10/site-packages) by extension 'python'
[1.486s] Level 1:colcon.colcon_core.package_identification:_identify(src/install/villege_li/lib/python3.10/site-packages) by extensions ['python_setup_py']
[1.486s] Level 1:colcon.colcon_core.package_identification:_identify(src/install/villege_li/lib/python3.10/site-packages) by extension 'python_setup_py'
[1.488s] Level 1:colcon.colcon_core.package_identification:_identify(src/install/villege_li/lib/python3.10/site-packages/village_li) by extensions ['ignore', 'ignore_ament_install']
[1.488s] Level 1:colcon.colcon_core.package_identification:_identify(src/install/villege_li/lib/python3.10/site-packages/village_li) by extension 'ignore'
[1.488s] Level 1:colcon.colcon_core.package_identification:_identify(src/install/villege_li/lib/python3.10/site-packages/village_li) by extension 'ignore_ament_install'
[1.488s] Level 1:colcon.colcon_core.package_identification:_identify(src/install/villege_li/lib/python3.10/site-packages/village_li) by extensions ['colcon_pkg']
[1.488s] Level 1:colcon.colcon_core.package_identification:_identify(src/install/villege_li/lib/python3.10/site-packages/village_li) by extension 'colcon_pkg'
[1.488s] Level 1:colcon.colcon_core.package_identification:_identify(src/install/villege_li/lib/python3.10/site-packages/village_li) by extensions ['colcon_meta']
[1.488s] Level 1:colcon.colcon_core.package_identification:_identify(src/install/villege_li/lib/python3.10/site-packages/village_li) by extension 'colcon_meta'
[1.488s] Level 1:colcon.colcon_core.package_identification:_identify(src/install/villege_li/lib/python3.10/site-packages/village_li) by extensions ['ros']
[1.489s] Level 1:colcon.colcon_core.package_identification:_identify(src/install/villege_li/lib/python3.10/site-packages/village_li) by extension 'ros'
[1.489s] Level 1:colcon.colcon_core.package_identification:_identify(src/install/villege_li/lib/python3.10/site-packages/village_li) by extensions ['cmake', 'python']
[1.489s] Level 1:colcon.colcon_core.package_identification:_identify(src/install/villege_li/lib/python3.10/site-packages/village_li) by extension 'cmake'
[1.489s] Level 1:colcon.colcon_core.package_identification:_identify(src/install/villege_li/lib/python3.10/site-packages/village_li) by extension 'python'
[1.489s] Level 1:colcon.colcon_core.package_identification:_identify(src/install/villege_li/lib/python3.10/site-packages/village_li) by extensions ['python_setup_py']
[1.489s] Level 1:colcon.colcon_core.package_identification:_identify(src/install/villege_li/lib/python3.10/site-packages/village_li) by extension 'python_setup_py'
[1.490s] Level 1:colcon.colcon_core.package_identification:_identify(src/install/villege_li/lib/python3.10/site-packages/village_li/__pycache__) by extensions ['ignore', 'ignore_ament_install']
[1.490s] Level 1:colcon.colcon_core.package_identification:_identify(src/install/villege_li/lib/python3.10/site-packages/village_li/__pycache__) by extension 'ignore'
[1.490s] Level 1:colcon.colcon_core.package_identification:_identify(src/install/villege_li/lib/python3.10/site-packages/village_li/__pycache__) by extension 'ignore_ament_install'
[1.490s] Level 1:colcon.colcon_core.package_identification:_identify(src/install/villege_li/lib/python3.10/site-packages/village_li/__pycache__) by extensions ['colcon_pkg']
[1.490s] Level 1:colcon.colcon_core.package_identification:_identify(src/install/villege_li/lib/python3.10/site-packages/village_li/__pycache__) by extension 'colcon_pkg'
[1.490s] Level 1:colcon.colcon_core.package_identification:_identify(src/install/villege_li/lib/python3.10/site-packages/village_li/__pycache__) by extensions ['colcon_meta']
[1.490s] Level 1:colcon.colcon_core.package_identification:_identify(src/install/villege_li/lib/python3.10/site-packages/village_li/__pycache__) by extension 'colcon_meta'
[1.491s] Level 1:colcon.colcon_core.package_identification:_identify(src/install/villege_li/lib/python3.10/site-packages/village_li/__pycache__) by extensions ['ros']
[1.491s] Level 1:colcon.colcon_core.package_identification:_identify(src/install/villege_li/lib/python3.10/site-packages/village_li/__pycache__) by extension 'ros'
[1.491s] Level 1:colcon.colcon_core.package_identification:_identify(src/install/villege_li/lib/python3.10/site-packages/village_li/__pycache__) by extensions ['cmake', 'python']
[1.491s] Level 1:colcon.colcon_core.package_identification:_identify(src/install/villege_li/lib/python3.10/site-packages/village_li/__pycache__) by extension 'cmake'
[1.491s] Level 1:colcon.colcon_core.package_identification:_identify(src/install/villege_li/lib/python3.10/site-packages/village_li/__pycache__) by extension 'python'
[1.491s] Level 1:colcon.colcon_core.package_identification:_identify(src/install/villege_li/lib/python3.10/site-packages/village_li/__pycache__) by extensions ['python_setup_py']
[1.491s] Level 1:colcon.colcon_core.package_identification:_identify(src/install/villege_li/lib/python3.10/site-packages/village_li/__pycache__) by extension 'python_setup_py'
[1.492s] Level 1:colcon.colcon_core.package_identification:_identify(src/install/villege_li/lib/python3.10/site-packages/villege_li-0.0.0-py3.10.egg-info) by extensions ['ignore', 'ignore_ament_install']
[1.492s] Level 1:colcon.colcon_core.package_identification:_identify(src/install/villege_li/lib/python3.10/site-packages/villege_li-0.0.0-py3.10.egg-info) by extension 'ignore'
[1.492s] Level 1:colcon.colcon_core.package_identification:_identify(src/install/villege_li/lib/python3.10/site-packages/villege_li-0.0.0-py3.10.egg-info) by extension 'ignore_ament_install'
[1.493s] Level 1:colcon.colcon_core.package_identification:_identify(src/install/villege_li/lib/python3.10/site-packages/villege_li-0.0.0-py3.10.egg-info) by extensions ['colcon_pkg']
[1.493s] Level 1:colcon.colcon_core.package_identification:_identify(src/install/villege_li/lib/python3.10/site-packages/villege_li-0.0.0-py3.10.egg-info) by extension 'colcon_pkg'
[1.493s] Level 1:colcon.colcon_core.package_identification:_identify(src/install/villege_li/lib/python3.10/site-packages/villege_li-0.0.0-py3.10.egg-info) by extensions ['colcon_meta']
[1.493s] Level 1:colcon.colcon_core.package_identification:_identify(src/install/villege_li/lib/python3.10/site-packages/villege_li-0.0.0-py3.10.egg-info) by extension 'colcon_meta'
[1.493s] Level 1:colcon.colcon_core.package_identification:_identify(src/install/villege_li/lib/python3.10/site-packages/villege_li-0.0.0-py3.10.egg-info) by extensions ['ros']
[1.493s] Level 1:colcon.colcon_core.package_identification:_identify(src/install/villege_li/lib/python3.10/site-packages/villege_li-0.0.0-py3.10.egg-info) by extension 'ros'
[1.493s] Level 1:colcon.colcon_core.package_identification:_identify(src/install/villege_li/lib/python3.10/site-packages/villege_li-0.0.0-py3.10.egg-info) by extensions ['cmake', 'python']
[1.493s] Level 1:colcon.colcon_core.package_identification:_identify(src/install/villege_li/lib/python3.10/site-packages/villege_li-0.0.0-py3.10.egg-info) by extension 'cmake'
[1.493s] Level 1:colcon.colcon_core.package_identification:_identify(src/install/villege_li/lib/python3.10/site-packages/villege_li-0.0.0-py3.10.egg-info) by extension 'python'
[1.493s] Level 1:colcon.colcon_core.package_identification:_identify(src/install/villege_li/lib/python3.10/site-packages/villege_li-0.0.0-py3.10.egg-info) by extensions ['python_setup_py']
[1.493s] Level 1:colcon.colcon_core.package_identification:_identify(src/install/villege_li/lib/python3.10/site-packages/villege_li-0.0.0-py3.10.egg-info) by extension 'python_setup_py'
[1.494s] Level 1:colcon.colcon_core.package_identification:_identify(src/install/villege_li/lib/villege_li) by extensions ['ignore', 'ignore_ament_install']
[1.494s] Level 1:colcon.colcon_core.package_identification:_identify(src/install/villege_li/lib/villege_li) by extension 'ignore'
[1.494s] Level 1:colcon.colcon_core.package_identification:_identify(src/install/villege_li/lib/villege_li) by extension 'ignore_ament_install'
[1.494s] Level 1:colcon.colcon_core.package_identification:_identify(src/install/villege_li/lib/villege_li) by extensions ['colcon_pkg']
[1.495s] Level 1:colcon.colcon_core.package_identification:_identify(src/install/villege_li/lib/villege_li) by extension 'colcon_pkg'
[1.495s] Level 1:colcon.colcon_core.package_identification:_identify(src/install/villege_li/lib/villege_li) by extensions ['colcon_meta']
[1.495s] Level 1:colcon.colcon_core.package_identification:_identify(src/install/villege_li/lib/villege_li) by extension 'colcon_meta'
[1.495s] Level 1:colcon.colcon_core.package_identification:_identify(src/install/villege_li/lib/villege_li) by extensions ['ros']
[1.495s] Level 1:colcon.colcon_core.package_identification:_identify(src/install/villege_li/lib/villege_li) by extension 'ros'
[1.495s] Level 1:colcon.colcon_core.package_identification:_identify(src/install/villege_li/lib/villege_li) by extensions ['cmake', 'python']
[1.495s] Level 1:colcon.colcon_core.package_identification:_identify(src/install/villege_li/lib/villege_li) by extension 'cmake'
[1.495s] Level 1:colcon.colcon_core.package_identification:_identify(src/install/villege_li/lib/villege_li) by extension 'python'
[1.495s] Level 1:colcon.colcon_core.package_identification:_identify(src/install/villege_li/lib/villege_li) by extensions ['python_setup_py']
[1.495s] Level 1:colcon.colcon_core.package_identification:_identify(src/install/villege_li/lib/villege_li) by extension 'python_setup_py'
[1.496s] Level 1:colcon.colcon_core.package_identification:_identify(src/install/villege_li/share) by extensions ['ignore', 'ignore_ament_install']
[1.496s] Level 1:colcon.colcon_core.package_identification:_identify(src/install/villege_li/share) by extension 'ignore'
[1.496s] Level 1:colcon.colcon_core.package_identification:_identify(src/install/villege_li/share) by extension 'ignore_ament_install'
[1.496s] Level 1:colcon.colcon_core.package_identification:_identify(src/install/villege_li/share) by extensions ['colcon_pkg']
[1.496s] Level 1:colcon.colcon_core.package_identification:_identify(src/install/villege_li/share) by extension 'colcon_pkg'
[1.496s] Level 1:colcon.colcon_core.package_identification:_identify(src/install/villege_li/share) by extensions ['colcon_meta']
[1.496s] Level 1:colcon.colcon_core.package_identification:_identify(src/install/villege_li/share) by extension 'colcon_meta'
[1.496s] Level 1:colcon.colcon_core.package_identification:_identify(src/install/villege_li/share) by extensions ['ros']
[1.496s] Level 1:colcon.colcon_core.package_identification:_identify(src/install/villege_li/share) by extension 'ros'
[1.497s] Level 1:colcon.colcon_core.package_identification:_identify(src/install/villege_li/share) by extensions ['cmake', 'python']
[1.497s] Level 1:colcon.colcon_core.package_identification:_identify(src/install/villege_li/share) by extension 'cmake'
[1.497s] Level 1:colcon.colcon_core.package_identification:_identify(src/install/villege_li/share) by extension 'python'
[1.497s] Level 1:colcon.colcon_core.package_identification:_identify(src/install/villege_li/share) by extensions ['python_setup_py']
[1.497s] Level 1:colcon.colcon_core.package_identification:_identify(src/install/villege_li/share) by extension 'python_setup_py'
[1.498s] Level 1:colcon.colcon_core.package_identification:_identify(src/install/villege_li/share/ament_index) by extensions ['ignore', 'ignore_ament_install']
[1.498s] Level 1:colcon.colcon_core.package_identification:_identify(src/install/villege_li/share/ament_index) by extension 'ignore'
[1.498s] Level 1:colcon.colcon_core.package_identification:_identify(src/install/villege_li/share/ament_index) by extension 'ignore_ament_install'
[1.498s] Level 1:colcon.colcon_core.package_identification:_identify(src/install/villege_li/share/ament_index) by extensions ['colcon_pkg']
[1.498s] Level 1:colcon.colcon_core.package_identification:_identify(src/install/villege_li/share/ament_index) by extension 'colcon_pkg'
[1.498s] Level 1:colcon.colcon_core.package_identification:_identify(src/install/villege_li/share/ament_index) by extensions ['colcon_meta']
[1.498s] Level 1:colcon.colcon_core.package_identification:_identify(src/install/villege_li/share/ament_index) by extension 'colcon_meta'
[1.498s] Level 1:colcon.colcon_core.package_identification:_identify(src/install/villege_li/share/ament_index) by extensions ['ros']
[1.498s] Level 1:colcon.colcon_core.package_identification:_identify(src/install/villege_li/share/ament_index) by extension 'ros'
[1.498s] Level 1:colcon.colcon_core.package_identification:_identify(src/install/villege_li/share/ament_index) by extensions ['cmake', 'python']
[1.498s] Level 1:colcon.colcon_core.package_identification:_identify(src/install/villege_li/share/ament_index) by extension 'cmake'
[1.499s] Level 1:colcon.colcon_core.package_identification:_identify(src/install/villege_li/share/ament_index) by extension 'python'
[1.499s] Level 1:colcon.colcon_core.package_identification:_identify(src/install/villege_li/share/ament_index) by extensions ['python_setup_py']
[1.499s] Level 1:colcon.colcon_core.package_identification:_identify(src/install/villege_li/share/ament_index) by extension 'python_setup_py'
[1.499s] Level 1:colcon.colcon_core.package_identification:_identify(src/install/villege_li/share/ament_index/resource_index) by extensions ['ignore', 'ignore_ament_install']
[1.500s] Level 1:colcon.colcon_core.package_identification:_identify(src/install/villege_li/share/ament_index/resource_index) by extension 'ignore'
[1.500s] Level 1:colcon.colcon_core.package_identification:_identify(src/install/villege_li/share/ament_index/resource_index) by extension 'ignore_ament_install'
[1.500s] Level 1:colcon.colcon_core.package_identification:_identify(src/install/villege_li/share/ament_index/resource_index) by extensions ['colcon_pkg']
[1.500s] Level 1:colcon.colcon_core.package_identification:_identify(src/install/villege_li/share/ament_index/resource_index) by extension 'colcon_pkg'
[1.500s] Level 1:colcon.colcon_core.package_identification:_identify(src/install/villege_li/share/ament_index/resource_index) by extensions ['colcon_meta']
[1.500s] Level 1:colcon.colcon_core.package_identification:_identify(src/install/villege_li/share/ament_index/resource_index) by extension 'colcon_meta'
[1.500s] Level 1:colcon.colcon_core.package_identification:_identify(src/install/villege_li/share/ament_index/resource_index) by extensions ['ros']
[1.500s] Level 1:colcon.colcon_core.package_identification:_identify(src/install/villege_li/share/ament_index/resource_index) by extension 'ros'
[1.501s] Level 1:colcon.colcon_core.package_identification:_identify(src/install/villege_li/share/ament_index/resource_index) by extensions ['cmake', 'python']
[1.501s] Level 1:colcon.colcon_core.package_identification:_identify(src/install/villege_li/share/ament_index/resource_index) by extension 'cmake'
[1.501s] Level 1:colcon.colcon_core.package_identification:_identify(src/install/villege_li/share/ament_index/resource_index) by extension 'python'
[1.501s] Level 1:colcon.colcon_core.package_identification:_identify(src/install/villege_li/share/ament_index/resource_index) by extensions ['python_setup_py']
[1.501s] Level 1:colcon.colcon_core.package_identification:_identify(src/install/villege_li/share/ament_index/resource_index) by extension 'python_setup_py'
[1.502s] Level 1:colcon.colcon_core.package_identification:_identify(src/install/villege_li/share/ament_index/resource_index/packages) by extensions ['ignore', 'ignore_ament_install']
[1.502s] Level 1:colcon.colcon_core.package_identification:_identify(src/install/villege_li/share/ament_index/resource_index/packages) by extension 'ignore'
[1.502s] Level 1:colcon.colcon_core.package_identification:_identify(src/install/villege_li/share/ament_index/resource_index/packages) by extension 'ignore_ament_install'
[1.502s] Level 1:colcon.colcon_core.package_identification:_identify(src/install/villege_li/share/ament_index/resource_index/packages) by extensions ['colcon_pkg']
[1.502s] Level 1:colcon.colcon_core.package_identification:_identify(src/install/villege_li/share/ament_index/resource_index/packages) by extension 'colcon_pkg'
[1.503s] Level 1:colcon.colcon_core.package_identification:_identify(src/install/villege_li/share/ament_index/resource_index/packages) by extensions ['colcon_meta']
[1.503s] Level 1:colcon.colcon_core.package_identification:_identify(src/install/villege_li/share/ament_index/resource_index/packages) by extension 'colcon_meta'
[1.503s] Level 1:colcon.colcon_core.package_identification:_identify(src/install/villege_li/share/ament_index/resource_index/packages) by extensions ['ros']
[1.503s] Level 1:colcon.colcon_core.package_identification:_identify(src/install/villege_li/share/ament_index/resource_index/packages) by extension 'ros'
[1.503s] Level 1:colcon.colcon_core.package_identification:_identify(src/install/villege_li/share/ament_index/resource_index/packages) by extensions ['cmake', 'python']
[1.503s] Level 1:colcon.colcon_core.package_identification:_identify(src/install/villege_li/share/ament_index/resource_index/packages) by extension 'cmake'
[1.503s] Level 1:colcon.colcon_core.package_identification:_identify(src/install/villege_li/share/ament_index/resource_index/packages) by extension 'python'
[1.503s] Level 1:colcon.colcon_core.package_identification:_identify(src/install/villege_li/share/ament_index/resource_index/packages) by extensions ['python_setup_py']
[1.503s] Level 1:colcon.colcon_core.package_identification:_identify(src/install/villege_li/share/ament_index/resource_index/packages) by extension 'python_setup_py'
[1.504s] Level 1:colcon.colcon_core.package_identification:_identify(src/install/villege_li/share/colcon-core) by extensions ['ignore', 'ignore_ament_install']
[1.504s] Level 1:colcon.colcon_core.package_identification:_identify(src/install/villege_li/share/colcon-core) by extension 'ignore'
[1.504s] Level 1:colcon.colcon_core.package_identification:_identify(src/install/villege_li/share/colcon-core) by extension 'ignore_ament_install'
[1.504s] Level 1:colcon.colcon_core.package_identification:_identify(src/install/villege_li/share/colcon-core) by extensions ['colcon_pkg']
[1.504s] Level 1:colcon.colcon_core.package_identification:_identify(src/install/villege_li/share/colcon-core) by extension 'colcon_pkg'
[1.505s] Level 1:colcon.colcon_core.package_identification:_identify(src/install/villege_li/share/colcon-core) by extensions ['colcon_meta']
[1.505s] Level 1:colcon.colcon_core.package_identification:_identify(src/install/villege_li/share/colcon-core) by extension 'colcon_meta'
[1.505s] Level 1:colcon.colcon_core.package_identification:_identify(src/install/villege_li/share/colcon-core) by extensions ['ros']
[1.505s] Level 1:colcon.colcon_core.package_identification:_identify(src/install/villege_li/share/colcon-core) by extension 'ros'
[1.505s] Level 1:colcon.colcon_core.package_identification:_identify(src/install/villege_li/share/colcon-core) by extensions ['cmake', 'python']
[1.505s] Level 1:colcon.colcon_core.package_identification:_identify(src/install/villege_li/share/colcon-core) by extension 'cmake'
[1.505s] Level 1:colcon.colcon_core.package_identification:_identify(src/install/villege_li/share/colcon-core) by extension 'python'
[1.505s] Level 1:colcon.colcon_core.package_identification:_identify(src/install/villege_li/share/colcon-core) by extensions ['python_setup_py']
[1.505s] Level 1:colcon.colcon_core.package_identification:_identify(src/install/villege_li/share/colcon-core) by extension 'python_setup_py'
[1.506s] Level 1:colcon.colcon_core.package_identification:_identify(src/install/villege_li/share/colcon-core/packages) by extensions ['ignore', 'ignore_ament_install']
[1.506s] Level 1:colcon.colcon_core.package_identification:_identify(src/install/villege_li/share/colcon-core/packages) by extension 'ignore'
[1.506s] Level 1:colcon.colcon_core.package_identification:_identify(src/install/villege_li/share/colcon-core/packages) by extension 'ignore_ament_install'
[1.506s] Level 1:colcon.colcon_core.package_identification:_identify(src/install/villege_li/share/colcon-core/packages) by extensions ['colcon_pkg']
[1.507s] Level 1:colcon.colcon_core.package_identification:_identify(src/install/villege_li/share/colcon-core/packages) by extension 'colcon_pkg'
[1.507s] Level 1:colcon.colcon_core.package_identification:_identify(src/install/villege_li/share/colcon-core/packages) by extensions ['colcon_meta']
[1.507s] Level 1:colcon.colcon_core.package_identification:_identify(src/install/villege_li/share/colcon-core/packages) by extension 'colcon_meta'
[1.507s] Level 1:colcon.colcon_core.package_identification:_identify(src/install/villege_li/share/colcon-core/packages) by extensions ['ros']
[1.507s] Level 1:colcon.colcon_core.package_identification:_identify(src/install/villege_li/share/colcon-core/packages) by extension 'ros'
[1.507s] Level 1:colcon.colcon_core.package_identification:_identify(src/install/villege_li/share/colcon-core/packages) by extensions ['cmake', 'python']
[1.507s] Level 1:colcon.colcon_core.package_identification:_identify(src/install/villege_li/share/colcon-core/packages) by extension 'cmake'
[1.507s] Level 1:colcon.colcon_core.package_identification:_identify(src/install/villege_li/share/colcon-core/packages) by extension 'python'
[1.508s] Level 1:colcon.colcon_core.package_identification:_identify(src/install/villege_li/share/colcon-core/packages) by extensions ['python_setup_py']
[1.508s] Level 1:colcon.colcon_core.package_identification:_identify(src/install/villege_li/share/colcon-core/packages) by extension 'python_setup_py'
[1.508s] Level 1:colcon.colcon_core.package_identification:_identify(src/install/villege_li/share/villege_li) by extensions ['ignore', 'ignore_ament_install']
[1.509s] Level 1:colcon.colcon_core.package_identification:_identify(src/install/villege_li/share/villege_li) by extension 'ignore'
[1.509s] Level 1:colcon.colcon_core.package_identification:_identify(src/install/villege_li/share/villege_li) by extension 'ignore_ament_install'
[1.509s] Level 1:colcon.colcon_core.package_identification:_identify(src/install/villege_li/share/villege_li) by extensions ['colcon_pkg']
[1.509s] Level 1:colcon.colcon_core.package_identification:_identify(src/install/villege_li/share/villege_li) by extension 'colcon_pkg'
[1.509s] Level 1:colcon.colcon_core.package_identification:_identify(src/install/villege_li/share/villege_li) by extensions ['colcon_meta']
[1.509s] Level 1:colcon.colcon_core.package_identification:_identify(src/install/villege_li/share/villege_li) by extension 'colcon_meta'
[1.510s] Level 1:colcon.colcon_core.package_identification:_identify(src/install/villege_li/share/villege_li) by extensions ['ros']
[1.510s] Level 1:colcon.colcon_core.package_identification:_identify(src/install/villege_li/share/villege_li) by extension 'ros'
[1.510s] Level 1:colcon.colcon_core.package_identification:_identify(src/install/villege_li/share/villege_li) by extensions ['cmake', 'python']
[1.510s] Level 1:colcon.colcon_core.package_identification:_identify(src/install/villege_li/share/villege_li) by extension 'cmake'
[1.510s] Level 1:colcon.colcon_core.package_identification:_identify(src/install/villege_li/share/villege_li) by extension 'python'
[1.510s] Level 1:colcon.colcon_core.package_identification:_identify(src/install/villege_li/share/villege_li) by extensions ['python_setup_py']
[1.510s] Level 1:colcon.colcon_core.package_identification:_identify(src/install/villege_li/share/villege_li) by extension 'python_setup_py'
[1.511s] Level 1:colcon.colcon_core.package_identification:_identify(src/install/villege_li/share/villege_li/hook) by extensions ['ignore', 'ignore_ament_install']
[1.511s] Level 1:colcon.colcon_core.package_identification:_identify(src/install/villege_li/share/villege_li/hook) by extension 'ignore'
[1.511s] Level 1:colcon.colcon_core.package_identification:_identify(src/install/villege_li/share/villege_li/hook) by extension 'ignore_ament_install'
[1.511s] Level 1:colcon.colcon_core.package_identification:_identify(src/install/villege_li/share/villege_li/hook) by extensions ['colcon_pkg']
[1.511s] Level 1:colcon.colcon_core.package_identification:_identify(src/install/villege_li/share/villege_li/hook) by extension 'colcon_pkg'
[1.511s] Level 1:colcon.colcon_core.package_identification:_identify(src/install/villege_li/share/villege_li/hook) by extensions ['colcon_meta']
[1.511s] Level 1:colcon.colcon_core.package_identification:_identify(src/install/villege_li/share/villege_li/hook) by extension 'colcon_meta'
[1.511s] Level 1:colcon.colcon_core.package_identification:_identify(src/install/villege_li/share/villege_li/hook) by extensions ['ros']
[1.511s] Level 1:colcon.colcon_core.package_identification:_identify(src/install/villege_li/share/villege_li/hook) by extension 'ros'
[1.512s] Level 1:colcon.colcon_core.package_identification:_identify(src/install/villege_li/share/villege_li/hook) by extensions ['cmake', 'python']
[1.512s] Level 1:colcon.colcon_core.package_identification:_identify(src/install/villege_li/share/villege_li/hook) by extension 'cmake'
[1.512s] Level 1:colcon.colcon_core.package_identification:_identify(src/install/villege_li/share/villege_li/hook) by extension 'python'
[1.512s] Level 1:colcon.colcon_core.package_identification:_identify(src/install/villege_li/share/villege_li/hook) by extensions ['python_setup_py']
[1.512s] Level 1:colcon.colcon_core.package_identification:_identify(src/install/villege_li/share/villege_li/hook) by extension 'python_setup_py'
[1.513s] Level 1:colcon.colcon_core.package_identification:_identify(src/log) by extensions ['ignore', 'ignore_ament_install']
[1.513s] Level 1:colcon.colcon_core.package_identification:_identify(src/log) by extension 'ignore'
[1.513s] Level 1:colcon.colcon_core.package_identification:_identify(src/log) by extension 'ignore_ament_install'
[1.513s] Level 1:colcon.colcon_core.package_identification:_identify(src/log) by extensions ['colcon_pkg']
[1.513s] Level 1:colcon.colcon_core.package_identification:_identify(src/log) by extension 'colcon_pkg'
[1.513s] Level 1:colcon.colcon_core.package_identification:_identify(src/log) by extensions ['colcon_meta']
[1.513s] Level 1:colcon.colcon_core.package_identification:_identify(src/log) by extension 'colcon_meta'
[1.513s] Level 1:colcon.colcon_core.package_identification:_identify(src/log) by extensions ['ros']
[1.513s] Level 1:colcon.colcon_core.package_identification:_identify(src/log) by extension 'ros'
[1.514s] Level 1:colcon.colcon_core.package_identification:_identify(src/log) by extensions ['cmake', 'python']
[1.514s] Level 1:colcon.colcon_core.package_identification:_identify(src/log) by extension 'cmake'
[1.514s] Level 1:colcon.colcon_core.package_identification:_identify(src/log) by extension 'python'
[1.514s] Level 1:colcon.colcon_core.package_identification:_identify(src/log) by extensions ['python_setup_py']
[1.514s] Level 1:colcon.colcon_core.package_identification:_identify(src/log) by extension 'python_setup_py'
[1.515s] Level 1:colcon.colcon_core.package_identification:_identify(src/log/build_2024-11-04_19-25-21) by extensions ['ignore', 'ignore_ament_install']
[1.515s] Level 1:colcon.colcon_core.package_identification:_identify(src/log/build_2024-11-04_19-25-21) by extension 'ignore'
[1.515s] Level 1:colcon.colcon_core.package_identification:_identify(src/log/build_2024-11-04_19-25-21) by extension 'ignore_ament_install'
[1.515s] Level 1:colcon.colcon_core.package_identification:_identify(src/log/build_2024-11-04_19-25-21) by extensions ['colcon_pkg']
[1.515s] Level 1:colcon.colcon_core.package_identification:_identify(src/log/build_2024-11-04_19-25-21) by extension 'colcon_pkg'
[1.515s] Level 1:colcon.colcon_core.package_identification:_identify(src/log/build_2024-11-04_19-25-21) by extensions ['colcon_meta']
[1.515s] Level 1:colcon.colcon_core.package_identification:_identify(src/log/build_2024-11-04_19-25-21) by extension 'colcon_meta'
[1.515s] Level 1:colcon.colcon_core.package_identification:_identify(src/log/build_2024-11-04_19-25-21) by extensions ['ros']
[1.515s] Level 1:colcon.colcon_core.package_identification:_identify(src/log/build_2024-11-04_19-25-21) by extension 'ros'
[1.516s] Level 1:colcon.colcon_core.package_identification:_identify(src/log/build_2024-11-04_19-25-21) by extensions ['cmake', 'python']
[1.516s] Level 1:colcon.colcon_core.package_identification:_identify(src/log/build_2024-11-04_19-25-21) by extension 'cmake'
[1.516s] Level 1:colcon.colcon_core.package_identification:_identify(src/log/build_2024-11-04_19-25-21) by extension 'python'
[1.516s] Level 1:colcon.colcon_core.package_identification:_identify(src/log/build_2024-11-04_19-25-21) by extensions ['python_setup_py']
[1.516s] Level 1:colcon.colcon_core.package_identification:_identify(src/log/build_2024-11-04_19-25-21) by extension 'python_setup_py'
[1.516s] Level 1:colcon.colcon_core.package_identification:_identify(src/log/build_2024-11-04_19-25-47) by extensions ['ignore', 'ignore_ament_install']
[1.517s] Level 1:colcon.colcon_core.package_identification:_identify(src/log/build_2024-11-04_19-25-47) by extension 'ignore'
[1.517s] Level 1:colcon.colcon_core.package_identification:_identify(src/log/build_2024-11-04_19-25-47) by extension 'ignore_ament_install'
[1.517s] Level 1:colcon.colcon_core.package_identification:_identify(src/log/build_2024-11-04_19-25-47) by extensions ['colcon_pkg']
[1.517s] Level 1:colcon.colcon_core.package_identification:_identify(src/log/build_2024-11-04_19-25-47) by extension 'colcon_pkg'
[1.517s] Level 1:colcon.colcon_core.package_identification:_identify(src/log/build_2024-11-04_19-25-47) by extensions ['colcon_meta']
[1.517s] Level 1:colcon.colcon_core.package_identification:_identify(src/log/build_2024-11-04_19-25-47) by extension 'colcon_meta'
[1.518s] Level 1:colcon.colcon_core.package_identification:_identify(src/log/build_2024-11-04_19-25-47) by extensions ['ros']
[1.518s] Level 1:colcon.colcon_core.package_identification:_identify(src/log/build_2024-11-04_19-25-47) by extension 'ros'
[1.518s] Level 1:colcon.colcon_core.package_identification:_identify(src/log/build_2024-11-04_19-25-47) by extensions ['cmake', 'python']
[1.518s] Level 1:colcon.colcon_core.package_identification:_identify(src/log/build_2024-11-04_19-25-47) by extension 'cmake'
[1.518s] Level 1:colcon.colcon_core.package_identification:_identify(src/log/build_2024-11-04_19-25-47) by extension 'python'
[1.518s] Level 1:colcon.colcon_core.package_identification:_identify(src/log/build_2024-11-04_19-25-47) by extensions ['python_setup_py']
[1.518s] Level 1:colcon.colcon_core.package_identification:_identify(src/log/build_2024-11-04_19-25-47) by extension 'python_setup_py'
[1.519s] Level 1:colcon.colcon_core.package_identification:_identify(src/log/build_2024-11-04_19-25-47/villege_li) by extensions ['ignore', 'ignore_ament_install']
[1.519s] Level 1:colcon.colcon_core.package_identification:_identify(src/log/build_2024-11-04_19-25-47/villege_li) by extension 'ignore'
[1.519s] Level 1:colcon.colcon_core.package_identification:_identify(src/log/build_2024-11-04_19-25-47/villege_li) by extension 'ignore_ament_install'
[1.520s] Level 1:colcon.colcon_core.package_identification:_identify(src/log/build_2024-11-04_19-25-47/villege_li) by extensions ['colcon_pkg']
[1.520s] Level 1:colcon.colcon_core.package_identification:_identify(src/log/build_2024-11-04_19-25-47/villege_li) by extension 'colcon_pkg'
[1.520s] Level 1:colcon.colcon_core.package_identification:_identify(src/log/build_2024-11-04_19-25-47/villege_li) by extensions ['colcon_meta']
[1.520s] Level 1:colcon.colcon_core.package_identification:_identify(src/log/build_2024-11-04_19-25-47/villege_li) by extension 'colcon_meta'
[1.520s] Level 1:colcon.colcon_core.package_identification:_identify(src/log/build_2024-11-04_19-25-47/villege_li) by extensions ['ros']
[1.520s] Level 1:colcon.colcon_core.package_identification:_identify(src/log/build_2024-11-04_19-25-47/villege_li) by extension 'ros'
[1.520s] Level 1:colcon.colcon_core.package_identification:_identify(src/log/build_2024-11-04_19-25-47/villege_li) by extensions ['cmake', 'python']
[1.520s] Level 1:colcon.colcon_core.package_identification:_identify(src/log/build_2024-11-04_19-25-47/villege_li) by extension 'cmake'
[1.520s] Level 1:colcon.colcon_core.package_identification:_identify(src/log/build_2024-11-04_19-25-47/villege_li) by extension 'python'
[1.520s] Level 1:colcon.colcon_core.package_identification:_identify(src/log/build_2024-11-04_19-25-47/villege_li) by extensions ['python_setup_py']
[1.520s] Level 1:colcon.colcon_core.package_identification:_identify(src/log/build_2024-11-04_19-25-47/villege_li) by extension 'python_setup_py'
[1.521s] Level 1:colcon.colcon_core.package_identification:_identify(src/village_li) by extensions ['ignore', 'ignore_ament_install']
[1.521s] Level 1:colcon.colcon_core.package_identification:_identify(src/village_li) by extension 'ignore'
[1.521s] Level 1:colcon.colcon_core.package_identification:_identify(src/village_li) by extension 'ignore_ament_install'
[1.521s] Level 1:colcon.colcon_core.package_identification:_identify(src/village_li) by extensions ['colcon_pkg']
[1.522s] Level 1:colcon.colcon_core.package_identification:_identify(src/village_li) by extension 'colcon_pkg'
[1.522s] Level 1:colcon.colcon_core.package_identification:_identify(src/village_li) by extensions ['colcon_meta']
[1.522s] Level 1:colcon.colcon_core.package_identification:_identify(src/village_li) by extension 'colcon_meta'
[1.522s] Level 1:colcon.colcon_core.package_identification:_identify(src/village_li) by extensions ['ros']
[1.522s] Level 1:colcon.colcon_core.package_identification:_identify(src/village_li) by extension 'ros'
[1.530s] DEBUG:colcon.colcon_core.package_identification:Package 'src/village_li' with type 'ros.ament_python' and name 'village_li'
[1.530s] Level 1:colcon.colcon_core.package_identification:_identify(src/village_wang) by extensions ['ignore', 'ignore_ament_install']
[1.530s] Level 1:colcon.colcon_core.package_identification:_identify(src/village_wang) by extension 'ignore'
[1.530s] Level 1:colcon.colcon_core.package_identification:_identify(src/village_wang) by extension 'ignore_ament_install'
[1.530s] Level 1:colcon.colcon_core.package_identification:_identify(src/village_wang) by extensions ['colcon_pkg']
[1.530s] Level 1:colcon.colcon_core.package_identification:_identify(src/village_wang) by extension 'colcon_pkg'
[1.530s] Level 1:colcon.colcon_core.package_identification:_identify(src/village_wang) by extensions ['colcon_meta']
[1.530s] Level 1:colcon.colcon_core.package_identification:_identify(src/village_wang) by extension 'colcon_meta'
[1.530s] Level 1:colcon.colcon_core.package_identification:_identify(src/village_wang) by extensions ['ros']
[1.531s] Level 1:colcon.colcon_core.package_identification:_identify(src/village_wang) by extension 'ros'
[1.531s] DEBUG:colcon.colcon_core.package_identification:Package 'src/village_wang' with type 'ros.ament_cmake' and name 'village_wang'
[1.531s] Level 1:colcon.colcon_core.package_discovery:discover_packages(recursive) using defaults
[1.532s] Level 1:colcon.colcon_core.package_discovery:discover_packages(ignore) discover
[1.532s] Level 1:colcon.colcon_core.package_discovery:discover_packages(ignore) using defaults
[1.532s] Level 1:colcon.colcon_core.package_discovery:discover_packages(path) discover
[1.532s] Level 1:colcon.colcon_core.package_discovery:discover_packages(path) using defaults
[1.597s] Level 1:colcon.colcon_core.package_discovery:discover_packages(prefix_path) check parameters
[1.597s] Level 1:colcon.colcon_core.package_discovery:discover_packages(prefix_path) discover
[1.609s] DEBUG:colcon.colcon_installed_package_information.package_discovery:Found 270 installed packages in /opt/ros/humble
[1.634s] Level 1:colcon.colcon_core.package_discovery:discover_packages(prefix_path) using defaults
[1.831s] Level 5:colcon.colcon_core.verb:set package 'village_li' build argument 'cmake_args' from command line to 'None'
[1.832s] Level 5:colcon.colcon_core.verb:set package 'village_li' build argument 'cmake_target' from command line to 'None'
[1.832s] Level 5:colcon.colcon_core.verb:set package 'village_li' build argument 'cmake_target_skip_unavailable' from command line to 'False'
[1.832s] Level 5:colcon.colcon_core.verb:set package 'village_li' build argument 'cmake_clean_cache' from command line to 'False'
[1.832s] Level 5:colcon.colcon_core.verb:set package 'village_li' build argument 'cmake_clean_first' from command line to 'False'
[1.832s] Level 5:colcon.colcon_core.verb:set package 'village_li' build argument 'cmake_force_configure' from command line to 'False'
[1.832s] Level 5:colcon.colcon_core.verb:set package 'village_li' build argument 'ament_cmake_args' from command line to 'None'
[1.832s] Level 5:colcon.colcon_core.verb:set package 'village_li' build argument 'catkin_cmake_args' from command line to 'None'
[1.832s] Level 5:colcon.colcon_core.verb:set package 'village_li' build argument 'catkin_skip_building_tests' from command line to 'False'
[1.832s] DEBUG:colcon.colcon_core.verb:Building package 'village_li' with the following arguments: {'ament_cmake_args': None, 'build_base': '/home/zfh/code/ros2Std/town_ws/build/village_li', 'catkin_cmake_args': None, 'catkin_skip_building_tests': False, 'cmake_args': None, 'cmake_clean_cache': False, 'cmake_clean_first': False, 'cmake_force_configure': False, 'cmake_target': None, 'cmake_target_skip_unavailable': False, 'install_base': '/home/zfh/code/ros2Std/town_ws/install/village_li', 'merge_install': False, 'path': '/home/zfh/code/ros2Std/town_ws/src/village_li', 'symlink_install': False, 'test_result_base': None}
[1.833s] Level 5:colcon.colcon_core.verb:set package 'village_wang' build argument 'cmake_args' from command line to 'None'
[1.833s] Level 5:colcon.colcon_core.verb:set package 'village_wang' build argument 'cmake_target' from command line to 'None'
[1.833s] Level 5:colcon.colcon_core.verb:set package 'village_wang' build argument 'cmake_target_skip_unavailable' from command line to 'False'
[1.833s] Level 5:colcon.colcon_core.verb:set package 'village_wang' build argument 'cmake_clean_cache' from command line to 'False'
[1.833s] Level 5:colcon.colcon_core.verb:set package 'village_wang' build argument 'cmake_clean_first' from command line to 'False'
[1.833s] Level 5:colcon.colcon_core.verb:set package 'village_wang' build argument 'cmake_force_configure' from command line to 'False'
[1.833s] Level 5:colcon.colcon_core.verb:set package 'village_wang' build argument 'ament_cmake_args' from command line to 'None'
[1.833s] Level 5:colcon.colcon_core.verb:set package 'village_wang' build argument 'catkin_cmake_args' from command line to 'None'
[1.833s] Level 5:colcon.colcon_core.verb:set package 'village_wang' build argument 'catkin_skip_building_tests' from command line to 'False'
[1.833s] DEBUG:colcon.colcon_core.verb:Building package 'village_wang' with the following arguments: {'ament_cmake_args': None, 'build_base': '/home/zfh/code/ros2Std/town_ws/build/village_wang', 'catkin_cmake_args': None, 'catkin_skip_building_tests': False, 'cmake_args': None, 'cmake_clean_cache': False, 'cmake_clean_first': False, 'cmake_force_configure': False, 'cmake_target': None, 'cmake_target_skip_unavailable': False, 'install_base': '/home/zfh/code/ros2Std/town_ws/install/village_wang', 'merge_install': False, 'path': '/home/zfh/code/ros2Std/town_ws/src/village_wang', 'symlink_install': False, 'test_result_base': None}
[1.834s] INFO:colcon.colcon_core.executor:Executing jobs using 'parallel' executor
[1.836s] DEBUG:colcon.colcon_parallel_executor.executor.parallel:run_until_complete
[1.837s] INFO:colcon.colcon_ros.task.ament_python.build:Building ROS package in '/home/zfh/code/ros2Std/town_ws/src/village_li' with build type 'ament_python'
[1.838s] Level 1:colcon.colcon_core.shell:create_environment_hook('village_li', 'ament_prefix_path')
[1.852s] INFO:colcon.colcon_core.plugin_system:Skipping extension 'colcon_core.shell.bat': Not used on non-Windows systems
[1.853s] INFO:colcon.colcon_core.shell:Creating environment hook '/home/zfh/code/ros2Std/town_ws/install/village_li/share/village_li/hook/ament_prefix_path.ps1'
[1.856s] INFO:colcon.colcon_core.shell:Creating environment descriptor '/home/zfh/code/ros2Std/town_ws/install/village_li/share/village_li/hook/ament_prefix_path.dsv'
[1.858s] INFO:colcon.colcon_core.shell:Creating environment hook '/home/zfh/code/ros2Std/town_ws/install/village_li/share/village_li/hook/ament_prefix_path.sh'
[1.862s] INFO:colcon.colcon_core.shell:Skip shell extension 'powershell' for command environment: Not usable outside of PowerShell
[1.862s] DEBUG:colcon.colcon_core.shell:Skip shell extension 'dsv' for command environment
[1.872s] INFO:colcon.colcon_ros.task.ament_cmake.build:Building ROS package in '/home/zfh/code/ros2Std/town_ws/src/village_wang' with build type 'ament_cmake'
[1.873s] INFO:colcon.colcon_cmake.task.cmake.build:Building CMake package in '/home/zfh/code/ros2Std/town_ws/src/village_wang'
[1.873s] INFO:colcon.colcon_core.shell:Skip shell extension 'powershell' for command environment: Not usable outside of PowerShell
[1.874s] DEBUG:colcon.colcon_core.shell:Skip shell extension 'dsv' for command environment
[2.331s] INFO:colcon.colcon_core.task.python.build:Building Python package in '/home/zfh/code/ros2Std/town_ws/src/village_li'
[2.331s] INFO:colcon.colcon_core.shell:Skip shell extension 'powershell' for command environment: Not usable outside of PowerShell
[2.331s] DEBUG:colcon.colcon_core.shell:Skip shell extension 'dsv' for command environment
[2.357s] DEBUG:colcon.colcon_core.event_handler.log_command:Invoking command in '/home/zfh/code/ros2Std/town_ws/build/village_wang': CMAKE_PREFIX_PATH=/opt/ros/humble /usr/bin/cmake --build /home/zfh/code/ros2Std/town_ws/build/village_wang -- -j4 -l4
[3.647s] DEBUG:colcon.colcon_core.event_handler.log_command:Invoking command in '/home/zfh/code/ros2Std/town_ws/src/village_li': PYTHONPATH=/home/zfh/code/ros2Std/town_ws/build/village_li/prefix_override:/usr/lib/python3/dist-packages/colcon_core/task/python/colcon_distutils_commands:/home/zfh/code/ros2Std/town_ws/install/village_li/lib/python3.10/site-packages:${PYTHONPATH} /usr/bin/python3 -W ignore:setup.py install is deprecated setup.py egg_info --egg-base ../../build/village_li build --build-base /home/zfh/code/ros2Std/town_ws/build/village_li/build install --record /home/zfh/code/ros2Std/town_ws/build/village_li/install.log --single-version-externally-managed install_data
[4.403s] DEBUG:colcon.colcon_core.event_handler.log_command:Invoked command in '/home/zfh/code/ros2Std/town_ws/src/village_li' returned '0': PYTHONPATH=/home/zfh/code/ros2Std/town_ws/build/village_li/prefix_override:/usr/lib/python3/dist-packages/colcon_core/task/python/colcon_distutils_commands:/home/zfh/code/ros2Std/town_ws/install/village_li/lib/python3.10/site-packages:${PYTHONPATH} /usr/bin/python3 -W ignore:setup.py install is deprecated setup.py egg_info --egg-base ../../build/village_li build --build-base /home/zfh/code/ros2Std/town_ws/build/village_li/build install --record /home/zfh/code/ros2Std/town_ws/build/village_li/install.log --single-version-externally-managed install_data
[4.420s] Level 1:colcon.colcon_core.environment:checking '/home/zfh/code/ros2Std/town_ws/install/village_li' for CMake module files
[4.422s] Level 1:colcon.colcon_core.environment:checking '/home/zfh/code/ros2Std/town_ws/install/village_li' for CMake config files
[4.430s] Level 1:colcon.colcon_core.environment:checking '/home/zfh/code/ros2Std/town_ws/install/village_li/lib'
[4.430s] Level 1:colcon.colcon_core.environment:checking '/home/zfh/code/ros2Std/town_ws/install/village_li/bin'
[4.430s] Level 1:colcon.colcon_core.environment:checking '/home/zfh/code/ros2Std/town_ws/install/village_li/lib/pkgconfig/village_li.pc'
[4.431s] Level 1:colcon.colcon_core.environment:checking '/home/zfh/code/ros2Std/town_ws/install/village_li/lib/python3.10/site-packages'
[4.431s] Level 1:colcon.colcon_core.shell:create_environment_hook('village_li', 'pythonpath')
[4.432s] INFO:colcon.colcon_core.shell:Creating environment hook '/home/zfh/code/ros2Std/town_ws/install/village_li/share/village_li/hook/pythonpath.ps1'
[4.434s] INFO:colcon.colcon_core.shell:Creating environment descriptor '/home/zfh/code/ros2Std/town_ws/install/village_li/share/village_li/hook/pythonpath.dsv'
[4.435s] INFO:colcon.colcon_core.shell:Creating environment hook '/home/zfh/code/ros2Std/town_ws/install/village_li/share/village_li/hook/pythonpath.sh'
[4.436s] Level 1:colcon.colcon_core.environment:checking '/home/zfh/code/ros2Std/town_ws/install/village_li/bin'
[4.437s] Level 1:colcon.colcon_core.environment:create_environment_scripts_only(village_li)
[4.438s] INFO:colcon.colcon_core.shell:Creating package script '/home/zfh/code/ros2Std/town_ws/install/village_li/share/village_li/package.ps1'
[4.442s] INFO:colcon.colcon_core.shell:Creating package descriptor '/home/zfh/code/ros2Std/town_ws/install/village_li/share/village_li/package.dsv'
[4.444s] INFO:colcon.colcon_core.shell:Creating package script '/home/zfh/code/ros2Std/town_ws/install/village_li/share/village_li/package.sh'
[4.446s] INFO:colcon.colcon_core.shell:Creating package script '/home/zfh/code/ros2Std/town_ws/install/village_li/share/village_li/package.bash'
[4.449s] INFO:colcon.colcon_core.shell:Creating package script '/home/zfh/code/ros2Std/town_ws/install/village_li/share/village_li/package.zsh'
[4.452s] Level 1:colcon.colcon_core.environment:create_file_with_runtime_dependencies(/home/zfh/code/ros2Std/town_ws/install/village_li/share/colcon-core/packages/village_li)
[11.105s] DEBUG:colcon.colcon_core.event_handler.log_command:Invoked command in '/home/zfh/code/ros2Std/town_ws/build/village_wang' returned '2': CMAKE_PREFIX_PATH=/opt/ros/humble /usr/bin/cmake --build /home/zfh/code/ros2Std/town_ws/build/village_wang -- -j4 -l4
[11.143s] Level 1:colcon.colcon_core.environment:create_environment_scripts_only(village_wang)
[11.144s] Level 1:colcon.colcon_core.environment:checking '/home/zfh/code/ros2Std/town_ws/install/village_wang' for CMake module files
[11.147s] Level 1:colcon.colcon_core.environment:checking '/home/zfh/code/ros2Std/town_ws/install/village_wang' for CMake config files
[11.149s] Level 1:colcon.colcon_core.shell:create_environment_hook('village_wang', 'cmake_prefix_path')
[11.150s] INFO:colcon.colcon_core.shell:Creating environment hook '/home/zfh/code/ros2Std/town_ws/install/village_wang/share/village_wang/hook/cmake_prefix_path.ps1'
[11.151s] INFO:colcon.colcon_core.shell:Creating environment descriptor '/home/zfh/code/ros2Std/town_ws/install/village_wang/share/village_wang/hook/cmake_prefix_path.dsv'
[11.151s] INFO:colcon.colcon_core.shell:Creating environment hook '/home/zfh/code/ros2Std/town_ws/install/village_wang/share/village_wang/hook/cmake_prefix_path.sh'
[11.152s] Level 1:colcon.colcon_core.environment:checking '/home/zfh/code/ros2Std/town_ws/install/village_wang/lib'
[11.152s] Level 1:colcon.colcon_core.environment:checking '/home/zfh/code/ros2Std/town_ws/install/village_wang/bin'
[11.152s] Level 1:colcon.colcon_core.environment:checking '/home/zfh/code/ros2Std/town_ws/install/village_wang/lib/pkgconfig/village_wang.pc'
[11.153s] Level 1:colcon.colcon_core.environment:checking '/home/zfh/code/ros2Std/town_ws/install/village_wang/lib/python3.10/site-packages'
[11.153s] Level 1:colcon.colcon_core.environment:checking '/home/zfh/code/ros2Std/town_ws/install/village_wang/bin'
[11.154s] INFO:colcon.colcon_core.shell:Creating package script '/home/zfh/code/ros2Std/town_ws/install/village_wang/share/village_wang/package.ps1'
[11.154s] INFO:colcon.colcon_core.shell:Creating package descriptor '/home/zfh/code/ros2Std/town_ws/install/village_wang/share/village_wang/package.dsv'
[11.155s] INFO:colcon.colcon_core.shell:Creating package script '/home/zfh/code/ros2Std/town_ws/install/village_wang/share/village_wang/package.sh'
[11.156s] INFO:colcon.colcon_core.shell:Creating package script '/home/zfh/code/ros2Std/town_ws/install/village_wang/share/village_wang/package.bash'
[11.158s] INFO:colcon.colcon_core.shell:Creating package script '/home/zfh/code/ros2Std/town_ws/install/village_wang/share/village_wang/package.zsh'
[11.159s] Level 1:colcon.colcon_core.environment:create_file_with_runtime_dependencies(/home/zfh/code/ros2Std/town_ws/install/village_wang/share/colcon-core/packages/village_wang)
[11.171s] DEBUG:colcon.colcon_parallel_executor.executor.parallel:closing loop
[11.171s] DEBUG:colcon.colcon_parallel_executor.executor.parallel:loop closed
[11.171s] DEBUG:colcon.colcon_parallel_executor.executor.parallel:run_until_complete finished with '2'
[11.171s] DEBUG:colcon.colcon_core.event_reactor:joining thread
[11.216s] INFO:colcon.colcon_core.plugin_system:Skipping extension 'colcon_notification.desktop_notification.terminal_notifier': Not used on non-Darwin systems
[11.216s] INFO:colcon.colcon_core.plugin_system:Skipping extension 'colcon_notification.desktop_notification.win32': Not used on non-Windows systems
[11.216s] INFO:colcon.colcon_notification.desktop_notification:Sending desktop notification using 'notify2'
[11.227s] DEBUG:colcon.colcon_core.event_reactor:joined thread
[11.228s] INFO:colcon.colcon_core.shell:Creating prefix script '/home/zfh/code/ros2Std/town_ws/install/local_setup.ps1'
[11.231s] INFO:colcon.colcon_core.shell:Creating prefix util module '/home/zfh/code/ros2Std/town_ws/install/_local_setup_util_ps1.py'
[11.235s] INFO:colcon.colcon_core.shell:Creating prefix chain script '/home/zfh/code/ros2Std/town_ws/install/setup.ps1'
[11.238s] INFO:colcon.colcon_core.shell:Creating prefix script '/home/zfh/code/ros2Std/town_ws/install/local_setup.sh'
[11.240s] INFO:colcon.colcon_core.shell:Creating prefix util module '/home/zfh/code/ros2Std/town_ws/install/_local_setup_util_sh.py'
[11.241s] INFO:colcon.colcon_core.shell:Creating prefix chain script '/home/zfh/code/ros2Std/town_ws/install/setup.sh'
[11.244s] INFO:colcon.colcon_core.shell:Creating prefix script '/home/zfh/code/ros2Std/town_ws/install/local_setup.bash'
[11.246s] INFO:colcon.colcon_core.shell:Creating prefix chain script '/home/zfh/code/ros2Std/town_ws/install/setup.bash'
[11.250s] INFO:colcon.colcon_core.shell:Creating prefix script '/home/zfh/code/ros2Std/town_ws/install/local_setup.zsh'
[11.252s] INFO:colcon.colcon_core.shell:Creating prefix chain script '/home/zfh/code/ros2Std/town_ws/install/setup.zsh'
