[0.172s] DEBUG:colcon:Command line arguments: ['/usr/bin/colcon', 'build']
[0.173s] DEBUG:colcon:Parsed command line arguments: Namespace(log_base=None, log_level=None, verb_name='build', build_base='build', install_base='install', merge_install=False, symlink_install=False, test_result_base=None, continue_on_error=False, executor='parallel', parallel_workers=16, event_handlers=None, ignore_user_meta=False, metas=['./colcon.meta'], base_paths=['.'], packages_ignore=None, packages_ignore_regex=None, paths=None, packages_up_to=None, packages_up_to_regex=None, packages_above=None, packages_above_and_dependencies=None, packages_above_depth=None, packages_select_by_dep=None, packages_skip_by_dep=None, packages_skip_up_to=None, packages_select_build_failed=False, packages_skip_build_finished=False, packages_select_test_failures=False, packages_skip_test_passed=False, packages_select=None, packages_skip=None, packages_select_regex=None, packages_skip_regex=None, packages_start=None, packages_end=None, allow_overriding=[], cmake_args=None, cmake_target=None, cmake_target_skip_unavailable=False, cmake_clean_cache=False, cmake_clean_first=False, cmake_force_configure=False, ament_cmake_args=None, catkin_cmake_args=None, catkin_skip_building_tests=False, verb_parser=<colcon_defaults.argument_parser.defaults.DefaultArgumentsDecorator object at 0x7f8c397ac040>, verb_extension=<colcon_core.verb.build.BuildVerb object at 0x7f8c3976f1f0>, main=<bound method BuildVerb.main of <colcon_core.verb.build.BuildVerb object at 0x7f8c3976f1f0>>)
[0.345s] Level 1:colcon.colcon_core.package_discovery:discover_packages(colcon_meta) check parameters
[0.345s] Level 1:colcon.colcon_core.package_discovery:discover_packages(recursive) check parameters
[0.345s] Level 1:colcon.colcon_core.package_discovery:discover_packages(ignore) check parameters
[0.345s] Level 1:colcon.colcon_core.package_discovery:discover_packages(path) check parameters
[0.345s] Level 1:colcon.colcon_core.package_discovery:discover_packages(colcon_meta) discover
[0.345s] Level 1:colcon.colcon_core.package_discovery:discover_packages(recursive) discover
[0.345s] INFO:colcon.colcon_core.package_discovery:Crawling recursively for packages in '/home/zfh/code/code/ros2Std/town_ws'
[0.345s] Level 1:colcon.colcon_core.package_identification:_identify(.) by extensions ['ignore', 'ignore_ament_install']
[0.345s] Level 1:colcon.colcon_core.package_identification:_identify(.) by extension 'ignore'
[0.345s] Level 1:colcon.colcon_core.package_identification:_identify(.) by extension 'ignore_ament_install'
[0.345s] Level 1:colcon.colcon_core.package_identification:_identify(.) by extensions ['colcon_pkg']
[0.345s] Level 1:colcon.colcon_core.package_identification:_identify(.) by extension 'colcon_pkg'
[0.345s] Level 1:colcon.colcon_core.package_identification:_identify(.) by extensions ['colcon_meta']
[0.345s] Level 1:colcon.colcon_core.package_identification:_identify(.) by extension 'colcon_meta'
[0.345s] Level 1:colcon.colcon_core.package_identification:_identify(.) by extensions ['ros']
[0.345s] Level 1:colcon.colcon_core.package_identification:_identify(.) by extension 'ros'
[-0.280s] Level 1:colcon.colcon_core.package_identification:_identify(.) by extensions ['cmake', 'python']
[-0.280s] Level 1:colcon.colcon_core.package_identification:_identify(.) by extension 'cmake'
[-0.280s] Level 1:colcon.colcon_core.package_identification:_identify(.) by extension 'python'
[-0.280s] Level 1:colcon.colcon_core.package_identification:_identify(.) by extensions ['python_setup_py']
[-0.280s] Level 1:colcon.colcon_core.package_identification:_identify(.) by extension 'python_setup_py'
[-0.279s] Level 1:colcon.colcon_core.package_identification:_identify(build) by extensions ['ignore', 'ignore_ament_install']
[-0.279s] Level 1:colcon.colcon_core.package_identification:_identify(build) by extension 'ignore'
[-0.279s] Level 1:colcon.colcon_core.package_identification:_identify(build) ignored
[-0.279s] Level 1:colcon.colcon_core.package_identification:_identify(install) by extensions ['ignore', 'ignore_ament_install']
[-0.279s] Level 1:colcon.colcon_core.package_identification:_identify(install) by extension 'ignore'
[-0.279s] Level 1:colcon.colcon_core.package_identification:_identify(install) ignored
[-0.279s] Level 1:colcon.colcon_core.package_identification:_identify(log) by extensions ['ignore', 'ignore_ament_install']
[-0.279s] Level 1:colcon.colcon_core.package_identification:_identify(log) by extension 'ignore'
[-0.279s] Level 1:colcon.colcon_core.package_identification:_identify(log) ignored
[-0.279s] Level 1:colcon.colcon_core.package_identification:_identify(src) by extensions ['ignore', 'ignore_ament_install']
[-0.279s] Level 1:colcon.colcon_core.package_identification:_identify(src) by extension 'ignore'
[-0.279s] Level 1:colcon.colcon_core.package_identification:_identify(src) by extension 'ignore_ament_install'
[-0.279s] Level 1:colcon.colcon_core.package_identification:_identify(src) by extensions ['colcon_pkg']
[-0.279s] Level 1:colcon.colcon_core.package_identification:_identify(src) by extension 'colcon_pkg'
[-0.278s] Level 1:colcon.colcon_core.package_identification:_identify(src) by extensions ['colcon_meta']
[-0.278s] Level 1:colcon.colcon_core.package_identification:_identify(src) by extension 'colcon_meta'
[-0.278s] Level 1:colcon.colcon_core.package_identification:_identify(src) by extensions ['ros']
[-0.278s] Level 1:colcon.colcon_core.package_identification:_identify(src) by extension 'ros'
[-0.278s] Level 1:colcon.colcon_core.package_identification:_identify(src) by extensions ['cmake', 'python']
[-0.278s] Level 1:colcon.colcon_core.package_identification:_identify(src) by extension 'cmake'
[-0.278s] Level 1:colcon.colcon_core.package_identification:_identify(src) by extension 'python'
[-0.278s] Level 1:colcon.colcon_core.package_identification:_identify(src) by extensions ['python_setup_py']
[-0.278s] Level 1:colcon.colcon_core.package_identification:_identify(src) by extension 'python_setup_py'
[-0.278s] Level 1:colcon.colcon_core.package_identification:_identify(src/village_wang) by extensions ['ignore', 'ignore_ament_install']
[-0.278s] Level 1:colcon.colcon_core.package_identification:_identify(src/village_wang) by extension 'ignore'
[-0.278s] Level 1:colcon.colcon_core.package_identification:_identify(src/village_wang) by extension 'ignore_ament_install'
[-0.278s] Level 1:colcon.colcon_core.package_identification:_identify(src/village_wang) by extensions ['colcon_pkg']
[-0.278s] Level 1:colcon.colcon_core.package_identification:_identify(src/village_wang) by extension 'colcon_pkg'
[-0.278s] Level 1:colcon.colcon_core.package_identification:_identify(src/village_wang) by extensions ['colcon_meta']
[-0.278s] Level 1:colcon.colcon_core.package_identification:_identify(src/village_wang) by extension 'colcon_meta'
[-0.278s] Level 1:colcon.colcon_core.package_identification:_identify(src/village_wang) by extensions ['ros']
[-0.278s] Level 1:colcon.colcon_core.package_identification:_identify(src/village_wang) by extension 'ros'
[-0.276s] DEBUG:colcon.colcon_core.package_identification:Package 'src/village_wang' with type 'ros.ament_cmake' and name 'village_wang'
[-0.275s] Level 1:colcon.colcon_core.package_identification:_identify(src/villege_li) by extensions ['ignore', 'ignore_ament_install']
[-0.275s] Level 1:colcon.colcon_core.package_identification:_identify(src/villege_li) by extension 'ignore'
[-0.275s] Level 1:colcon.colcon_core.package_identification:_identify(src/villege_li) by extension 'ignore_ament_install'
[-0.275s] Level 1:colcon.colcon_core.package_identification:_identify(src/villege_li) by extensions ['colcon_pkg']
[-0.275s] Level 1:colcon.colcon_core.package_identification:_identify(src/villege_li) by extension 'colcon_pkg'
[-0.275s] Level 1:colcon.colcon_core.package_identification:_identify(src/villege_li) by extensions ['colcon_meta']
[-0.275s] Level 1:colcon.colcon_core.package_identification:_identify(src/villege_li) by extension 'colcon_meta'
[-0.275s] Level 1:colcon.colcon_core.package_identification:_identify(src/villege_li) by extensions ['ros']
[-0.275s] Level 1:colcon.colcon_core.package_identification:_identify(src/villege_li) by extension 'ros'
[-0.275s] DEBUG:colcon.colcon_core.package_identification:Package 'src/villege_li' with type 'ros.ament_python' and name 'villege_li'
[-0.275s] Level 1:colcon.colcon_core.package_discovery:discover_packages(recursive) using defaults
[-0.275s] Level 1:colcon.colcon_core.package_discovery:discover_packages(ignore) discover
[-0.275s] Level 1:colcon.colcon_core.package_discovery:discover_packages(ignore) using defaults
[-0.274s] Level 1:colcon.colcon_core.package_discovery:discover_packages(path) discover
[-0.274s] Level 1:colcon.colcon_core.package_discovery:discover_packages(path) using defaults
[-0.256s] Level 1:colcon.colcon_core.package_discovery:discover_packages(prefix_path) check parameters
[-0.256s] Level 1:colcon.colcon_core.package_discovery:discover_packages(prefix_path) discover
[-0.254s] DEBUG:colcon.colcon_installed_package_information.package_discovery:Found 270 installed packages in /opt/ros/humble
[-0.243s] Level 1:colcon.colcon_core.package_discovery:discover_packages(prefix_path) using defaults
[-0.209s] Level 5:colcon.colcon_core.verb:set package 'village_wang' build argument 'cmake_args' from command line to 'None'
[-0.209s] Level 5:colcon.colcon_core.verb:set package 'village_wang' build argument 'cmake_target' from command line to 'None'
[-0.209s] Level 5:colcon.colcon_core.verb:set package 'village_wang' build argument 'cmake_target_skip_unavailable' from command line to 'False'
[-0.209s] Level 5:colcon.colcon_core.verb:set package 'village_wang' build argument 'cmake_clean_cache' from command line to 'False'
[-0.209s] Level 5:colcon.colcon_core.verb:set package 'village_wang' build argument 'cmake_clean_first' from command line to 'False'
[-0.209s] Level 5:colcon.colcon_core.verb:set package 'village_wang' build argument 'cmake_force_configure' from command line to 'False'
[-0.209s] Level 5:colcon.colcon_core.verb:set package 'village_wang' build argument 'ament_cmake_args' from command line to 'None'
[-0.209s] Level 5:colcon.colcon_core.verb:set package 'village_wang' build argument 'catkin_cmake_args' from command line to 'None'
[-0.209s] Level 5:colcon.colcon_core.verb:set package 'village_wang' build argument 'catkin_skip_building_tests' from command line to 'False'
[-0.209s] DEBUG:colcon.colcon_core.verb:Building package 'village_wang' with the following arguments: {'ament_cmake_args': None, 'build_base': '/home/zfh/code/code/ros2Std/town_ws/build/village_wang', 'catkin_cmake_args': None, 'catkin_skip_building_tests': False, 'cmake_args': None, 'cmake_clean_cache': False, 'cmake_clean_first': False, 'cmake_force_configure': False, 'cmake_target': None, 'cmake_target_skip_unavailable': False, 'install_base': '/home/zfh/code/code/ros2Std/town_ws/install/village_wang', 'merge_install': False, 'path': '/home/zfh/code/code/ros2Std/town_ws/src/village_wang', 'symlink_install': False, 'test_result_base': None}
[-0.208s] Level 5:colcon.colcon_core.verb:set package 'villege_li' build argument 'cmake_args' from command line to 'None'
[-0.208s] Level 5:colcon.colcon_core.verb:set package 'villege_li' build argument 'cmake_target' from command line to 'None'
[-0.208s] Level 5:colcon.colcon_core.verb:set package 'villege_li' build argument 'cmake_target_skip_unavailable' from command line to 'False'
[-0.208s] Level 5:colcon.colcon_core.verb:set package 'villege_li' build argument 'cmake_clean_cache' from command line to 'False'
[-0.208s] Level 5:colcon.colcon_core.verb:set package 'villege_li' build argument 'cmake_clean_first' from command line to 'False'
[-0.208s] Level 5:colcon.colcon_core.verb:set package 'villege_li' build argument 'cmake_force_configure' from command line to 'False'
[-0.208s] Level 5:colcon.colcon_core.verb:set package 'villege_li' build argument 'ament_cmake_args' from command line to 'None'
[-0.208s] Level 5:colcon.colcon_core.verb:set package 'villege_li' build argument 'catkin_cmake_args' from command line to 'None'
[-0.208s] Level 5:colcon.colcon_core.verb:set package 'villege_li' build argument 'catkin_skip_building_tests' from command line to 'False'
[-0.208s] DEBUG:colcon.colcon_core.verb:Building package 'villege_li' with the following arguments: {'ament_cmake_args': None, 'build_base': '/home/zfh/code/code/ros2Std/town_ws/build/villege_li', 'catkin_cmake_args': None, 'catkin_skip_building_tests': False, 'cmake_args': None, 'cmake_clean_cache': False, 'cmake_clean_first': False, 'cmake_force_configure': False, 'cmake_target': None, 'cmake_target_skip_unavailable': False, 'install_base': '/home/zfh/code/code/ros2Std/town_ws/install/villege_li', 'merge_install': False, 'path': '/home/zfh/code/code/ros2Std/town_ws/src/villege_li', 'symlink_install': False, 'test_result_base': None}
[-0.208s] INFO:colcon.colcon_core.executor:Executing jobs using 'parallel' executor
[-0.207s] DEBUG:colcon.colcon_parallel_executor.executor.parallel:run_until_complete
[-0.206s] INFO:colcon.colcon_ros.task.ament_cmake.build:Building ROS package in '/home/zfh/code/code/ros2Std/town_ws/src/village_wang' with build type 'ament_cmake'
[-0.206s] INFO:colcon.colcon_cmake.task.cmake.build:Building CMake package in '/home/zfh/code/code/ros2Std/town_ws/src/village_wang'
[-0.204s] INFO:colcon.colcon_core.plugin_system:Skipping extension 'colcon_core.shell.bat': Not used on non-Windows systems
[-0.203s] INFO:colcon.colcon_core.shell:Skip shell extension 'powershell' for command environment: Not usable outside of PowerShell
[-0.203s] DEBUG:colcon.colcon_core.shell:Skip shell extension 'dsv' for command environment
[-0.199s] INFO:colcon.colcon_ros.task.ament_python.build:Building ROS package in '/home/zfh/code/code/ros2Std/town_ws/src/villege_li' with build type 'ament_python'
[-0.199s] Level 1:colcon.colcon_core.shell:create_environment_hook('villege_li', 'ament_prefix_path')
[-0.199s] INFO:colcon.colcon_core.shell:Creating environment hook '/home/zfh/code/code/ros2Std/town_ws/install/villege_li/share/villege_li/hook/ament_prefix_path.ps1'
[-0.198s] INFO:colcon.colcon_core.shell:Creating environment descriptor '/home/zfh/code/code/ros2Std/town_ws/install/villege_li/share/villege_li/hook/ament_prefix_path.dsv'
[-0.198s] INFO:colcon.colcon_core.shell:Creating environment hook '/home/zfh/code/code/ros2Std/town_ws/install/villege_li/share/villege_li/hook/ament_prefix_path.sh'
[-0.197s] INFO:colcon.colcon_core.shell:Skip shell extension 'powershell' for command environment: Not usable outside of PowerShell
[-0.197s] DEBUG:colcon.colcon_core.shell:Skip shell extension 'dsv' for command environment
[-0.187s] DEBUG:colcon.colcon_core.event_handler.log_command:Invoking command in '/home/zfh/code/code/ros2Std/town_ws/build/village_wang': CMAKE_PREFIX_PATH=/opt/ros/humble /usr/bin/cmake --build /home/zfh/code/code/ros2Std/town_ws/build/village_wang -- -j16 -l16
[0.076s] INFO:colcon.colcon_core.task.python.build:Building Python package in '/home/zfh/code/code/ros2Std/town_ws/src/villege_li'
[0.076s] INFO:colcon.colcon_core.shell:Skip shell extension 'powershell' for command environment: Not usable outside of PowerShell
[0.077s] DEBUG:colcon.colcon_core.shell:Skip shell extension 'dsv' for command environment
[0.082s] DEBUG:colcon.colcon_core.event_handler.log_command:Invoked command in '/home/zfh/code/code/ros2Std/town_ws/build/village_wang' returned '0': CMAKE_PREFIX_PATH=/opt/ros/humble /usr/bin/cmake --build /home/zfh/code/code/ros2Std/town_ws/build/village_wang -- -j16 -l16
[0.114s] DEBUG:colcon.colcon_core.event_handler.log_command:Invoking command in '/home/zfh/code/code/ros2Std/town_ws/build/village_wang': CMAKE_PREFIX_PATH=/opt/ros/humble /usr/bin/cmake --install /home/zfh/code/code/ros2Std/town_ws/build/village_wang
[0.125s] Level 1:colcon.colcon_core.environment:create_environment_scripts_only(village_wang)
[0.126s] DEBUG:colcon.colcon_core.event_handler.log_command:Invoked command in '/home/zfh/code/code/ros2Std/town_ws/build/village_wang' returned '0': CMAKE_PREFIX_PATH=/opt/ros/humble /usr/bin/cmake --install /home/zfh/code/code/ros2Std/town_ws/build/village_wang
[0.128s] Level 1:colcon.colcon_core.environment:checking '/home/zfh/code/code/ros2Std/town_ws/install/village_wang' for CMake module files
[0.129s] Level 1:colcon.colcon_core.environment:checking '/home/zfh/code/code/ros2Std/town_ws/install/village_wang' for CMake config files
[0.129s] Level 1:colcon.colcon_core.shell:create_environment_hook('village_wang', 'cmake_prefix_path')
[0.129s] INFO:colcon.colcon_core.shell:Creating environment hook '/home/zfh/code/code/ros2Std/town_ws/install/village_wang/share/village_wang/hook/cmake_prefix_path.ps1'
[0.130s] INFO:colcon.colcon_core.shell:Creating environment descriptor '/home/zfh/code/code/ros2Std/town_ws/install/village_wang/share/village_wang/hook/cmake_prefix_path.dsv'
[0.130s] INFO:colcon.colcon_core.shell:Creating environment hook '/home/zfh/code/code/ros2Std/town_ws/install/village_wang/share/village_wang/hook/cmake_prefix_path.sh'
[0.131s] Level 1:colcon.colcon_core.environment:checking '/home/zfh/code/code/ros2Std/town_ws/install/village_wang/lib'
[0.131s] Level 1:colcon.colcon_core.environment:checking '/home/zfh/code/code/ros2Std/town_ws/install/village_wang/bin'
[0.131s] Level 1:colcon.colcon_core.environment:checking '/home/zfh/code/code/ros2Std/town_ws/install/village_wang/lib/pkgconfig/village_wang.pc'
[0.131s] Level 1:colcon.colcon_core.environment:checking '/home/zfh/code/code/ros2Std/town_ws/install/village_wang/lib/python3.10/site-packages'
[0.131s] Level 1:colcon.colcon_core.environment:checking '/home/zfh/code/code/ros2Std/town_ws/install/village_wang/bin'
[0.132s] INFO:colcon.colcon_core.shell:Creating package script '/home/zfh/code/code/ros2Std/town_ws/install/village_wang/share/village_wang/package.ps1'
[0.132s] INFO:colcon.colcon_core.shell:Creating package descriptor '/home/zfh/code/code/ros2Std/town_ws/install/village_wang/share/village_wang/package.dsv'
[0.133s] INFO:colcon.colcon_core.shell:Creating package script '/home/zfh/code/code/ros2Std/town_ws/install/village_wang/share/village_wang/package.sh'
[0.133s] INFO:colcon.colcon_core.shell:Creating package script '/home/zfh/code/code/ros2Std/town_ws/install/village_wang/share/village_wang/package.bash'
[0.134s] INFO:colcon.colcon_core.shell:Creating package script '/home/zfh/code/code/ros2Std/town_ws/install/village_wang/share/village_wang/package.zsh'
[0.135s] Level 1:colcon.colcon_core.environment:create_file_with_runtime_dependencies(/home/zfh/code/code/ros2Std/town_ws/install/village_wang/share/colcon-core/packages/village_wang)
[0.166s] Level 1:colcon.colcon_core.environment:create_environment_scripts_only(village_wang)
[0.166s] Level 1:colcon.colcon_core.environment:checking '/home/zfh/code/code/ros2Std/town_ws/install/village_wang' for CMake module files
[0.166s] Level 1:colcon.colcon_core.environment:checking '/home/zfh/code/code/ros2Std/town_ws/install/village_wang' for CMake config files
[0.167s] Level 1:colcon.colcon_core.shell:create_environment_hook('village_wang', 'cmake_prefix_path')
[0.167s] INFO:colcon.colcon_core.shell:Creating environment hook '/home/zfh/code/code/ros2Std/town_ws/install/village_wang/share/village_wang/hook/cmake_prefix_path.ps1'
[0.167s] INFO:colcon.colcon_core.shell:Creating environment descriptor '/home/zfh/code/code/ros2Std/town_ws/install/village_wang/share/village_wang/hook/cmake_prefix_path.dsv'
[0.168s] INFO:colcon.colcon_core.shell:Creating environment hook '/home/zfh/code/code/ros2Std/town_ws/install/village_wang/share/village_wang/hook/cmake_prefix_path.sh'
[0.168s] Level 1:colcon.colcon_core.environment:checking '/home/zfh/code/code/ros2Std/town_ws/install/village_wang/lib'
[0.168s] Level 1:colcon.colcon_core.environment:checking '/home/zfh/code/code/ros2Std/town_ws/install/village_wang/bin'
[0.168s] Level 1:colcon.colcon_core.environment:checking '/home/zfh/code/code/ros2Std/town_ws/install/village_wang/lib/pkgconfig/village_wang.pc'
[0.169s] Level 1:colcon.colcon_core.environment:checking '/home/zfh/code/code/ros2Std/town_ws/install/village_wang/lib/python3.10/site-packages'
[0.169s] Level 1:colcon.colcon_core.environment:checking '/home/zfh/code/code/ros2Std/town_ws/install/village_wang/bin'
[0.169s] INFO:colcon.colcon_core.shell:Creating package script '/home/zfh/code/code/ros2Std/town_ws/install/village_wang/share/village_wang/package.ps1'
[0.169s] INFO:colcon.colcon_core.shell:Creating package descriptor '/home/zfh/code/code/ros2Std/town_ws/install/village_wang/share/village_wang/package.dsv'
[0.170s] INFO:colcon.colcon_core.shell:Creating package script '/home/zfh/code/code/ros2Std/town_ws/install/village_wang/share/village_wang/package.sh'
[0.170s] INFO:colcon.colcon_core.shell:Creating package script '/home/zfh/code/code/ros2Std/town_ws/install/village_wang/share/village_wang/package.bash'
[0.171s] INFO:colcon.colcon_core.shell:Creating package script '/home/zfh/code/code/ros2Std/town_ws/install/village_wang/share/village_wang/package.zsh'
[0.171s] Level 1:colcon.colcon_core.environment:create_file_with_runtime_dependencies(/home/zfh/code/code/ros2Std/town_ws/install/village_wang/share/colcon-core/packages/village_wang)
[0.433s] DEBUG:colcon.colcon_core.event_handler.log_command:Invoking command in '/home/zfh/code/code/ros2Std/town_ws/src/villege_li': PYTHONPATH=/home/zfh/code/code/ros2Std/town_ws/build/villege_li/prefix_override:/home/zfh/code/code/ros2Std/town_ws/install/villege_li/lib/python3.10/site-packages:${PYTHONPATH} /usr/bin/python3 -W ignore:setup.py install is deprecated setup.py egg_info --egg-base ../../build/villege_li build --build-base /home/zfh/code/code/ros2Std/town_ws/build/villege_li/build install --record /home/zfh/code/code/ros2Std/town_ws/build/villege_li/install.log --single-version-externally-managed install_data
[0.662s] Level 1:colcon.colcon_core.environment:checking '/home/zfh/code/code/ros2Std/town_ws/install/villege_li' for CMake module files
[0.663s] DEBUG:colcon.colcon_core.event_handler.log_command:Invoked command in '/home/zfh/code/code/ros2Std/town_ws/src/villege_li' returned '0': PYTHONPATH=/home/zfh/code/code/ros2Std/town_ws/build/villege_li/prefix_override:/home/zfh/code/code/ros2Std/town_ws/install/villege_li/lib/python3.10/site-packages:${PYTHONPATH} /usr/bin/python3 -W ignore:setup.py install is deprecated setup.py egg_info --egg-base ../../build/villege_li build --build-base /home/zfh/code/code/ros2Std/town_ws/build/villege_li/build install --record /home/zfh/code/code/ros2Std/town_ws/build/villege_li/install.log --single-version-externally-managed install_data
[0.664s] Level 1:colcon.colcon_core.environment:checking '/home/zfh/code/code/ros2Std/town_ws/install/villege_li' for CMake config files
[0.664s] Level 1:colcon.colcon_core.environment:checking '/home/zfh/code/code/ros2Std/town_ws/install/villege_li/lib'
[0.664s] Level 1:colcon.colcon_core.environment:checking '/home/zfh/code/code/ros2Std/town_ws/install/villege_li/bin'
[0.664s] Level 1:colcon.colcon_core.environment:checking '/home/zfh/code/code/ros2Std/town_ws/install/villege_li/lib/pkgconfig/villege_li.pc'
[0.665s] Level 1:colcon.colcon_core.environment:checking '/home/zfh/code/code/ros2Std/town_ws/install/villege_li/lib/python3.10/site-packages'
[0.665s] Level 1:colcon.colcon_core.shell:create_environment_hook('villege_li', 'pythonpath')
[0.665s] INFO:colcon.colcon_core.shell:Creating environment hook '/home/zfh/code/code/ros2Std/town_ws/install/villege_li/share/villege_li/hook/pythonpath.ps1'
[0.665s] INFO:colcon.colcon_core.shell:Creating environment descriptor '/home/zfh/code/code/ros2Std/town_ws/install/villege_li/share/villege_li/hook/pythonpath.dsv'
[0.666s] INFO:colcon.colcon_core.shell:Creating environment hook '/home/zfh/code/code/ros2Std/town_ws/install/villege_li/share/villege_li/hook/pythonpath.sh'
[0.666s] Level 1:colcon.colcon_core.environment:checking '/home/zfh/code/code/ros2Std/town_ws/install/villege_li/bin'
[0.666s] Level 1:colcon.colcon_core.environment:create_environment_scripts_only(villege_li)
[0.666s] INFO:colcon.colcon_core.shell:Creating package script '/home/zfh/code/code/ros2Std/town_ws/install/villege_li/share/villege_li/package.ps1'
[0.667s] INFO:colcon.colcon_core.shell:Creating package descriptor '/home/zfh/code/code/ros2Std/town_ws/install/villege_li/share/villege_li/package.dsv'
[0.667s] INFO:colcon.colcon_core.shell:Creating package script '/home/zfh/code/code/ros2Std/town_ws/install/villege_li/share/villege_li/package.sh'
[0.667s] INFO:colcon.colcon_core.shell:Creating package script '/home/zfh/code/code/ros2Std/town_ws/install/villege_li/share/villege_li/package.bash'
[0.668s] INFO:colcon.colcon_core.shell:Creating package script '/home/zfh/code/code/ros2Std/town_ws/install/villege_li/share/villege_li/package.zsh'
[0.668s] Level 1:colcon.colcon_core.environment:create_file_with_runtime_dependencies(/home/zfh/code/code/ros2Std/town_ws/install/villege_li/share/colcon-core/packages/villege_li)
[0.668s] DEBUG:colcon.colcon_parallel_executor.executor.parallel:closing loop
[0.669s] DEBUG:colcon.colcon_parallel_executor.executor.parallel:loop closed
[0.669s] DEBUG:colcon.colcon_parallel_executor.executor.parallel:run_until_complete finished with '0'
[0.669s] DEBUG:colcon.colcon_core.event_reactor:joining thread
[0.676s] INFO:colcon.colcon_core.plugin_system:Skipping extension 'colcon_notification.desktop_notification.terminal_notifier': Not used on non-Darwin systems
[0.676s] INFO:colcon.colcon_core.plugin_system:Skipping extension 'colcon_notification.desktop_notification.win32': Not used on non-Windows systems
[0.676s] INFO:colcon.colcon_notification.desktop_notification:Sending desktop notification using 'notify2'
[0.677s] DEBUG:colcon.colcon_notification.desktop_notification.notify2:Failed to initialize notify2: org.freedesktop.DBus.Error.FileNotFound: Failed to connect to socket /run/user/1000/bus: No such file or directory
[0.677s] DEBUG:colcon.colcon_core.event_reactor:joined thread
[0.677s] INFO:colcon.colcon_core.shell:Creating prefix script '/home/zfh/code/code/ros2Std/town_ws/install/local_setup.ps1'
[0.679s] INFO:colcon.colcon_core.shell:Creating prefix util module '/home/zfh/code/code/ros2Std/town_ws/install/_local_setup_util_ps1.py'
[0.680s] INFO:colcon.colcon_core.shell:Creating prefix chain script '/home/zfh/code/code/ros2Std/town_ws/install/setup.ps1'
[0.680s] INFO:colcon.colcon_core.shell:Creating prefix script '/home/zfh/code/code/ros2Std/town_ws/install/local_setup.sh'
[0.681s] INFO:colcon.colcon_core.shell:Creating prefix util module '/home/zfh/code/code/ros2Std/town_ws/install/_local_setup_util_sh.py'
[0.681s] INFO:colcon.colcon_core.shell:Creating prefix chain script '/home/zfh/code/code/ros2Std/town_ws/install/setup.sh'
[0.683s] INFO:colcon.colcon_core.shell:Creating prefix script '/home/zfh/code/code/ros2Std/town_ws/install/local_setup.bash'
[0.683s] INFO:colcon.colcon_core.shell:Creating prefix chain script '/home/zfh/code/code/ros2Std/town_ws/install/setup.bash'
[0.684s] INFO:colcon.colcon_core.shell:Creating prefix script '/home/zfh/code/code/ros2Std/town_ws/install/local_setup.zsh'
[0.685s] INFO:colcon.colcon_core.shell:Creating prefix chain script '/home/zfh/code/code/ros2Std/town_ws/install/setup.zsh'
