C51 COMPILER V9.60.7.0   MAIN                                                              03/11/2024 21:47:20 PAGE 1   


C51 COMPILER V9.60.7.0, COMPILATION OF MODULE MAIN
OBJECT MODULE PLACED IN .\Objects\main.obj
COMPILER INVOKED BY: D:\applications\keli 5 C51\C51\BIN\C51.EXE main.c OPTIMIZE(8,SPEED) BROWSE INCDIR(D:\applications\k
                    -eli 5 C51\C51\INC\Atmel) DEBUG OBJECTEXTEND PRINT(.\Listings\main.lst) TABS(2) OBJECT(.\Objects\main.obj)

line level    source

   1          #include <STC89C5xRC.H>
   2          #include <INTRINS.H>
   3          
   4          void Delay(unsigned int xms)  //@11.0592MHz
   5          {
   6   1        while(xms--){
   7   2          unsigned char data i, j;
   8   2      
   9   2          _nop_();
  10   2          i = 2;
  11   2          j = 199;
  12   2          do
  13   2          {
  14   3            while (--j);
  15   3          } while (--i);
  16   2        }
  17   1      }
  18          
  19          
  20          void main()
  21          {
  22   1        unsigned char LEDNum = 1;//char -> 8bit
  23   1        while(1){
  24   2          if(P31 == 0)
  25   2          {
  26   3            Delay(20);
  27   3            while(P31 == 0);
  28   3            Delay(20);
  29   3            
  30   3            P2 = ~(LEDNum++);
  31   3          }
  32   2        }
  33   1        
  34   1      //  int i = 0;
  35   1      //  while(1){
  36   1      //    if(P31 == 0)
  37   1      //    {
  38   1      //      Delay(20);
  39   1      //      while(P31 == 0);
  40   1      //      Delay(20);
  41   1      //      
  42   1      //      P2 = ~(i++);
  43   1      //    }
  44   1      //  }
  45   1        
  46   1        //若要实现从右到左：
  47   1      //  0111 1111 -> 0x7F
  48   1      //  1011 1111 -> 0xBF
  49   1      //  0011 1111 -> 0x3F
  50   1      //  1101 1111 -> 0xDF
  51   1        
  52   1      }


C51 COMPILER V9.60.7.0   MAIN                                                              03/11/2024 21:47:20 PAGE 2   

MODULE INFORMATION:   STATIC OVERLAYABLE
   CODE SIZE        =     57    ----
   CONSTANT SIZE    =   ----    ----
   XDATA SIZE       =   ----    ----
   PDATA SIZE       =   ----    ----
   DATA SIZE        =   ----       2
   IDATA SIZE       =   ----    ----
   BIT SIZE         =   ----    ----
END OF MODULE INFORMATION.


C51 COMPILATION COMPLETE.  0 WARNING(S),  0 ERROR(S)
