[0.499s] Invoking command in '/home/zfh/code/ros2Std/town_ws/build/village_wang': CMAKE_PREFIX_PATH=/opt/ros/humble /usr/bin/cmake --build /home/zfh/code/ros2Std/town_ws/build/village_wang -- -j4 -l4
[0.537s] [33mCMake Warning (dev) at CMakeLists.txt:57:
[0.537s]   Syntax Warning in cmake code at column 16
[0.537s] 
[0.538s]   Argument not separated from preceding token by whitespace.
[0.538s] This warning is for project developers.  Use -Wno-dev to suppress it.
[0.538s] [0m
[0.545s] -- Found ament_cmake: 1.3.10 (/opt/ros/humble/share/ament_cmake/cmake)
[0.807s] -- Found rclcpp: 16.0.10 (/opt/ros/humble/share/rclcpp/cmake)
[1.047s] -- Found rosidl_generator_c: 3.1.5 (/opt/ros/humble/share/rosidl_generator_c/cmake)
[1.053s] -- Found rosidl_adapter: 3.1.5 (/opt/ros/humble/share/rosidl_adapter/cmake)
[1.064s] -- Found rosidl_generator_cpp: 3.1.5 (/opt/ros/humble/share/rosidl_generator_cpp/cmake)
[1.084s] -- Using all available rosidl_typesupport_c: rosidl_typesupport_fastrtps_c;rosidl_typesupport_introspection_c
[1.113s] -- Using all available rosidl_typesupport_cpp: rosidl_typesupport_fastrtps_cpp;rosidl_typesupport_introspection_cpp
[1.185s] -- Found rmw_implementation_cmake: 6.1.2 (/opt/ros/humble/share/rmw_implementation_cmake/cmake)
[1.190s] -- Found rmw_fastrtps_cpp: 6.2.7 (/opt/ros/humble/share/rmw_fastrtps_cpp/cmake)
[7.863s] -- Using RMW implementation 'rmw_fastrtps_cpp' as default
[7.950s] -- Found ament_lint_auto: 0.12.11 (/opt/ros/humble/share/ament_lint_auto/cmake)
[8.072s] -- Added test 'cppcheck' to perform static code analysis on C / C++ code
[8.072s] -- Configured cppcheck include dirs: 
[8.072s] -- Configured cppcheck exclude dirs and/or files: 
[8.073s] -- Added test 'lint_cmake' to check CMake code style
[8.075s] -- Added test 'uncrustify' to check C / C++ code style
[8.075s] -- Configured uncrustify additional arguments: 
[8.075s] -- Added test 'xmllint' to check XML markup files
[8.077s] [31mCMake Error at CMakeLists.txt:33 (install):
[8.077s]   install TARGETS given unknown argument ")".
[8.078s] 
[8.078s] [0m
[8.078s] -- Configuring incomplete, errors occurred!
[8.078s] See also "/home/zfh/code/ros2Std/town_ws/build/village_wang/CMakeFiles/CMakeOutput.log".
[8.091s] gmake: *** [Makefile:267：cmake_check_build_system] 错误 1
[8.095s] Invoked command in '/home/zfh/code/ros2Std/town_ws/build/village_wang' returned '2': CMAKE_PREFIX_PATH=/opt/ros/humble /usr/bin/cmake --build /home/zfh/code/ros2Std/town_ws/build/village_wang -- -j4 -l4
