[0.016s] Invoking command in '/home/zfh/code/code/ros2Std/town_ws/build/village_wang': CMAKE_PREFIX_PATH=/opt/ros/humble /usr/bin/cmake --build /home/zfh/code/code/ros2Std/town_ws/build/village_wang -- -j16 -l16
[0.063s] [35m[1mConsolidate compiler generated dependencies of target wang2_node[0m
[0.088s] [ 50%] [32mBuilding CXX object CMakeFiles/wang2_node.dir/src/wang2.cpp.o[0m
[3.438s] [100%] [32m[1mLinking CXX executable wang2_node[0m
[3.588s] [100%] Built target wang2_node
[3.600s] Invoked command in '/home/zfh/code/code/ros2Std/town_ws/build/village_wang' returned '0': CMAKE_PREFIX_PATH=/opt/ros/humble /usr/bin/cmake --build /home/zfh/code/code/ros2Std/town_ws/build/village_wang -- -j16 -l16
[3.631s] Invoking command in '/home/zfh/code/code/ros2Std/town_ws/build/village_wang': CMAKE_PREFIX_PATH=/opt/ros/humble /usr/bin/cmake --install /home/zfh/code/code/ros2Std/town_ws/build/village_wang
[3.638s] -- Install configuration: ""
[3.638s] -- Up-to-date: /home/zfh/code/code/ros2Std/town_ws/install/village_wang/share/ament_index/resource_index/package_run_dependencies/village_wang
[3.638s] -- Up-to-date: /home/zfh/code/code/ros2Std/town_ws/install/village_wang/share/ament_index/resource_index/parent_prefix_path/village_wang
[3.639s] -- Up-to-date: /home/zfh/code/code/ros2Std/town_ws/install/village_wang/share/village_wang/environment/ament_prefix_path.sh
[3.639s] -- Up-to-date: /home/zfh/code/code/ros2Std/town_ws/install/village_wang/share/village_wang/environment/ament_prefix_path.dsv
[3.639s] -- Up-to-date: /home/zfh/code/code/ros2Std/town_ws/install/village_wang/share/village_wang/environment/path.sh
[3.639s] -- Up-to-date: /home/zfh/code/code/ros2Std/town_ws/install/village_wang/share/village_wang/environment/path.dsv
[3.639s] -- Up-to-date: /home/zfh/code/code/ros2Std/town_ws/install/village_wang/share/village_wang/local_setup.bash
[3.639s] -- Up-to-date: /home/zfh/code/code/ros2Std/town_ws/install/village_wang/share/village_wang/local_setup.sh
[3.639s] -- Up-to-date: /home/zfh/code/code/ros2Std/town_ws/install/village_wang/share/village_wang/local_setup.zsh
[3.640s] -- Up-to-date: /home/zfh/code/code/ros2Std/town_ws/install/village_wang/share/village_wang/local_setup.dsv
[3.640s] -- Installing: /home/zfh/code/code/ros2Std/town_ws/install/village_wang/share/village_wang/package.dsv
[3.640s] -- Up-to-date: /home/zfh/code/code/ros2Std/town_ws/install/village_wang/share/ament_index/resource_index/packages/village_wang
[3.640s] -- Up-to-date: /home/zfh/code/code/ros2Std/town_ws/install/village_wang/share/village_wang/cmake/village_wangConfig.cmake
[3.640s] -- Up-to-date: /home/zfh/code/code/ros2Std/town_ws/install/village_wang/share/village_wang/cmake/village_wangConfig-version.cmake
[3.640s] -- Up-to-date: /home/zfh/code/code/ros2Std/town_ws/install/village_wang/share/village_wang/package.xml
[3.640s] -- Installing: /home/zfh/code/code/ros2Std/town_ws/install/village_wang/lib/village_wang/wang2_node
[3.640s] -- Set runtime path of "/home/zfh/code/code/ros2Std/town_ws/install/village_wang/lib/village_wang/wang2_node" to ""
[3.642s] Invoked command in '/home/zfh/code/code/ros2Std/town_ws/build/village_wang' returned '0': CMAKE_PREFIX_PATH=/opt/ros/humble /usr/bin/cmake --install /home/zfh/code/code/ros2Std/town_ws/build/village_wang
