[-1.500s] DEBUG:colcon:Command line arguments: ['/usr/bin/colcon', 'build', '--packages-select', 'villege_li']
[-1.500s] DEBUG:colcon:Parsed command line arguments: Namespace(log_base=None, log_level=None, verb_name='build', build_base='build', install_base='install', merge_install=False, symlink_install=False, test_result_base=None, continue_on_error=False, executor='parallel', parallel_workers=16, event_handlers=None, ignore_user_meta=False, metas=['./colcon.meta'], base_paths=['.'], packages_ignore=None, packages_ignore_regex=None, paths=None, packages_up_to=None, packages_up_to_regex=None, packages_above=None, packages_above_and_dependencies=None, packages_above_depth=None, packages_select_by_dep=None, packages_skip_by_dep=None, packages_skip_up_to=None, packages_select_build_failed=False, packages_skip_build_finished=False, packages_select_test_failures=False, packages_skip_test_passed=False, packages_select=['villege_li'], packages_skip=None, packages_select_regex=None, packages_skip_regex=None, packages_start=None, packages_end=None, allow_overriding=[], cmake_args=None, cmake_target=None, cmake_target_skip_unavailable=False, cmake_clean_cache=False, cmake_clean_first=False, cmake_force_configure=False, ament_cmake_args=None, catkin_cmake_args=None, catkin_skip_building_tests=False, verb_parser=<colcon_defaults.argument_parser.defaults.DefaultArgumentsDecorator object at 0x7f1b9ada8370>, verb_extension=<colcon_core.verb.build.BuildVerb object at 0x7f1b9ad6b520>, main=<bound method BuildVerb.main of <colcon_core.verb.build.BuildVerb object at 0x7f1b9ad6b520>>)
[-1.258s] Level 1:colcon.colcon_core.package_discovery:discover_packages(colcon_meta) check parameters
[-1.257s] Level 1:colcon.colcon_core.package_discovery:discover_packages(recursive) check parameters
[-1.257s] Level 1:colcon.colcon_core.package_discovery:discover_packages(ignore) check parameters
[-1.257s] Level 1:colcon.colcon_core.package_discovery:discover_packages(path) check parameters
[-1.257s] Level 1:colcon.colcon_core.package_discovery:discover_packages(colcon_meta) discover
[-1.257s] Level 1:colcon.colcon_core.package_discovery:discover_packages(recursive) discover
[-1.257s] INFO:colcon.colcon_core.package_discovery:Crawling recursively for packages in '/home/zfh/code/code/ros2Std/town_ws'
[-1.257s] Level 1:colcon.colcon_core.package_identification:_identify(.) by extensions ['ignore', 'ignore_ament_install']
[-1.257s] Level 1:colcon.colcon_core.package_identification:_identify(.) by extension 'ignore'
[-1.257s] Level 1:colcon.colcon_core.package_identification:_identify(.) by extension 'ignore_ament_install'
[-1.257s] Level 1:colcon.colcon_core.package_identification:_identify(.) by extensions ['colcon_pkg']
[-1.257s] Level 1:colcon.colcon_core.package_identification:_identify(.) by extension 'colcon_pkg'
[-1.257s] Level 1:colcon.colcon_core.package_identification:_identify(.) by extensions ['colcon_meta']
[-1.256s] Level 1:colcon.colcon_core.package_identification:_identify(.) by extension 'colcon_meta'
[-1.256s] Level 1:colcon.colcon_core.package_identification:_identify(.) by extensions ['ros']
[-1.256s] Level 1:colcon.colcon_core.package_identification:_identify(.) by extension 'ros'
[-1.240s] Level 1:colcon.colcon_core.package_identification:_identify(.) by extensions ['cmake', 'python']
[-1.240s] Level 1:colcon.colcon_core.package_identification:_identify(.) by extension 'cmake'
[-1.239s] Level 1:colcon.colcon_core.package_identification:_identify(.) by extension 'python'
[-1.239s] Level 1:colcon.colcon_core.package_identification:_identify(.) by extensions ['python_setup_py']
[-1.239s] Level 1:colcon.colcon_core.package_identification:_identify(.) by extension 'python_setup_py'
[-1.238s] Level 1:colcon.colcon_core.package_identification:_identify(build) by extensions ['ignore', 'ignore_ament_install']
[-1.238s] Level 1:colcon.colcon_core.package_identification:_identify(build) by extension 'ignore'
[-1.238s] Level 1:colcon.colcon_core.package_identification:_identify(build) ignored
[-1.238s] Level 1:colcon.colcon_core.package_identification:_identify(install) by extensions ['ignore', 'ignore_ament_install']
[-1.238s] Level 1:colcon.colcon_core.package_identification:_identify(install) by extension 'ignore'
[-1.238s] Level 1:colcon.colcon_core.package_identification:_identify(install) ignored
[-1.237s] Level 1:colcon.colcon_core.package_identification:_identify(log) by extensions ['ignore', 'ignore_ament_install']
[-1.237s] Level 1:colcon.colcon_core.package_identification:_identify(log) by extension 'ignore'
[-1.237s] Level 1:colcon.colcon_core.package_identification:_identify(log) ignored
[-1.237s] Level 1:colcon.colcon_core.package_identification:_identify(src) by extensions ['ignore', 'ignore_ament_install']
[-1.237s] Level 1:colcon.colcon_core.package_identification:_identify(src) by extension 'ignore'
[-1.237s] Level 1:colcon.colcon_core.package_identification:_identify(src) by extension 'ignore_ament_install'
[-1.237s] Level 1:colcon.colcon_core.package_identification:_identify(src) by extensions ['colcon_pkg']
[-1.237s] Level 1:colcon.colcon_core.package_identification:_identify(src) by extension 'colcon_pkg'
[-1.237s] Level 1:colcon.colcon_core.package_identification:_identify(src) by extensions ['colcon_meta']
[-1.237s] Level 1:colcon.colcon_core.package_identification:_identify(src) by extension 'colcon_meta'
[-1.237s] Level 1:colcon.colcon_core.package_identification:_identify(src) by extensions ['ros']
[-1.237s] Level 1:colcon.colcon_core.package_identification:_identify(src) by extension 'ros'
[-1.237s] Level 1:colcon.colcon_core.package_identification:_identify(src) by extensions ['cmake', 'python']
[-1.237s] Level 1:colcon.colcon_core.package_identification:_identify(src) by extension 'cmake'
[-1.237s] Level 1:colcon.colcon_core.package_identification:_identify(src) by extension 'python'
[-1.237s] Level 1:colcon.colcon_core.package_identification:_identify(src) by extensions ['python_setup_py']
[-1.237s] Level 1:colcon.colcon_core.package_identification:_identify(src) by extension 'python_setup_py'
[-1.236s] Level 1:colcon.colcon_core.package_identification:_identify(src/village_li) by extensions ['ignore', 'ignore_ament_install']
[-1.236s] Level 1:colcon.colcon_core.package_identification:_identify(src/village_li) by extension 'ignore'
[-1.236s] Level 1:colcon.colcon_core.package_identification:_identify(src/village_li) by extension 'ignore_ament_install'
[-1.236s] Level 1:colcon.colcon_core.package_identification:_identify(src/village_li) by extensions ['colcon_pkg']
[-1.236s] Level 1:colcon.colcon_core.package_identification:_identify(src/village_li) by extension 'colcon_pkg'
[-1.236s] Level 1:colcon.colcon_core.package_identification:_identify(src/village_li) by extensions ['colcon_meta']
[-1.236s] Level 1:colcon.colcon_core.package_identification:_identify(src/village_li) by extension 'colcon_meta'
[-1.236s] Level 1:colcon.colcon_core.package_identification:_identify(src/village_li) by extensions ['ros']
[-1.236s] Level 1:colcon.colcon_core.package_identification:_identify(src/village_li) by extension 'ros'
[-1.231s] DEBUG:colcon.colcon_core.package_identification:Package 'src/village_li' with type 'ros.ament_python' and name 'villege_li'
[-1.231s] Level 1:colcon.colcon_core.package_identification:_identify(src/village_wang) by extensions ['ignore', 'ignore_ament_install']
[-1.230s] Level 1:colcon.colcon_core.package_identification:_identify(src/village_wang) by extension 'ignore'
[-1.230s] Level 1:colcon.colcon_core.package_identification:_identify(src/village_wang) by extension 'ignore_ament_install'
[-1.230s] Level 1:colcon.colcon_core.package_identification:_identify(src/village_wang) by extensions ['colcon_pkg']
[-1.230s] Level 1:colcon.colcon_core.package_identification:_identify(src/village_wang) by extension 'colcon_pkg'
[-1.230s] Level 1:colcon.colcon_core.package_identification:_identify(src/village_wang) by extensions ['colcon_meta']
[-1.230s] Level 1:colcon.colcon_core.package_identification:_identify(src/village_wang) by extension 'colcon_meta'
[-1.230s] Level 1:colcon.colcon_core.package_identification:_identify(src/village_wang) by extensions ['ros']
[-1.230s] Level 1:colcon.colcon_core.package_identification:_identify(src/village_wang) by extension 'ros'
[-1.229s] DEBUG:colcon.colcon_core.package_identification:Package 'src/village_wang' with type 'ros.ament_cmake' and name 'village_wang'
[-1.229s] Level 1:colcon.colcon_core.package_discovery:discover_packages(recursive) using defaults
[-1.229s] Level 1:colcon.colcon_core.package_discovery:discover_packages(ignore) discover
[-1.229s] Level 1:colcon.colcon_core.package_discovery:discover_packages(ignore) using defaults
[-1.229s] Level 1:colcon.colcon_core.package_discovery:discover_packages(path) discover
[-1.229s] Level 1:colcon.colcon_core.package_discovery:discover_packages(path) using defaults
[-1.189s] INFO:colcon.colcon_core.package_selection:Skipping not selected package 'village_wang' in 'src/village_wang'
[-1.188s] Level 1:colcon.colcon_core.package_discovery:discover_packages(prefix_path) check parameters
[-1.188s] Level 1:colcon.colcon_core.package_discovery:discover_packages(prefix_path) discover
[-1.187s] DEBUG:colcon.colcon_installed_package_information.package_discovery:Found 2 installed packages in /home/zfh/code/code/ros2Std/town_ws/install
[-1.186s] DEBUG:colcon.colcon_installed_package_information.package_discovery:Found 270 installed packages in /opt/ros/humble
[-1.170s] Level 1:colcon.colcon_core.package_discovery:discover_packages(prefix_path) using defaults
[-1.121s] Level 5:colcon.colcon_core.verb:set package 'villege_li' build argument 'cmake_args' from command line to 'None'
[-1.121s] Level 5:colcon.colcon_core.verb:set package 'villege_li' build argument 'cmake_target' from command line to 'None'
[-1.121s] Level 5:colcon.colcon_core.verb:set package 'villege_li' build argument 'cmake_target_skip_unavailable' from command line to 'False'
[-1.121s] Level 5:colcon.colcon_core.verb:set package 'villege_li' build argument 'cmake_clean_cache' from command line to 'False'
[-1.121s] Level 5:colcon.colcon_core.verb:set package 'villege_li' build argument 'cmake_clean_first' from command line to 'False'
[-1.121s] Level 5:colcon.colcon_core.verb:set package 'villege_li' build argument 'cmake_force_configure' from command line to 'False'
[-1.121s] Level 5:colcon.colcon_core.verb:set package 'villege_li' build argument 'ament_cmake_args' from command line to 'None'
[-1.121s] Level 5:colcon.colcon_core.verb:set package 'villege_li' build argument 'catkin_cmake_args' from command line to 'None'
[-1.121s] Level 5:colcon.colcon_core.verb:set package 'villege_li' build argument 'catkin_skip_building_tests' from command line to 'False'
[-1.121s] DEBUG:colcon.colcon_core.verb:Building package 'villege_li' with the following arguments: {'ament_cmake_args': None, 'build_base': '/home/zfh/code/code/ros2Std/town_ws/build/villege_li', 'catkin_cmake_args': None, 'catkin_skip_building_tests': False, 'cmake_args': None, 'cmake_clean_cache': False, 'cmake_clean_first': False, 'cmake_force_configure': False, 'cmake_target': None, 'cmake_target_skip_unavailable': False, 'install_base': '/home/zfh/code/code/ros2Std/town_ws/install/villege_li', 'merge_install': False, 'path': '/home/zfh/code/code/ros2Std/town_ws/src/village_li', 'symlink_install': False, 'test_result_base': None}
[-1.120s] INFO:colcon.colcon_core.executor:Executing jobs using 'parallel' executor
[-1.119s] DEBUG:colcon.colcon_parallel_executor.executor.parallel:run_until_complete
[-1.119s] INFO:colcon.colcon_ros.task.ament_python.build:Building ROS package in '/home/zfh/code/code/ros2Std/town_ws/src/village_li' with build type 'ament_python'
[-1.119s] Level 1:colcon.colcon_core.shell:create_environment_hook('villege_li', 'ament_prefix_path')
[-1.117s] INFO:colcon.colcon_core.plugin_system:Skipping extension 'colcon_core.shell.bat': Not used on non-Windows systems
[-1.116s] INFO:colcon.colcon_core.shell:Creating environment hook '/home/zfh/code/code/ros2Std/town_ws/install/villege_li/share/villege_li/hook/ament_prefix_path.ps1'
[-1.116s] INFO:colcon.colcon_core.shell:Creating environment descriptor '/home/zfh/code/code/ros2Std/town_ws/install/villege_li/share/villege_li/hook/ament_prefix_path.dsv'
[-1.115s] INFO:colcon.colcon_core.shell:Creating environment hook '/home/zfh/code/code/ros2Std/town_ws/install/villege_li/share/villege_li/hook/ament_prefix_path.sh'
[-1.114s] INFO:colcon.colcon_core.shell:Skip shell extension 'powershell' for command environment: Not usable outside of PowerShell
[-1.114s] DEBUG:colcon.colcon_core.shell:Skip shell extension 'dsv' for command environment
[-0.730s] INFO:colcon.colcon_core.task.python.build:Building Python package in '/home/zfh/code/code/ros2Std/town_ws/src/village_li'
[-0.729s] INFO:colcon.colcon_core.shell:Skip shell extension 'powershell' for command environment: Not usable outside of PowerShell
[-0.729s] DEBUG:colcon.colcon_core.shell:Skip shell extension 'dsv' for command environment
[-0.328s] DEBUG:colcon.colcon_core.event_handler.log_command:Invoking command in '/home/zfh/code/code/ros2Std/town_ws/src/village_li': PYTHONPATH=/home/zfh/code/code/ros2Std/town_ws/build/villege_li/prefix_override:/home/zfh/code/code/ros2Std/town_ws/install/villege_li/lib/python3.10/site-packages:${PYTHONPATH} /usr/bin/python3 -W ignore:setup.py install is deprecated setup.py egg_info --egg-base ../../build/villege_li build --build-base /home/zfh/code/code/ros2Std/town_ws/build/villege_li/build install --record /home/zfh/code/code/ros2Std/town_ws/build/villege_li/install.log --single-version-externally-managed install_data
[-0.056s] DEBUG:colcon.colcon_core.event_handler.log_command:Invoked command in '/home/zfh/code/code/ros2Std/town_ws/src/village_li' returned '0': PYTHONPATH=/home/zfh/code/code/ros2Std/town_ws/build/villege_li/prefix_override:/home/zfh/code/code/ros2Std/town_ws/install/villege_li/lib/python3.10/site-packages:${PYTHONPATH} /usr/bin/python3 -W ignore:setup.py install is deprecated setup.py egg_info --egg-base ../../build/villege_li build --build-base /home/zfh/code/code/ros2Std/town_ws/build/villege_li/build install --record /home/zfh/code/code/ros2Std/town_ws/build/villege_li/install.log --single-version-externally-managed install_data
[-0.050s] Level 1:colcon.colcon_core.environment:checking '/home/zfh/code/code/ros2Std/town_ws/install/villege_li' for CMake module files
[-0.050s] Level 1:colcon.colcon_core.environment:checking '/home/zfh/code/code/ros2Std/town_ws/install/villege_li' for CMake config files
[-0.049s] Level 1:colcon.colcon_core.environment:checking '/home/zfh/code/code/ros2Std/town_ws/install/villege_li/lib'
[-0.049s] Level 1:colcon.colcon_core.environment:checking '/home/zfh/code/code/ros2Std/town_ws/install/villege_li/bin'
[-0.049s] Level 1:colcon.colcon_core.environment:checking '/home/zfh/code/code/ros2Std/town_ws/install/villege_li/lib/pkgconfig/villege_li.pc'
[-0.049s] Level 1:colcon.colcon_core.environment:checking '/home/zfh/code/code/ros2Std/town_ws/install/villege_li/lib/python3.10/site-packages'
[-0.049s] Level 1:colcon.colcon_core.shell:create_environment_hook('villege_li', 'pythonpath')
[-0.048s] INFO:colcon.colcon_core.shell:Creating environment hook '/home/zfh/code/code/ros2Std/town_ws/install/villege_li/share/villege_li/hook/pythonpath.ps1'
[-0.047s] INFO:colcon.colcon_core.shell:Creating environment descriptor '/home/zfh/code/code/ros2Std/town_ws/install/villege_li/share/villege_li/hook/pythonpath.dsv'
[-0.047s] INFO:colcon.colcon_core.shell:Creating environment hook '/home/zfh/code/code/ros2Std/town_ws/install/villege_li/share/villege_li/hook/pythonpath.sh'
[-0.046s] Level 1:colcon.colcon_core.environment:checking '/home/zfh/code/code/ros2Std/town_ws/install/villege_li/bin'
[-0.046s] Level 1:colcon.colcon_core.environment:create_environment_scripts_only(villege_li)
[-0.046s] INFO:colcon.colcon_core.shell:Creating package script '/home/zfh/code/code/ros2Std/town_ws/install/villege_li/share/villege_li/package.ps1'
[-0.044s] INFO:colcon.colcon_core.shell:Creating package descriptor '/home/zfh/code/code/ros2Std/town_ws/install/villege_li/share/villege_li/package.dsv'
[-0.043s] INFO:colcon.colcon_core.shell:Creating package script '/home/zfh/code/code/ros2Std/town_ws/install/villege_li/share/villege_li/package.sh'
[-0.042s] INFO:colcon.colcon_core.shell:Creating package script '/home/zfh/code/code/ros2Std/town_ws/install/villege_li/share/villege_li/package.bash'
[-0.041s] INFO:colcon.colcon_core.shell:Creating package script '/home/zfh/code/code/ros2Std/town_ws/install/villege_li/share/villege_li/package.zsh'
[-0.039s] Level 1:colcon.colcon_core.environment:create_file_with_runtime_dependencies(/home/zfh/code/code/ros2Std/town_ws/install/villege_li/share/colcon-core/packages/villege_li)
[-0.039s] DEBUG:colcon.colcon_parallel_executor.executor.parallel:closing loop
[-0.038s] DEBUG:colcon.colcon_parallel_executor.executor.parallel:loop closed
[-0.038s] DEBUG:colcon.colcon_parallel_executor.executor.parallel:run_until_complete finished with '0'
[-0.038s] DEBUG:colcon.colcon_core.event_reactor:joining thread
[-0.033s] INFO:colcon.colcon_core.plugin_system:Skipping extension 'colcon_notification.desktop_notification.terminal_notifier': Not used on non-Darwin systems
[-0.033s] INFO:colcon.colcon_core.plugin_system:Skipping extension 'colcon_notification.desktop_notification.win32': Not used on non-Windows systems
[-0.033s] INFO:colcon.colcon_notification.desktop_notification:Sending desktop notification using 'notify2'
[-0.033s] DEBUG:colcon.colcon_notification.desktop_notification.notify2:Failed to initialize notify2: org.freedesktop.DBus.Error.FileNotFound: Failed to connect to socket /run/user/1000/bus: No such file or directory
[-0.033s] DEBUG:colcon.colcon_core.event_reactor:joined thread
[-0.033s] INFO:colcon.colcon_core.shell:Creating prefix script '/home/zfh/code/code/ros2Std/town_ws/install/local_setup.ps1'
[-0.032s] INFO:colcon.colcon_core.shell:Creating prefix util module '/home/zfh/code/code/ros2Std/town_ws/install/_local_setup_util_ps1.py'
[-0.031s] INFO:colcon.colcon_core.shell:Creating prefix chain script '/home/zfh/code/code/ros2Std/town_ws/install/setup.ps1'
[-0.030s] INFO:colcon.colcon_core.shell:Creating prefix script '/home/zfh/code/code/ros2Std/town_ws/install/local_setup.sh'
[-0.029s] INFO:colcon.colcon_core.shell:Creating prefix util module '/home/zfh/code/code/ros2Std/town_ws/install/_local_setup_util_sh.py'
[-0.029s] INFO:colcon.colcon_core.shell:Creating prefix chain script '/home/zfh/code/code/ros2Std/town_ws/install/setup.sh'
[-0.028s] INFO:colcon.colcon_core.shell:Creating prefix script '/home/zfh/code/code/ros2Std/town_ws/install/local_setup.bash'
[-0.027s] INFO:colcon.colcon_core.shell:Creating prefix chain script '/home/zfh/code/code/ros2Std/town_ws/install/setup.bash'
[-0.026s] INFO:colcon.colcon_core.shell:Creating prefix script '/home/zfh/code/code/ros2Std/town_ws/install/local_setup.zsh'
[-0.025s] INFO:colcon.colcon_core.shell:Creating prefix chain script '/home/zfh/code/code/ros2Std/town_ws/install/setup.zsh'
