running develop
/usr/lib/python3/dist-packages/setuptools/command/easy_install.py:158: EasyInstallDeprecationWarning: easy_install command is deprecated. Use build and pip and other standards-based tools.
  warnings.warn(
running egg_info
writing village_li.egg-info/PKG-INFO
writing dependency_links to village_li.egg-info/dependency_links.txt
writing entry points to village_li.egg-info/entry_points.txt
writing requirements to village_li.egg-info/requires.txt
writing top-level names to village_li.egg-info/top_level.txt
reading manifest file 'village_li.egg-info/SOURCES.txt'
writing manifest file 'village_li.egg-info/SOURCES.txt'
running build_ext
Creating /home/zfh/code/code/ros2Std/town_ws/install/village_li/lib/python3.10/site-packages/village-li.egg-link (link to .)
Installing li4_node script to /home/zfh/code/code/ros2Std/town_ws/install/village_li/lib/village_li
Installing li4_node_oop script to /home/zfh/code/code/ros2Std/town_ws/install/village_li/lib/village_li
Installing li4_node_pop script to /home/zfh/code/code/ros2Std/town_ws/install/village_li/lib/village_li

Installed /home/zfh/code/code/ros2Std/town_ws/build/village_li
running symlink_data
symbolically linking /home/zfh/code/code/ros2Std/town_ws/build/village_li/resource/village_li -> /home/zfh/code/code/ros2Std/town_ws/install/village_li/share/ament_index/resource_index/packages
symbolically linking /home/zfh/code/code/ros2Std/town_ws/build/village_li/package.xml -> /home/zfh/code/code/ros2Std/town_ws/install/village_li/share/village_li
