/home/zfh/code/code/ros2Std/town_ws/install/villege_li/lib/python3.10/site-packages/village_li/li4_oop.py
/home/zfh/code/code/ros2Std/town_ws/install/villege_li/lib/python3.10/site-packages/village_li/li4_pop.py
/home/zfh/code/code/ros2Std/town_ws/install/villege_li/lib/python3.10/site-packages/village_li/li4_publisher.py
/home/zfh/code/code/ros2Std/town_ws/install/villege_li/lib/python3.10/site-packages/village_li/__init__.py
/home/zfh/code/code/ros2Std/town_ws/install/villege_li/lib/python3.10/site-packages/village_li/__pycache__/li4_oop.cpython-310.pyc
/home/zfh/code/code/ros2Std/town_ws/install/villege_li/lib/python3.10/site-packages/village_li/__pycache__/li4_pop.cpython-310.pyc
/home/zfh/code/code/ros2Std/town_ws/install/villege_li/lib/python3.10/site-packages/village_li/__pycache__/li4_publisher.cpython-310.pyc
/home/zfh/code/code/ros2Std/town_ws/install/villege_li/lib/python3.10/site-packages/village_li/__pycache__/__init__.cpython-310.pyc
/home/zfh/code/code/ros2Std/town_ws/install/villege_li/share/ament_index/resource_index/packages/villege_li
/home/zfh/code/code/ros2Std/town_ws/install/villege_li/share/villege_li/package.xml
/home/zfh/code/code/ros2Std/town_ws/install/villege_li/lib/python3.10/site-packages/villege_li-0.0.0-py3.10.egg-info/top_level.txt
/home/zfh/code/code/ros2Std/town_ws/install/villege_li/lib/python3.10/site-packages/villege_li-0.0.0-py3.10.egg-info/dependency_links.txt
/home/zfh/code/code/ros2Std/town_ws/install/villege_li/lib/python3.10/site-packages/villege_li-0.0.0-py3.10.egg-info/entry_points.txt
/home/zfh/code/code/ros2Std/town_ws/install/villege_li/lib/python3.10/site-packages/villege_li-0.0.0-py3.10.egg-info/SOURCES.txt
/home/zfh/code/code/ros2Std/town_ws/install/villege_li/lib/python3.10/site-packages/villege_li-0.0.0-py3.10.egg-info/requires.txt
/home/zfh/code/code/ros2Std/town_ws/install/villege_li/lib/python3.10/site-packages/villege_li-0.0.0-py3.10.egg-info/PKG-INFO
/home/zfh/code/code/ros2Std/town_ws/install/villege_li/lib/python3.10/site-packages/villege_li-0.0.0-py3.10.egg-info/zip-safe
/home/zfh/code/code/ros2Std/town_ws/install/villege_li/lib/villege_li/li4_node
/home/zfh/code/code/ros2Std/town_ws/install/villege_li/lib/villege_li/li4_node_oop
/home/zfh/code/code/ros2Std/town_ws/install/villege_li/lib/villege_li/li4_node_pop
