[0.012s] Invoking command in '/home/zfh/code/code/ros2Std/town_ws/build/village_wang': CMAKE_PREFIX_PATH=/opt/ros/humble /usr/bin/cmake --build /home/zfh/code/code/ros2Std/town_ws/build/village_wang -- -j16 -l16
[0.062s] [35m[1mConsolidate compiler generated dependencies of target wang2_node[0m
[0.082s] [ 50%] [32mBuilding CXX object CMakeFiles/wang2_node.dir/src/wang2.cpp.o[0m
[3.175s] In file included from [01m[K/usr/include/x86_64-linux-gnu/c++/11/bits/c++allocator.h:33[m[K,
[3.175s]                  from [01m[K/usr/include/c++/11/bits/allocator.h:46[m[K,
[3.175s]                  from [01m[K/usr/include/c++/11/memory:64[m[K,
[3.175s]                  from [01m[K/opt/ros/humble/include/rclcpp/rclcpp/rclcpp.hpp:153[m[K,
[3.175s]                  from [01m[K/home/zfh/code/code/ros2Std/town_ws/src/village_wang/src/wang2.cpp:3[m[K:
[3.175s] /usr/include/c++/11/ext/new_allocator.h: In instantiation of ‘[01m[Kvoid __gnu_cxx::new_allocator<_Tp>::construct(_Up*, _Args&& ...) [with _Up = SingleDogNode; _Args = {const char (&)[6]}; _Tp = SingleDogNode][m[K’:
[3.175s] [01m[K/usr/include/c++/11/bits/alloc_traits.h:516:17:[m[K   required from ‘[01m[Kstatic void std::allocator_traits<std::allocator<_Tp1> >::construct(std::allocator_traits<std::allocator<_Tp1> >::allocator_type&, _Up*, _Args&& ...) [with _Up = SingleDogNode; _Args = {const char (&)[6]}; _Tp = SingleDogNode; std::allocator_traits<std::allocator<_Tp1> >::allocator_type = std::allocator<SingleDogNode>][m[K’
[3.175s] [01m[K/usr/include/c++/11/bits/shared_ptr_base.h:519:39:[m[K   required from ‘[01m[Kstd::_Sp_counted_ptr_inplace<_Tp, _Alloc, _Lp>::_Sp_counted_ptr_inplace(_Alloc, _Args&& ...) [with _Args = {const char (&)[6]}; _Tp = SingleDogNode; _Alloc = std::allocator<SingleDogNode>; __gnu_cxx::_Lock_policy _Lp = __gnu_cxx::_S_atomic][m[K’
[3.175s] [01m[K/usr/include/c++/11/bits/shared_ptr_base.h:650:16:[m[K   required from ‘[01m[Kstd::__shared_count<_Lp>::__shared_count(_Tp*&, std::_Sp_alloc_shared_tag<_Alloc>, _Args&& ...) [with _Tp = SingleDogNode; _Alloc = std::allocator<SingleDogNode>; _Args = {const char (&)[6]}; __gnu_cxx::_Lock_policy _Lp = __gnu_cxx::_S_atomic][m[K’
[3.175s] [01m[K/usr/include/c++/11/bits/shared_ptr_base.h:1342:14:[m[K   required from ‘[01m[Kstd::__shared_ptr<_Tp, _Lp>::__shared_ptr(std::_Sp_alloc_shared_tag<_Tp>, _Args&& ...) [with _Alloc = std::allocator<SingleDogNode>; _Args = {const char (&)[6]}; _Tp = SingleDogNode; __gnu_cxx::_Lock_policy _Lp = __gnu_cxx::_S_atomic][m[K’
[3.175s] [01m[K/usr/include/c++/11/bits/shared_ptr.h:409:59:[m[K   required from ‘[01m[Kstd::shared_ptr<_Tp>::shared_ptr(std::_Sp_alloc_shared_tag<_Tp>, _Args&& ...) [with _Alloc = std::allocator<SingleDogNode>; _Args = {const char (&)[6]}; _Tp = SingleDogNode][m[K’
[3.176s] [01m[K/usr/include/c++/11/bits/shared_ptr.h:862:14:[m[K   required from ‘[01m[Kstd::shared_ptr<_Tp> std::allocate_shared(const _Alloc&, _Args&& ...) [with _Tp = SingleDogNode; _Alloc = std::allocator<SingleDogNode>; _Args = {const char (&)[6]}][m[K’
[3.176s] [01m[K/usr/include/c++/11/bits/shared_ptr.h:878:39:[m[K   required from ‘[01m[Kstd::shared_ptr<_Tp> std::make_shared(_Args&& ...) [with _Tp = SingleDogNode; _Args = {const char (&)[6]}][m[K’
[3.176s] [01m[K/home/zfh/code/code/ros2Std/town_ws/src/village_wang/src/wang2.cpp:30:48:[m[K   required from here
[3.176s] [01m[K/usr/include/c++/11/ext/new_allocator.h:162:11:[m[K [01;31m[Kerror: [m[Kinvalid conversion from ‘[01m[Kconst char*[m[K’ to ‘[01m[Kchar*[m[K’ [[01;31m[K]8;;https://gcc.gnu.org/onlinedocs/gcc/Warning-Options.html#index-fpermissive-fpermissive]8;;[m[K]
[3.176s]   162 |         { [01;31m[K::new((void *)__p) _Up(std::forward<_Args>(__args)...)[m[K; }
[3.176s]       |           [01;31m[K^~~~~~~~~~~~~~~~~~~~~~~~~~~~~~~~~~~~~~~~~~~~~~~~~~~~~~[m[K
[3.176s]       |           [01;31m[K|[m[K
[3.176s]       |           [01;31m[Kconst char*[m[K
[3.176s] [01m[K/home/zfh/code/code/ros2Std/town_ws/src/village_wang/src/wang2.cpp:14:36:[m[K [01;36m[Knote: [m[K  initializing argument 1 of ‘[01m[KSingleDogNode::SingleDogNode(char*)[m[K’
[3.176s]    14 | SingleDogNode::SingleDogNode([01;36m[Kchar *name[m[K) : Node(name)//使用初始化列表初始化对象成员
[3.176s]       |                              [01;36m[K~~~~~~^~~~[m[K
[3.260s] gmake[2]: *** [CMakeFiles/wang2_node.dir/build.make:76：CMakeFiles/wang2_node.dir/src/wang2.cpp.o] 错误 1
[3.260s] gmake[1]: *** [CMakeFiles/Makefile2:137：CMakeFiles/wang2_node.dir/all] 错误 2
[3.260s] gmake: *** [Makefile:146：all] 错误 2
[3.264s] Invoked command in '/home/zfh/code/code/ros2Std/town_ws/build/village_wang' returned '2': CMAKE_PREFIX_PATH=/opt/ros/humble /usr/bin/cmake --build /home/zfh/code/code/ros2Std/town_ws/build/village_wang -- -j16 -l16
