[0.145s] DEBUG:colcon:Command line arguments: ['/usr/bin/colcon', 'build', '--symlink-install']
[0.145s] DEBUG:colcon:Parsed command line arguments: Namespace(log_base=None, log_level=None, verb_name='build', build_base='build', install_base='install', merge_install=False, symlink_install=True, test_result_base=None, continue_on_error=False, executor='parallel', parallel_workers=16, event_handlers=None, ignore_user_meta=False, metas=['./colcon.meta'], base_paths=['.'], packages_ignore=None, packages_ignore_regex=None, paths=None, packages_up_to=None, packages_up_to_regex=None, packages_above=None, packages_above_and_dependencies=None, packages_above_depth=None, packages_select_by_dep=None, packages_skip_by_dep=None, packages_skip_up_to=None, packages_select_build_failed=False, packages_skip_build_finished=False, packages_select_test_failures=False, packages_skip_test_passed=False, packages_select=None, packages_skip=None, packages_select_regex=None, packages_skip_regex=None, packages_start=None, packages_end=None, allow_overriding=[], cmake_args=None, cmake_target=None, cmake_target_skip_unavailable=False, cmake_clean_cache=False, cmake_clean_first=False, cmake_force_configure=False, ament_cmake_args=None, catkin_cmake_args=None, catkin_skip_building_tests=False, verb_parser=<colcon_defaults.argument_parser.defaults.DefaultArgumentsDecorator object at 0x7fe5a6acc340>, verb_extension=<colcon_core.verb.build.BuildVerb object at 0x7fe5a6a874f0>, main=<bound method BuildVerb.main of <colcon_core.verb.build.BuildVerb object at 0x7fe5a6a874f0>>)
[0.328s] Level 1:colcon.colcon_core.package_discovery:discover_packages(colcon_meta) check parameters
[0.328s] Level 1:colcon.colcon_core.package_discovery:discover_packages(recursive) check parameters
[0.328s] Level 1:colcon.colcon_core.package_discovery:discover_packages(ignore) check parameters
[0.328s] Level 1:colcon.colcon_core.package_discovery:discover_packages(path) check parameters
[0.328s] Level 1:colcon.colcon_core.package_discovery:discover_packages(colcon_meta) discover
[0.328s] Level 1:colcon.colcon_core.package_discovery:discover_packages(recursive) discover
[0.328s] INFO:colcon.colcon_core.package_discovery:Crawling recursively for packages in '/home/zfh/code/code/ros2Std/town_ws'
[0.328s] Level 1:colcon.colcon_core.package_identification:_identify(.) by extensions ['ignore', 'ignore_ament_install']
[0.329s] Level 1:colcon.colcon_core.package_identification:_identify(.) by extension 'ignore'
[0.329s] Level 1:colcon.colcon_core.package_identification:_identify(.) by extension 'ignore_ament_install'
[0.329s] Level 1:colcon.colcon_core.package_identification:_identify(.) by extensions ['colcon_pkg']
[0.329s] Level 1:colcon.colcon_core.package_identification:_identify(.) by extension 'colcon_pkg'
[0.329s] Level 1:colcon.colcon_core.package_identification:_identify(.) by extensions ['colcon_meta']
[0.329s] Level 1:colcon.colcon_core.package_identification:_identify(.) by extension 'colcon_meta'
[0.329s] Level 1:colcon.colcon_core.package_identification:_identify(.) by extensions ['ros']
[0.329s] Level 1:colcon.colcon_core.package_identification:_identify(.) by extension 'ros'
[0.344s] Level 1:colcon.colcon_core.package_identification:_identify(.) by extensions ['cmake', 'python']
[0.345s] Level 1:colcon.colcon_core.package_identification:_identify(.) by extension 'cmake'
[0.345s] Level 1:colcon.colcon_core.package_identification:_identify(.) by extension 'python'
[0.345s] Level 1:colcon.colcon_core.package_identification:_identify(.) by extensions ['python_setup_py']
[0.345s] Level 1:colcon.colcon_core.package_identification:_identify(.) by extension 'python_setup_py'
[0.345s] Level 1:colcon.colcon_core.package_identification:_identify(build) by extensions ['ignore', 'ignore_ament_install']
[0.345s] Level 1:colcon.colcon_core.package_identification:_identify(build) by extension 'ignore'
[0.345s] Level 1:colcon.colcon_core.package_identification:_identify(build) ignored
[0.345s] Level 1:colcon.colcon_core.package_identification:_identify(install) by extensions ['ignore', 'ignore_ament_install']
[0.346s] Level 1:colcon.colcon_core.package_identification:_identify(install) by extension 'ignore'
[0.346s] Level 1:colcon.colcon_core.package_identification:_identify(install) ignored
[0.346s] Level 1:colcon.colcon_core.package_identification:_identify(log) by extensions ['ignore', 'ignore_ament_install']
[0.346s] Level 1:colcon.colcon_core.package_identification:_identify(log) by extension 'ignore'
[0.346s] Level 1:colcon.colcon_core.package_identification:_identify(log) ignored
[0.346s] Level 1:colcon.colcon_core.package_identification:_identify(src) by extensions ['ignore', 'ignore_ament_install']
[0.346s] Level 1:colcon.colcon_core.package_identification:_identify(src) by extension 'ignore'
[0.346s] Level 1:colcon.colcon_core.package_identification:_identify(src) by extension 'ignore_ament_install'
[0.347s] Level 1:colcon.colcon_core.package_identification:_identify(src) by extensions ['colcon_pkg']
[0.347s] Level 1:colcon.colcon_core.package_identification:_identify(src) by extension 'colcon_pkg'
[0.347s] Level 1:colcon.colcon_core.package_identification:_identify(src) by extensions ['colcon_meta']
[0.347s] Level 1:colcon.colcon_core.package_identification:_identify(src) by extension 'colcon_meta'
[0.347s] Level 1:colcon.colcon_core.package_identification:_identify(src) by extensions ['ros']
[0.347s] Level 1:colcon.colcon_core.package_identification:_identify(src) by extension 'ros'
[0.347s] Level 1:colcon.colcon_core.package_identification:_identify(src) by extensions ['cmake', 'python']
[0.347s] Level 1:colcon.colcon_core.package_identification:_identify(src) by extension 'cmake'
[0.347s] Level 1:colcon.colcon_core.package_identification:_identify(src) by extension 'python'
[0.347s] Level 1:colcon.colcon_core.package_identification:_identify(src) by extensions ['python_setup_py']
[0.347s] Level 1:colcon.colcon_core.package_identification:_identify(src) by extension 'python_setup_py'
[0.347s] Level 1:colcon.colcon_core.package_identification:_identify(src/village_li) by extensions ['ignore', 'ignore_ament_install']
[0.348s] Level 1:colcon.colcon_core.package_identification:_identify(src/village_li) by extension 'ignore'
[0.348s] Level 1:colcon.colcon_core.package_identification:_identify(src/village_li) by extension 'ignore_ament_install'
[0.348s] Level 1:colcon.colcon_core.package_identification:_identify(src/village_li) by extensions ['colcon_pkg']
[0.348s] Level 1:colcon.colcon_core.package_identification:_identify(src/village_li) by extension 'colcon_pkg'
[0.348s] Level 1:colcon.colcon_core.package_identification:_identify(src/village_li) by extensions ['colcon_meta']
[0.348s] Level 1:colcon.colcon_core.package_identification:_identify(src/village_li) by extension 'colcon_meta'
[0.348s] Level 1:colcon.colcon_core.package_identification:_identify(src/village_li) by extensions ['ros']
[0.348s] Level 1:colcon.colcon_core.package_identification:_identify(src/village_li) by extension 'ros'
[0.351s] DEBUG:colcon.colcon_core.package_identification:Package 'src/village_li' with type 'ros.ament_python' and name 'village_li'
[0.351s] Level 1:colcon.colcon_core.package_identification:_identify(src/village_wang) by extensions ['ignore', 'ignore_ament_install']
[0.352s] Level 1:colcon.colcon_core.package_identification:_identify(src/village_wang) by extension 'ignore'
[0.352s] Level 1:colcon.colcon_core.package_identification:_identify(src/village_wang) by extension 'ignore_ament_install'
[0.352s] Level 1:colcon.colcon_core.package_identification:_identify(src/village_wang) by extensions ['colcon_pkg']
[0.352s] Level 1:colcon.colcon_core.package_identification:_identify(src/village_wang) by extension 'colcon_pkg'
[0.352s] Level 1:colcon.colcon_core.package_identification:_identify(src/village_wang) by extensions ['colcon_meta']
[0.352s] Level 1:colcon.colcon_core.package_identification:_identify(src/village_wang) by extension 'colcon_meta'
[0.352s] Level 1:colcon.colcon_core.package_identification:_identify(src/village_wang) by extensions ['ros']
[0.352s] Level 1:colcon.colcon_core.package_identification:_identify(src/village_wang) by extension 'ros'
[0.353s] DEBUG:colcon.colcon_core.package_identification:Package 'src/village_wang' with type 'ros.ament_cmake' and name 'village_wang'
[0.353s] Level 1:colcon.colcon_core.package_discovery:discover_packages(recursive) using defaults
[0.353s] Level 1:colcon.colcon_core.package_discovery:discover_packages(ignore) discover
[0.353s] Level 1:colcon.colcon_core.package_discovery:discover_packages(ignore) using defaults
[0.353s] Level 1:colcon.colcon_core.package_discovery:discover_packages(path) discover
[0.353s] Level 1:colcon.colcon_core.package_discovery:discover_packages(path) using defaults
[0.387s] Level 1:colcon.colcon_core.package_discovery:discover_packages(prefix_path) check parameters
[0.387s] Level 1:colcon.colcon_core.package_discovery:discover_packages(prefix_path) discover
[0.389s] WARNING:colcon.colcon_ros.prefix_path.ament:The path '/home/zfh/code/code/ros2Std/town_ws/install/villege_li' in the environment variable AMENT_PREFIX_PATH doesn't exist
[0.390s] DEBUG:colcon.colcon_installed_package_information.package_discovery:Found 1 installed packages in /home/zfh/code/code/ros2Std/town_ws/install
[0.393s] DEBUG:colcon.colcon_installed_package_information.package_discovery:Found 270 installed packages in /opt/ros/humble
[0.423s] Level 1:colcon.colcon_core.package_discovery:discover_packages(prefix_path) using defaults
[0.475s] Level 5:colcon.colcon_core.verb:set package 'village_li' build argument 'cmake_args' from command line to 'None'
[0.475s] Level 5:colcon.colcon_core.verb:set package 'village_li' build argument 'cmake_target' from command line to 'None'
[0.475s] Level 5:colcon.colcon_core.verb:set package 'village_li' build argument 'cmake_target_skip_unavailable' from command line to 'False'
[0.476s] Level 5:colcon.colcon_core.verb:set package 'village_li' build argument 'cmake_clean_cache' from command line to 'False'
[0.476s] Level 5:colcon.colcon_core.verb:set package 'village_li' build argument 'cmake_clean_first' from command line to 'False'
[0.476s] Level 5:colcon.colcon_core.verb:set package 'village_li' build argument 'cmake_force_configure' from command line to 'False'
[0.476s] Level 5:colcon.colcon_core.verb:set package 'village_li' build argument 'ament_cmake_args' from command line to 'None'
[0.476s] Level 5:colcon.colcon_core.verb:set package 'village_li' build argument 'catkin_cmake_args' from command line to 'None'
[0.476s] Level 5:colcon.colcon_core.verb:set package 'village_li' build argument 'catkin_skip_building_tests' from command line to 'False'
[0.476s] DEBUG:colcon.colcon_core.verb:Building package 'village_li' with the following arguments: {'ament_cmake_args': None, 'build_base': '/home/zfh/code/code/ros2Std/town_ws/build/village_li', 'catkin_cmake_args': None, 'catkin_skip_building_tests': False, 'cmake_args': None, 'cmake_clean_cache': False, 'cmake_clean_first': False, 'cmake_force_configure': False, 'cmake_target': None, 'cmake_target_skip_unavailable': False, 'install_base': '/home/zfh/code/code/ros2Std/town_ws/install/village_li', 'merge_install': False, 'path': '/home/zfh/code/code/ros2Std/town_ws/src/village_li', 'symlink_install': True, 'test_result_base': None}
[0.476s] Level 5:colcon.colcon_core.verb:set package 'village_wang' build argument 'cmake_args' from command line to 'None'
[0.476s] Level 5:colcon.colcon_core.verb:set package 'village_wang' build argument 'cmake_target' from command line to 'None'
[0.476s] Level 5:colcon.colcon_core.verb:set package 'village_wang' build argument 'cmake_target_skip_unavailable' from command line to 'False'
[0.476s] Level 5:colcon.colcon_core.verb:set package 'village_wang' build argument 'cmake_clean_cache' from command line to 'False'
[0.476s] Level 5:colcon.colcon_core.verb:set package 'village_wang' build argument 'cmake_clean_first' from command line to 'False'
[0.476s] Level 5:colcon.colcon_core.verb:set package 'village_wang' build argument 'cmake_force_configure' from command line to 'False'
[0.476s] Level 5:colcon.colcon_core.verb:set package 'village_wang' build argument 'ament_cmake_args' from command line to 'None'
[0.477s] Level 5:colcon.colcon_core.verb:set package 'village_wang' build argument 'catkin_cmake_args' from command line to 'None'
[0.477s] Level 5:colcon.colcon_core.verb:set package 'village_wang' build argument 'catkin_skip_building_tests' from command line to 'False'
[0.477s] DEBUG:colcon.colcon_core.verb:Building package 'village_wang' with the following arguments: {'ament_cmake_args': None, 'build_base': '/home/zfh/code/code/ros2Std/town_ws/build/village_wang', 'catkin_cmake_args': None, 'catkin_skip_building_tests': False, 'cmake_args': None, 'cmake_clean_cache': False, 'cmake_clean_first': False, 'cmake_force_configure': False, 'cmake_target': None, 'cmake_target_skip_unavailable': False, 'install_base': '/home/zfh/code/code/ros2Std/town_ws/install/village_wang', 'merge_install': False, 'path': '/home/zfh/code/code/ros2Std/town_ws/src/village_wang', 'symlink_install': True, 'test_result_base': None}
[0.477s] INFO:colcon.colcon_core.executor:Executing jobs using 'parallel' executor
[0.478s] DEBUG:colcon.colcon_parallel_executor.executor.parallel:run_until_complete
[0.479s] INFO:colcon.colcon_ros.task.ament_python.build:Building ROS package in '/home/zfh/code/code/ros2Std/town_ws/src/village_li' with build type 'ament_python'
[0.480s] Level 1:colcon.colcon_core.shell:create_environment_hook('village_li', 'ament_prefix_path')
[0.483s] INFO:colcon.colcon_core.plugin_system:Skipping extension 'colcon_core.shell.bat': Not used on non-Windows systems
[0.483s] INFO:colcon.colcon_core.shell:Creating environment hook '/home/zfh/code/code/ros2Std/town_ws/install/village_li/share/village_li/hook/ament_prefix_path.ps1'
[0.484s] INFO:colcon.colcon_core.shell:Creating environment descriptor '/home/zfh/code/code/ros2Std/town_ws/install/village_li/share/village_li/hook/ament_prefix_path.dsv'
[0.485s] INFO:colcon.colcon_core.shell:Creating environment hook '/home/zfh/code/code/ros2Std/town_ws/install/village_li/share/village_li/hook/ament_prefix_path.sh'
[0.487s] INFO:colcon.colcon_core.shell:Skip shell extension 'powershell' for command environment: Not usable outside of PowerShell
[0.487s] DEBUG:colcon.colcon_core.shell:Skip shell extension 'dsv' for command environment
[0.493s] INFO:colcon.colcon_ros.task.ament_cmake.build:Building ROS package in '/home/zfh/code/code/ros2Std/town_ws/src/village_wang' with build type 'ament_cmake'
[0.493s] INFO:colcon.colcon_cmake.task.cmake.build:Building CMake package in '/home/zfh/code/code/ros2Std/town_ws/src/village_wang'
[0.494s] INFO:colcon.colcon_core.shell:Skip shell extension 'powershell' for command environment: Not usable outside of PowerShell
[0.494s] DEBUG:colcon.colcon_core.shell:Skip shell extension 'dsv' for command environment
[0.896s] INFO:colcon.colcon_core.task.python.build:Building Python package in '/home/zfh/code/code/ros2Std/town_ws/src/village_li'
[0.897s] INFO:colcon.colcon_core.shell:Skip shell extension 'powershell' for command environment: Not usable outside of PowerShell
[0.897s] DEBUG:colcon.colcon_core.shell:Skip shell extension 'dsv' for command environment
[0.913s] DEBUG:colcon.colcon_core.event_handler.log_command:Invoking command in '/home/zfh/code/code/ros2Std/town_ws/build/village_wang': CMAKE_PREFIX_PATH=${CMAKE_PREFIX_PATH}:/home/zfh/code/code/ros2Std/town_ws/install/villege_li:/opt/ros/humble /usr/bin/cmake /home/zfh/code/code/ros2Std/town_ws/src/village_wang -DAMENT_CMAKE_SYMLINK_INSTALL=1 -DCMAKE_INSTALL_PREFIX=/home/zfh/code/code/ros2Std/town_ws/install/village_wang
[1.204s] DEBUG:colcon.colcon_core.event_handler.log_command:Invoking command in '/home/zfh/code/code/ros2Std/town_ws/build/village_li': PYTHONPATH=/home/zfh/code/code/ros2Std/town_ws/build/village_li/prefix_override:/home/zfh/code/code/ros2Std/town_ws/install/village_li/lib/python3.10/site-packages:${PYTHONPATH} /usr/bin/python3 -W ignore:setup.py install is deprecated setup.py develop --editable --build-directory /home/zfh/code/code/ros2Std/town_ws/build/village_li/build --no-deps symlink_data
[1.595s] Level 1:colcon.colcon_core.shell:create_environment_hook('village_li', 'pythonpath_develop')
[1.596s] INFO:colcon.colcon_core.shell:Creating environment hook '/home/zfh/code/code/ros2Std/town_ws/build/village_li/share/village_li/hook/pythonpath_develop.ps1'
[1.596s] DEBUG:colcon.colcon_core.event_handler.log_command:Invoked command in '/home/zfh/code/code/ros2Std/town_ws/build/village_li' returned '0': PYTHONPATH=/home/zfh/code/code/ros2Std/town_ws/build/village_li/prefix_override:/home/zfh/code/code/ros2Std/town_ws/install/village_li/lib/python3.10/site-packages:${PYTHONPATH} /usr/bin/python3 -W ignore:setup.py install is deprecated setup.py develop --editable --build-directory /home/zfh/code/code/ros2Std/town_ws/build/village_li/build --no-deps symlink_data
[1.597s] INFO:colcon.colcon_core.shell:Creating environment descriptor '/home/zfh/code/code/ros2Std/town_ws/build/village_li/share/village_li/hook/pythonpath_develop.dsv'
[1.597s] INFO:colcon.colcon_core.shell:Creating environment hook '/home/zfh/code/code/ros2Std/town_ws/build/village_li/share/village_li/hook/pythonpath_develop.sh'
[1.599s] Level 1:colcon.colcon_core.environment:checking '/home/zfh/code/code/ros2Std/town_ws/install/village_li' for CMake module files
[1.600s] Level 1:colcon.colcon_core.environment:checking '/home/zfh/code/code/ros2Std/town_ws/install/village_li' for CMake config files
[1.600s] Level 1:colcon.colcon_core.environment:checking '/home/zfh/code/code/ros2Std/town_ws/install/village_li/lib'
[1.601s] Level 1:colcon.colcon_core.environment:checking '/home/zfh/code/code/ros2Std/town_ws/install/village_li/bin'
[1.601s] Level 1:colcon.colcon_core.environment:checking '/home/zfh/code/code/ros2Std/town_ws/install/village_li/lib/pkgconfig/village_li.pc'
[1.601s] Level 1:colcon.colcon_core.environment:checking '/home/zfh/code/code/ros2Std/town_ws/install/village_li/lib/python3.10/site-packages'
[1.601s] Level 1:colcon.colcon_core.shell:create_environment_hook('village_li', 'pythonpath')
[1.601s] INFO:colcon.colcon_core.shell:Creating environment hook '/home/zfh/code/code/ros2Std/town_ws/install/village_li/share/village_li/hook/pythonpath.ps1'
[1.602s] INFO:colcon.colcon_core.shell:Creating environment descriptor '/home/zfh/code/code/ros2Std/town_ws/install/village_li/share/village_li/hook/pythonpath.dsv'
[1.602s] INFO:colcon.colcon_core.shell:Creating environment hook '/home/zfh/code/code/ros2Std/town_ws/install/village_li/share/village_li/hook/pythonpath.sh'
[1.603s] Level 1:colcon.colcon_core.environment:checking '/home/zfh/code/code/ros2Std/town_ws/install/village_li/bin'
[1.603s] Level 1:colcon.colcon_core.environment:create_environment_scripts_only(village_li)
[1.603s] INFO:colcon.colcon_core.shell:Creating package script '/home/zfh/code/code/ros2Std/town_ws/install/village_li/share/village_li/package.ps1'
[1.604s] INFO:colcon.colcon_core.shell:Creating package descriptor '/home/zfh/code/code/ros2Std/town_ws/install/village_li/share/village_li/package.dsv'
[1.605s] INFO:colcon.colcon_core.shell:Creating package script '/home/zfh/code/code/ros2Std/town_ws/install/village_li/share/village_li/package.sh'
[1.605s] INFO:colcon.colcon_core.shell:Creating package script '/home/zfh/code/code/ros2Std/town_ws/install/village_li/share/village_li/package.bash'
[1.606s] INFO:colcon.colcon_core.shell:Creating package script '/home/zfh/code/code/ros2Std/town_ws/install/village_li/share/village_li/package.zsh'
[1.606s] Level 1:colcon.colcon_core.environment:create_file_with_runtime_dependencies(/home/zfh/code/code/ros2Std/town_ws/install/village_li/share/colcon-core/packages/village_li)
[4.888s] DEBUG:colcon.colcon_core.event_handler.log_command:Invoked command in '/home/zfh/code/code/ros2Std/town_ws/build/village_wang' returned '0': CMAKE_PREFIX_PATH=${CMAKE_PREFIX_PATH}:/home/zfh/code/code/ros2Std/town_ws/install/villege_li:/opt/ros/humble /usr/bin/cmake /home/zfh/code/code/ros2Std/town_ws/src/village_wang -DAMENT_CMAKE_SYMLINK_INSTALL=1 -DCMAKE_INSTALL_PREFIX=/home/zfh/code/code/ros2Std/town_ws/install/village_wang
[4.890s] DEBUG:colcon.colcon_core.event_handler.log_command:Invoking command in '/home/zfh/code/code/ros2Std/town_ws/build/village_wang': CMAKE_PREFIX_PATH=${CMAKE_PREFIX_PATH}:/home/zfh/code/code/ros2Std/town_ws/install/villege_li:/opt/ros/humble /usr/bin/cmake --build /home/zfh/code/code/ros2Std/town_ws/build/village_wang -- -j16 -l16
[5.106s] DEBUG:colcon.colcon_core.event_handler.log_command:Invoked command in '/home/zfh/code/code/ros2Std/town_ws/build/village_wang' returned '0': CMAKE_PREFIX_PATH=${CMAKE_PREFIX_PATH}:/home/zfh/code/code/ros2Std/town_ws/install/villege_li:/opt/ros/humble /usr/bin/cmake --build /home/zfh/code/code/ros2Std/town_ws/build/village_wang -- -j16 -l16
[5.139s] DEBUG:colcon.colcon_core.event_handler.log_command:Invoking command in '/home/zfh/code/code/ros2Std/town_ws/build/village_wang': CMAKE_PREFIX_PATH=${CMAKE_PREFIX_PATH}:/home/zfh/code/code/ros2Std/town_ws/install/villege_li:/opt/ros/humble /usr/bin/cmake --install /home/zfh/code/code/ros2Std/town_ws/build/village_wang
[5.284s] Level 1:colcon.colcon_core.environment:create_environment_scripts_only(village_wang)
[5.284s] Level 1:colcon.colcon_core.environment:checking '/home/zfh/code/code/ros2Std/town_ws/install/village_wang' for CMake module files
[5.285s] DEBUG:colcon.colcon_core.event_handler.log_command:Invoked command in '/home/zfh/code/code/ros2Std/town_ws/build/village_wang' returned '0': CMAKE_PREFIX_PATH=${CMAKE_PREFIX_PATH}:/home/zfh/code/code/ros2Std/town_ws/install/villege_li:/opt/ros/humble /usr/bin/cmake --install /home/zfh/code/code/ros2Std/town_ws/build/village_wang
[5.285s] Level 1:colcon.colcon_core.environment:checking '/home/zfh/code/code/ros2Std/town_ws/install/village_wang' for CMake config files
[5.286s] Level 1:colcon.colcon_core.shell:create_environment_hook('village_wang', 'cmake_prefix_path')
[5.286s] INFO:colcon.colcon_core.shell:Creating environment hook '/home/zfh/code/code/ros2Std/town_ws/install/village_wang/share/village_wang/hook/cmake_prefix_path.ps1'
[5.287s] INFO:colcon.colcon_core.shell:Creating environment descriptor '/home/zfh/code/code/ros2Std/town_ws/install/village_wang/share/village_wang/hook/cmake_prefix_path.dsv'
[5.287s] INFO:colcon.colcon_core.shell:Creating environment hook '/home/zfh/code/code/ros2Std/town_ws/install/village_wang/share/village_wang/hook/cmake_prefix_path.sh'
[5.288s] Level 1:colcon.colcon_core.environment:checking '/home/zfh/code/code/ros2Std/town_ws/install/village_wang/lib'
[5.288s] Level 1:colcon.colcon_core.environment:checking '/home/zfh/code/code/ros2Std/town_ws/install/village_wang/bin'
[5.288s] Level 1:colcon.colcon_core.environment:checking '/home/zfh/code/code/ros2Std/town_ws/install/village_wang/lib/pkgconfig/village_wang.pc'
[5.288s] Level 1:colcon.colcon_core.environment:checking '/home/zfh/code/code/ros2Std/town_ws/install/village_wang/lib/python3.10/site-packages'
[5.288s] Level 1:colcon.colcon_core.environment:checking '/home/zfh/code/code/ros2Std/town_ws/install/village_wang/bin'
[5.289s] INFO:colcon.colcon_core.shell:Creating package script '/home/zfh/code/code/ros2Std/town_ws/install/village_wang/share/village_wang/package.ps1'
[5.289s] INFO:colcon.colcon_core.shell:Creating package descriptor '/home/zfh/code/code/ros2Std/town_ws/install/village_wang/share/village_wang/package.dsv'
[5.290s] INFO:colcon.colcon_core.shell:Creating package script '/home/zfh/code/code/ros2Std/town_ws/install/village_wang/share/village_wang/package.sh'
[5.290s] INFO:colcon.colcon_core.shell:Creating package script '/home/zfh/code/code/ros2Std/town_ws/install/village_wang/share/village_wang/package.bash'
[5.290s] INFO:colcon.colcon_core.shell:Creating package script '/home/zfh/code/code/ros2Std/town_ws/install/village_wang/share/village_wang/package.zsh'
[5.290s] Level 1:colcon.colcon_core.environment:create_file_with_runtime_dependencies(/home/zfh/code/code/ros2Std/town_ws/install/village_wang/share/colcon-core/packages/village_wang)
[5.316s] Level 1:colcon.colcon_core.environment:create_environment_scripts_only(village_wang)
[5.316s] Level 1:colcon.colcon_core.environment:checking '/home/zfh/code/code/ros2Std/town_ws/install/village_wang' for CMake module files
[5.317s] Level 1:colcon.colcon_core.environment:checking '/home/zfh/code/code/ros2Std/town_ws/install/village_wang' for CMake config files
[5.317s] Level 1:colcon.colcon_core.shell:create_environment_hook('village_wang', 'cmake_prefix_path')
[5.317s] INFO:colcon.colcon_core.shell:Creating environment hook '/home/zfh/code/code/ros2Std/town_ws/install/village_wang/share/village_wang/hook/cmake_prefix_path.ps1'
[5.318s] INFO:colcon.colcon_core.shell:Creating environment descriptor '/home/zfh/code/code/ros2Std/town_ws/install/village_wang/share/village_wang/hook/cmake_prefix_path.dsv'
[5.318s] INFO:colcon.colcon_core.shell:Creating environment hook '/home/zfh/code/code/ros2Std/town_ws/install/village_wang/share/village_wang/hook/cmake_prefix_path.sh'
[5.319s] Level 1:colcon.colcon_core.environment:checking '/home/zfh/code/code/ros2Std/town_ws/install/village_wang/lib'
[5.319s] Level 1:colcon.colcon_core.environment:checking '/home/zfh/code/code/ros2Std/town_ws/install/village_wang/bin'
[5.319s] Level 1:colcon.colcon_core.environment:checking '/home/zfh/code/code/ros2Std/town_ws/install/village_wang/lib/pkgconfig/village_wang.pc'
[5.319s] Level 1:colcon.colcon_core.environment:checking '/home/zfh/code/code/ros2Std/town_ws/install/village_wang/lib/python3.10/site-packages'
[5.319s] Level 1:colcon.colcon_core.environment:checking '/home/zfh/code/code/ros2Std/town_ws/install/village_wang/bin'
[5.320s] INFO:colcon.colcon_core.shell:Creating package script '/home/zfh/code/code/ros2Std/town_ws/install/village_wang/share/village_wang/package.ps1'
[5.320s] INFO:colcon.colcon_core.shell:Creating package descriptor '/home/zfh/code/code/ros2Std/town_ws/install/village_wang/share/village_wang/package.dsv'
[5.321s] INFO:colcon.colcon_core.shell:Creating package script '/home/zfh/code/code/ros2Std/town_ws/install/village_wang/share/village_wang/package.sh'
[5.321s] INFO:colcon.colcon_core.shell:Creating package script '/home/zfh/code/code/ros2Std/town_ws/install/village_wang/share/village_wang/package.bash'
[5.322s] INFO:colcon.colcon_core.shell:Creating package script '/home/zfh/code/code/ros2Std/town_ws/install/village_wang/share/village_wang/package.zsh'
[5.322s] Level 1:colcon.colcon_core.environment:create_file_with_runtime_dependencies(/home/zfh/code/code/ros2Std/town_ws/install/village_wang/share/colcon-core/packages/village_wang)
[5.323s] DEBUG:colcon.colcon_parallel_executor.executor.parallel:closing loop
[5.323s] DEBUG:colcon.colcon_parallel_executor.executor.parallel:loop closed
[5.324s] DEBUG:colcon.colcon_parallel_executor.executor.parallel:run_until_complete finished with '0'
[5.324s] DEBUG:colcon.colcon_core.event_reactor:joining thread
[5.330s] INFO:colcon.colcon_core.plugin_system:Skipping extension 'colcon_notification.desktop_notification.terminal_notifier': Not used on non-Darwin systems
[5.330s] INFO:colcon.colcon_core.plugin_system:Skipping extension 'colcon_notification.desktop_notification.win32': Not used on non-Windows systems
[5.331s] INFO:colcon.colcon_notification.desktop_notification:Sending desktop notification using 'notify2'
[5.331s] DEBUG:colcon.colcon_notification.desktop_notification.notify2:Failed to initialize notify2: org.freedesktop.DBus.Error.FileNotFound: Failed to connect to socket /run/user/1000/bus: No such file or directory
[5.331s] DEBUG:colcon.colcon_core.event_reactor:joined thread
[5.331s] INFO:colcon.colcon_core.shell:Creating prefix script '/home/zfh/code/code/ros2Std/town_ws/install/local_setup.ps1'
[5.333s] INFO:colcon.colcon_core.shell:Creating prefix util module '/home/zfh/code/code/ros2Std/town_ws/install/_local_setup_util_ps1.py'
[5.334s] INFO:colcon.colcon_core.shell:Creating prefix chain script '/home/zfh/code/code/ros2Std/town_ws/install/setup.ps1'
[5.336s] INFO:colcon.colcon_core.shell:Creating prefix script '/home/zfh/code/code/ros2Std/town_ws/install/local_setup.sh'
[5.336s] INFO:colcon.colcon_core.shell:Creating prefix util module '/home/zfh/code/code/ros2Std/town_ws/install/_local_setup_util_sh.py'
[5.337s] INFO:colcon.colcon_core.shell:Creating prefix chain script '/home/zfh/code/code/ros2Std/town_ws/install/setup.sh'
[5.338s] INFO:colcon.colcon_core.shell:Creating prefix script '/home/zfh/code/code/ros2Std/town_ws/install/local_setup.bash'
[5.339s] INFO:colcon.colcon_core.shell:Creating prefix chain script '/home/zfh/code/code/ros2Std/town_ws/install/setup.bash'
[5.340s] INFO:colcon.colcon_core.shell:Creating prefix script '/home/zfh/code/code/ros2Std/town_ws/install/local_setup.zsh'
[5.341s] INFO:colcon.colcon_core.shell:Creating prefix chain script '/home/zfh/code/code/ros2Std/town_ws/install/setup.zsh'
