C51 COMPILER V9.60.7.0   MAIN                                                              03/11/2024 21:03:10 PAGE 1   


C51 COMPILER V9.60.7.0, COMPILATION OF MODULE MAIN
OBJECT MODULE PLACED IN .\Objects\main.obj
COMPILER INVOKED BY: D:\applications\keli 5 C51\C51\BIN\C51.EXE main.c OPTIMIZE(8,SPEED) BROWSE INCDIR(D:\applications\k
                    -eli 5 C51\C51\INC\Atmel) DEBUG OBJECTEXTEND PRINT(.\Listings\main.lst) TABS(2) OBJECT(.\Objects\main.obj)

line level    source

   1          #include <STC89C5xRC.H>
   2          #include <INTRINS.H>
   3          
   4          #define XMS 500
   5          
   6          void Delay(unsigned int xms)  //@11.0592MHz
   7          {
   8   1        while(xms--)
   9   1        {
  10   2          unsigned char data i, j;
  11   2      
  12   2        _nop_();
  13   2        i = 2;
  14   2        j = 199;
  15   2        do
  16   2        {
  17   3          while (--j);
  18   3        } while (--i);
  19   2        }
  20   1      }
  21          
  22          
  23          void main(void)
  24          {
  25   1        while(1)
  26   1        {
  27   2          if(P31 == 0)
  28   2          {
  29   3      //      Delay(20);//消除摁下时的按键抖动
  30   3            while(P31 == 0);//此时按钮处于触发状态
  31   3      //      Delay(20);//消除松手时的按键抖动
  32   3            
  33   3            P20 = ~P20;
  34   3          }
  35   2        }
  36   1      }


MODULE INFORMATION:   STATIC OVERLAYABLE
   CODE SIZE        =     36    ----
   CONSTANT SIZE    =   ----    ----
   XDATA SIZE       =   ----    ----
   PDATA SIZE       =   ----    ----
   DATA SIZE        =   ----       2
   IDATA SIZE       =   ----    ----
   BIT SIZE         =   ----    ----
END OF MODULE INFORMATION.


C51 COMPILATION COMPLETE.  0 WARNING(S),  0 ERROR(S)
